[ 2017-10-28T08:38:47+08:00 ] ::1 /cloud/index.php/admin/login/login
INFO: [ app_init ] --START--
INFO: Run Behavior\BuildLiteBehavior [ RunTime:0.000011s ]
INFO: [ app_init ] --END-- [ RunTime:0.000403s ]
INFO: [ app_begin ] --START--
INFO: Run Behavior\ReadHtmlCacheBehavior [ RunTime:0.000447s ]
INFO: [ app_begin ] --END-- [ RunTime:0.000486s ]
INFO: [ view_parse ] --START--
INFO: [ template_filter ] --START--
INFO: Run Behavior\ContentReplaceBehavior [ RunTime:0.000117s ]
INFO: [ template_filter ] --END-- [ RunTime:0.000240s ]
INFO: Run Behavior\ParseTemplateBehavior [ RunTime:0.026065s ]
INFO: [ view_parse ] --END-- [ RunTime:0.026172s ]
INFO: [ view_filter ] --START--
INFO: Run Behavior\WriteHtmlCacheBehavior [ RunTime:0.000664s ]
INFO: [ view_filter ] --END-- [ RunTime:0.000763s ]
INFO: [ app_end ] --START--
INFO: Run Behavior\ShowPageTraceBehavior [ RunTime:0.001204s ]
INFO: [ app_end ] --END-- [ RunTime:0.001313s ]

[ 2017-10-28T08:38:50+08:00 ] ::1 /cloud/index.php/Admin/Login/login
INFO: [ app_init ] --START--
INFO: Run Behavior\BuildLiteBehavior [ RunTime:0.000010s ]
INFO: [ app_init ] --END-- [ RunTime:0.000390s ]
INFO: [ app_begin ] --START--
INFO: Run Behavior\ReadHtmlCacheBehavior [ RunTime:0.000450s ]
INFO: [ app_begin ] --END-- [ RunTime:0.000507s ]
SQL: SHOW COLUMNS FROM `cl_user` [ RunTime:0.0323s ]
SQL: SELECT `username`,`level`,`password` FROM `cl_user` WHERE ( username='admin' and password='123456' ) LIMIT 1   [ RunTime:0.0258s ]

[ 2017-10-28T08:38:51+08:00 ] ::1 /cloud/index.php/Admin/Stu/servAppl.html
INFO: [ app_init ] --START--
INFO: Run Behavior\BuildLiteBehavior [ RunTime:0.000020s ]
INFO: [ app_init ] --END-- [ RunTime:0.000677s ]
INFO: [ app_begin ] --START--
INFO: Run Behavior\ReadHtmlCacheBehavior [ RunTime:0.000748s ]
INFO: [ app_begin ] --END-- [ RunTime:0.000833s ]
SQL: SHOW COLUMNS FROM `cl_user` [ RunTime:0.0069s ]
SQL: SHOW COLUMNS FROM `cl_score` [ RunTime:0.0444s ]
SQL: SELECT `id`,`phnumber`,`qq`,`perdescribt`,`cre_time` FROM `cl_user` WHERE ( username='admin' ) LIMIT 1   [ RunTime:0.0008s ]
SQL: SELECT `one_score`,`two_score`,`three_score`,`term_score` FROM `cl_score` WHERE ( to_id=1 ) LIMIT 1   [ RunTime:0.0007s ]
INFO: [ view_parse ] --START--
INFO: [ template_filter ] --START--
INFO: Run Behavior\ContentReplaceBehavior [ RunTime:0.000496s ]
INFO: [ template_filter ] --END-- [ RunTime:0.000612s ]
NOTIC: [8] Undefined index: cre_btime F:\phpStudy\WWW\cloud\Application\Runtime\Cache\Admin\6034e3292deac55385e114c3e1cbb5af.php 第 221 行.
INFO: Run Behavior\ParseTemplateBehavior [ RunTime:0.041830s ]
INFO: [ view_parse ] --END-- [ RunTime:0.041921s ]
INFO: [ view_filter ] --START--
INFO: Run Behavior\WriteHtmlCacheBehavior [ RunTime:0.000460s ]
INFO: [ view_filter ] --END-- [ RunTime:0.000535s ]
INFO: [ app_end ] --START--
INFO: Run Behavior\ShowPageTraceBehavior [ RunTime:0.001114s ]
INFO: [ app_end ] --END-- [ RunTime:0.001225s ]

[ 2017-10-28T08:45:50+08:00 ] ::1 /cloud/index.php/Admin/Stu/servAppl.html
INFO: [ app_init ] --START--
INFO: Run Behavior\BuildLiteBehavior [ RunTime:0.000009s ]
INFO: [ app_init ] --END-- [ RunTime:0.000366s ]
INFO: [ app_begin ] --START--
INFO: Run Behavior\ReadHtmlCacheBehavior [ RunTime:0.000520s ]
INFO: [ app_begin ] --END-- [ RunTime:0.000558s ]
SQL: SHOW COLUMNS FROM `cl_user` [ RunTime:0.0091s ]
SQL: SHOW COLUMNS FROM `cl_score` [ RunTime:0.0095s ]
SQL: SELECT `id`,`phnumber`,`qq`,`perdescribt`,`cre_time` FROM `cl_user` WHERE ( username='admin' ) LIMIT 1   [ RunTime:0.0008s ]
SQL: SELECT `one_score`,`two_score`,`three_score`,`term_score` FROM `cl_score` WHERE ( to_id=1 ) LIMIT 1   [ RunTime:0.0006s ]
INFO: [ view_parse ] --START--
INFO: [ template_filter ] --START--
INFO: Run Behavior\ContentReplaceBehavior [ RunTime:0.000150s ]
INFO: [ template_filter ] --END-- [ RunTime:0.000188s ]
NOTIC: [8] Undefined index: cre_btime F:\phpStudy\WWW\cloud\Application\Runtime\Cache\Admin\6034e3292deac55385e114c3e1cbb5af.php 第 378 行.
INFO: Run Behavior\ParseTemplateBehavior [ RunTime:0.030730s ]
INFO: [ view_parse ] --END-- [ RunTime:0.030795s ]
INFO: [ view_filter ] --START--
INFO: Run Behavior\WriteHtmlCacheBehavior [ RunTime:0.000324s ]
INFO: [ view_filter ] --END-- [ RunTime:0.000354s ]
INFO: [ app_end ] --START--
INFO: Run Behavior\ShowPageTraceBehavior [ RunTime:0.000543s ]
INFO: [ app_end ] --END-- [ RunTime:0.000596s ]

[ 2017-10-28T08:59:49+08:00 ] ::1 /cloud/index.php/admin/openstack/openstack
INFO: [ app_init ] --START--
INFO: Run Behavior\BuildLiteBehavior [ RunTime:0.000012s ]
INFO: [ app_init ] --END-- [ RunTime:0.000433s ]
INFO: [ app_begin ] --START--
INFO: Run Behavior\ReadHtmlCacheBehavior [ RunTime:0.000465s ]
INFO: [ app_begin ] --END-- [ RunTime:0.000504s ]
INFO: [ view_parse ] --START--
INFO: [ template_filter ] --START--
INFO: Run Behavior\ContentReplaceBehavior [ RunTime:0.000071s ]
INFO: [ template_filter ] --END-- [ RunTime:0.000113s ]
INFO: Run Behavior\ParseTemplateBehavior [ RunTime:0.060567s ]
INFO: [ view_parse ] --END-- [ RunTime:0.060609s ]
INFO: [ view_filter ] --START--
INFO: Run Behavior\WriteHtmlCacheBehavior [ RunTime:0.000348s ]
INFO: [ view_filter ] --END-- [ RunTime:0.000384s ]
INFO: [ app_end ] --START--
INFO: Run Behavior\ShowPageTraceBehavior [ RunTime:0.000536s ]
INFO: [ app_end ] --END-- [ RunTime:0.000577s ]

[ 2017-10-28T08:59:49+08:00 ] ::1 /cloud/index.php/admin/openstack/1.mp4
INFO: [ app_init ] --START--
INFO: Run Behavior\BuildLiteBehavior [ RunTime:0.000020s ]
INFO: [ app_init ] --END-- [ RunTime:0.000595s ]
INFO: [ app_begin ] --START--
INFO: Run Behavior\ReadHtmlCacheBehavior [ RunTime:0.000585s ]
INFO: [ app_begin ] --END-- [ RunTime:0.000653s ]
ERR: 非法操作:1.mp4

[ 2017-10-28T09:18:15+08:00 ] ::1 /cloud/index.php/admin/stu/stuMessage
INFO: [ app_init ] --START--
INFO: Run Behavior\BuildLiteBehavior [ RunTime:0.000010s ]
INFO: [ app_init ] --END-- [ RunTime:0.000451s ]
INFO: [ app_begin ] --START--
INFO: Run Behavior\ReadHtmlCacheBehavior [ RunTime:0.000521s ]
INFO: [ app_begin ] --END-- [ RunTime:0.000560s ]
SQL: SHOW COLUMNS FROM `cl_user` [ RunTime:0.0109s ]
SQL: SHOW COLUMNS FROM `cl_comment` [ RunTime:0.4545s ]
SQL: SHOW COLUMNS FROM `cl_reply` [ RunTime:0.0289s ]
NOTIC: [8] Undefined index: flag F:\phpStudy\WWW\cloud\Application\Admin\Controller\StuController.class.php 第 75 行.
SQL: SELECT `id`,`username`,`netname`,`netdescribt` FROM `cl_user` WHERE ( username='admin' ) LIMIT 1   [ RunTime:0.0008s ]
SQL: SELECT * FROM `cl_comment` WHERE ( comment_to=1 )  [ RunTime:0.0008s ]
SQL: SELECT * FROM `cl_reply` WHERE ( reply_to=4 )  [ RunTime:0.0007s ]
SQL: SELECT * FROM `cl_reply` WHERE ( reply_to=10 )  [ RunTime:0.0007s ]
SQL: SELECT * FROM `cl_reply` WHERE ( reply_to=11 )  [ RunTime:0.0006s ]
INFO: [ view_parse ] --START--
INFO: [ template_filter ] --START--
INFO: Run Behavior\ContentReplaceBehavior [ RunTime:0.000208s ]
INFO: [ template_filter ] --END-- [ RunTime:0.000281s ]
NOTIC: [8] Undefined offset: 3 F:\phpStudy\WWW\cloud\Application\Runtime\Cache\Admin\9c06377b7c21deb1a2a0b9212d50f325.php 第 386 行.
NOTIC: [8] Undefined offset: 3 F:\phpStudy\WWW\cloud\Application\Runtime\Cache\Admin\9c06377b7c21deb1a2a0b9212d50f325.php 第 386 行.
NOTIC: [8] Undefined offset: 1 F:\phpStudy\WWW\cloud\Application\Runtime\Cache\Admin\9c06377b7c21deb1a2a0b9212d50f325.php 第 392 行.
NOTIC: [8] Undefined offset: 3 F:\phpStudy\WWW\cloud\Application\Runtime\Cache\Admin\9c06377b7c21deb1a2a0b9212d50f325.php 第 386 行.
NOTIC: [8] Undefined offset: 2 F:\phpStudy\WWW\cloud\Application\Runtime\Cache\Admin\9c06377b7c21deb1a2a0b9212d50f325.php 第 392 行.
INFO: Run Behavior\ParseTemplateBehavior [ RunTime:0.043955s ]
INFO: [ view_parse ] --END-- [ RunTime:0.044039s ]
INFO: [ view_filter ] --START--
INFO: Run Behavior\WriteHtmlCacheBehavior [ RunTime:0.000534s ]
INFO: [ view_filter ] --END-- [ RunTime:0.000591s ]
INFO: [ app_end ] --START--
INFO: Run Behavior\ShowPageTraceBehavior [ RunTime:0.000801s ]
INFO: [ app_end ] --END-- [ RunTime:0.000879s ]

[ 2017-10-28T09:18:23+08:00 ] ::1 /cloud/index.php/admin/stu/servAppl
INFO: [ app_init ] --START--
INFO: Run Behavior\BuildLiteBehavior [ RunTime:0.000023s ]
INFO: [ app_init ] --END-- [ RunTime:0.000348s ]
INFO: [ app_begin ] --START--
INFO: Run Behavior\ReadHtmlCacheBehavior [ RunTime:0.000395s ]
INFO: [ app_begin ] --END-- [ RunTime:0.000438s ]
SQL: SHOW COLUMNS FROM `cl_user` [ RunTime:0.0095s ]
SQL: SHOW COLUMNS FROM `cl_score` [ RunTime:0.0122s ]
SQL: SELECT `id`,`phnumber`,`qq`,`perdescribt`,`cre_time` FROM `cl_user` WHERE ( username='admin' ) LIMIT 1   [ RunTime:0.0007s ]
SQL: SELECT `one_score`,`two_score`,`three_score`,`term_score` FROM `cl_score` WHERE ( to_id=1 ) LIMIT 1   [ RunTime:0.0007s ]
INFO: [ view_parse ] --START--
INFO: [ template_filter ] --START--
INFO: Run Behavior\ContentReplaceBehavior [ RunTime:0.000472s ]
INFO: [ template_filter ] --END-- [ RunTime:0.000587s ]
NOTIC: [8] Undefined index: cre_btime F:\phpStudy\WWW\cloud\Application\Runtime\Cache\Admin\6034e3292deac55385e114c3e1cbb5af.php 第 378 行.
INFO: Run Behavior\ParseTemplateBehavior [ RunTime:0.037951s ]
INFO: [ view_parse ] --END-- [ RunTime:0.038061s ]
INFO: [ view_filter ] --START--
INFO: Run Behavior\WriteHtmlCacheBehavior [ RunTime:0.000692s ]
INFO: [ view_filter ] --END-- [ RunTime:0.000791s ]
INFO: [ app_end ] --START--
INFO: Run Behavior\ShowPageTraceBehavior [ RunTime:0.001557s ]
INFO: [ app_end ] --END-- [ RunTime:0.001728s ]

[ 2017-10-28T09:18:45+08:00 ] ::1 /cloud/index.php/admin/login/end
INFO: [ app_init ] --START--
INFO: Run Behavior\BuildLiteBehavior [ RunTime:0.000019s ]
INFO: [ app_init ] --END-- [ RunTime:0.000397s ]
INFO: [ app_begin ] --START--
INFO: Run Behavior\ReadHtmlCacheBehavior [ RunTime:0.000460s ]
INFO: [ app_begin ] --END-- [ RunTime:0.000500s ]

[ 2017-10-28T09:18:45+08:00 ] ::1 /cloud/index.php/Admin/Login/login.html
INFO: [ app_init ] --START--
INFO: Run Behavior\BuildLiteBehavior [ RunTime:0.000011s ]
INFO: [ app_init ] --END-- [ RunTime:0.000435s ]
INFO: [ app_begin ] --START--
INFO: Run Behavior\ReadHtmlCacheBehavior [ RunTime:0.000470s ]
INFO: [ app_begin ] --END-- [ RunTime:0.000507s ]
INFO: [ view_parse ] --START--
INFO: [ template_filter ] --START--
INFO: Run Behavior\ContentReplaceBehavior [ RunTime:0.000066s ]
INFO: [ template_filter ] --END-- [ RunTime:0.000113s ]
INFO: Run Behavior\ParseTemplateBehavior [ RunTime:0.008514s ]
INFO: [ view_parse ] --END-- [ RunTime:0.008558s ]
INFO: [ view_filter ] --START--
INFO: Run Behavior\WriteHtmlCacheBehavior [ RunTime:0.000301s ]
INFO: [ view_filter ] --END-- [ RunTime:0.000334s ]
INFO: [ app_end ] --START--
INFO: Run Behavior\ShowPageTraceBehavior [ RunTime:0.000551s ]
INFO: [ app_end ] --END-- [ RunTime:0.000598s ]

[ 2017-10-28T12:32:54+08:00 ] ::1 /cloud/index.php/admin/login/login
INFO: [ app_init ] --START--
INFO: Run Behavior\BuildLiteBehavior [ RunTime:0.000011s ]
INFO: [ app_init ] --END-- [ RunTime:0.000398s ]
INFO: [ app_begin ] --START--
INFO: Run Behavior\ReadHtmlCacheBehavior [ RunTime:0.000439s ]
INFO: [ app_begin ] --END-- [ RunTime:0.000479s ]
INFO: [ view_parse ] --START--
INFO: [ template_filter ] --START--
INFO: Run Behavior\ContentReplaceBehavior [ RunTime:0.000055s ]
INFO: [ template_filter ] --END-- [ RunTime:0.000096s ]
INFO: Run Behavior\ParseTemplateBehavior [ RunTime:0.008772s ]
INFO: [ view_parse ] --END-- [ RunTime:0.008813s ]
INFO: [ view_filter ] --START--
INFO: Run Behavior\WriteHtmlCacheBehavior [ RunTime:0.000292s ]
INFO: [ view_filter ] --END-- [ RunTime:0.000322s ]
INFO: [ app_end ] --START--
INFO: Run Behavior\ShowPageTraceBehavior [ RunTime:0.000452s ]
INFO: [ app_end ] --END-- [ RunTime:0.000494s ]

[ 2017-10-28T12:32:59+08:00 ] ::1 /cloud/index.php/Admin/Login/login
INFO: [ app_init ] --START--
INFO: Run Behavior\BuildLiteBehavior [ RunTime:0.000011s ]
INFO: [ app_init ] --END-- [ RunTime:0.000389s ]
INFO: [ app_begin ] --START--
INFO: Run Behavior\ReadHtmlCacheBehavior [ RunTime:0.000441s ]
INFO: [ app_begin ] --END-- [ RunTime:0.000482s ]
SQL: SHOW COLUMNS FROM `cl_user` [ RunTime:0.0109s ]
SQL: SELECT `username`,`level`,`password` FROM `cl_user` WHERE ( username='admin' and password='123456' ) LIMIT 1   [ RunTime:0.0005s ]

[ 2017-10-28T12:33:00+08:00 ] ::1 /cloud/index.php/Admin/Stu/servAppl.html
INFO: [ app_init ] --START--
INFO: Run Behavior\BuildLiteBehavior [ RunTime:0.000018s ]
INFO: [ app_init ] --END-- [ RunTime:0.000546s ]
INFO: [ app_begin ] --START--
INFO: Run Behavior\ReadHtmlCacheBehavior [ RunTime:0.000759s ]
INFO: [ app_begin ] --END-- [ RunTime:0.000837s ]
SQL: SHOW COLUMNS FROM `cl_user` [ RunTime:0.0089s ]
SQL: SHOW COLUMNS FROM `cl_score` [ RunTime:0.0105s ]
SQL: SELECT `id`,`phnumber`,`qq`,`perdescribt`,`cre_time` FROM `cl_user` WHERE ( username='admin' ) LIMIT 1   [ RunTime:0.0007s ]
SQL: SELECT `one_score`,`two_score`,`three_score`,`term_score` FROM `cl_score` WHERE ( to_id=1 ) LIMIT 1   [ RunTime:0.0008s ]
INFO: [ view_parse ] --START--
INFO: [ template_filter ] --START--
INFO: Run Behavior\ContentReplaceBehavior [ RunTime:0.000293s ]
INFO: [ template_filter ] --END-- [ RunTime:0.000355s ]
NOTIC: [8] Undefined index: cre_btime F:\phpStudy\WWW\cloud\Application\Runtime\Cache\Admin\6034e3292deac55385e114c3e1cbb5af.php 第 378 行.
INFO: Run Behavior\ParseTemplateBehavior [ RunTime:0.020957s ]
INFO: [ view_parse ] --END-- [ RunTime:0.021040s ]
INFO: [ view_filter ] --START--
INFO: Run Behavior\WriteHtmlCacheBehavior [ RunTime:0.000407s ]
INFO: [ view_filter ] --END-- [ RunTime:0.000458s ]
INFO: [ app_end ] --START--
INFO: Run Behavior\ShowPageTraceBehavior [ RunTime:0.000677s ]
INFO: [ app_end ] --END-- [ RunTime:0.000743s ]

[ 2017-10-28T12:33:28+08:00 ] ::1 /cloud/index.php/admin/stu/stuMessage
INFO: [ app_init ] --START--
INFO: Run Behavior\BuildLiteBehavior [ RunTime:0.000012s ]
INFO: [ app_init ] --END-- [ RunTime:0.000341s ]
INFO: [ app_begin ] --START--
INFO: Run Behavior\ReadHtmlCacheBehavior [ RunTime:0.000443s ]
INFO: [ app_begin ] --END-- [ RunTime:0.000493s ]
SQL: SHOW COLUMNS FROM `cl_user` [ RunTime:0.0053s ]
SQL: SHOW COLUMNS FROM `cl_comment` [ RunTime:0.0056s ]
SQL: SHOW COLUMNS FROM `cl_reply` [ RunTime:0.0061s ]
NOTIC: [8] Undefined index: flag F:\phpStudy\WWW\cloud\Application\Admin\Controller\StuController.class.php 第 75 行.
SQL: SELECT `id`,`username`,`netname`,`netdescribt` FROM `cl_user` WHERE ( username='admin' ) LIMIT 1   [ RunTime:0.0004s ]
SQL: SELECT * FROM `cl_comment` WHERE ( comment_to=1 )  [ RunTime:0.0004s ]
SQL: SELECT * FROM `cl_reply` WHERE ( reply_to=4 )  [ RunTime:0.0004s ]
SQL: SELECT * FROM `cl_reply` WHERE ( reply_to=10 )  [ RunTime:0.0004s ]
SQL: SELECT * FROM `cl_reply` WHERE ( reply_to=11 )  [ RunTime:0.0004s ]
INFO: [ view_parse ] --START--
INFO: [ template_filter ] --START--
INFO: Run Behavior\ContentReplaceBehavior [ RunTime:0.000107s ]
INFO: [ template_filter ] --END-- [ RunTime:0.000147s ]
NOTIC: [8] Undefined offset: 3 F:\phpStudy\WWW\cloud\Application\Runtime\Cache\Admin\9c06377b7c21deb1a2a0b9212d50f325.php 第 386 行.
NOTIC: [8] Undefined offset: 3 F:\phpStudy\WWW\cloud\Application\Runtime\Cache\Admin\9c06377b7c21deb1a2a0b9212d50f325.php 第 386 行.
NOTIC: [8] Undefined offset: 1 F:\phpStudy\WWW\cloud\Application\Runtime\Cache\Admin\9c06377b7c21deb1a2a0b9212d50f325.php 第 392 行.
NOTIC: [8] Undefined offset: 3 F:\phpStudy\WWW\cloud\Application\Runtime\Cache\Admin\9c06377b7c21deb1a2a0b9212d50f325.php 第 386 行.
NOTIC: [8] Undefined offset: 2 F:\phpStudy\WWW\cloud\Application\Runtime\Cache\Admin\9c06377b7c21deb1a2a0b9212d50f325.php 第 392 行.
INFO: Run Behavior\ParseTemplateBehavior [ RunTime:0.017216s ]
INFO: [ view_parse ] --END-- [ RunTime:0.017268s ]
INFO: [ view_filter ] --START--
INFO: Run Behavior\WriteHtmlCacheBehavior [ RunTime:0.000328s ]
INFO: [ view_filter ] --END-- [ RunTime:0.000358s ]
INFO: [ app_end ] --START--
INFO: Run Behavior\ShowPageTraceBehavior [ RunTime:0.000537s ]
INFO: [ app_end ] --END-- [ RunTime:0.000592s ]

[ 2017-10-28T12:33:38+08:00 ] ::1 /cloud/index.php/Admin/Stu/stuIndex
INFO: [ app_init ] --START--
INFO: Run Behavior\BuildLiteBehavior [ RunTime:0.000012s ]
INFO: [ app_init ] --END-- [ RunTime:0.000385s ]
INFO: [ app_begin ] --START--
INFO: Run Behavior\ReadHtmlCacheBehavior [ RunTime:0.000460s ]
INFO: [ app_begin ] --END-- [ RunTime:0.000504s ]
SQL: SHOW COLUMNS FROM `cl_user` [ RunTime:0.0095s ]
SQL: SHOW COLUMNS FROM `cl_comment` [ RunTime:0.0090s ]
SQL: SELECT `id`,`username`,`netname`,`view` FROM `cl_user` WHERE ( excellent=1 )  [ RunTime:0.0008s ]
SQL: SELECT COUNT(*) AS tp_count FROM `cl_comment` WHERE ( comment_to=1 ) LIMIT 1   [ RunTime:0.0008s ]
SQL: SELECT COUNT(*) AS tp_count FROM `cl_comment` WHERE ( comment_to=2 ) LIMIT 1   [ RunTime:0.0006s ]
SQL: SELECT COUNT(*) AS tp_count FROM `cl_comment` WHERE ( comment_to=3 ) LIMIT 1   [ RunTime:0.0006s ]
SQL: SELECT COUNT(*) AS tp_count FROM `cl_comment` WHERE ( comment_to=4 ) LIMIT 1   [ RunTime:0.0006s ]
SQL: SELECT COUNT(*) AS tp_count FROM `cl_comment` WHERE ( comment_to=12 ) LIMIT 1   [ RunTime:0.0006s ]
NOTIC: [8] Undefined index: flag F:\phpStudy\WWW\cloud\Application\Admin\Controller\StuController.class.php 第 21 行.
SQL: SELECT COUNT(*) AS tp_count FROM `cl_user` WHERE ( class='1' ) LIMIT 1   [ RunTime:0.0006s ]
SQL: SELECT `id`,`username`,`netname`,`view` FROM `cl_user` WHERE ( class='1' ) ORDER BY id LIMIT 0,12   [ RunTime:0.0011s ]
SQL: SELECT COUNT(*) AS tp_count FROM `cl_comment` WHERE ( comment_to=1 ) LIMIT 1   [ RunTime:0.0007s ]
SQL: SELECT COUNT(*) AS tp_count FROM `cl_comment` WHERE ( comment_to=2 ) LIMIT 1   [ RunTime:0.0006s ]
SQL: SELECT COUNT(*) AS tp_count FROM `cl_comment` WHERE ( comment_to=15 ) LIMIT 1   [ RunTime:0.0007s ]
SQL: SELECT COUNT(*) AS tp_count FROM `cl_comment` WHERE ( comment_to=16 ) LIMIT 1   [ RunTime:0.0006s ]
SQL: SELECT COUNT(*) AS tp_count FROM `cl_comment` WHERE ( comment_to=19 ) LIMIT 1   [ RunTime:0.0006s ]
SQL: SELECT COUNT(*) AS tp_count FROM `cl_comment` WHERE ( comment_to=20 ) LIMIT 1   [ RunTime:0.0006s ]
SQL: SELECT COUNT(*) AS tp_count FROM `cl_comment` WHERE ( comment_to=21 ) LIMIT 1   [ RunTime:0.0006s ]
SQL: SELECT COUNT(*) AS tp_count FROM `cl_comment` WHERE ( comment_to=22 ) LIMIT 1   [ RunTime:0.0006s ]
SQL: SELECT COUNT(*) AS tp_count FROM `cl_comment` WHERE ( comment_to=23 ) LIMIT 1   [ RunTime:0.0006s ]
SQL: SELECT COUNT(*) AS tp_count FROM `cl_comment` WHERE ( comment_to=24 ) LIMIT 1   [ RunTime:0.0006s ]
SQL: SELECT COUNT(*) AS tp_count FROM `cl_comment` WHERE ( comment_to=25 ) LIMIT 1   [ RunTime:0.0006s ]
SQL: SELECT COUNT(*) AS tp_count FROM `cl_comment` WHERE ( comment_to=26 ) LIMIT 1   [ RunTime:0.0006s ]
INFO: [ view_parse ] --START--
INFO: [ template_filter ] --START--
INFO: Run Behavior\ContentReplaceBehavior [ RunTime:0.000166s ]
INFO: [ template_filter ] --END-- [ RunTime:0.000268s ]
INFO: Run Behavior\ParseTemplateBehavior [ RunTime:0.023793s ]
INFO: [ view_parse ] --END-- [ RunTime:0.023886s ]
INFO: [ view_filter ] --START--
INFO: Run Behavior\WriteHtmlCacheBehavior [ RunTime:0.000611s ]
INFO: [ view_filter ] --END-- [ RunTime:0.000672s ]
INFO: [ app_end ] --START--
INFO: Run Behavior\ShowPageTraceBehavior [ RunTime:0.000912s ]
INFO: [ app_end ] --END-- [ RunTime:0.000994s ]

[ 2017-10-28T12:33:51+08:00 ] ::1 /cloud/index.php/Admin/Stu/stuIndex/p/2.html
INFO: [ app_init ] --START--
INFO: Run Behavior\BuildLiteBehavior [ RunTime:0.000011s ]
INFO: [ app_init ] --END-- [ RunTime:0.000421s ]
INFO: [ app_begin ] --START--
INFO: Run Behavior\ReadHtmlCacheBehavior [ RunTime:0.000495s ]
INFO: [ app_begin ] --END-- [ RunTime:0.000538s ]
SQL: SHOW COLUMNS FROM `cl_user` [ RunTime:0.0052s ]
SQL: SHOW COLUMNS FROM `cl_comment` [ RunTime:0.0049s ]
SQL: SELECT `id`,`username`,`netname`,`view` FROM `cl_user` WHERE ( excellent=1 )  [ RunTime:0.0005s ]
SQL: SELECT COUNT(*) AS tp_count FROM `cl_comment` WHERE ( comment_to=1 ) LIMIT 1   [ RunTime:0.0005s ]
SQL: SELECT COUNT(*) AS tp_count FROM `cl_comment` WHERE ( comment_to=2 ) LIMIT 1   [ RunTime:0.0004s ]
SQL: SELECT COUNT(*) AS tp_count FROM `cl_comment` WHERE ( comment_to=3 ) LIMIT 1   [ RunTime:0.0004s ]
SQL: SELECT COUNT(*) AS tp_count FROM `cl_comment` WHERE ( comment_to=4 ) LIMIT 1   [ RunTime:0.0004s ]
SQL: SELECT COUNT(*) AS tp_count FROM `cl_comment` WHERE ( comment_to=12 ) LIMIT 1   [ RunTime:0.0003s ]
NOTIC: [8] Undefined index: flag F:\phpStudy\WWW\cloud\Application\Admin\Controller\StuController.class.php 第 21 行.
SQL: SELECT COUNT(*) AS tp_count FROM `cl_user` WHERE ( class='1' ) LIMIT 1   [ RunTime:0.0003s ]
SQL: SELECT `id`,`username`,`netname`,`view` FROM `cl_user` WHERE ( class='1' ) ORDER BY id LIMIT 12,12   [ RunTime:0.0004s ]
SQL: SELECT COUNT(*) AS tp_count FROM `cl_comment` WHERE ( comment_to=27 ) LIMIT 1   [ RunTime:0.0003s ]
SQL: SELECT COUNT(*) AS tp_count FROM `cl_comment` WHERE ( comment_to=28 ) LIMIT 1   [ RunTime:0.0002s ]
SQL: SELECT COUNT(*) AS tp_count FROM `cl_comment` WHERE ( comment_to=29 ) LIMIT 1   [ RunTime:0.0002s ]
SQL: SELECT COUNT(*) AS tp_count FROM `cl_comment` WHERE ( comment_to=30 ) LIMIT 1   [ RunTime:0.0002s ]
SQL: SELECT COUNT(*) AS tp_count FROM `cl_comment` WHERE ( comment_to=31 ) LIMIT 1   [ RunTime:0.0002s ]
INFO: [ view_parse ] --START--
INFO: [ template_filter ] --START--
INFO: Run Behavior\ContentReplaceBehavior [ RunTime:0.000080s ]
INFO: [ template_filter ] --END-- [ RunTime:0.000117s ]
INFO: Run Behavior\ParseTemplateBehavior [ RunTime:0.008839s ]
INFO: [ view_parse ] --END-- [ RunTime:0.008912s ]
INFO: [ view_filter ] --START--
INFO: Run Behavior\WriteHtmlCacheBehavior [ RunTime:0.000284s ]
INFO: [ view_filter ] --END-- [ RunTime:0.000315s ]
INFO: [ app_end ] --START--
INFO: Run Behavior\ShowPageTraceBehavior [ RunTime:0.000583s ]
INFO: [ app_end ] --END-- [ RunTime:0.000648s ]

[ 2017-10-28T12:34:01+08:00 ] ::1 /cloud/index.php/Admin/Stu/stuIndex/p/1.html
INFO: [ app_init ] --START--
INFO: Run Behavior\BuildLiteBehavior [ RunTime:0.000012s ]
INFO: [ app_init ] --END-- [ RunTime:0.000337s ]
INFO: [ app_begin ] --START--
INFO: Run Behavior\ReadHtmlCacheBehavior [ RunTime:0.000397s ]
INFO: [ app_begin ] --END-- [ RunTime:0.000440s ]
SQL: SHOW COLUMNS FROM `cl_user` [ RunTime:0.0109s ]
SQL: SHOW COLUMNS FROM `cl_comment` [ RunTime:0.0069s ]
SQL: SELECT `id`,`username`,`netname`,`view` FROM `cl_user` WHERE ( excellent=1 )  [ RunTime:0.0005s ]
SQL: SELECT COUNT(*) AS tp_count FROM `cl_comment` WHERE ( comment_to=1 ) LIMIT 1   [ RunTime:0.0004s ]
SQL: SELECT COUNT(*) AS tp_count FROM `cl_comment` WHERE ( comment_to=2 ) LIMIT 1   [ RunTime:0.0004s ]
SQL: SELECT COUNT(*) AS tp_count FROM `cl_comment` WHERE ( comment_to=3 ) LIMIT 1   [ RunTime:0.0004s ]
SQL: SELECT COUNT(*) AS tp_count FROM `cl_comment` WHERE ( comment_to=4 ) LIMIT 1   [ RunTime:0.0004s ]
SQL: SELECT COUNT(*) AS tp_count FROM `cl_comment` WHERE ( comment_to=12 ) LIMIT 1   [ RunTime:0.0004s ]
NOTIC: [8] Undefined index: flag F:\phpStudy\WWW\cloud\Application\Admin\Controller\StuController.class.php 第 21 行.
SQL: SELECT COUNT(*) AS tp_count FROM `cl_user` WHERE ( class='1' ) LIMIT 1   [ RunTime:0.0004s ]
SQL: SELECT `id`,`username`,`netname`,`view` FROM `cl_user` WHERE ( class='1' ) ORDER BY id LIMIT 0,12   [ RunTime:0.0006s ]
SQL: SELECT COUNT(*) AS tp_count FROM `cl_comment` WHERE ( comment_to=1 ) LIMIT 1   [ RunTime:0.0004s ]
SQL: SELECT COUNT(*) AS tp_count FROM `cl_comment` WHERE ( comment_to=2 ) LIMIT 1   [ RunTime:0.0004s ]
SQL: SELECT COUNT(*) AS tp_count FROM `cl_comment` WHERE ( comment_to=15 ) LIMIT 1   [ RunTime:0.0004s ]
SQL: SELECT COUNT(*) AS tp_count FROM `cl_comment` WHERE ( comment_to=16 ) LIMIT 1   [ RunTime:0.0004s ]
SQL: SELECT COUNT(*) AS tp_count FROM `cl_comment` WHERE ( comment_to=19 ) LIMIT 1   [ RunTime:0.0004s ]
SQL: SELECT COUNT(*) AS tp_count FROM `cl_comment` WHERE ( comment_to=20 ) LIMIT 1   [ RunTime:0.0004s ]
SQL: SELECT COUNT(*) AS tp_count FROM `cl_comment` WHERE ( comment_to=21 ) LIMIT 1   [ RunTime:0.0004s ]
SQL: SELECT COUNT(*) AS tp_count FROM `cl_comment` WHERE ( comment_to=22 ) LIMIT 1   [ RunTime:0.0004s ]
SQL: SELECT COUNT(*) AS tp_count FROM `cl_comment` WHERE ( comment_to=23 ) LIMIT 1   [ RunTime:0.0004s ]
SQL: SELECT COUNT(*) AS tp_count FROM `cl_comment` WHERE ( comment_to=24 ) LIMIT 1   [ RunTime:0.0004s ]
SQL: SELECT COUNT(*) AS tp_count FROM `cl_comment` WHERE ( comment_to=25 ) LIMIT 1   [ RunTime:0.0004s ]
SQL: SELECT COUNT(*) AS tp_count FROM `cl_comment` WHERE ( comment_to=26 ) LIMIT 1   [ RunTime:0.0004s ]
INFO: [ view_parse ] --START--
INFO: [ template_filter ] --START--
INFO: Run Behavior\ContentReplaceBehavior [ RunTime:0.000124s ]
INFO: [ template_filter ] --END-- [ RunTime:0.000179s ]
INFO: Run Behavior\ParseTemplateBehavior [ RunTime:0.016371s ]
INFO: [ view_parse ] --END-- [ RunTime:0.016421s ]
INFO: [ view_filter ] --START--
INFO: Run Behavior\WriteHtmlCacheBehavior [ RunTime:0.000286s ]
INFO: [ view_filter ] --END-- [ RunTime:0.000316s ]
INFO: [ app_end ] --START--
INFO: Run Behavior\ShowPageTraceBehavior [ RunTime:0.000510s ]
INFO: [ app_end ] --END-- [ RunTime:0.000560s ]

[ 2017-10-28T12:34:17+08:00 ] ::1 /cloud/index.php/Admin/Stu/stuIndex/p/1.html
INFO: [ app_init ] --START--
INFO: Run Behavior\BuildLiteBehavior [ RunTime:0.000018s ]
INFO: [ app_init ] --END-- [ RunTime:0.000569s ]
INFO: [ app_begin ] --START--
INFO: Run Behavior\ReadHtmlCacheBehavior [ RunTime:0.001025s ]
INFO: [ app_begin ] --END-- [ RunTime:0.001134s ]
SQL: SHOW COLUMNS FROM `cl_user` [ RunTime:0.0100s ]
SQL: SHOW COLUMNS FROM `cl_comment` [ RunTime:0.0112s ]
SQL: SELECT `id`,`username`,`netname`,`view` FROM `cl_user` WHERE ( excellent=1 )  [ RunTime:0.0009s ]
SQL: SELECT COUNT(*) AS tp_count FROM `cl_comment` WHERE ( comment_to=1 ) LIMIT 1   [ RunTime:0.0004s ]
SQL: SELECT COUNT(*) AS tp_count FROM `cl_comment` WHERE ( comment_to=2 ) LIMIT 1   [ RunTime:0.0003s ]
SQL: SELECT COUNT(*) AS tp_count FROM `cl_comment` WHERE ( comment_to=3 ) LIMIT 1   [ RunTime:0.0003s ]
SQL: SELECT COUNT(*) AS tp_count FROM `cl_comment` WHERE ( comment_to=4 ) LIMIT 1   [ RunTime:0.0004s ]
SQL: SELECT COUNT(*) AS tp_count FROM `cl_comment` WHERE ( comment_to=12 ) LIMIT 1   [ RunTime:0.0004s ]
NOTIC: [8] Undefined index: flag F:\phpStudy\WWW\cloud\Application\Admin\Controller\StuController.class.php 第 21 行.
SQL: SELECT COUNT(*) AS tp_count FROM `cl_user` WHERE ( class='1' ) LIMIT 1   [ RunTime:0.0004s ]
SQL: SELECT `id`,`username`,`netname`,`view` FROM `cl_user` WHERE ( class='1' ) ORDER BY id LIMIT 0,12   [ RunTime:0.0005s ]
SQL: SELECT COUNT(*) AS tp_count FROM `cl_comment` WHERE ( comment_to=1 ) LIMIT 1   [ RunTime:0.0004s ]
SQL: SELECT COUNT(*) AS tp_count FROM `cl_comment` WHERE ( comment_to=2 ) LIMIT 1   [ RunTime:0.0003s ]
SQL: SELECT COUNT(*) AS tp_count FROM `cl_comment` WHERE ( comment_to=15 ) LIMIT 1   [ RunTime:0.0004s ]
SQL: SELECT COUNT(*) AS tp_count FROM `cl_comment` WHERE ( comment_to=16 ) LIMIT 1   [ RunTime:0.0004s ]
SQL: SELECT COUNT(*) AS tp_count FROM `cl_comment` WHERE ( comment_to=19 ) LIMIT 1   [ RunTime:0.0004s ]
SQL: SELECT COUNT(*) AS tp_count FROM `cl_comment` WHERE ( comment_to=20 ) LIMIT 1   [ RunTime:0.0004s ]
SQL: SELECT COUNT(*) AS tp_count FROM `cl_comment` WHERE ( comment_to=21 ) LIMIT 1   [ RunTime:0.0004s ]
SQL: SELECT COUNT(*) AS tp_count FROM `cl_comment` WHERE ( comment_to=22 ) LIMIT 1   [ RunTime:0.0003s ]
SQL: SELECT COUNT(*) AS tp_count FROM `cl_comment` WHERE ( comment_to=23 ) LIMIT 1   [ RunTime:0.0003s ]
SQL: SELECT COUNT(*) AS tp_count FROM `cl_comment` WHERE ( comment_to=24 ) LIMIT 1   [ RunTime:0.0003s ]
SQL: SELECT COUNT(*) AS tp_count FROM `cl_comment` WHERE ( comment_to=25 ) LIMIT 1   [ RunTime:0.0003s ]
SQL: SELECT COUNT(*) AS tp_count FROM `cl_comment` WHERE ( comment_to=26 ) LIMIT 1   [ RunTime:0.0003s ]
INFO: [ view_parse ] --START--
INFO: [ template_filter ] --START--
INFO: Run Behavior\ContentReplaceBehavior [ RunTime:0.000153s ]
INFO: [ template_filter ] --END-- [ RunTime:0.000223s ]
INFO: Run Behavior\ParseTemplateBehavior [ RunTime:0.016727s ]
INFO: [ view_parse ] --END-- [ RunTime:0.016799s ]
INFO: [ view_filter ] --START--
INFO: Run Behavior\WriteHtmlCacheBehavior [ RunTime:0.000368s ]
INFO: [ view_filter ] --END-- [ RunTime:0.000421s ]
INFO: [ app_end ] --START--
INFO: Run Behavior\ShowPageTraceBehavior [ RunTime:0.000791s ]
INFO: [ app_end ] --END-- [ RunTime:0.000857s ]

[ 2017-10-28T12:50:58+08:00 ] ::1 /cloud/index.php/Admin/Stu/stuIndex/p/1.html
INFO: [ app_init ] --START--
INFO: Run Behavior\BuildLiteBehavior [ RunTime:0.000009s ]
INFO: [ app_init ] --END-- [ RunTime:0.000436s ]
INFO: [ app_begin ] --START--
INFO: Run Behavior\ReadHtmlCacheBehavior [ RunTime:0.000501s ]
INFO: [ app_begin ] --END-- [ RunTime:0.000539s ]
SQL: SHOW COLUMNS FROM `cl_user` [ RunTime:0.0147s ]
SQL: SHOW COLUMNS FROM `cl_comment` [ RunTime:0.0109s ]
SQL: SELECT `id`,`username`,`netname`,`view` FROM `cl_user` WHERE ( excellent=1 )  [ RunTime:0.0006s ]
SQL: SELECT COUNT(*) AS tp_count FROM `cl_comment` WHERE ( comment_to=1 ) LIMIT 1   [ RunTime:0.0005s ]
SQL: SELECT COUNT(*) AS tp_count FROM `cl_comment` WHERE ( comment_to=2 ) LIMIT 1   [ RunTime:0.0004s ]
SQL: SELECT COUNT(*) AS tp_count FROM `cl_comment` WHERE ( comment_to=3 ) LIMIT 1   [ RunTime:0.0004s ]
SQL: SELECT COUNT(*) AS tp_count FROM `cl_comment` WHERE ( comment_to=4 ) LIMIT 1   [ RunTime:0.0004s ]
SQL: SELECT COUNT(*) AS tp_count FROM `cl_comment` WHERE ( comment_to=12 ) LIMIT 1   [ RunTime:0.0004s ]
NOTIC: [8] Undefined index: flag F:\phpStudy\WWW\cloud\Application\Admin\Controller\StuController.class.php 第 21 行.
SQL: SELECT COUNT(*) AS tp_count FROM `cl_user` WHERE ( class='1' ) LIMIT 1   [ RunTime:0.0004s ]
SQL: SELECT `id`,`username`,`netname`,`view` FROM `cl_user` WHERE ( class='1' ) ORDER BY id LIMIT 0,12   [ RunTime:0.0006s ]
SQL: SELECT COUNT(*) AS tp_count FROM `cl_comment` WHERE ( comment_to=1 ) LIMIT 1   [ RunTime:0.0004s ]
SQL: SELECT COUNT(*) AS tp_count FROM `cl_comment` WHERE ( comment_to=2 ) LIMIT 1   [ RunTime:0.0004s ]
SQL: SELECT COUNT(*) AS tp_count FROM `cl_comment` WHERE ( comment_to=15 ) LIMIT 1   [ RunTime:0.0005s ]
SQL: SELECT COUNT(*) AS tp_count FROM `cl_comment` WHERE ( comment_to=16 ) LIMIT 1   [ RunTime:0.0005s ]
SQL: SELECT COUNT(*) AS tp_count FROM `cl_comment` WHERE ( comment_to=19 ) LIMIT 1   [ RunTime:0.0005s ]
SQL: SELECT COUNT(*) AS tp_count FROM `cl_comment` WHERE ( comment_to=20 ) LIMIT 1   [ RunTime:0.0005s ]
SQL: SELECT COUNT(*) AS tp_count FROM `cl_comment` WHERE ( comment_to=21 ) LIMIT 1   [ RunTime:0.0004s ]
SQL: SELECT COUNT(*) AS tp_count FROM `cl_comment` WHERE ( comment_to=22 ) LIMIT 1   [ RunTime:0.0004s ]
SQL: SELECT COUNT(*) AS tp_count FROM `cl_comment` WHERE ( comment_to=23 ) LIMIT 1   [ RunTime:0.0004s ]
SQL: SELECT COUNT(*) AS tp_count FROM `cl_comment` WHERE ( comment_to=24 ) LIMIT 1   [ RunTime:0.0004s ]
SQL: SELECT COUNT(*) AS tp_count FROM `cl_comment` WHERE ( comment_to=25 ) LIMIT 1   [ RunTime:0.0004s ]
SQL: SELECT COUNT(*) AS tp_count FROM `cl_comment` WHERE ( comment_to=26 ) LIMIT 1   [ RunTime:0.0004s ]
INFO: [ view_parse ] --START--
INFO: [ template_filter ] --START--
INFO: Run Behavior\ContentReplaceBehavior [ RunTime:0.000409s ]
INFO: [ template_filter ] --END-- [ RunTime:0.000562s ]
INFO: Run Behavior\ParseTemplateBehavior [ RunTime:0.035913s ]
INFO: [ view_parse ] --END-- [ RunTime:0.035997s ]
INFO: [ view_filter ] --START--
INFO: Run Behavior\WriteHtmlCacheBehavior [ RunTime:0.000305s ]
INFO: [ view_filter ] --END-- [ RunTime:0.000338s ]
INFO: [ app_end ] --START--
INFO: Run Behavior\ShowPageTraceBehavior [ RunTime:0.000674s ]
INFO: [ app_end ] --END-- [ RunTime:0.000729s ]

[ 2017-10-28T15:34:24+08:00 ] ::1 /cloud/index.php/admin/login/login
INFO: [ app_init ] --START--
INFO: Run Behavior\BuildLiteBehavior [ RunTime:0.000010s ]
INFO: [ app_init ] --END-- [ RunTime:0.000341s ]
INFO: [ app_begin ] --START--
INFO: Run Behavior\ReadHtmlCacheBehavior [ RunTime:0.000406s ]
INFO: [ app_begin ] --END-- [ RunTime:0.000448s ]
INFO: [ view_parse ] --START--
INFO: [ template_filter ] --START--
INFO: Run Behavior\ContentReplaceBehavior [ RunTime:0.000059s ]
INFO: [ template_filter ] --END-- [ RunTime:0.000096s ]
INFO: Run Behavior\ParseTemplateBehavior [ RunTime:0.007536s ]
INFO: [ view_parse ] --END-- [ RunTime:0.007583s ]
INFO: [ view_filter ] --START--
INFO: Run Behavior\WriteHtmlCacheBehavior [ RunTime:0.000257s ]
INFO: [ view_filter ] --END-- [ RunTime:0.000288s ]
INFO: [ app_end ] --START--
INFO: Run Behavior\ShowPageTraceBehavior [ RunTime:0.000471s ]
INFO: [ app_end ] --END-- [ RunTime:0.000510s ]

[ 2017-10-28T15:36:00+08:00 ] ::1 /cloud/index.php/admin/login/register
INFO: [ app_init ] --START--
INFO: Run Behavior\BuildLiteBehavior [ RunTime:0.000012s ]
INFO: [ app_init ] --END-- [ RunTime:0.000400s ]
INFO: [ app_begin ] --START--
INFO: Run Behavior\ReadHtmlCacheBehavior [ RunTime:0.000446s ]
INFO: [ app_begin ] --END-- [ RunTime:0.000484s ]
INFO: [ view_parse ] --START--
INFO: [ template_filter ] --START--
INFO: Run Behavior\ContentReplaceBehavior [ RunTime:0.000059s ]
INFO: [ template_filter ] --END-- [ RunTime:0.000099s ]
INFO: Run Behavior\ParseTemplateBehavior [ RunTime:0.039014s ]
INFO: [ view_parse ] --END-- [ RunTime:0.039056s ]
INFO: [ view_filter ] --START--
INFO: Run Behavior\WriteHtmlCacheBehavior [ RunTime:0.000272s ]
INFO: [ view_filter ] --END-- [ RunTime:0.000303s ]
INFO: [ app_end ] --START--
INFO: Run Behavior\ShowPageTraceBehavior [ RunTime:0.000405s ]
INFO: [ app_end ] --END-- [ RunTime:0.000441s ]

[ 2017-10-28T15:36:18+08:00 ] ::1 /cloud/index.php/Admin/ServerHelp/notice
INFO: [ app_init ] --START--
INFO: Run Behavior\BuildLiteBehavior [ RunTime:0.000124s ]
INFO: [ app_init ] --END-- [ RunTime:0.002943s ]
INFO: [ app_begin ] --START--
INFO: Run Behavior\ReadHtmlCacheBehavior [ RunTime:0.000553s ]
INFO: [ app_begin ] --END-- [ RunTime:0.000619s ]
INFO: [ view_parse ] --START--
INFO: [ template_filter ] --START--
INFO: Run Behavior\ContentReplaceBehavior [ RunTime:0.000152s ]
INFO: [ template_filter ] --END-- [ RunTime:0.000272s ]
INFO: Run Behavior\ParseTemplateBehavior [ RunTime:0.020014s ]
INFO: [ view_parse ] --END-- [ RunTime:0.020089s ]
INFO: [ view_filter ] --START--
INFO: Run Behavior\WriteHtmlCacheBehavior [ RunTime:0.000235s ]
INFO: [ view_filter ] --END-- [ RunTime:0.000266s ]
INFO: [ app_end ] --START--
INFO: Run Behavior\ShowPageTraceBehavior [ RunTime:0.000406s ]
INFO: [ app_end ] --END-- [ RunTime:0.000441s ]

[ 2017-10-28T21:31:34+08:00 ] ::1 /cloud/index.php/Admin/admin/admin
INFO: [ app_init ] --START--
INFO: Run Behavior\BuildLiteBehavior [ RunTime:0.000011s ]
INFO: [ app_init ] --END-- [ RunTime:0.000437s ]
INFO: [ app_begin ] --START--
INFO: Run Behavior\ReadHtmlCacheBehavior [ RunTime:0.000521s ]
INFO: [ app_begin ] --END-- [ RunTime:0.000558s ]
INFO: [ view_parse ] --START--
INFO: [ template_filter ] --START--
INFO: Run Behavior\ContentReplaceBehavior [ RunTime:0.000190s ]
INFO: [ template_filter ] --END-- [ RunTime:0.000231s ]
NOTIC: [8192] mysql_connect(): The mysql extension is deprecated and will be removed in the future: use mysqli or PDO instead F:\phpStudy\WWW\cloud\Application\Runtime\Cache\Admin\f956b82815cff1b4a6c358de3340852a.php 第 13 行.
NOTIC: [2] mysql_connect(): Access denied for user 'root'@'localhost' (using password: NO) F:\phpStudy\WWW\cloud\Application\Runtime\Cache\Admin\f956b82815cff1b4a6c358de3340852a.php 第 13 行.
NOTIC: [8192] mysql_query(): The mysql extension is deprecated and will be removed in the future: use mysqli or PDO instead F:\phpStudy\WWW\cloud\Application\Runtime\Cache\Admin\f956b82815cff1b4a6c358de3340852a.php 第 13 行.
NOTIC: [2] mysql_query(): Access denied for user ''@'localhost' (using password: NO) F:\phpStudy\WWW\cloud\Application\Runtime\Cache\Admin\f956b82815cff1b4a6c358de3340852a.php 第 13 行.
NOTIC: [2] mysql_query(): A link to the server could not be established F:\phpStudy\WWW\cloud\Application\Runtime\Cache\Admin\f956b82815cff1b4a6c358de3340852a.php 第 13 行.
NOTIC: [8192] mysql_select_db(): The mysql extension is deprecated and will be removed in the future: use mysqli or PDO instead F:\phpStudy\WWW\cloud\Application\Runtime\Cache\Admin\f956b82815cff1b4a6c358de3340852a.php 第 13 行.
NOTIC: [2] mysql_select_db(): Access denied for user ''@'localhost' (using password: NO) F:\phpStudy\WWW\cloud\Application\Runtime\Cache\Admin\f956b82815cff1b4a6c358de3340852a.php 第 13 行.
NOTIC: [2] mysql_select_db(): A link to the server could not be established F:\phpStudy\WWW\cloud\Application\Runtime\Cache\Admin\f956b82815cff1b4a6c358de3340852a.php 第 13 行.
NOTIC: [8192] mysql_query(): The mysql extension is deprecated and will be removed in the future: use mysqli or PDO instead F:\phpStudy\WWW\cloud\Application\Runtime\Cache\Admin\f956b82815cff1b4a6c358de3340852a.php 第 13 行.
NOTIC: [2] mysql_query(): Access denied for user ''@'localhost' (using password: NO) F:\phpStudy\WWW\cloud\Application\Runtime\Cache\Admin\f956b82815cff1b4a6c358de3340852a.php 第 13 行.
NOTIC: [2] mysql_query(): A link to the server could not be established F:\phpStudy\WWW\cloud\Application\Runtime\Cache\Admin\f956b82815cff1b4a6c358de3340852a.php 第 13 行.
NOTIC: [8192] mysql_query(): The mysql extension is deprecated and will be removed in the future: use mysqli or PDO instead F:\phpStudy\WWW\cloud\Application\Runtime\Cache\Admin\f956b82815cff1b4a6c358de3340852a.php 第 13 行.
NOTIC: [2] mysql_query(): Access denied for user ''@'localhost' (using password: NO) F:\phpStudy\WWW\cloud\Application\Runtime\Cache\Admin\f956b82815cff1b4a6c358de3340852a.php 第 13 行.
NOTIC: [2] mysql_query(): A link to the server could not be established F:\phpStudy\WWW\cloud\Application\Runtime\Cache\Admin\f956b82815cff1b4a6c358de3340852a.php 第 13 行.
NOTIC: [2] mysql_fetch_assoc() expects parameter 1 to be resource, boolean given F:\phpStudy\WWW\cloud\Application\Runtime\Cache\Admin\f956b82815cff1b4a6c358de3340852a.php 第 13 行.
INFO: Run Behavior\ParseTemplateBehavior [ RunTime:5.103973s ]
INFO: [ view_parse ] --END-- [ RunTime:5.104056s ]
INFO: [ view_filter ] --START--
INFO: Run Behavior\WriteHtmlCacheBehavior [ RunTime:0.000948s ]
INFO: [ view_filter ] --END-- [ RunTime:0.001056s ]
INFO: [ app_end ] --START--
INFO: Run Behavior\ShowPageTraceBehavior [ RunTime:0.001441s ]
INFO: [ app_end ] --END-- [ RunTime:0.001565s ]

[ 2017-10-28T21:31:34+08:00 ] ::1 /cloud/index.php/Admin/admin/images/back.png
INFO: [ app_init ] --START--
INFO: Run Behavior\BuildLiteBehavior [ RunTime:0.000011s ]
INFO: [ app_init ] --END-- [ RunTime:0.000316s ]

[ 2017-10-28T21:31:34+08:00 ] ::1 /cloud/index.php/Admin/admin/images/admin_barclose.gif
INFO: [ app_init ] --START--
INFO: Run Behavior\BuildLiteBehavior [ RunTime:0.000011s ]
INFO: [ app_init ] --END-- [ RunTime:0.000321s ]

[ 2017-10-28T21:31:34+08:00 ] ::1 /cloud/index.php/Admin/admin/images/admin_baropen.gif
INFO: [ app_init ] --START--
INFO: Run Behavior\BuildLiteBehavior [ RunTime:0.000013s ]
INFO: [ app_init ] --END-- [ RunTime:0.000493s ]

[ 2017-10-28T22:11:50+08:00 ] ::1 /cloud/index.php/admin/login/login
INFO: [ app_init ] --START--
INFO: Run Behavior\BuildLiteBehavior [ RunTime:0.000011s ]
INFO: [ app_init ] --END-- [ RunTime:0.000433s ]
INFO: [ app_begin ] --START--
INFO: Run Behavior\ReadHtmlCacheBehavior [ RunTime:0.000456s ]
INFO: [ app_begin ] --END-- [ RunTime:0.000495s ]
INFO: [ view_parse ] --START--
INFO: [ template_filter ] --START--
INFO: Run Behavior\ContentReplaceBehavior [ RunTime:0.000055s ]
INFO: [ template_filter ] --END-- [ RunTime:0.000090s ]
INFO: Run Behavior\ParseTemplateBehavior [ RunTime:0.007612s ]
INFO: [ view_parse ] --END-- [ RunTime:0.007666s ]
INFO: [ view_filter ] --START--
INFO: Run Behavior\WriteHtmlCacheBehavior [ RunTime:0.000295s ]
INFO: [ view_filter ] --END-- [ RunTime:0.000325s ]
INFO: [ app_end ] --START--
INFO: Run Behavior\ShowPageTraceBehavior [ RunTime:0.000550s ]
INFO: [ app_end ] --END-- [ RunTime:0.000589s ]

[ 2017-10-28T22:11:58+08:00 ] ::1 /cloud/index.php/Admin/Login/login
INFO: [ app_init ] --START--
INFO: Run Behavior\BuildLiteBehavior [ RunTime:0.000010s ]
INFO: [ app_init ] --END-- [ RunTime:0.000372s ]
INFO: [ app_begin ] --START--
INFO: Run Behavior\ReadHtmlCacheBehavior [ RunTime:0.000426s ]
INFO: [ app_begin ] --END-- [ RunTime:0.000464s ]
SQL: SHOW COLUMNS FROM `cl_user` [ RunTime:0.0116s ]
SQL: SELECT `username`,`level`,`password` FROM `cl_user` WHERE ( username='admin' and password='123456' ) LIMIT 1   [ RunTime:0.0012s ]

[ 2017-10-28T22:11:59+08:00 ] ::1 /cloud/index.php/Admin/Stu/servAppl.html
INFO: [ app_init ] --START--
INFO: Run Behavior\BuildLiteBehavior [ RunTime:0.000017s ]
INFO: [ app_init ] --END-- [ RunTime:0.000514s ]
INFO: [ app_begin ] --START--
INFO: Run Behavior\ReadHtmlCacheBehavior [ RunTime:0.000752s ]
INFO: [ app_begin ] --END-- [ RunTime:0.000823s ]
SQL: SHOW COLUMNS FROM `cl_user` [ RunTime:0.0085s ]
SQL: SHOW COLUMNS FROM `cl_score` [ RunTime:0.0100s ]
SQL: SELECT `id`,`phnumber`,`qq`,`perdescribt`,`cre_time` FROM `cl_user` WHERE ( username='admin' ) LIMIT 1   [ RunTime:0.0005s ]
SQL: SELECT `one_score`,`two_score`,`three_score`,`term_score` FROM `cl_score` WHERE ( to_id=1 ) LIMIT 1   [ RunTime:0.0004s ]
INFO: [ view_parse ] --START--
INFO: [ template_filter ] --START--
INFO: Run Behavior\ContentReplaceBehavior [ RunTime:0.000333s ]
INFO: [ template_filter ] --END-- [ RunTime:0.000424s ]
NOTIC: [8] Undefined index: cre_btime F:\phpStudy\WWW\cloud\Application\Runtime\Cache\Admin\6034e3292deac55385e114c3e1cbb5af.php 第 378 行.
INFO: Run Behavior\ParseTemplateBehavior [ RunTime:0.024060s ]
INFO: [ view_parse ] --END-- [ RunTime:0.024139s ]
INFO: [ view_filter ] --START--
INFO: Run Behavior\WriteHtmlCacheBehavior [ RunTime:0.000469s ]
INFO: [ view_filter ] --END-- [ RunTime:0.000527s ]
INFO: [ app_end ] --START--
INFO: Run Behavior\ShowPageTraceBehavior [ RunTime:0.000780s ]
INFO: [ app_end ] --END-- [ RunTime:0.000846s ]

[ 2017-10-28T22:17:43+08:00 ] ::1 /cloud/index.php/Admin/Stu/servAppl.html
INFO: [ app_init ] --START--
INFO: Run Behavior\BuildLiteBehavior [ RunTime:0.000021s ]
INFO: [ app_init ] --END-- [ RunTime:0.000726s ]
INFO: [ app_begin ] --START--
INFO: Run Behavior\ReadHtmlCacheBehavior [ RunTime:0.000894s ]
INFO: [ app_begin ] --END-- [ RunTime:0.000977s ]
SQL: SHOW COLUMNS FROM `cl_user` [ RunTime:0.0102s ]
SQL: SHOW COLUMNS FROM `cl_score` [ RunTime:0.0100s ]
SQL: SELECT `id`,`phnumber`,`qq`,`perdescribt`,`cre_time` FROM `cl_user` WHERE ( username='admin' ) LIMIT 1   [ RunTime:0.0007s ]
SQL: SELECT `one_score`,`two_score`,`three_score`,`term_score` FROM `cl_score` WHERE ( to_id=1 ) LIMIT 1   [ RunTime:0.0006s ]
INFO: [ view_parse ] --START--
INFO: [ template_filter ] --START--
INFO: Run Behavior\ContentReplaceBehavior [ RunTime:0.000294s ]
INFO: [ template_filter ] --END-- [ RunTime:0.000361s ]
NOTIC: [8] Undefined index: cre_btime F:\phpStudy\WWW\cloud\Application\Runtime\Cache\Admin\6034e3292deac55385e114c3e1cbb5af.php 第 378 行.
INFO: Run Behavior\ParseTemplateBehavior [ RunTime:0.036282s ]
INFO: [ view_parse ] --END-- [ RunTime:0.036354s ]
INFO: [ view_filter ] --START--
INFO: Run Behavior\WriteHtmlCacheBehavior [ RunTime:0.000380s ]
INFO: [ view_filter ] --END-- [ RunTime:0.000422s ]
INFO: [ app_end ] --START--
INFO: Run Behavior\ShowPageTraceBehavior [ RunTime:0.000671s ]
INFO: [ app_end ] --END-- [ RunTime:0.000730s ]

[ 2017-10-28T22:36:11+08:00 ] ::1 /cloud/index.php/Admin/Stu/servAppl.html
INFO: [ app_init ] --START--
INFO: Run Behavior\BuildLiteBehavior [ RunTime:0.000011s ]
INFO: [ app_init ] --END-- [ RunTime:0.000417s ]
INFO: [ app_begin ] --START--
INFO: Run Behavior\ReadHtmlCacheBehavior [ RunTime:0.000581s ]
INFO: [ app_begin ] --END-- [ RunTime:0.000624s ]

[ 2017-10-28T22:38:06+08:00 ] ::1 /cloud/index.php/Admin/Stu/servAppl.html
INFO: [ app_init ] --START--
INFO: Run Behavior\BuildLiteBehavior [ RunTime:0.000017s ]
INFO: [ app_init ] --END-- [ RunTime:0.000648s ]
INFO: [ app_begin ] --START--
INFO: Run Behavior\ReadHtmlCacheBehavior [ RunTime:0.000842s ]
INFO: [ app_begin ] --END-- [ RunTime:0.000911s ]

[ 2017-10-28T22:38:06+08:00 ] ::1 /cloud/index.php/Admin/Stu/servAppl.html
INFO: [ app_init ] --START--
INFO: Run Behavior\BuildLiteBehavior [ RunTime:0.000020s ]
INFO: [ app_init ] --END-- [ RunTime:0.000748s ]
INFO: [ app_begin ] --START--
INFO: Run Behavior\ReadHtmlCacheBehavior [ RunTime:0.001047s ]
INFO: [ app_begin ] --END-- [ RunTime:0.001142s ]

[ 2017-10-28T22:38:06+08:00 ] ::1 /cloud/index.php/Admin/Stu/servAppl.html
INFO: [ app_init ] --START--
INFO: Run Behavior\BuildLiteBehavior [ RunTime:0.000011s ]
INFO: [ app_init ] --END-- [ RunTime:0.000417s ]
INFO: [ app_begin ] --START--
INFO: Run Behavior\ReadHtmlCacheBehavior [ RunTime:0.000527s ]
INFO: [ app_begin ] --END-- [ RunTime:0.000565s ]

[ 2017-10-28T22:38:07+08:00 ] ::1 /cloud/index.php/Admin/Stu/servAppl.html
INFO: [ app_init ] --START--
INFO: Run Behavior\BuildLiteBehavior [ RunTime:0.000009s ]
INFO: [ app_init ] --END-- [ RunTime:0.000412s ]
INFO: [ app_begin ] --START--
INFO: Run Behavior\ReadHtmlCacheBehavior [ RunTime:0.000568s ]
INFO: [ app_begin ] --END-- [ RunTime:0.000615s ]

[ 2017-10-28T22:38:43+08:00 ] ::1 /cloud/index.php/Admin/Stu/servAppl.html
INFO: [ app_init ] --START--
INFO: Run Behavior\BuildLiteBehavior [ RunTime:0.000011s ]
INFO: [ app_init ] --END-- [ RunTime:0.000491s ]
INFO: [ app_begin ] --START--
INFO: Run Behavior\ReadHtmlCacheBehavior [ RunTime:0.000533s ]
INFO: [ app_begin ] --END-- [ RunTime:0.000577s ]

[ 2017-10-28T22:38:43+08:00 ] ::1 /cloud/index.php/Admin/Stu/servAppl.html
INFO: [ app_init ] --START--
INFO: Run Behavior\BuildLiteBehavior [ RunTime:0.000010s ]
INFO: [ app_init ] --END-- [ RunTime:0.000419s ]
INFO: [ app_begin ] --START--
INFO: Run Behavior\ReadHtmlCacheBehavior [ RunTime:0.001482s ]
INFO: [ app_begin ] --END-- [ RunTime:0.001611s ]

[ 2017-10-28T22:38:43+08:00 ] ::1 /cloud/index.php/Admin/Stu/servAppl.html
INFO: [ app_init ] --START--
INFO: Run Behavior\BuildLiteBehavior [ RunTime:0.000033s ]
INFO: [ app_init ] --END-- [ RunTime:0.001121s ]
INFO: [ app_begin ] --START--
INFO: Run Behavior\ReadHtmlCacheBehavior [ RunTime:0.000754s ]
INFO: [ app_begin ] --END-- [ RunTime:0.000818s ]

[ 2017-10-28T22:38:45+08:00 ] ::1 /cloud/index.php/Admin/Stu/servAppl.html
INFO: [ app_init ] --START--
INFO: Run Behavior\BuildLiteBehavior [ RunTime:0.000016s ]
INFO: [ app_init ] --END-- [ RunTime:0.000516s ]
INFO: [ app_begin ] --START--
INFO: Run Behavior\ReadHtmlCacheBehavior [ RunTime:0.000705s ]
INFO: [ app_begin ] --END-- [ RunTime:0.000767s ]

[ 2017-10-28T22:40:46+08:00 ] ::1 /cloud/index.php/Admin/Stu/servAppl.html
INFO: [ app_init ] --START--
INFO: Run Behavior\BuildLiteBehavior [ RunTime:0.000021s ]
INFO: [ app_init ] --END-- [ RunTime:0.000533s ]
INFO: [ app_begin ] --START--
INFO: Run Behavior\ReadHtmlCacheBehavior [ RunTime:0.000551s ]
INFO: [ app_begin ] --END-- [ RunTime:0.000593s ]

[ 2017-10-28T22:40:46+08:00 ] ::1 /cloud/index.php/Admin/Stu/servAppl.html
INFO: [ app_init ] --START--
INFO: Run Behavior\BuildLiteBehavior [ RunTime:0.000019s ]
INFO: [ app_init ] --END-- [ RunTime:0.000637s ]
INFO: [ app_begin ] --START--
INFO: Run Behavior\ReadHtmlCacheBehavior [ RunTime:0.000732s ]
INFO: [ app_begin ] --END-- [ RunTime:0.000804s ]

[ 2017-10-28T22:40:50+08:00 ] ::1 /cloud/index.php/Admin/Stu/servAppl.html
INFO: [ app_init ] --START--
INFO: Run Behavior\BuildLiteBehavior [ RunTime:0.000010s ]
INFO: [ app_init ] --END-- [ RunTime:0.000335s ]
INFO: [ app_begin ] --START--
INFO: Run Behavior\ReadHtmlCacheBehavior [ RunTime:0.000376s ]
INFO: [ app_begin ] --END-- [ RunTime:0.000413s ]

[ 2017-10-28T22:40:59+08:00 ] ::1 /cloud/index.php/Admin/Stu/servAppl.html
INFO: [ app_init ] --START--
INFO: Run Behavior\BuildLiteBehavior [ RunTime:0.000015s ]
INFO: [ app_init ] --END-- [ RunTime:0.000568s ]
INFO: [ app_begin ] --START--
INFO: Run Behavior\ReadHtmlCacheBehavior [ RunTime:0.000691s ]
INFO: [ app_begin ] --END-- [ RunTime:0.000761s ]
SQL: SHOW COLUMNS FROM `cl_user` [ RunTime:0.0109s ]
SQL: SHOW COLUMNS FROM `cl_vsphere` [ RunTime:0.0113s ]
SQL: SHOW COLUMNS FROM `cl_score` [ RunTime:0.0133s ]
SQL: SELECT `id`,`phnumber`,`qq`,`perdescribt`,`cre_time` FROM `cl_user` WHERE ( username='admin' ) LIMIT 1   [ RunTime:0.0009s ]
SQL: SELECT `one_score`,`two_score`,`three_score`,`term_score` FROM `cl_score` WHERE ( to_id=1 ) LIMIT 1   [ RunTime:0.0007s ]
INFO: [ view_parse ] --START--
INFO: [ template_filter ] --START--
INFO: Run Behavior\ContentReplaceBehavior [ RunTime:0.000218s ]
INFO: [ template_filter ] --END-- [ RunTime:0.000262s ]
NOTIC: [8] Undefined index: cre_btime F:\phpStudy\WWW\cloud\Application\Runtime\Cache\Admin\6034e3292deac55385e114c3e1cbb5af.php 第 378 行.
NOTIC: [8] Undefined index: vsphere F:\phpStudy\WWW\cloud\Application\Runtime\Cache\Admin\6034e3292deac55385e114c3e1cbb5af.php 第 590 行.
INFO: Run Behavior\ParseTemplateBehavior [ RunTime:0.037769s ]
INFO: [ view_parse ] --END-- [ RunTime:0.037857s ]
INFO: [ view_filter ] --START--
INFO: Run Behavior\WriteHtmlCacheBehavior [ RunTime:0.000291s ]
INFO: [ view_filter ] --END-- [ RunTime:0.000328s ]
INFO: [ app_end ] --START--
INFO: Run Behavior\ShowPageTraceBehavior [ RunTime:0.000645s ]
INFO: [ app_end ] --END-- [ RunTime:0.000700s ]

[ 2017-10-28T22:41:40+08:00 ] ::1 /cloud/index.php/Admin/Stu/servAppl.html
INFO: [ app_init ] --START--
INFO: Run Behavior\BuildLiteBehavior [ RunTime:0.000010s ]
INFO: [ app_init ] --END-- [ RunTime:0.000397s ]
INFO: [ app_begin ] --START--
INFO: Run Behavior\ReadHtmlCacheBehavior [ RunTime:0.000776s ]
INFO: [ app_begin ] --END-- [ RunTime:0.000881s ]
SQL: SHOW COLUMNS FROM `cl_user` [ RunTime:0.0040s ]
SQL: SHOW COLUMNS FROM `cl_vsphere` [ RunTime:0.0033s ]
SQL: SHOW COLUMNS FROM `cl_score` [ RunTime:0.0031s ]
SQL: SELECT `id`,`phnumber`,`qq`,`perdescribt`,`cre_time` FROM `cl_user` WHERE ( username='admin' ) LIMIT 1   [ RunTime:0.0003s ]
SQL: SELECT `one_score`,`two_score`,`three_score`,`term_score` FROM `cl_score` WHERE ( to_id=1 ) LIMIT 1   [ RunTime:0.0003s ]
SQL: SELECT * FROM `cl_vsphere` WHERE ( applicant='admin' ) LIMIT 1   [ RunTime:0.0003s ]
INFO: [ view_parse ] --START--
INFO: [ template_filter ] --START--
INFO: Run Behavior\ContentReplaceBehavior [ RunTime:0.000199s ]
INFO: [ template_filter ] --END-- [ RunTime:0.000248s ]
NOTIC: [8] Undefined index: cre_btime F:\phpStudy\WWW\cloud\Application\Runtime\Cache\Admin\6034e3292deac55385e114c3e1cbb5af.php 第 378 行.
INFO: Run Behavior\ParseTemplateBehavior [ RunTime:0.014238s ]
INFO: [ view_parse ] --END-- [ RunTime:0.014293s ]
INFO: [ view_filter ] --START--
INFO: Run Behavior\WriteHtmlCacheBehavior [ RunTime:0.000306s ]
INFO: [ view_filter ] --END-- [ RunTime:0.000352s ]
INFO: [ app_end ] --START--
INFO: Run Behavior\ShowPageTraceBehavior [ RunTime:0.000564s ]
INFO: [ app_end ] --END-- [ RunTime:0.000611s ]

[ 2017-10-28T22:42:09+08:00 ] ::1 /cloud/index.php/Admin/Stu/servAppl.html
INFO: [ app_init ] --START--
INFO: Run Behavior\BuildLiteBehavior [ RunTime:0.000011s ]
INFO: [ app_init ] --END-- [ RunTime:0.000343s ]
INFO: [ app_begin ] --START--
INFO: Run Behavior\ReadHtmlCacheBehavior [ RunTime:0.000525s ]
INFO: [ app_begin ] --END-- [ RunTime:0.000574s ]
SQL: SHOW COLUMNS FROM `cl_user` [ RunTime:0.0093s ]
SQL: SHOW COLUMNS FROM `cl_vsphere` [ RunTime:0.0093s ]
SQL: SHOW COLUMNS FROM `cl_score` [ RunTime:0.0097s ]
SQL: SELECT `id`,`phnumber`,`qq`,`perdescribt`,`cre_time` FROM `cl_user` WHERE ( username='admin' ) LIMIT 1   [ RunTime:0.0007s ]
SQL: SELECT `one_score`,`two_score`,`three_score`,`term_score` FROM `cl_score` WHERE ( to_id=1 ) LIMIT 1   [ RunTime:0.0006s ]
SQL: SELECT * FROM `cl_vsphere` WHERE ( applicant='admin' ) LIMIT 1   [ RunTime:0.0006s ]
INFO: [ view_parse ] --START--
INFO: [ template_filter ] --START--
INFO: Run Behavior\ContentReplaceBehavior [ RunTime:0.000874s ]
INFO: [ template_filter ] --END-- [ RunTime:0.001033s ]
NOTIC: [8] Undefined index: cre_btime F:\phpStudy\WWW\cloud\Application\Runtime\Cache\Admin\6034e3292deac55385e114c3e1cbb5af.php 第 378 行.
INFO: Run Behavior\ParseTemplateBehavior [ RunTime:0.036444s ]
INFO: [ view_parse ] --END-- [ RunTime:0.036523s ]
INFO: [ view_filter ] --START--
INFO: Run Behavior\WriteHtmlCacheBehavior [ RunTime:0.000391s ]
INFO: [ view_filter ] --END-- [ RunTime:0.000432s ]
INFO: [ app_end ] --START--
INFO: Run Behavior\ShowPageTraceBehavior [ RunTime:0.000605s ]
INFO: [ app_end ] --END-- [ RunTime:0.000665s ]

[ 2017-10-28T22:44:14+08:00 ] ::1 /cloud/index.php/Admin/Stu/servAppl.html
INFO: [ app_init ] --START--
INFO: Run Behavior\BuildLiteBehavior [ RunTime:0.000016s ]
INFO: [ app_init ] --END-- [ RunTime:0.000450s ]
INFO: [ app_begin ] --START--
INFO: Run Behavior\ReadHtmlCacheBehavior [ RunTime:0.000858s ]
INFO: [ app_begin ] --END-- [ RunTime:0.000945s ]
SQL: SHOW COLUMNS FROM `cl_user` [ RunTime:0.0108s ]
SQL: SHOW COLUMNS FROM `cl_vsphere` [ RunTime:0.0090s ]
SQL: SHOW COLUMNS FROM `cl_score` [ RunTime:0.0094s ]
SQL: SELECT `id`,`phnumber`,`qq`,`perdescribt`,`cre_time` FROM `cl_user` WHERE ( username='admin' ) LIMIT 1   [ RunTime:0.0007s ]
SQL: SELECT `one_score`,`two_score`,`three_score`,`term_score` FROM `cl_score` WHERE ( to_id=1 ) LIMIT 1   [ RunTime:0.0006s ]
SQL: SELECT * FROM `cl_vsphere` WHERE ( applicant='admin' ) LIMIT 1   [ RunTime:0.0007s ]
INFO: [ view_parse ] --START--
INFO: [ template_filter ] --START--
INFO: Run Behavior\ContentReplaceBehavior [ RunTime:0.000550s ]
INFO: [ template_filter ] --END-- [ RunTime:0.000680s ]
NOTIC: [8] Undefined index: cre_btime F:\phpStudy\WWW\cloud\Application\Runtime\Cache\Admin\6034e3292deac55385e114c3e1cbb5af.php 第 378 行.
INFO: Run Behavior\ParseTemplateBehavior [ RunTime:0.042406s ]
INFO: [ view_parse ] --END-- [ RunTime:0.042494s ]
INFO: [ view_filter ] --START--
INFO: Run Behavior\WriteHtmlCacheBehavior [ RunTime:0.000571s ]
INFO: [ view_filter ] --END-- [ RunTime:0.000639s ]
INFO: [ app_end ] --START--
INFO: Run Behavior\ShowPageTraceBehavior [ RunTime:0.000934s ]
INFO: [ app_end ] --END-- [ RunTime:0.001028s ]

[ 2017-10-28T22:45:12+08:00 ] ::1 /cloud/index.php/Admin/Stu/servAppl.html
INFO: [ app_init ] --START--
INFO: Run Behavior\BuildLiteBehavior [ RunTime:0.000021s ]
INFO: [ app_init ] --END-- [ RunTime:0.000874s ]
INFO: [ app_begin ] --START--
INFO: Run Behavior\ReadHtmlCacheBehavior [ RunTime:0.001156s ]
INFO: [ app_begin ] --END-- [ RunTime:0.001225s ]
SQL: SHOW COLUMNS FROM `cl_user` [ RunTime:0.0100s ]
SQL: SHOW COLUMNS FROM `cl_vsphere` [ RunTime:0.0094s ]
SQL: SHOW COLUMNS FROM `cl_score` [ RunTime:0.0086s ]
SQL: SELECT `id`,`phnumber`,`qq`,`perdescribt`,`cre_time` FROM `cl_user` WHERE ( username='admin' ) LIMIT 1   [ RunTime:0.0010s ]
SQL: SELECT `one_score`,`two_score`,`three_score`,`term_score` FROM `cl_score` WHERE ( to_id=1 ) LIMIT 1   [ RunTime:0.0008s ]
SQL: SELECT * FROM `cl_vsphere` WHERE ( applicant='admin' ) LIMIT 1   [ RunTime:0.0006s ]
INFO: [ view_parse ] --START--
INFO: [ template_filter ] --START--
INFO: Run Behavior\ContentReplaceBehavior [ RunTime:0.000167s ]
INFO: [ template_filter ] --END-- [ RunTime:0.000215s ]
NOTIC: [8] Undefined index: cre_btime F:\phpStudy\WWW\cloud\Application\Runtime\Cache\Admin\6034e3292deac55385e114c3e1cbb5af.php 第 378 行.
INFO: Run Behavior\ParseTemplateBehavior [ RunTime:0.015459s ]
INFO: [ view_parse ] --END-- [ RunTime:0.015527s ]
INFO: [ view_filter ] --START--
INFO: Run Behavior\WriteHtmlCacheBehavior [ RunTime:0.000807s ]
INFO: [ view_filter ] --END-- [ RunTime:0.000840s ]
INFO: [ app_end ] --START--
INFO: Run Behavior\ShowPageTraceBehavior [ RunTime:0.000900s ]
INFO: [ app_end ] --END-- [ RunTime:0.000947s ]

[ 2017-10-28T22:45:35+08:00 ] ::1 /cloud/index.php/Admin/Stu/servAppl.html
INFO: [ app_init ] --START--
INFO: Run Behavior\BuildLiteBehavior [ RunTime:0.000011s ]
INFO: [ app_init ] --END-- [ RunTime:0.000593s ]
INFO: [ app_begin ] --START--
INFO: Run Behavior\ReadHtmlCacheBehavior [ RunTime:0.000687s ]
INFO: [ app_begin ] --END-- [ RunTime:0.000724s ]
SQL: SHOW COLUMNS FROM `cl_user` [ RunTime:0.0070s ]
SQL: SHOW COLUMNS FROM `cl_vsphere` [ RunTime:0.0055s ]
SQL: SHOW COLUMNS FROM `cl_score` [ RunTime:0.0050s ]
SQL: SELECT `id`,`phnumber`,`qq`,`perdescribt`,`cre_time` FROM `cl_user` WHERE ( username='admin' ) LIMIT 1   [ RunTime:0.0004s ]
SQL: SELECT `one_score`,`two_score`,`three_score`,`term_score` FROM `cl_score` WHERE ( to_id=1 ) LIMIT 1   [ RunTime:0.0003s ]
SQL: SELECT * FROM `cl_vsphere` WHERE ( applicant='admin' ) LIMIT 1   [ RunTime:0.0004s ]
INFO: [ view_parse ] --START--
INFO: [ template_filter ] --START--
INFO: Run Behavior\ContentReplaceBehavior [ RunTime:0.000143s ]
INFO: [ template_filter ] --END-- [ RunTime:0.000182s ]
NOTIC: [8] Undefined index: cre_btime F:\phpStudy\WWW\cloud\Application\Runtime\Cache\Admin\6034e3292deac55385e114c3e1cbb5af.php 第 378 行.
INFO: Run Behavior\ParseTemplateBehavior [ RunTime:0.017354s ]
INFO: [ view_parse ] --END-- [ RunTime:0.017424s ]
INFO: [ view_filter ] --START--
INFO: Run Behavior\WriteHtmlCacheBehavior [ RunTime:0.000711s ]
INFO: [ view_filter ] --END-- [ RunTime:0.000747s ]
INFO: [ app_end ] --START--
INFO: Run Behavior\ShowPageTraceBehavior [ RunTime:0.000952s ]
INFO: [ app_end ] --END-- [ RunTime:0.001009s ]

[ 2017-10-28T22:47:52+08:00 ] ::1 /cloud/index.php/Admin/Stu/servAppl.html
INFO: [ app_init ] --START--
INFO: Run Behavior\BuildLiteBehavior [ RunTime:0.000011s ]
INFO: [ app_init ] --END-- [ RunTime:0.000357s ]
INFO: [ app_begin ] --START--
INFO: Run Behavior\ReadHtmlCacheBehavior [ RunTime:0.000656s ]
INFO: [ app_begin ] --END-- [ RunTime:0.000710s ]
SQL: SHOW COLUMNS FROM `cl_user` [ RunTime:0.0096s ]
SQL: SHOW COLUMNS FROM `cl_vsphere` [ RunTime:0.0090s ]
SQL: SHOW COLUMNS FROM `cl_score` [ RunTime:0.0087s ]
SQL: SELECT `id`,`phnumber`,`qq`,`perdescribt`,`cre_time` FROM `cl_user` WHERE ( username='admin' ) LIMIT 1   [ RunTime:0.0006s ]
SQL: SELECT `one_score`,`two_score`,`three_score`,`term_score` FROM `cl_score` WHERE ( to_id=1 ) LIMIT 1   [ RunTime:0.0004s ]
SQL: SELECT * FROM `cl_vsphere` WHERE ( applicant='admin' ) LIMIT 1   [ RunTime:0.0004s ]
INFO: [ view_parse ] --START--
INFO: [ template_filter ] --START--
INFO: Run Behavior\ContentReplaceBehavior [ RunTime:0.000339s ]
INFO: [ template_filter ] --END-- [ RunTime:0.000430s ]
NOTIC: [8] Undefined index: cre_btime F:\phpStudy\WWW\cloud\Application\Runtime\Cache\Admin\6034e3292deac55385e114c3e1cbb5af.php 第 378 行.
NOTIC: [8] Use of undefined constant vsphere - assumed 'vsphere' F:\phpStudy\WWW\cloud\Application\Runtime\Cache\Admin\6034e3292deac55385e114c3e1cbb5af.php 第 591 行.
NOTIC: [8] Array to string conversion F:\phpStudy\WWW\cloud\Application\Runtime\Cache\Admin\6034e3292deac55385e114c3e1cbb5af.php 第 591 行.
NOTIC: [8] Use of undefined constant state - assumed 'state' F:\phpStudy\WWW\cloud\Application\Runtime\Cache\Admin\6034e3292deac55385e114c3e1cbb5af.php 第 591 行.
NOTIC: [8] Use of undefined constant 还未申请 - assumed '还未申请' F:\phpStudy\WWW\cloud\Application\Runtime\Cache\Admin\6034e3292deac55385e114c3e1cbb5af.php 第 591 行.
INFO: Run Behavior\ParseTemplateBehavior [ RunTime:0.025192s ]
INFO: [ view_parse ] --END-- [ RunTime:0.025258s ]
INFO: [ view_filter ] --START--
INFO: Run Behavior\WriteHtmlCacheBehavior [ RunTime:0.000709s ]
INFO: [ view_filter ] --END-- [ RunTime:0.000769s ]
INFO: [ app_end ] --START--
INFO: Run Behavior\ShowPageTraceBehavior [ RunTime:0.001106s ]
INFO: [ app_end ] --END-- [ RunTime:0.001187s ]

[ 2017-10-28T22:48:22+08:00 ] ::1 /cloud/index.php/Admin/Stu/servAppl.html
INFO: [ app_init ] --START--
INFO: Run Behavior\BuildLiteBehavior [ RunTime:0.000011s ]
INFO: [ app_init ] --END-- [ RunTime:0.000447s ]
INFO: [ app_begin ] --START--
INFO: Run Behavior\ReadHtmlCacheBehavior [ RunTime:0.000516s ]
INFO: [ app_begin ] --END-- [ RunTime:0.000555s ]
SQL: SHOW COLUMNS FROM `cl_user` [ RunTime:0.0099s ]
SQL: SHOW COLUMNS FROM `cl_vsphere` [ RunTime:0.0092s ]
SQL: SHOW COLUMNS FROM `cl_score` [ RunTime:0.0080s ]
SQL: SELECT `id`,`phnumber`,`qq`,`perdescribt`,`cre_time` FROM `cl_user` WHERE ( username='admin' ) LIMIT 1   [ RunTime:0.0007s ]
SQL: SELECT `one_score`,`two_score`,`three_score`,`term_score` FROM `cl_score` WHERE ( to_id=1 ) LIMIT 1   [ RunTime:0.0006s ]
SQL: SELECT * FROM `cl_vsphere` WHERE ( applicant='admin' ) LIMIT 1   [ RunTime:0.0006s ]
INFO: [ view_parse ] --START--
INFO: [ template_filter ] --START--
INFO: Run Behavior\ContentReplaceBehavior [ RunTime:0.000201s ]
INFO: [ template_filter ] --END-- [ RunTime:0.000256s ]
NOTIC: [8] Undefined index: cre_btime F:\phpStudy\WWW\cloud\Application\Runtime\Cache\Admin\6034e3292deac55385e114c3e1cbb5af.php 第 378 行.
NOTIC: [8] Use of undefined constant vsphere - assumed 'vsphere' F:\phpStudy\WWW\cloud\Application\Runtime\Cache\Admin\6034e3292deac55385e114c3e1cbb5af.php 第 591 行.
NOTIC: [8] Array to string conversion F:\phpStudy\WWW\cloud\Application\Runtime\Cache\Admin\6034e3292deac55385e114c3e1cbb5af.php 第 591 行.
NOTIC: [8] Use of undefined constant state - assumed 'state' F:\phpStudy\WWW\cloud\Application\Runtime\Cache\Admin\6034e3292deac55385e114c3e1cbb5af.php 第 591 行.
INFO: Run Behavior\ParseTemplateBehavior [ RunTime:0.024454s ]
INFO: [ view_parse ] --END-- [ RunTime:0.024515s ]
INFO: [ view_filter ] --START--
INFO: Run Behavior\WriteHtmlCacheBehavior [ RunTime:0.000328s ]
INFO: [ view_filter ] --END-- [ RunTime:0.000358s ]
INFO: [ app_end ] --START--
INFO: Run Behavior\ShowPageTraceBehavior [ RunTime:0.000517s ]
INFO: [ app_end ] --END-- [ RunTime:0.000562s ]

[ 2017-10-28T22:48:31+08:00 ] ::1 /cloud/index.php/Admin/Stu/servAppl.html
INFO: [ app_init ] --START--
INFO: Run Behavior\BuildLiteBehavior [ RunTime:0.000015s ]
INFO: [ app_init ] --END-- [ RunTime:0.000438s ]
INFO: [ app_begin ] --START--
INFO: Run Behavior\ReadHtmlCacheBehavior [ RunTime:0.000563s ]
INFO: [ app_begin ] --END-- [ RunTime:0.000618s ]
SQL: SHOW COLUMNS FROM `cl_user` [ RunTime:0.0041s ]
SQL: SHOW COLUMNS FROM `cl_vsphere` [ RunTime:0.0032s ]
SQL: SHOW COLUMNS FROM `cl_score` [ RunTime:0.0033s ]
SQL: SELECT `id`,`phnumber`,`qq`,`perdescribt`,`cre_time` FROM `cl_user` WHERE ( username='admin' ) LIMIT 1   [ RunTime:0.0003s ]
SQL: SELECT `one_score`,`two_score`,`three_score`,`term_score` FROM `cl_score` WHERE ( to_id=1 ) LIMIT 1   [ RunTime:0.0002s ]
SQL: SELECT * FROM `cl_vsphere` WHERE ( applicant='admin' ) LIMIT 1   [ RunTime:0.0003s ]
INFO: [ view_parse ] --START--
INFO: [ template_filter ] --START--
INFO: Run Behavior\ContentReplaceBehavior [ RunTime:0.000152s ]
INFO: [ template_filter ] --END-- [ RunTime:0.000190s ]
NOTIC: [8] Undefined index: cre_btime F:\phpStudy\WWW\cloud\Application\Runtime\Cache\Admin\6034e3292deac55385e114c3e1cbb5af.php 第 378 行.
NOTIC: [8] Use of undefined constant vsphere - assumed 'vsphere' F:\phpStudy\WWW\cloud\Application\Runtime\Cache\Admin\6034e3292deac55385e114c3e1cbb5af.php 第 591 行.
NOTIC: [8] Array to string conversion F:\phpStudy\WWW\cloud\Application\Runtime\Cache\Admin\6034e3292deac55385e114c3e1cbb5af.php 第 591 行.
NOTIC: [8] Use of undefined constant state - assumed 'state' F:\phpStudy\WWW\cloud\Application\Runtime\Cache\Admin\6034e3292deac55385e114c3e1cbb5af.php 第 591 行.
INFO: Run Behavior\ParseTemplateBehavior [ RunTime:0.012656s ]
INFO: [ view_parse ] --END-- [ RunTime:0.012691s ]
INFO: [ view_filter ] --START--
INFO: Run Behavior\WriteHtmlCacheBehavior [ RunTime:0.000291s ]
INFO: [ view_filter ] --END-- [ RunTime:0.000319s ]
INFO: [ app_end ] --START--
INFO: Run Behavior\ShowPageTraceBehavior [ RunTime:0.000505s ]
INFO: [ app_end ] --END-- [ RunTime:0.000552s ]

[ 2017-10-28T22:48:48+08:00 ] ::1 /cloud/index.php/Admin/Stu/servAppl.html
INFO: [ app_init ] --START--
INFO: Run Behavior\BuildLiteBehavior [ RunTime:0.000016s ]
INFO: [ app_init ] --END-- [ RunTime:0.000492s ]
INFO: [ app_begin ] --START--
INFO: Run Behavior\ReadHtmlCacheBehavior [ RunTime:0.000601s ]
INFO: [ app_begin ] --END-- [ RunTime:0.000665s ]
SQL: SHOW COLUMNS FROM `cl_user` [ RunTime:0.0101s ]
SQL: SHOW COLUMNS FROM `cl_vsphere` [ RunTime:0.0053s ]
SQL: SHOW COLUMNS FROM `cl_score` [ RunTime:0.0065s ]
SQL: SELECT `id`,`phnumber`,`qq`,`perdescribt`,`cre_time` FROM `cl_user` WHERE ( username='admin' ) LIMIT 1   [ RunTime:0.0006s ]
SQL: SELECT `one_score`,`two_score`,`three_score`,`term_score` FROM `cl_score` WHERE ( to_id=1 ) LIMIT 1   [ RunTime:0.0005s ]
SQL: SELECT * FROM `cl_vsphere` WHERE ( applicant='admin' ) LIMIT 1   [ RunTime:0.0004s ]
INFO: [ view_parse ] --START--
INFO: [ template_filter ] --START--
INFO: Run Behavior\ContentReplaceBehavior [ RunTime:0.000155s ]
INFO: [ template_filter ] --END-- [ RunTime:0.000197s ]
NOTIC: [8] Undefined index: cre_btime F:\phpStudy\WWW\cloud\Application\Runtime\Cache\Admin\6034e3292deac55385e114c3e1cbb5af.php 第 378 行.
NOTIC: [8] Use of undefined constant vsphere - assumed 'vsphere' F:\phpStudy\WWW\cloud\Application\Runtime\Cache\Admin\6034e3292deac55385e114c3e1cbb5af.php 第 591 行.
NOTIC: [8] Array to string conversion F:\phpStudy\WWW\cloud\Application\Runtime\Cache\Admin\6034e3292deac55385e114c3e1cbb5af.php 第 591 行.
NOTIC: [8] Use of undefined constant state - assumed 'state' F:\phpStudy\WWW\cloud\Application\Runtime\Cache\Admin\6034e3292deac55385e114c3e1cbb5af.php 第 591 行.
INFO: Run Behavior\ParseTemplateBehavior [ RunTime:0.019441s ]
INFO: [ view_parse ] --END-- [ RunTime:0.019497s ]
INFO: [ view_filter ] --START--
INFO: Run Behavior\WriteHtmlCacheBehavior [ RunTime:0.000293s ]
INFO: [ view_filter ] --END-- [ RunTime:0.000323s ]
INFO: [ app_end ] --START--
INFO: Run Behavior\ShowPageTraceBehavior [ RunTime:0.000510s ]
INFO: [ app_end ] --END-- [ RunTime:0.000553s ]

[ 2017-10-28T22:51:18+08:00 ] ::1 /cloud/index.php/Admin/Stu/servAppl.html
INFO: [ app_init ] --START--
INFO: Run Behavior\BuildLiteBehavior [ RunTime:0.000018s ]
INFO: [ app_init ] --END-- [ RunTime:0.000667s ]
INFO: [ app_begin ] --START--
INFO: Run Behavior\ReadHtmlCacheBehavior [ RunTime:0.000820s ]
INFO: [ app_begin ] --END-- [ RunTime:0.000888s ]
SQL: SHOW COLUMNS FROM `cl_user` [ RunTime:0.0100s ]
SQL: SHOW COLUMNS FROM `cl_vsphere` [ RunTime:0.0096s ]
SQL: SHOW COLUMNS FROM `cl_score` [ RunTime:0.0098s ]
SQL: SELECT `id`,`phnumber`,`qq`,`perdescribt`,`cre_time` FROM `cl_user` WHERE ( username='admin' ) LIMIT 1   [ RunTime:0.0007s ]
SQL: SELECT `one_score`,`two_score`,`three_score`,`term_score` FROM `cl_score` WHERE ( to_id=1 ) LIMIT 1   [ RunTime:0.0006s ]
SQL: SELECT * FROM `cl_vsphere` WHERE ( applicant='admin' ) LIMIT 1   [ RunTime:0.0004s ]
INFO: [ view_parse ] --START--
INFO: [ template_filter ] --START--
INFO: Run Behavior\ContentReplaceBehavior [ RunTime:0.000414s ]
INFO: [ template_filter ] --END-- [ RunTime:0.000522s ]
NOTIC: [8] Undefined index: cre_btime F:\phpStudy\WWW\cloud\Application\Runtime\Cache\Admin\6034e3292deac55385e114c3e1cbb5af.php 第 378 行.
NOTIC: [8] Use of undefined constant vsphere - assumed 'vsphere' F:\phpStudy\WWW\cloud\Application\Runtime\Cache\Admin\6034e3292deac55385e114c3e1cbb5af.php 第 591 行.
NOTIC: [8] Array to string conversion F:\phpStudy\WWW\cloud\Application\Runtime\Cache\Admin\6034e3292deac55385e114c3e1cbb5af.php 第 591 行.
NOTIC: [8] Use of undefined constant state - assumed 'state' F:\phpStudy\WWW\cloud\Application\Runtime\Cache\Admin\6034e3292deac55385e114c3e1cbb5af.php 第 591 行.
INFO: Run Behavior\ParseTemplateBehavior [ RunTime:0.025659s ]
INFO: [ view_parse ] --END-- [ RunTime:0.025726s ]
INFO: [ view_filter ] --START--
INFO: Run Behavior\WriteHtmlCacheBehavior [ RunTime:0.000573s ]
INFO: [ view_filter ] --END-- [ RunTime:0.000633s ]
INFO: [ app_end ] --START--
INFO: Run Behavior\ShowPageTraceBehavior [ RunTime:0.000824s ]
INFO: [ app_end ] --END-- [ RunTime:0.000901s ]

[ 2017-10-28T22:51:45+08:00 ] ::1 /cloud/index.php/Admin/Stu/servAppl.html
INFO: [ app_init ] --START--
INFO: Run Behavior\BuildLiteBehavior [ RunTime:0.000010s ]
INFO: [ app_init ] --END-- [ RunTime:0.000428s ]
INFO: [ app_begin ] --START--
INFO: Run Behavior\ReadHtmlCacheBehavior [ RunTime:0.000453s ]
INFO: [ app_begin ] --END-- [ RunTime:0.000514s ]
SQL: SHOW COLUMNS FROM `cl_user` [ RunTime:0.0035s ]
SQL: SHOW COLUMNS FROM `cl_vsphere` [ RunTime:0.0033s ]
SQL: SHOW COLUMNS FROM `cl_score` [ RunTime:0.0030s ]
SQL: SELECT `id`,`phnumber`,`qq`,`perdescribt`,`cre_time` FROM `cl_user` WHERE ( username='admin' ) LIMIT 1   [ RunTime:0.0003s ]
SQL: SELECT `one_score`,`two_score`,`three_score`,`term_score` FROM `cl_score` WHERE ( to_id=1 ) LIMIT 1   [ RunTime:0.0002s ]
SQL: SELECT * FROM `cl_vsphere` WHERE ( applicant='admin' ) LIMIT 1   [ RunTime:0.0002s ]
INFO: [ view_parse ] --START--
INFO: [ template_filter ] --START--
INFO: Run Behavior\ContentReplaceBehavior [ RunTime:0.000178s ]
INFO: [ template_filter ] --END-- [ RunTime:0.000247s ]
NOTIC: [8] Undefined index: cre_btime F:\phpStudy\WWW\cloud\Application\Runtime\Cache\Admin\6034e3292deac55385e114c3e1cbb5af.php 第 378 行.
NOTIC: [8] Use of undefined constant vsphere - assumed 'vsphere' F:\phpStudy\WWW\cloud\Application\Runtime\Cache\Admin\6034e3292deac55385e114c3e1cbb5af.php 第 591 行.
NOTIC: [8] Array to string conversion F:\phpStudy\WWW\cloud\Application\Runtime\Cache\Admin\6034e3292deac55385e114c3e1cbb5af.php 第 591 行.
NOTIC: [8] Use of undefined constant state - assumed 'state' F:\phpStudy\WWW\cloud\Application\Runtime\Cache\Admin\6034e3292deac55385e114c3e1cbb5af.php 第 591 行.
INFO: Run Behavior\ParseTemplateBehavior [ RunTime:0.012134s ]
INFO: [ view_parse ] --END-- [ RunTime:0.012174s ]
INFO: [ view_filter ] --START--
INFO: Run Behavior\WriteHtmlCacheBehavior [ RunTime:0.000343s ]
INFO: [ view_filter ] --END-- [ RunTime:0.000373s ]
INFO: [ app_end ] --START--
INFO: Run Behavior\ShowPageTraceBehavior [ RunTime:0.000426s ]
INFO: [ app_end ] --END-- [ RunTime:0.000470s ]

