[ 2017-10-14T22:11:45+08:00 ] ::1 /cloud/index.php/Admin/Stu/persInfo.html
INFO: [ app_init ] --START--
INFO: Run Behavior\BuildLiteBehavior [ RunTime:0.000012s ]
INFO: [ app_init ] --END-- [ RunTime:0.000333s ]
INFO: [ app_begin ] --START--
INFO: Run Behavior\ReadHtmlCacheBehavior [ RunTime:0.000480s ]
INFO: [ app_begin ] --END-- [ RunTime:0.000570s ]
SQL: SHOW COLUMNS FROM `cl_user` [ RunTime:0.0067s ]
SQL: SELECT `netname`,`netdescribt`,`phnumber`,`qq`,`perdescribt` FROM `cl_user` WHERE ( username='叶叶' ) LIMIT 1   [ RunTime:0.0007s ]
INFO: [ view_parse ] --START--
INFO: [ template_filter ] --START--
INFO: Run Behavior\ContentReplaceBehavior [ RunTime:0.000262s ]
INFO: [ template_filter ] --END-- [ RunTime:0.000378s ]
INFO: Run Behavior\ParseTemplateBehavior [ RunTime:0.026431s ]
INFO: [ view_parse ] --END-- [ RunTime:0.026561s ]
INFO: [ view_filter ] --START--
INFO: Run Behavior\WriteHtmlCacheBehavior [ RunTime:0.000682s ]
INFO: [ view_filter ] --END-- [ RunTime:0.000773s ]
INFO: [ app_end ] --START--
INFO: Run Behavior\ShowPageTraceBehavior [ RunTime:0.001769s ]
INFO: [ app_end ] --END-- [ RunTime:0.001945s ]

[ 2017-10-14T22:12:15+08:00 ] ::1 /cloud/index.php/Admin/Stu/persInfo.html
INFO: [ app_init ] --START--
INFO: Run Behavior\BuildLiteBehavior [ RunTime:0.000019s ]
INFO: [ app_init ] --END-- [ RunTime:0.000571s ]
INFO: [ app_begin ] --START--
INFO: Run Behavior\ReadHtmlCacheBehavior [ RunTime:0.000602s ]
INFO: [ app_begin ] --END-- [ RunTime:0.000671s ]
SQL: SHOW COLUMNS FROM `cl_user` [ RunTime:0.0073s ]
SQL: SELECT `netname`,`netdescribt`,`phnumber`,`qq`,`perdescribt` FROM `cl_user` WHERE ( username='叶叶' ) LIMIT 1   [ RunTime:0.0009s ]
INFO: [ view_parse ] --START--
INFO: [ template_filter ] --START--
INFO: Run Behavior\ContentReplaceBehavior [ RunTime:0.000167s ]
INFO: [ template_filter ] --END-- [ RunTime:0.000247s ]
INFO: Run Behavior\ParseTemplateBehavior [ RunTime:0.017675s ]
INFO: [ view_parse ] --END-- [ RunTime:0.017808s ]
INFO: [ view_filter ] --START--
INFO: Run Behavior\WriteHtmlCacheBehavior [ RunTime:0.000574s ]
INFO: [ view_filter ] --END-- [ RunTime:0.000663s ]
INFO: [ app_end ] --START--
INFO: Run Behavior\ShowPageTraceBehavior [ RunTime:0.001048s ]
INFO: [ app_end ] --END-- [ RunTime:0.001141s ]

[ 2017-10-14T22:12:37+08:00 ] ::1 /cloud/index.php/Admin/Stu/uploadImg
INFO: [ app_init ] --START--
INFO: Run Behavior\BuildLiteBehavior [ RunTime:0.000020s ]
INFO: [ app_init ] --END-- [ RunTime:0.000550s ]
INFO: [ app_begin ] --START--
INFO: Run Behavior\ReadHtmlCacheBehavior [ RunTime:0.000676s ]
INFO: [ app_begin ] --END-- [ RunTime:0.000758s ]
INFO: [ app_end ] --START--
INFO: Run Behavior\ShowPageTraceBehavior [ RunTime:0.000502s ]
INFO: [ app_end ] --END-- [ RunTime:0.000568s ]

[ 2017-10-14T22:13:23+08:00 ] ::1 /cloud/index.php/Admin/Stu/persInfo.html
INFO: [ app_init ] --START--
INFO: Run Behavior\BuildLiteBehavior [ RunTime:0.000022s ]
INFO: [ app_init ] --END-- [ RunTime:0.000981s ]
INFO: [ app_begin ] --START--
INFO: Run Behavior\ReadHtmlCacheBehavior [ RunTime:0.000739s ]
INFO: [ app_begin ] --END-- [ RunTime:0.000833s ]
SQL: SHOW COLUMNS FROM `cl_user` [ RunTime:0.0077s ]
SQL: SELECT `netname`,`netdescribt`,`phnumber`,`qq`,`perdescribt` FROM `cl_user` WHERE ( username='叶叶' ) LIMIT 1   [ RunTime:0.0008s ]
INFO: [ view_parse ] --START--
INFO: [ template_filter ] --START--
INFO: Run Behavior\ContentReplaceBehavior [ RunTime:0.000430s ]
INFO: [ template_filter ] --END-- [ RunTime:0.000610s ]
INFO: Run Behavior\ParseTemplateBehavior [ RunTime:0.026893s ]
INFO: [ view_parse ] --END-- [ RunTime:0.026977s ]
INFO: [ view_filter ] --START--
INFO: Run Behavior\WriteHtmlCacheBehavior [ RunTime:0.000336s ]
INFO: [ view_filter ] --END-- [ RunTime:0.000373s ]
INFO: [ app_end ] --START--
INFO: Run Behavior\ShowPageTraceBehavior [ RunTime:0.000794s ]
INFO: [ app_end ] --END-- [ RunTime:0.000856s ]

[ 2017-10-14T22:17:25+08:00 ] ::1 /cloud/index.php/admin/login/login
INFO: [ app_init ] --START--
INFO: Run Behavior\BuildLiteBehavior [ RunTime:0.000013s ]
INFO: [ app_init ] --END-- [ RunTime:0.000345s ]
INFO: [ app_begin ] --START--
INFO: Run Behavior\ReadHtmlCacheBehavior [ RunTime:0.000738s ]
INFO: [ app_begin ] --END-- [ RunTime:0.000825s ]
INFO: [ view_parse ] --START--
INFO: [ template_filter ] --START--
INFO: Run Behavior\ContentReplaceBehavior [ RunTime:0.000059s ]
INFO: [ template_filter ] --END-- [ RunTime:0.000096s ]
INFO: Run Behavior\ParseTemplateBehavior [ RunTime:0.007120s ]
INFO: [ view_parse ] --END-- [ RunTime:0.007181s ]
INFO: [ view_filter ] --START--
INFO: Run Behavior\WriteHtmlCacheBehavior [ RunTime:0.000239s ]
INFO: [ view_filter ] --END-- [ RunTime:0.000281s ]
INFO: [ app_end ] --START--
INFO: Run Behavior\ShowPageTraceBehavior [ RunTime:0.000749s ]
INFO: [ app_end ] --END-- [ RunTime:0.000860s ]

[ 2017-10-14T22:17:32+08:00 ] ::1 /cloud/index.php/Admin/Login/login
INFO: [ app_init ] --START--
INFO: Run Behavior\BuildLiteBehavior [ RunTime:0.000012s ]
INFO: [ app_init ] --END-- [ RunTime:0.000326s ]
INFO: [ app_begin ] --START--
INFO: Run Behavior\ReadHtmlCacheBehavior [ RunTime:0.000557s ]
INFO: [ app_begin ] --END-- [ RunTime:0.000614s ]
SQL: SHOW COLUMNS FROM `cl_user` [ RunTime:0.0094s ]
SQL: SELECT `username`,`level` FROM `cl_user` WHERE ( username='叶叶' and password='123456' ) LIMIT 1   [ RunTime:0.0007s ]

[ 2017-10-14T22:17:33+08:00 ] ::1 /cloud/index.php/Admin/Stu/persInfo.html
INFO: [ app_init ] --START--
INFO: Run Behavior\BuildLiteBehavior [ RunTime:0.000015s ]
INFO: [ app_init ] --END-- [ RunTime:0.000561s ]
INFO: [ app_begin ] --START--
INFO: Run Behavior\ReadHtmlCacheBehavior [ RunTime:0.000889s ]
INFO: [ app_begin ] --END-- [ RunTime:0.001000s ]
SQL: SHOW COLUMNS FROM `cl_user` [ RunTime:0.0028s ]
SQL: SELECT `netname`,`netdescribt`,`phnumber`,`qq`,`perdescribt` FROM `cl_user` WHERE ( username='叶叶' ) LIMIT 1   [ RunTime:0.0003s ]
INFO: [ view_parse ] --START--
INFO: [ template_filter ] --START--
INFO: Run Behavior\ContentReplaceBehavior [ RunTime:0.000145s ]
INFO: [ template_filter ] --END-- [ RunTime:0.000210s ]
INFO: Run Behavior\ParseTemplateBehavior [ RunTime:0.010135s ]
INFO: [ view_parse ] --END-- [ RunTime:0.010184s ]
INFO: [ view_filter ] --START--
INFO: Run Behavior\WriteHtmlCacheBehavior [ RunTime:0.000233s ]
INFO: [ view_filter ] --END-- [ RunTime:0.000263s ]
INFO: [ app_end ] --START--
INFO: Run Behavior\ShowPageTraceBehavior [ RunTime:0.000467s ]
INFO: [ app_end ] --END-- [ RunTime:0.000511s ]

[ 2017-10-14T22:17:42+08:00 ] ::1 /cloud/index.php/Admin/Stu/uploadImg
INFO: [ app_init ] --START--
INFO: Run Behavior\BuildLiteBehavior [ RunTime:0.000012s ]
INFO: [ app_init ] --END-- [ RunTime:0.000335s ]
INFO: [ app_begin ] --START--
INFO: Run Behavior\ReadHtmlCacheBehavior [ RunTime:0.000424s ]
INFO: [ app_begin ] --END-- [ RunTime:0.000472s ]
INFO: [ app_end ] --START--
INFO: Run Behavior\ShowPageTraceBehavior [ RunTime:0.000477s ]
INFO: [ app_end ] --END-- [ RunTime:0.000537s ]

[ 2017-10-14T22:17:44+08:00 ] ::1 /cloud/index.php/Admin/Stu/persInfo.html
INFO: [ app_init ] --START--
INFO: Run Behavior\BuildLiteBehavior [ RunTime:0.000012s ]
INFO: [ app_init ] --END-- [ RunTime:0.000340s ]
INFO: [ app_begin ] --START--
INFO: Run Behavior\ReadHtmlCacheBehavior [ RunTime:0.000483s ]
INFO: [ app_begin ] --END-- [ RunTime:0.000540s ]
SQL: SHOW COLUMNS FROM `cl_user` [ RunTime:0.0046s ]
SQL: SELECT `netname`,`netdescribt`,`phnumber`,`qq`,`perdescribt` FROM `cl_user` WHERE ( username='叶叶' ) LIMIT 1   [ RunTime:0.0005s ]
INFO: [ view_parse ] --START--
INFO: [ template_filter ] --START--
INFO: Run Behavior\ContentReplaceBehavior [ RunTime:0.000175s ]
INFO: [ template_filter ] --END-- [ RunTime:0.000251s ]
INFO: Run Behavior\ParseTemplateBehavior [ RunTime:0.016134s ]
INFO: [ view_parse ] --END-- [ RunTime:0.016223s ]
INFO: [ view_filter ] --START--
INFO: Run Behavior\WriteHtmlCacheBehavior [ RunTime:0.000537s ]
INFO: [ view_filter ] --END-- [ RunTime:0.000616s ]
INFO: [ app_end ] --START--
INFO: Run Behavior\ShowPageTraceBehavior [ RunTime:0.001132s ]
INFO: [ app_end ] --END-- [ RunTime:0.001238s ]

[ 2017-10-14T22:24:34+08:00 ] ::1 /cloud/index.php/Admin/Stu/persInfo.html
INFO: [ app_init ] --START--
INFO: Run Behavior\BuildLiteBehavior [ RunTime:0.000011s ]
INFO: [ app_init ] --END-- [ RunTime:0.000439s ]
INFO: [ app_begin ] --START--
INFO: Run Behavior\ReadHtmlCacheBehavior [ RunTime:0.000539s ]
INFO: [ app_begin ] --END-- [ RunTime:0.000578s ]
SQL: SHOW COLUMNS FROM `cl_user` [ RunTime:0.0075s ]
SQL: SELECT `netname`,`netdescribt`,`phnumber`,`qq`,`perdescribt` FROM `cl_user` WHERE ( username='叶叶' ) LIMIT 1   [ RunTime:0.0007s ]
INFO: [ view_parse ] --START--
INFO: [ template_filter ] --START--
INFO: Run Behavior\ContentReplaceBehavior [ RunTime:0.000384s ]
INFO: [ template_filter ] --END-- [ RunTime:0.000520s ]
INFO: Run Behavior\ParseTemplateBehavior [ RunTime:0.054140s ]
INFO: [ view_parse ] --END-- [ RunTime:0.054235s ]
INFO: [ view_filter ] --START--
INFO: Run Behavior\WriteHtmlCacheBehavior [ RunTime:0.000351s ]
INFO: [ view_filter ] --END-- [ RunTime:0.000387s ]
INFO: [ app_end ] --START--
INFO: Run Behavior\ShowPageTraceBehavior [ RunTime:0.000671s ]
INFO: [ app_end ] --END-- [ RunTime:0.000729s ]

[ 2017-10-14T22:24:38+08:00 ] ::1 /cloud/index.php/Admin/Stu/uploadImg
INFO: [ app_init ] --START--
INFO: Run Behavior\BuildLiteBehavior [ RunTime:0.000019s ]
INFO: [ app_init ] --END-- [ RunTime:0.000525s ]
INFO: [ app_begin ] --START--
INFO: Run Behavior\ReadHtmlCacheBehavior [ RunTime:0.000813s ]
INFO: [ app_begin ] --END-- [ RunTime:0.000936s ]
INFO: [ app_end ] --START--
INFO: Run Behavior\ShowPageTraceBehavior [ RunTime:0.000512s ]
INFO: [ app_end ] --END-- [ RunTime:0.000575s ]

[ 2017-10-14T22:24:40+08:00 ] ::1 /cloud/index.php/Admin/Stu/persInfo.html
INFO: [ app_init ] --START--
INFO: Run Behavior\BuildLiteBehavior [ RunTime:0.000012s ]
INFO: [ app_init ] --END-- [ RunTime:0.000338s ]
INFO: [ app_begin ] --START--
INFO: Run Behavior\ReadHtmlCacheBehavior [ RunTime:0.000413s ]
INFO: [ app_begin ] --END-- [ RunTime:0.000459s ]
SQL: SHOW COLUMNS FROM `cl_user` [ RunTime:0.0070s ]
SQL: SELECT `netname`,`netdescribt`,`phnumber`,`qq`,`perdescribt` FROM `cl_user` WHERE ( username='叶叶' ) LIMIT 1   [ RunTime:0.0007s ]
INFO: [ view_parse ] --START--
INFO: [ template_filter ] --START--
INFO: Run Behavior\ContentReplaceBehavior [ RunTime:0.000295s ]
INFO: [ template_filter ] --END-- [ RunTime:0.000415s ]
INFO: Run Behavior\ParseTemplateBehavior [ RunTime:0.025157s ]
INFO: [ view_parse ] --END-- [ RunTime:0.025279s ]
INFO: [ view_filter ] --START--
INFO: Run Behavior\WriteHtmlCacheBehavior [ RunTime:0.000692s ]
INFO: [ view_filter ] --END-- [ RunTime:0.000791s ]
INFO: [ app_end ] --START--
INFO: Run Behavior\ShowPageTraceBehavior [ RunTime:0.001293s ]
INFO: [ app_end ] --END-- [ RunTime:0.001421s ]

[ 2017-10-14T22:25:41+08:00 ] ::1 /cloud/index.php/Admin/Stu/persInfo.html
INFO: [ app_init ] --START--
INFO: Run Behavior\BuildLiteBehavior [ RunTime:0.000011s ]
INFO: [ app_init ] --END-- [ RunTime:0.000389s ]
INFO: [ app_begin ] --START--
INFO: Run Behavior\ReadHtmlCacheBehavior [ RunTime:0.000467s ]
INFO: [ app_begin ] --END-- [ RunTime:0.000509s ]
SQL: SHOW COLUMNS FROM `cl_user` [ RunTime:0.0048s ]
SQL: SELECT `netname`,`netdescribt`,`phnumber`,`qq`,`perdescribt` FROM `cl_user` WHERE ( username='叶叶' ) LIMIT 1   [ RunTime:0.0005s ]
INFO: [ view_parse ] --START--
INFO: [ template_filter ] --START--
INFO: Run Behavior\ContentReplaceBehavior [ RunTime:0.000183s ]
INFO: [ template_filter ] --END-- [ RunTime:0.000266s ]
INFO: Run Behavior\ParseTemplateBehavior [ RunTime:0.016816s ]
INFO: [ view_parse ] --END-- [ RunTime:0.016895s ]
INFO: [ view_filter ] --START--
INFO: Run Behavior\WriteHtmlCacheBehavior [ RunTime:0.000622s ]
INFO: [ view_filter ] --END-- [ RunTime:0.000695s ]
INFO: [ app_end ] --START--
INFO: Run Behavior\ShowPageTraceBehavior [ RunTime:0.001394s ]
INFO: [ app_end ] --END-- [ RunTime:0.001561s ]

[ 2017-10-14T22:26:01+08:00 ] ::1 /cloud/index.php/admin/login/login
INFO: [ app_init ] --START--
INFO: Run Behavior\BuildLiteBehavior [ RunTime:0.000011s ]
INFO: [ app_init ] --END-- [ RunTime:0.000329s ]
INFO: [ app_begin ] --START--
INFO: Run Behavior\ReadHtmlCacheBehavior [ RunTime:0.000458s ]
INFO: [ app_begin ] --END-- [ RunTime:0.000495s ]
INFO: [ view_parse ] --START--
INFO: [ template_filter ] --START--
INFO: Run Behavior\ContentReplaceBehavior [ RunTime:0.000098s ]
INFO: [ template_filter ] --END-- [ RunTime:0.000162s ]
INFO: Run Behavior\ParseTemplateBehavior [ RunTime:0.007843s ]
INFO: [ view_parse ] --END-- [ RunTime:0.007890s ]
INFO: [ view_filter ] --START--
INFO: Run Behavior\WriteHtmlCacheBehavior [ RunTime:0.000287s ]
INFO: [ view_filter ] --END-- [ RunTime:0.000317s ]
INFO: [ app_end ] --START--
INFO: Run Behavior\ShowPageTraceBehavior [ RunTime:0.000413s ]
INFO: [ app_end ] --END-- [ RunTime:0.000449s ]

[ 2017-10-14T22:26:06+08:00 ] ::1 /cloud/index.php/Admin/Login/login
INFO: [ app_init ] --START--
INFO: Run Behavior\BuildLiteBehavior [ RunTime:0.000013s ]
INFO: [ app_init ] --END-- [ RunTime:0.000333s ]
INFO: [ app_begin ] --START--
INFO: Run Behavior\ReadHtmlCacheBehavior [ RunTime:0.000413s ]
INFO: [ app_begin ] --END-- [ RunTime:0.000461s ]
SQL: SHOW COLUMNS FROM `cl_user` [ RunTime:0.0087s ]
SQL: SELECT `username`,`level` FROM `cl_user` WHERE ( username='叶叶' and password='123456' ) LIMIT 1   [ RunTime:0.0007s ]

[ 2017-10-14T22:26:07+08:00 ] ::1 /cloud/index.php/Admin/Stu/persInfo.html
INFO: [ app_init ] --START--
INFO: Run Behavior\BuildLiteBehavior [ RunTime:0.000011s ]
INFO: [ app_init ] --END-- [ RunTime:0.000430s ]
INFO: [ app_begin ] --START--
INFO: Run Behavior\ReadHtmlCacheBehavior [ RunTime:0.000462s ]
INFO: [ app_begin ] --END-- [ RunTime:0.000504s ]
SQL: SHOW COLUMNS FROM `cl_user` [ RunTime:0.0037s ]
SQL: SELECT `netname`,`netdescribt`,`phnumber`,`qq`,`perdescribt` FROM `cl_user` WHERE ( username='叶叶' ) LIMIT 1   [ RunTime:0.0004s ]
INFO: [ view_parse ] --START--
INFO: [ template_filter ] --START--
INFO: Run Behavior\ContentReplaceBehavior [ RunTime:0.000148s ]
INFO: [ template_filter ] --END-- [ RunTime:0.000216s ]
INFO: Run Behavior\ParseTemplateBehavior [ RunTime:0.013187s ]
INFO: [ view_parse ] --END-- [ RunTime:0.013251s ]
INFO: [ view_filter ] --START--
INFO: Run Behavior\WriteHtmlCacheBehavior [ RunTime:0.000432s ]
INFO: [ view_filter ] --END-- [ RunTime:0.000490s ]
INFO: [ app_end ] --START--
INFO: Run Behavior\ShowPageTraceBehavior [ RunTime:0.000713s ]
INFO: [ app_end ] --END-- [ RunTime:0.000783s ]

[ 2017-10-14T22:26:15+08:00 ] ::1 /cloud/index.php/Admin/Stu/uploadImg
INFO: [ app_init ] --START--
INFO: Run Behavior\BuildLiteBehavior [ RunTime:0.000012s ]
INFO: [ app_init ] --END-- [ RunTime:0.000333s ]
INFO: [ app_begin ] --START--
INFO: Run Behavior\ReadHtmlCacheBehavior [ RunTime:0.000411s ]
INFO: [ app_begin ] --END-- [ RunTime:0.000458s ]
INFO: [ app_end ] --START--
INFO: Run Behavior\ShowPageTraceBehavior [ RunTime:0.000588s ]
INFO: [ app_end ] --END-- [ RunTime:0.000679s ]

[ 2017-10-14T22:26:17+08:00 ] ::1 /cloud/index.php/Admin/Stu/persInfo.html
INFO: [ app_init ] --START--
INFO: Run Behavior\BuildLiteBehavior [ RunTime:0.000012s ]
INFO: [ app_init ] --END-- [ RunTime:0.000362s ]
INFO: [ app_begin ] --START--
INFO: Run Behavior\ReadHtmlCacheBehavior [ RunTime:0.000464s ]
INFO: [ app_begin ] --END-- [ RunTime:0.000513s ]
SQL: SHOW COLUMNS FROM `cl_user` [ RunTime:0.0073s ]
SQL: SELECT `netname`,`netdescribt`,`phnumber`,`qq`,`perdescribt` FROM `cl_user` WHERE ( username='叶叶' ) LIMIT 1   [ RunTime:0.0007s ]
INFO: [ view_parse ] --START--
INFO: [ template_filter ] --START--
INFO: Run Behavior\ContentReplaceBehavior [ RunTime:0.000296s ]
INFO: [ template_filter ] --END-- [ RunTime:0.000407s ]
INFO: Run Behavior\ParseTemplateBehavior [ RunTime:0.021960s ]
INFO: [ view_parse ] --END-- [ RunTime:0.022054s ]
INFO: [ view_filter ] --START--
INFO: Run Behavior\WriteHtmlCacheBehavior [ RunTime:0.000442s ]
INFO: [ view_filter ] --END-- [ RunTime:0.000502s ]
INFO: [ app_end ] --START--
INFO: Run Behavior\ShowPageTraceBehavior [ RunTime:0.001074s ]
INFO: [ app_end ] --END-- [ RunTime:0.001176s ]

[ 2017-10-14T22:26:51+08:00 ] ::1 /cloud/index.php/Admin/Stu/persInfo.html
INFO: [ app_init ] --START--
INFO: Run Behavior\BuildLiteBehavior [ RunTime:0.000012s ]
INFO: [ app_init ] --END-- [ RunTime:0.000417s ]
INFO: [ app_begin ] --START--
INFO: Run Behavior\ReadHtmlCacheBehavior [ RunTime:0.000461s ]
INFO: [ app_begin ] --END-- [ RunTime:0.000500s ]
SQL: SHOW COLUMNS FROM `cl_user` [ RunTime:0.0026s ]
SQL: SELECT `netname`,`netdescribt`,`phnumber`,`qq`,`perdescribt` FROM `cl_user` WHERE ( username='叶叶' ) LIMIT 1   [ RunTime:0.0003s ]
INFO: [ view_parse ] --START--
INFO: [ template_filter ] --START--
INFO: Run Behavior\ContentReplaceBehavior [ RunTime:0.000097s ]
INFO: [ template_filter ] --END-- [ RunTime:0.000147s ]
INFO: Run Behavior\ParseTemplateBehavior [ RunTime:0.008883s ]
INFO: [ view_parse ] --END-- [ RunTime:0.008932s ]
INFO: [ view_filter ] --START--
INFO: Run Behavior\WriteHtmlCacheBehavior [ RunTime:0.000270s ]
INFO: [ view_filter ] --END-- [ RunTime:0.000301s ]
INFO: [ app_end ] --START--
INFO: Run Behavior\ShowPageTraceBehavior [ RunTime:0.000674s ]
INFO: [ app_end ] --END-- [ RunTime:0.000737s ]

[ 2017-10-14T22:26:56+08:00 ] ::1 /cloud/index.php/Admin/Stu/uploadImg
INFO: [ app_init ] --START--
INFO: Run Behavior\BuildLiteBehavior [ RunTime:0.000017s ]
INFO: [ app_init ] --END-- [ RunTime:0.000499s ]
INFO: [ app_begin ] --START--
INFO: Run Behavior\ReadHtmlCacheBehavior [ RunTime:0.000455s ]
INFO: [ app_begin ] --END-- [ RunTime:0.000508s ]
INFO: [ app_end ] --START--
INFO: Run Behavior\ShowPageTraceBehavior [ RunTime:0.000682s ]
INFO: [ app_end ] --END-- [ RunTime:0.000761s ]

[ 2017-10-14T22:26:58+08:00 ] ::1 /cloud/index.php/Admin/Stu/persInfo.html
INFO: [ app_init ] --START--
INFO: Run Behavior\BuildLiteBehavior [ RunTime:0.000033s ]
INFO: [ app_init ] --END-- [ RunTime:0.000629s ]
INFO: [ app_begin ] --START--
INFO: Run Behavior\ReadHtmlCacheBehavior [ RunTime:0.001587s ]
INFO: [ app_begin ] --END-- [ RunTime:0.001807s ]
SQL: SHOW COLUMNS FROM `cl_user` [ RunTime:0.0072s ]
SQL: SELECT `netname`,`netdescribt`,`phnumber`,`qq`,`perdescribt` FROM `cl_user` WHERE ( username='叶叶' ) LIMIT 1   [ RunTime:0.0007s ]
INFO: [ view_parse ] --START--
INFO: [ template_filter ] --START--
INFO: Run Behavior\ContentReplaceBehavior [ RunTime:0.000494s ]
INFO: [ template_filter ] --END-- [ RunTime:0.000741s ]
INFO: Run Behavior\ParseTemplateBehavior [ RunTime:0.026099s ]
INFO: [ view_parse ] --END-- [ RunTime:0.026218s ]
INFO: [ view_filter ] --START--
INFO: Run Behavior\WriteHtmlCacheBehavior [ RunTime:0.000698s ]
INFO: [ view_filter ] --END-- [ RunTime:0.000795s ]
INFO: [ app_end ] --START--
INFO: Run Behavior\ShowPageTraceBehavior [ RunTime:0.001307s ]
INFO: [ app_end ] --END-- [ RunTime:0.001439s ]

[ 2017-10-14T22:27:24+08:00 ] ::1 /cloud/index.php/Admin/Stu/uploadImg
INFO: [ app_init ] --START--
INFO: Run Behavior\BuildLiteBehavior [ RunTime:0.000017s ]
INFO: [ app_init ] --END-- [ RunTime:0.000419s ]
INFO: [ app_begin ] --START--
INFO: Run Behavior\ReadHtmlCacheBehavior [ RunTime:0.000600s ]
INFO: [ app_begin ] --END-- [ RunTime:0.000664s ]
INFO: [ app_end ] --START--
INFO: Run Behavior\ShowPageTraceBehavior [ RunTime:0.000538s ]
INFO: [ app_end ] --END-- [ RunTime:0.000603s ]

[ 2017-10-14T22:27:26+08:00 ] ::1 /cloud/index.php/Admin/Stu/persInfo.html
INFO: [ app_init ] --START--
INFO: Run Behavior\BuildLiteBehavior [ RunTime:0.000012s ]
INFO: [ app_init ] --END-- [ RunTime:0.000507s ]
INFO: [ app_begin ] --START--
INFO: Run Behavior\ReadHtmlCacheBehavior [ RunTime:0.000406s ]
INFO: [ app_begin ] --END-- [ RunTime:0.000451s ]
SQL: SHOW COLUMNS FROM `cl_user` [ RunTime:0.0069s ]
SQL: SELECT `netname`,`netdescribt`,`phnumber`,`qq`,`perdescribt` FROM `cl_user` WHERE ( username='叶叶' ) LIMIT 1   [ RunTime:0.0007s ]
INFO: [ view_parse ] --START--
INFO: [ template_filter ] --START--
INFO: Run Behavior\ContentReplaceBehavior [ RunTime:0.000457s ]
INFO: [ template_filter ] --END-- [ RunTime:0.000641s ]
INFO: Run Behavior\ParseTemplateBehavior [ RunTime:0.026814s ]
INFO: [ view_parse ] --END-- [ RunTime:0.026936s ]
INFO: [ view_filter ] --START--
INFO: Run Behavior\WriteHtmlCacheBehavior [ RunTime:0.000705s ]
INFO: [ view_filter ] --END-- [ RunTime:0.000801s ]
INFO: [ app_end ] --START--
INFO: Run Behavior\ShowPageTraceBehavior [ RunTime:0.001585s ]
INFO: [ app_end ] --END-- [ RunTime:0.001717s ]

[ 2017-10-14T22:27:33+08:00 ] ::1 /cloud/index.php/Admin/Stu/uploadImg
INFO: [ app_init ] --START--
INFO: Run Behavior\BuildLiteBehavior [ RunTime:0.000012s ]
INFO: [ app_init ] --END-- [ RunTime:0.000348s ]
INFO: [ app_begin ] --START--
INFO: Run Behavior\ReadHtmlCacheBehavior [ RunTime:0.000433s ]
INFO: [ app_begin ] --END-- [ RunTime:0.000482s ]
INFO: [ app_end ] --START--
INFO: Run Behavior\ShowPageTraceBehavior [ RunTime:0.000520s ]
INFO: [ app_end ] --END-- [ RunTime:0.000574s ]

[ 2017-10-14T22:27:34+08:00 ] ::1 /cloud/index.php/Admin/Stu/persInfo.html
INFO: [ app_init ] --START--
INFO: Run Behavior\BuildLiteBehavior [ RunTime:0.000022s ]
INFO: [ app_init ] --END-- [ RunTime:0.000557s ]
INFO: [ app_begin ] --START--
INFO: Run Behavior\ReadHtmlCacheBehavior [ RunTime:0.001271s ]
INFO: [ app_begin ] --END-- [ RunTime:0.001410s ]
SQL: SHOW COLUMNS FROM `cl_user` [ RunTime:0.0068s ]
SQL: SELECT `netname`,`netdescribt`,`phnumber`,`qq`,`perdescribt` FROM `cl_user` WHERE ( username='叶叶' ) LIMIT 1   [ RunTime:0.0009s ]
INFO: [ view_parse ] --START--
INFO: [ template_filter ] --START--
INFO: Run Behavior\ContentReplaceBehavior [ RunTime:0.000271s ]
INFO: [ template_filter ] --END-- [ RunTime:0.000392s ]
INFO: Run Behavior\ParseTemplateBehavior [ RunTime:0.025353s ]
INFO: [ view_parse ] --END-- [ RunTime:0.025471s ]
INFO: [ view_filter ] --START--
INFO: Run Behavior\WriteHtmlCacheBehavior [ RunTime:0.000685s ]
INFO: [ view_filter ] --END-- [ RunTime:0.000783s ]
INFO: [ app_end ] --START--
INFO: Run Behavior\ShowPageTraceBehavior [ RunTime:0.001531s ]
INFO: [ app_end ] --END-- [ RunTime:0.001730s ]

[ 2017-10-14T22:28:02+08:00 ] ::1 /cloud/index.php/Admin/Stu/persInfo.html
INFO: [ app_init ] --START--
INFO: Run Behavior\BuildLiteBehavior [ RunTime:0.000024s ]
INFO: [ app_init ] --END-- [ RunTime:0.000825s ]
INFO: [ app_begin ] --START--
INFO: Run Behavior\ReadHtmlCacheBehavior [ RunTime:0.000822s ]
INFO: [ app_begin ] --END-- [ RunTime:0.000905s ]
SQL: SHOW COLUMNS FROM `cl_user` [ RunTime:0.0070s ]
SQL: SELECT `netname`,`netdescribt`,`phnumber`,`qq`,`perdescribt` FROM `cl_user` WHERE ( username='叶叶' ) LIMIT 1   [ RunTime:0.0007s ]
INFO: [ view_parse ] --START--
INFO: [ template_filter ] --START--
INFO: Run Behavior\ContentReplaceBehavior [ RunTime:0.000155s ]
INFO: [ template_filter ] --END-- [ RunTime:0.000225s ]
INFO: Run Behavior\ParseTemplateBehavior [ RunTime:0.025323s ]
INFO: [ view_parse ] --END-- [ RunTime:0.025427s ]
INFO: [ view_filter ] --START--
INFO: Run Behavior\WriteHtmlCacheBehavior [ RunTime:0.000372s ]
INFO: [ view_filter ] --END-- [ RunTime:0.000424s ]
INFO: [ app_end ] --START--
INFO: Run Behavior\ShowPageTraceBehavior [ RunTime:0.001030s ]
INFO: [ app_end ] --END-- [ RunTime:0.001170s ]

[ 2017-10-14T22:28:07+08:00 ] ::1 /cloud/index.php/Admin/Stu/uploadImg
INFO: [ app_init ] --START--
INFO: Run Behavior\BuildLiteBehavior [ RunTime:0.000015s ]
INFO: [ app_init ] --END-- [ RunTime:0.000338s ]
INFO: [ app_begin ] --START--
INFO: Run Behavior\ReadHtmlCacheBehavior [ RunTime:0.000563s ]
INFO: [ app_begin ] --END-- [ RunTime:0.000629s ]
INFO: [ app_end ] --START--
INFO: Run Behavior\ShowPageTraceBehavior [ RunTime:0.000588s ]
INFO: [ app_end ] --END-- [ RunTime:0.000661s ]

[ 2017-10-14T22:28:09+08:00 ] ::1 /cloud/index.php/Admin/Stu/persInfo.html
INFO: [ app_init ] --START--
INFO: Run Behavior\BuildLiteBehavior [ RunTime:0.000012s ]
INFO: [ app_init ] --END-- [ RunTime:0.000391s ]
INFO: [ app_begin ] --START--
INFO: Run Behavior\ReadHtmlCacheBehavior [ RunTime:0.000415s ]
INFO: [ app_begin ] --END-- [ RunTime:0.000461s ]
SQL: SHOW COLUMNS FROM `cl_user` [ RunTime:0.0067s ]
SQL: SELECT `netname`,`netdescribt`,`phnumber`,`qq`,`perdescribt` FROM `cl_user` WHERE ( username='叶叶' ) LIMIT 1   [ RunTime:0.0007s ]
INFO: [ view_parse ] --START--
INFO: [ template_filter ] --START--
INFO: Run Behavior\ContentReplaceBehavior [ RunTime:0.000133s ]
INFO: [ template_filter ] --END-- [ RunTime:0.000193s ]
INFO: Run Behavior\ParseTemplateBehavior [ RunTime:0.016091s ]
INFO: [ view_parse ] --END-- [ RunTime:0.016171s ]
INFO: [ view_filter ] --START--
INFO: Run Behavior\WriteHtmlCacheBehavior [ RunTime:0.000404s ]
INFO: [ view_filter ] --END-- [ RunTime:0.000453s ]
INFO: [ app_end ] --START--
INFO: Run Behavior\ShowPageTraceBehavior [ RunTime:0.000845s ]
INFO: [ app_end ] --END-- [ RunTime:0.000928s ]

[ 2017-10-14T22:31:01+08:00 ] ::1 /cloud/index.php/Admin/Stu/persInfo.html
INFO: [ app_init ] --START--
INFO: Run Behavior\BuildLiteBehavior [ RunTime:0.000016s ]
INFO: [ app_init ] --END-- [ RunTime:0.000657s ]
INFO: [ app_begin ] --START--
INFO: Run Behavior\ReadHtmlCacheBehavior [ RunTime:0.000517s ]
INFO: [ app_begin ] --END-- [ RunTime:0.000571s ]
SQL: SHOW COLUMNS FROM `cl_user` [ RunTime:0.0087s ]
SQL: SELECT `netname`,`netdescribt`,`phnumber`,`qq`,`perdescribt` FROM `cl_user` WHERE ( username='叶叶' ) LIMIT 1   [ RunTime:0.0006s ]
INFO: [ view_parse ] --START--
INFO: [ template_filter ] --START--
INFO: Run Behavior\ContentReplaceBehavior [ RunTime:0.000151s ]
INFO: [ template_filter ] --END-- [ RunTime:0.000217s ]
INFO: Run Behavior\ParseTemplateBehavior [ RunTime:0.031019s ]
INFO: [ view_parse ] --END-- [ RunTime:0.031096s ]
INFO: [ view_filter ] --START--
INFO: Run Behavior\WriteHtmlCacheBehavior [ RunTime:0.000480s ]
INFO: [ view_filter ] --END-- [ RunTime:0.000531s ]
INFO: [ app_end ] --START--
INFO: Run Behavior\ShowPageTraceBehavior [ RunTime:0.000713s ]
INFO: [ app_end ] --END-- [ RunTime:0.000780s ]

[ 2017-10-14T22:31:06+08:00 ] ::1 /cloud/index.php/Admin/Stu/uploadImg
INFO: [ app_init ] --START--
INFO: Run Behavior\BuildLiteBehavior [ RunTime:0.000018s ]
INFO: [ app_init ] --END-- [ RunTime:0.000542s ]
INFO: [ app_begin ] --START--
INFO: Run Behavior\ReadHtmlCacheBehavior [ RunTime:0.000564s ]
INFO: [ app_begin ] --END-- [ RunTime:0.000628s ]

[ 2017-10-14T22:31:08+08:00 ] ::1 /cloud/index.php/Admin/Stu/persInfo.html
INFO: [ app_init ] --START--
INFO: Run Behavior\BuildLiteBehavior [ RunTime:0.000031s ]
INFO: [ app_init ] --END-- [ RunTime:0.000422s ]
INFO: [ app_begin ] --START--
INFO: Run Behavior\ReadHtmlCacheBehavior [ RunTime:0.000999s ]
INFO: [ app_begin ] --END-- [ RunTime:0.001136s ]
SQL: SHOW COLUMNS FROM `cl_user` [ RunTime:0.0082s ]
SQL: SELECT `netname`,`netdescribt`,`phnumber`,`qq`,`perdescribt` FROM `cl_user` WHERE ( username='叶叶' ) LIMIT 1   [ RunTime:0.0007s ]
INFO: [ view_parse ] --START--
INFO: [ template_filter ] --START--
INFO: Run Behavior\ContentReplaceBehavior [ RunTime:0.000153s ]
INFO: [ template_filter ] --END-- [ RunTime:0.000228s ]
INFO: Run Behavior\ParseTemplateBehavior [ RunTime:0.021979s ]
INFO: [ view_parse ] --END-- [ RunTime:0.022067s ]
INFO: [ view_filter ] --START--
INFO: Run Behavior\WriteHtmlCacheBehavior [ RunTime:0.000347s ]
INFO: [ view_filter ] --END-- [ RunTime:0.000398s ]
INFO: [ app_end ] --START--
INFO: Run Behavior\ShowPageTraceBehavior [ RunTime:0.000617s ]
INFO: [ app_end ] --END-- [ RunTime:0.000683s ]

[ 2017-10-14T22:31:44+08:00 ] ::1 /cloud/index.php/Admin/Stu/persInfo.html
INFO: [ app_init ] --START--
INFO: Run Behavior\BuildLiteBehavior [ RunTime:0.000010s ]
INFO: [ app_init ] --END-- [ RunTime:0.000441s ]
INFO: [ app_begin ] --START--
INFO: Run Behavior\ReadHtmlCacheBehavior [ RunTime:0.000407s ]
INFO: [ app_begin ] --END-- [ RunTime:0.000449s ]
SQL: SHOW COLUMNS FROM `cl_user` [ RunTime:0.0073s ]
SQL: SELECT `netname`,`netdescribt`,`phnumber`,`qq`,`perdescribt` FROM `cl_user` WHERE ( username='叶叶' ) LIMIT 1   [ RunTime:0.0007s ]
INFO: [ view_parse ] --START--
INFO: [ template_filter ] --START--
INFO: Run Behavior\ContentReplaceBehavior [ RunTime:0.000176s ]
INFO: [ template_filter ] --END-- [ RunTime:0.000274s ]
INFO: Run Behavior\ParseTemplateBehavior [ RunTime:0.023946s ]
INFO: [ view_parse ] --END-- [ RunTime:0.024025s ]
INFO: [ view_filter ] --START--
INFO: Run Behavior\WriteHtmlCacheBehavior [ RunTime:0.000299s ]
INFO: [ view_filter ] --END-- [ RunTime:0.000341s ]
INFO: [ app_end ] --START--
INFO: Run Behavior\ShowPageTraceBehavior [ RunTime:0.000908s ]
INFO: [ app_end ] --END-- [ RunTime:0.000973s ]

[ 2017-10-14T22:31:50+08:00 ] ::1 /cloud/index.php/Admin/Stu/uploadImg
INFO: [ app_init ] --START--
INFO: Run Behavior\BuildLiteBehavior [ RunTime:0.000016s ]
INFO: [ app_init ] --END-- [ RunTime:0.000368s ]
INFO: [ app_begin ] --START--
INFO: Run Behavior\ReadHtmlCacheBehavior [ RunTime:0.000545s ]
INFO: [ app_begin ] --END-- [ RunTime:0.000594s ]
NOTIC: [2] imagepng(./uploadImg/叶叶.png): failed to open stream: No such file or directory F:\phpStudy\WWW\cloud\Public\function\image.func.php 第 20 行.
INFO: [ app_end ] --START--
INFO: Run Behavior\ShowPageTraceBehavior [ RunTime:0.000511s ]
INFO: [ app_end ] --END-- [ RunTime:0.000550s ]

[ 2017-10-14T22:31:52+08:00 ] ::1 /cloud/index.php/Admin/Stu/persInfo.html
INFO: [ app_init ] --START--
INFO: Run Behavior\BuildLiteBehavior [ RunTime:0.000011s ]
INFO: [ app_init ] --END-- [ RunTime:0.000398s ]
INFO: [ app_begin ] --START--
INFO: Run Behavior\ReadHtmlCacheBehavior [ RunTime:0.000447s ]
INFO: [ app_begin ] --END-- [ RunTime:0.000484s ]
SQL: SHOW COLUMNS FROM `cl_user` [ RunTime:0.0070s ]
SQL: SELECT `netname`,`netdescribt`,`phnumber`,`qq`,`perdescribt` FROM `cl_user` WHERE ( username='叶叶' ) LIMIT 1   [ RunTime:0.0007s ]
INFO: [ view_parse ] --START--
INFO: [ template_filter ] --START--
INFO: Run Behavior\ContentReplaceBehavior [ RunTime:0.000269s ]
INFO: [ template_filter ] --END-- [ RunTime:0.000401s ]
INFO: Run Behavior\ParseTemplateBehavior [ RunTime:0.025834s ]
INFO: [ view_parse ] --END-- [ RunTime:0.025951s ]
INFO: [ view_filter ] --START--
INFO: Run Behavior\WriteHtmlCacheBehavior [ RunTime:0.000684s ]
INFO: [ view_filter ] --END-- [ RunTime:0.000784s ]
INFO: [ app_end ] --START--
INFO: Run Behavior\ShowPageTraceBehavior [ RunTime:0.001249s ]
INFO: [ app_end ] --END-- [ RunTime:0.001381s ]

[ 2017-10-14T22:32:06+08:00 ] ::1 /cloud/index.php/Admin/Stu/persInfo.html
INFO: [ app_init ] --START--
INFO: Run Behavior\BuildLiteBehavior [ RunTime:0.000012s ]
INFO: [ app_init ] --END-- [ RunTime:0.000347s ]
INFO: [ app_begin ] --START--
INFO: Run Behavior\ReadHtmlCacheBehavior [ RunTime:0.000405s ]
INFO: [ app_begin ] --END-- [ RunTime:0.000449s ]
SQL: SHOW COLUMNS FROM `cl_user` [ RunTime:0.0072s ]
SQL: SELECT `netname`,`netdescribt`,`phnumber`,`qq`,`perdescribt` FROM `cl_user` WHERE ( username='叶叶' ) LIMIT 1   [ RunTime:0.0012s ]
INFO: [ view_parse ] --START--
INFO: [ template_filter ] --START--
INFO: Run Behavior\ContentReplaceBehavior [ RunTime:0.000147s ]
INFO: [ template_filter ] --END-- [ RunTime:0.000219s ]
INFO: Run Behavior\ParseTemplateBehavior [ RunTime:0.024414s ]
INFO: [ view_parse ] --END-- [ RunTime:0.024522s ]
INFO: [ view_filter ] --START--
INFO: Run Behavior\WriteHtmlCacheBehavior [ RunTime:0.000429s ]
INFO: [ view_filter ] --END-- [ RunTime:0.000483s ]
INFO: [ app_end ] --START--
INFO: Run Behavior\ShowPageTraceBehavior [ RunTime:0.000838s ]
INFO: [ app_end ] --END-- [ RunTime:0.000925s ]

[ 2017-10-14T22:32:10+08:00 ] ::1 /cloud/index.php/Admin/Stu/uploadImg
INFO: [ app_init ] --START--
INFO: Run Behavior\BuildLiteBehavior [ RunTime:0.000018s ]
INFO: [ app_init ] --END-- [ RunTime:0.000373s ]
INFO: [ app_begin ] --START--
INFO: Run Behavior\ReadHtmlCacheBehavior [ RunTime:0.000596s ]
INFO: [ app_begin ] --END-- [ RunTime:0.000667s ]
NOTIC: [2] imagepng(./uploadImg/叶叶.png): failed to open stream: No such file or directory F:\phpStudy\WWW\cloud\Public\function\image.func.php 第 20 行.
INFO: [ app_end ] --START--
INFO: Run Behavior\ShowPageTraceBehavior [ RunTime:0.000521s ]
INFO: [ app_end ] --END-- [ RunTime:0.000563s ]

[ 2017-10-14T22:32:16+08:00 ] ::1 /cloud/index.php/Admin/Stu/persInfo.html
INFO: [ app_init ] --START--
INFO: Run Behavior\BuildLiteBehavior [ RunTime:0.000044s ]
INFO: [ app_init ] --END-- [ RunTime:0.000858s ]
INFO: [ app_begin ] --START--
INFO: Run Behavior\ReadHtmlCacheBehavior [ RunTime:0.001184s ]
INFO: [ app_begin ] --END-- [ RunTime:0.001337s ]
SQL: SHOW COLUMNS FROM `cl_user` [ RunTime:0.0070s ]
SQL: SELECT `netname`,`netdescribt`,`phnumber`,`qq`,`perdescribt` FROM `cl_user` WHERE ( username='叶叶' ) LIMIT 1   [ RunTime:0.0007s ]
INFO: [ view_parse ] --START--
INFO: [ template_filter ] --START--
INFO: Run Behavior\ContentReplaceBehavior [ RunTime:0.000266s ]
INFO: [ template_filter ] --END-- [ RunTime:0.000387s ]
INFO: Run Behavior\ParseTemplateBehavior [ RunTime:0.025691s ]
INFO: [ view_parse ] --END-- [ RunTime:0.025808s ]
INFO: [ view_filter ] --START--
INFO: Run Behavior\WriteHtmlCacheBehavior [ RunTime:0.000682s ]
INFO: [ view_filter ] --END-- [ RunTime:0.000783s ]
INFO: [ app_end ] --START--
INFO: Run Behavior\ShowPageTraceBehavior [ RunTime:0.001277s ]
INFO: [ app_end ] --END-- [ RunTime:0.001411s ]

[ 2017-10-14T22:33:06+08:00 ] ::1 /cloud/index.php/Admin/Stu/persInfo.html
INFO: [ app_init ] --START--
INFO: Run Behavior\BuildLiteBehavior [ RunTime:0.000018s ]
INFO: [ app_init ] --END-- [ RunTime:0.000653s ]
INFO: [ app_begin ] --START--
INFO: Run Behavior\ReadHtmlCacheBehavior [ RunTime:0.001135s ]
INFO: [ app_begin ] --END-- [ RunTime:0.001285s ]
SQL: SHOW COLUMNS FROM `cl_user` [ RunTime:0.0027s ]
SQL: SELECT `netname`,`netdescribt`,`phnumber`,`qq`,`perdescribt` FROM `cl_user` WHERE ( username='叶叶' ) LIMIT 1   [ RunTime:0.0003s ]
INFO: [ view_parse ] --START--
INFO: [ template_filter ] --START--
INFO: Run Behavior\ContentReplaceBehavior [ RunTime:0.000083s ]
INFO: [ template_filter ] --END-- [ RunTime:0.000123s ]
INFO: Run Behavior\ParseTemplateBehavior [ RunTime:0.008421s ]
INFO: [ view_parse ] --END-- [ RunTime:0.008471s ]
INFO: [ view_filter ] --START--
INFO: Run Behavior\WriteHtmlCacheBehavior [ RunTime:0.000352s ]
INFO: [ view_filter ] --END-- [ RunTime:0.000383s ]
INFO: [ app_end ] --START--
INFO: Run Behavior\ShowPageTraceBehavior [ RunTime:0.000558s ]
INFO: [ app_end ] --END-- [ RunTime:0.000609s ]

[ 2017-10-14T22:33:10+08:00 ] ::1 /cloud/index.php/Admin/Stu/uploadImg
INFO: [ app_init ] --START--
INFO: Run Behavior\BuildLiteBehavior [ RunTime:0.000011s ]
INFO: [ app_init ] --END-- [ RunTime:0.000433s ]
INFO: [ app_begin ] --START--
INFO: Run Behavior\ReadHtmlCacheBehavior [ RunTime:0.000556s ]
INFO: [ app_begin ] --END-- [ RunTime:0.000619s ]
INFO: [ app_end ] --START--
INFO: Run Behavior\ShowPageTraceBehavior [ RunTime:0.000655s ]
INFO: [ app_end ] --END-- [ RunTime:0.000728s ]

[ 2017-10-14T22:33:11+08:00 ] ::1 /cloud/index.php/Admin/Stu/persInfo.html
INFO: [ app_init ] --START--
INFO: Run Behavior\BuildLiteBehavior [ RunTime:0.000013s ]
INFO: [ app_init ] --END-- [ RunTime:0.000393s ]
INFO: [ app_begin ] --START--
INFO: Run Behavior\ReadHtmlCacheBehavior [ RunTime:0.000446s ]
INFO: [ app_begin ] --END-- [ RunTime:0.000496s ]
SQL: SHOW COLUMNS FROM `cl_user` [ RunTime:0.0077s ]
SQL: SELECT `netname`,`netdescribt`,`phnumber`,`qq`,`perdescribt` FROM `cl_user` WHERE ( username='叶叶' ) LIMIT 1   [ RunTime:0.0007s ]
INFO: [ view_parse ] --START--
INFO: [ template_filter ] --START--
INFO: Run Behavior\ContentReplaceBehavior [ RunTime:0.000268s ]
INFO: [ template_filter ] --END-- [ RunTime:0.000390s ]
INFO: Run Behavior\ParseTemplateBehavior [ RunTime:0.025401s ]
INFO: [ view_parse ] --END-- [ RunTime:0.025519s ]
INFO: [ view_filter ] --START--
INFO: Run Behavior\WriteHtmlCacheBehavior [ RunTime:0.000696s ]
INFO: [ view_filter ] --END-- [ RunTime:0.000797s ]
INFO: [ app_end ] --START--
INFO: Run Behavior\ShowPageTraceBehavior [ RunTime:0.001235s ]
INFO: [ app_end ] --END-- [ RunTime:0.001384s ]

[ 2017-10-14T22:33:35+08:00 ] ::1 /cloud/index.php/Admin/Stu/uploadImg
INFO: [ app_init ] --START--
INFO: Run Behavior\BuildLiteBehavior [ RunTime:0.000017s ]
INFO: [ app_init ] --END-- [ RunTime:0.000422s ]
INFO: [ app_begin ] --START--
INFO: Run Behavior\ReadHtmlCacheBehavior [ RunTime:0.000497s ]
INFO: [ app_begin ] --END-- [ RunTime:0.000560s ]
INFO: [ app_end ] --START--
INFO: Run Behavior\ShowPageTraceBehavior [ RunTime:0.000523s ]
INFO: [ app_end ] --END-- [ RunTime:0.000593s ]

[ 2017-10-14T22:33:38+08:00 ] ::1 /cloud/index.php/Admin/Stu/persInfo.html
INFO: [ app_init ] --START--
INFO: Run Behavior\BuildLiteBehavior [ RunTime:0.000015s ]
INFO: [ app_init ] --END-- [ RunTime:0.000394s ]
INFO: [ app_begin ] --START--
INFO: Run Behavior\ReadHtmlCacheBehavior [ RunTime:0.000443s ]
INFO: [ app_begin ] --END-- [ RunTime:0.000494s ]
SQL: SHOW COLUMNS FROM `cl_user` [ RunTime:0.0089s ]
SQL: SELECT `netname`,`netdescribt`,`phnumber`,`qq`,`perdescribt` FROM `cl_user` WHERE ( username='叶叶' ) LIMIT 1   [ RunTime:0.0007s ]
INFO: [ view_parse ] --START--
INFO: [ template_filter ] --START--
INFO: Run Behavior\ContentReplaceBehavior [ RunTime:0.000082s ]
INFO: [ template_filter ] --END-- [ RunTime:0.000125s ]
INFO: Run Behavior\ParseTemplateBehavior [ RunTime:0.015971s ]
INFO: [ view_parse ] --END-- [ RunTime:0.016047s ]
INFO: [ view_filter ] --START--
INFO: Run Behavior\WriteHtmlCacheBehavior [ RunTime:0.000291s ]
INFO: [ view_filter ] --END-- [ RunTime:0.000321s ]
INFO: [ app_end ] --START--
INFO: Run Behavior\ShowPageTraceBehavior [ RunTime:0.000418s ]
INFO: [ app_end ] --END-- [ RunTime:0.000463s ]

[ 2017-10-14T22:34:02+08:00 ] ::1 /cloud/index.php/Admin/Stu/persInfo.html
INFO: [ app_init ] --START--
INFO: Run Behavior\BuildLiteBehavior [ RunTime:0.000016s ]
INFO: [ app_init ] --END-- [ RunTime:0.000563s ]
INFO: [ app_begin ] --START--
INFO: Run Behavior\ReadHtmlCacheBehavior [ RunTime:0.000646s ]
INFO: [ app_begin ] --END-- [ RunTime:0.000710s ]
SQL: SHOW COLUMNS FROM `cl_user` [ RunTime:0.0071s ]
SQL: SELECT `netname`,`netdescribt`,`phnumber`,`qq`,`perdescribt` FROM `cl_user` WHERE ( username='叶叶' ) LIMIT 1   [ RunTime:0.0007s ]
INFO: [ view_parse ] --START--
INFO: [ template_filter ] --START--
INFO: Run Behavior\ContentReplaceBehavior [ RunTime:0.000201s ]
INFO: [ template_filter ] --END-- [ RunTime:0.000317s ]
INFO: Run Behavior\ParseTemplateBehavior [ RunTime:0.020742s ]
INFO: [ view_parse ] --END-- [ RunTime:0.020864s ]
INFO: [ view_filter ] --START--
INFO: Run Behavior\WriteHtmlCacheBehavior [ RunTime:0.000540s ]
INFO: [ view_filter ] --END-- [ RunTime:0.000627s ]
INFO: [ app_end ] --START--
INFO: Run Behavior\ShowPageTraceBehavior [ RunTime:0.000878s ]
INFO: [ app_end ] --END-- [ RunTime:0.000965s ]

[ 2017-10-14T22:34:06+08:00 ] ::1 /cloud/index.php/Admin/Stu/uploadImg
INFO: [ app_init ] --START--
INFO: Run Behavior\BuildLiteBehavior [ RunTime:0.000018s ]
INFO: [ app_init ] --END-- [ RunTime:0.000437s ]
INFO: [ app_begin ] --START--
INFO: Run Behavior\ReadHtmlCacheBehavior [ RunTime:0.000515s ]
INFO: [ app_begin ] --END-- [ RunTime:0.000578s ]
INFO: [ app_end ] --START--
INFO: Run Behavior\ShowPageTraceBehavior [ RunTime:0.000500s ]
INFO: [ app_end ] --END-- [ RunTime:0.000567s ]

[ 2017-10-14T22:34:08+08:00 ] ::1 /cloud/index.php/Admin/Stu/persInfo.html
INFO: [ app_init ] --START--
INFO: Run Behavior\BuildLiteBehavior [ RunTime:0.000012s ]
INFO: [ app_init ] --END-- [ RunTime:0.000350s ]
INFO: [ app_begin ] --START--
INFO: Run Behavior\ReadHtmlCacheBehavior [ RunTime:0.000439s ]
INFO: [ app_begin ] --END-- [ RunTime:0.000493s ]
SQL: SHOW COLUMNS FROM `cl_user` [ RunTime:0.0029s ]
SQL: SELECT `netname`,`netdescribt`,`phnumber`,`qq`,`perdescribt` FROM `cl_user` WHERE ( username='叶叶' ) LIMIT 1   [ RunTime:0.0003s ]
INFO: [ view_parse ] --START--
INFO: [ template_filter ] --START--
INFO: Run Behavior\ContentReplaceBehavior [ RunTime:0.000081s ]
INFO: [ template_filter ] --END-- [ RunTime:0.000119s ]
INFO: Run Behavior\ParseTemplateBehavior [ RunTime:0.007776s ]
INFO: [ view_parse ] --END-- [ RunTime:0.007813s ]
INFO: [ view_filter ] --START--
INFO: Run Behavior\WriteHtmlCacheBehavior [ RunTime:0.000280s ]
INFO: [ view_filter ] --END-- [ RunTime:0.000312s ]
INFO: [ app_end ] --START--
INFO: Run Behavior\ShowPageTraceBehavior [ RunTime:0.000483s ]
INFO: [ app_end ] --END-- [ RunTime:0.000532s ]

[ 2017-10-14T22:34:19+08:00 ] ::1 /cloud/index.php/Admin/Stu/uploadImg
INFO: [ app_init ] --START--
INFO: Run Behavior\BuildLiteBehavior [ RunTime:0.000017s ]
INFO: [ app_init ] --END-- [ RunTime:0.000446s ]
INFO: [ app_begin ] --START--
INFO: Run Behavior\ReadHtmlCacheBehavior [ RunTime:0.001039s ]
INFO: [ app_begin ] --END-- [ RunTime:0.001125s ]
INFO: [ app_end ] --START--
INFO: Run Behavior\ShowPageTraceBehavior [ RunTime:0.000531s ]
INFO: [ app_end ] --END-- [ RunTime:0.000601s ]

[ 2017-10-14T22:34:20+08:00 ] ::1 /cloud/index.php/Admin/Stu/persInfo.html
INFO: [ app_init ] --START--
INFO: Run Behavior\BuildLiteBehavior [ RunTime:0.000012s ]
INFO: [ app_init ] --END-- [ RunTime:0.000345s ]
INFO: [ app_begin ] --START--
INFO: Run Behavior\ReadHtmlCacheBehavior [ RunTime:0.000408s ]
INFO: [ app_begin ] --END-- [ RunTime:0.000455s ]
SQL: SHOW COLUMNS FROM `cl_user` [ RunTime:0.0069s ]
SQL: SELECT `netname`,`netdescribt`,`phnumber`,`qq`,`perdescribt` FROM `cl_user` WHERE ( username='叶叶' ) LIMIT 1   [ RunTime:0.0007s ]
INFO: [ view_parse ] --START--
INFO: [ template_filter ] --START--
INFO: Run Behavior\ContentReplaceBehavior [ RunTime:0.000343s ]
INFO: [ template_filter ] --END-- [ RunTime:0.000484s ]
INFO: Run Behavior\ParseTemplateBehavior [ RunTime:0.025411s ]
INFO: [ view_parse ] --END-- [ RunTime:0.025533s ]
INFO: [ view_filter ] --START--
INFO: Run Behavior\WriteHtmlCacheBehavior [ RunTime:0.000694s ]
INFO: [ view_filter ] --END-- [ RunTime:0.000794s ]
INFO: [ app_end ] --START--
INFO: Run Behavior\ShowPageTraceBehavior [ RunTime:0.001372s ]
INFO: [ app_end ] --END-- [ RunTime:0.001503s ]

[ 2017-10-14T22:34:43+08:00 ] ::1 /cloud/index.php/Admin/Stu/persInfo.html
INFO: [ app_init ] --START--
INFO: Run Behavior\BuildLiteBehavior [ RunTime:0.000011s ]
INFO: [ app_init ] --END-- [ RunTime:0.000419s ]
INFO: [ app_begin ] --START--
INFO: Run Behavior\ReadHtmlCacheBehavior [ RunTime:0.000580s ]
INFO: [ app_begin ] --END-- [ RunTime:0.000636s ]
SQL: SHOW COLUMNS FROM `cl_user` [ RunTime:0.0078s ]
SQL: SELECT `netname`,`netdescribt`,`phnumber`,`qq`,`perdescribt` FROM `cl_user` WHERE ( username='叶叶' ) LIMIT 1   [ RunTime:0.0007s ]
INFO: [ view_parse ] --START--
INFO: [ template_filter ] --START--
INFO: Run Behavior\ContentReplaceBehavior [ RunTime:0.000266s ]
INFO: [ template_filter ] --END-- [ RunTime:0.000386s ]
INFO: Run Behavior\ParseTemplateBehavior [ RunTime:0.025346s ]
INFO: [ view_parse ] --END-- [ RunTime:0.025465s ]
INFO: [ view_filter ] --START--
INFO: Run Behavior\WriteHtmlCacheBehavior [ RunTime:0.000682s ]
INFO: [ view_filter ] --END-- [ RunTime:0.000782s ]
INFO: [ app_end ] --START--
INFO: Run Behavior\ShowPageTraceBehavior [ RunTime:0.001549s ]
INFO: [ app_end ] --END-- [ RunTime:0.001705s ]

[ 2017-10-14T22:34:47+08:00 ] ::1 /cloud/index.php/Admin/Stu/uploadImg
INFO: [ app_init ] --START--
INFO: Run Behavior\BuildLiteBehavior [ RunTime:0.000017s ]
INFO: [ app_init ] --END-- [ RunTime:0.000459s ]
INFO: [ app_begin ] --START--
INFO: Run Behavior\ReadHtmlCacheBehavior [ RunTime:0.000543s ]
INFO: [ app_begin ] --END-- [ RunTime:0.000596s ]
INFO: [ app_end ] --START--
INFO: Run Behavior\ShowPageTraceBehavior [ RunTime:0.000511s ]
INFO: [ app_end ] --END-- [ RunTime:0.000577s ]

[ 2017-10-14T22:34:49+08:00 ] ::1 /cloud/index.php/Admin/Stu/persInfo.html
INFO: [ app_init ] --START--
INFO: Run Behavior\BuildLiteBehavior [ RunTime:0.000016s ]
INFO: [ app_init ] --END-- [ RunTime:0.000498s ]
INFO: [ app_begin ] --START--
INFO: Run Behavior\ReadHtmlCacheBehavior [ RunTime:0.000575s ]
INFO: [ app_begin ] --END-- [ RunTime:0.000644s ]
SQL: SHOW COLUMNS FROM `cl_user` [ RunTime:0.0071s ]
SQL: SELECT `netname`,`netdescribt`,`phnumber`,`qq`,`perdescribt` FROM `cl_user` WHERE ( username='叶叶' ) LIMIT 1   [ RunTime:0.0007s ]
INFO: [ view_parse ] --START--
INFO: [ template_filter ] --START--
INFO: Run Behavior\ContentReplaceBehavior [ RunTime:0.000286s ]
INFO: [ template_filter ] --END-- [ RunTime:0.000424s ]
INFO: Run Behavior\ParseTemplateBehavior [ RunTime:0.024653s ]
INFO: [ view_parse ] --END-- [ RunTime:0.024779s ]
INFO: [ view_filter ] --START--
INFO: Run Behavior\WriteHtmlCacheBehavior [ RunTime:0.000697s ]
INFO: [ view_filter ] --END-- [ RunTime:0.000797s ]
INFO: [ app_end ] --START--
INFO: Run Behavior\ShowPageTraceBehavior [ RunTime:0.001237s ]
INFO: [ app_end ] --END-- [ RunTime:0.001369s ]

[ 2017-10-14T22:36:18+08:00 ] ::1 /cloud/index.php/Admin/Stu/persInfo.html
INFO: [ app_init ] --START--
INFO: Run Behavior\BuildLiteBehavior [ RunTime:0.000012s ]
INFO: [ app_init ] --END-- [ RunTime:0.000378s ]
INFO: [ app_begin ] --START--
INFO: Run Behavior\ReadHtmlCacheBehavior [ RunTime:0.000436s ]
INFO: [ app_begin ] --END-- [ RunTime:0.000489s ]
SQL: SHOW COLUMNS FROM `cl_user` [ RunTime:0.0070s ]
SQL: SELECT `netname`,`netdescribt`,`phnumber`,`qq`,`perdescribt` FROM `cl_user` WHERE ( username='叶叶' ) LIMIT 1   [ RunTime:0.0008s ]
INFO: [ view_parse ] --START--
INFO: [ template_filter ] --START--
INFO: Run Behavior\ContentReplaceBehavior [ RunTime:0.000155s ]
INFO: [ template_filter ] --END-- [ RunTime:0.000229s ]
INFO: Run Behavior\ParseTemplateBehavior [ RunTime:0.023824s ]
INFO: [ view_parse ] --END-- [ RunTime:0.023913s ]
INFO: [ view_filter ] --START--
INFO: Run Behavior\WriteHtmlCacheBehavior [ RunTime:0.000531s ]
INFO: [ view_filter ] --END-- [ RunTime:0.000589s ]
INFO: [ app_end ] --START--
INFO: Run Behavior\ShowPageTraceBehavior [ RunTime:0.000822s ]
INFO: [ app_end ] --END-- [ RunTime:0.000897s ]

[ 2017-10-14T22:36:22+08:00 ] ::1 /cloud/index.php/Admin/Stu/uploadImg
INFO: [ app_init ] --START--
INFO: Run Behavior\BuildLiteBehavior [ RunTime:0.000013s ]
INFO: [ app_init ] --END-- [ RunTime:0.000435s ]
INFO: [ app_begin ] --START--
INFO: Run Behavior\ReadHtmlCacheBehavior [ RunTime:0.000739s ]
INFO: [ app_begin ] --END-- [ RunTime:0.000876s ]
INFO: [ app_end ] --START--
INFO: Run Behavior\ShowPageTraceBehavior [ RunTime:0.000463s ]
INFO: [ app_end ] --END-- [ RunTime:0.000527s ]

[ 2017-10-14T22:36:24+08:00 ] ::1 /cloud/index.php/Admin/Stu/persInfo.html
INFO: [ app_init ] --START--
INFO: Run Behavior\BuildLiteBehavior [ RunTime:0.000014s ]
INFO: [ app_init ] --END-- [ RunTime:0.000473s ]
INFO: [ app_begin ] --START--
INFO: Run Behavior\ReadHtmlCacheBehavior [ RunTime:0.000672s ]
INFO: [ app_begin ] --END-- [ RunTime:0.000768s ]
SQL: SHOW COLUMNS FROM `cl_user` [ RunTime:0.0062s ]
SQL: SELECT `netname`,`netdescribt`,`phnumber`,`qq`,`perdescribt` FROM `cl_user` WHERE ( username='叶叶' ) LIMIT 1   [ RunTime:0.0006s ]
INFO: [ view_parse ] --START--
INFO: [ template_filter ] --START--
INFO: Run Behavior\ContentReplaceBehavior [ RunTime:0.000232s ]
INFO: [ template_filter ] --END-- [ RunTime:0.000336s ]
INFO: Run Behavior\ParseTemplateBehavior [ RunTime:0.021919s ]
INFO: [ view_parse ] --END-- [ RunTime:0.022034s ]
INFO: [ view_filter ] --START--
INFO: Run Behavior\WriteHtmlCacheBehavior [ RunTime:0.000670s ]
INFO: [ view_filter ] --END-- [ RunTime:0.000772s ]
INFO: [ app_end ] --START--
INFO: Run Behavior\ShowPageTraceBehavior [ RunTime:0.001506s ]
INFO: [ app_end ] --END-- [ RunTime:0.001628s ]

[ 2017-10-14T22:36:34+08:00 ] ::1 /cloud/index.php/Admin/Stu/uploadImg
INFO: [ app_init ] --START--
INFO: Run Behavior\BuildLiteBehavior [ RunTime:0.000012s ]
INFO: [ app_init ] --END-- [ RunTime:0.000362s ]
INFO: [ app_begin ] --START--
INFO: Run Behavior\ReadHtmlCacheBehavior [ RunTime:0.000592s ]
INFO: [ app_begin ] --END-- [ RunTime:0.000655s ]
INFO: [ app_end ] --START--
INFO: Run Behavior\ShowPageTraceBehavior [ RunTime:0.000500s ]
INFO: [ app_end ] --END-- [ RunTime:0.000568s ]

[ 2017-10-14T22:36:36+08:00 ] ::1 /cloud/index.php/Admin/Stu/persInfo.html
INFO: [ app_init ] --START--
INFO: Run Behavior\BuildLiteBehavior [ RunTime:0.000015s ]
INFO: [ app_init ] --END-- [ RunTime:0.000621s ]
INFO: [ app_begin ] --START--
INFO: Run Behavior\ReadHtmlCacheBehavior [ RunTime:0.000686s ]
INFO: [ app_begin ] --END-- [ RunTime:0.000803s ]
SQL: SHOW COLUMNS FROM `cl_user` [ RunTime:0.0073s ]
SQL: SELECT `netname`,`netdescribt`,`phnumber`,`qq`,`perdescribt` FROM `cl_user` WHERE ( username='叶叶' ) LIMIT 1   [ RunTime:0.0013s ]
INFO: [ view_parse ] --START--
INFO: [ template_filter ] --START--
INFO: Run Behavior\ContentReplaceBehavior [ RunTime:0.000267s ]
INFO: [ template_filter ] --END-- [ RunTime:0.000392s ]
INFO: Run Behavior\ParseTemplateBehavior [ RunTime:0.025005s ]
INFO: [ view_parse ] --END-- [ RunTime:0.025154s ]
INFO: [ view_filter ] --START--
INFO: Run Behavior\WriteHtmlCacheBehavior [ RunTime:0.000686s ]
INFO: [ view_filter ] --END-- [ RunTime:0.000785s ]
INFO: [ app_end ] --START--
INFO: Run Behavior\ShowPageTraceBehavior [ RunTime:0.001985s ]
INFO: [ app_end ] --END-- [ RunTime:0.002153s ]

[ 2017-10-14T22:37:07+08:00 ] ::1 /cloud/index.php/Admin/Stu/persInfo.html
INFO: [ app_init ] --START--
INFO: Run Behavior\BuildLiteBehavior [ RunTime:0.000017s ]
INFO: [ app_init ] --END-- [ RunTime:0.000602s ]
INFO: [ app_begin ] --START--
INFO: Run Behavior\ReadHtmlCacheBehavior [ RunTime:0.000691s ]
INFO: [ app_begin ] --END-- [ RunTime:0.000759s ]

[ 2017-10-14T22:37:15+08:00 ] ::1 /cloud/index.php/Admin/Stu/persInfo.html
INFO: [ app_init ] --START--
INFO: Run Behavior\BuildLiteBehavior [ RunTime:0.000017s ]
INFO: [ app_init ] --END-- [ RunTime:0.000558s ]
INFO: [ app_begin ] --START--
INFO: Run Behavior\ReadHtmlCacheBehavior [ RunTime:0.000647s ]
INFO: [ app_begin ] --END-- [ RunTime:0.000710s ]
SQL: SHOW COLUMNS FROM `cl_user` [ RunTime:0.0070s ]
SQL: SELECT `netname`,`netdescribt`,`phnumber`,`qq`,`perdescribt` FROM `cl_user` WHERE ( username='叶叶' ) LIMIT 1   [ RunTime:0.0007s ]
INFO: [ view_parse ] --START--
INFO: [ template_filter ] --START--
INFO: Run Behavior\ContentReplaceBehavior [ RunTime:0.000154s ]
INFO: [ template_filter ] --END-- [ RunTime:0.000241s ]
INFO: Run Behavior\ParseTemplateBehavior [ RunTime:0.023687s ]
INFO: [ view_parse ] --END-- [ RunTime:0.023776s ]
INFO: [ view_filter ] --START--
INFO: Run Behavior\WriteHtmlCacheBehavior [ RunTime:0.000436s ]
INFO: [ view_filter ] --END-- [ RunTime:0.000490s ]
INFO: [ app_end ] --START--
INFO: Run Behavior\ShowPageTraceBehavior [ RunTime:0.000707s ]
INFO: [ app_end ] --END-- [ RunTime:0.000776s ]

[ 2017-10-14T22:37:19+08:00 ] ::1 /cloud/index.php/Admin/Stu/uploadImg
INFO: [ app_init ] --START--
INFO: Run Behavior\BuildLiteBehavior [ RunTime:0.000012s ]
INFO: [ app_init ] --END-- [ RunTime:0.000340s ]
INFO: [ app_begin ] --START--
INFO: Run Behavior\ReadHtmlCacheBehavior [ RunTime:0.000513s ]
INFO: [ app_begin ] --END-- [ RunTime:0.000580s ]
INFO: [ app_end ] --START--
INFO: Run Behavior\ShowPageTraceBehavior [ RunTime:0.001112s ]
INFO: [ app_end ] --END-- [ RunTime:0.001304s ]

[ 2017-10-14T22:37:21+08:00 ] ::1 /cloud/index.php/Admin/Stu/persInfo.html
INFO: [ app_init ] --START--
INFO: Run Behavior\BuildLiteBehavior [ RunTime:0.000011s ]
INFO: [ app_init ] --END-- [ RunTime:0.000345s ]
INFO: [ app_begin ] --START--
INFO: Run Behavior\ReadHtmlCacheBehavior [ RunTime:0.000491s ]
INFO: [ app_begin ] --END-- [ RunTime:0.000544s ]
SQL: SHOW COLUMNS FROM `cl_user` [ RunTime:0.0070s ]
SQL: SELECT `netname`,`netdescribt`,`phnumber`,`qq`,`perdescribt` FROM `cl_user` WHERE ( username='叶叶' ) LIMIT 1   [ RunTime:0.0007s ]
INFO: [ view_parse ] --START--
INFO: [ template_filter ] --START--
INFO: Run Behavior\ContentReplaceBehavior [ RunTime:0.000292s ]
INFO: [ template_filter ] --END-- [ RunTime:0.000429s ]
INFO: Run Behavior\ParseTemplateBehavior [ RunTime:0.025044s ]
INFO: [ view_parse ] --END-- [ RunTime:0.025165s ]
INFO: [ view_filter ] --START--
INFO: Run Behavior\WriteHtmlCacheBehavior [ RunTime:0.000696s ]
INFO: [ view_filter ] --END-- [ RunTime:0.000814s ]
INFO: [ app_end ] --START--
INFO: Run Behavior\ShowPageTraceBehavior [ RunTime:0.001299s ]
INFO: [ app_end ] --END-- [ RunTime:0.001431s ]

[ 2017-10-14T22:50:41+08:00 ] ::1 /cloud/index.php/Admin/Stu/persInfo.html
INFO: [ app_init ] --START--
INFO: Run Behavior\BuildLiteBehavior [ RunTime:0.000011s ]
INFO: [ app_init ] --END-- [ RunTime:0.000449s ]
INFO: [ app_begin ] --START--
INFO: Run Behavior\ReadHtmlCacheBehavior [ RunTime:0.000548s ]
INFO: [ app_begin ] --END-- [ RunTime:0.000585s ]
SQL: SHOW COLUMNS FROM `cl_user` [ RunTime:0.0081s ]
SQL: SELECT `netname`,`netdescribt`,`phnumber`,`qq`,`perdescribt` FROM `cl_user` WHERE ( username='叶叶' ) LIMIT 1   [ RunTime:0.0007s ]
INFO: [ view_parse ] --START--
INFO: [ template_filter ] --START--
INFO: Run Behavior\ContentReplaceBehavior [ RunTime:0.000342s ]
INFO: [ template_filter ] --END-- [ RunTime:0.000486s ]
INFO: Run Behavior\ParseTemplateBehavior [ RunTime:0.053840s ]
INFO: [ view_parse ] --END-- [ RunTime:0.053964s ]
INFO: [ view_filter ] --START--
INFO: Run Behavior\WriteHtmlCacheBehavior [ RunTime:0.000810s ]
INFO: [ view_filter ] --END-- [ RunTime:0.000911s ]
INFO: [ app_end ] --START--
INFO: Run Behavior\ShowPageTraceBehavior [ RunTime:0.001984s ]
INFO: [ app_end ] --END-- [ RunTime:0.002111s ]

[ 2017-10-14T22:50:45+08:00 ] ::1 /cloud/index.php/Admin/Stu/uploadImg
INFO: [ app_init ] --START--
INFO: Run Behavior\BuildLiteBehavior [ RunTime:0.000012s ]
INFO: [ app_init ] --END-- [ RunTime:0.000440s ]
INFO: [ app_begin ] --START--
INFO: Run Behavior\ReadHtmlCacheBehavior [ RunTime:0.000537s ]
INFO: [ app_begin ] --END-- [ RunTime:0.000601s ]
INFO: [ app_end ] --START--
INFO: Run Behavior\ShowPageTraceBehavior [ RunTime:0.000507s ]
INFO: [ app_end ] --END-- [ RunTime:0.000573s ]

[ 2017-10-14T22:50:47+08:00 ] ::1 /cloud/index.php/Admin/Stu/persInfo.html
INFO: [ app_init ] --START--
INFO: Run Behavior\BuildLiteBehavior [ RunTime:0.000012s ]
INFO: [ app_init ] --END-- [ RunTime:0.000347s ]
INFO: [ app_begin ] --START--
INFO: Run Behavior\ReadHtmlCacheBehavior [ RunTime:0.000399s ]
INFO: [ app_begin ] --END-- [ RunTime:0.000442s ]
SQL: SHOW COLUMNS FROM `cl_user` [ RunTime:0.0079s ]
SQL: SELECT `netname`,`netdescribt`,`phnumber`,`qq`,`perdescribt` FROM `cl_user` WHERE ( username='叶叶' ) LIMIT 1   [ RunTime:0.0008s ]
INFO: [ view_parse ] --START--
INFO: [ template_filter ] --START--
INFO: Run Behavior\ContentReplaceBehavior [ RunTime:0.000304s ]
INFO: [ template_filter ] --END-- [ RunTime:0.000428s ]
INFO: Run Behavior\ParseTemplateBehavior [ RunTime:0.025003s ]
INFO: [ view_parse ] --END-- [ RunTime:0.025122s ]
INFO: [ view_filter ] --START--
INFO: Run Behavior\WriteHtmlCacheBehavior [ RunTime:0.000739s ]
INFO: [ view_filter ] --END-- [ RunTime:0.000843s ]
INFO: [ app_end ] --START--
INFO: Run Behavior\ShowPageTraceBehavior [ RunTime:0.001420s ]
INFO: [ app_end ] --END-- [ RunTime:0.001555s ]

[ 2017-10-14T22:51:04+08:00 ] ::1 /cloud/index.php/Admin/Stu/servAppl
INFO: [ app_init ] --START--
INFO: Run Behavior\BuildLiteBehavior [ RunTime:0.000013s ]
INFO: [ app_init ] --END-- [ RunTime:0.000396s ]
INFO: [ app_begin ] --START--
INFO: Run Behavior\ReadHtmlCacheBehavior [ RunTime:0.000551s ]
INFO: [ app_begin ] --END-- [ RunTime:0.000600s ]
INFO: [ view_parse ] --START--
INFO: [ template_filter ] --START--
INFO: Run Behavior\ContentReplaceBehavior [ RunTime:0.000080s ]
INFO: [ template_filter ] --END-- [ RunTime:0.000123s ]
INFO: Run Behavior\ParseTemplateBehavior [ RunTime:0.011836s ]
INFO: [ view_parse ] --END-- [ RunTime:0.011894s ]
INFO: [ view_filter ] --START--
INFO: Run Behavior\WriteHtmlCacheBehavior [ RunTime:0.000336s ]
INFO: [ view_filter ] --END-- [ RunTime:0.000385s ]
INFO: [ app_end ] --START--
INFO: Run Behavior\ShowPageTraceBehavior [ RunTime:0.000501s ]
INFO: [ app_end ] --END-- [ RunTime:0.000547s ]

[ 2017-10-14T22:51:10+08:00 ] ::1 /cloud/index.php/admin/stu/stuMessage
INFO: [ app_init ] --START--
INFO: Run Behavior\BuildLiteBehavior [ RunTime:0.000011s ]
INFO: [ app_init ] --END-- [ RunTime:0.000381s ]
INFO: [ app_begin ] --START--
INFO: Run Behavior\ReadHtmlCacheBehavior [ RunTime:0.000429s ]
INFO: [ app_begin ] --END-- [ RunTime:0.000467s ]
SQL: SHOW COLUMNS FROM `cl_user` [ RunTime:0.0079s ]
SQL: SELECT `username`,`netname`,`netdescribt` FROM `cl_user` WHERE ( username='叶叶' ) LIMIT 1   [ RunTime:0.0007s ]
INFO: [ view_parse ] --START--
INFO: [ template_filter ] --START--
INFO: Run Behavior\ContentReplaceBehavior [ RunTime:0.000546s ]
INFO: [ template_filter ] --END-- [ RunTime:0.000735s ]
INFO: Run Behavior\ParseTemplateBehavior [ RunTime:0.027799s ]
INFO: [ view_parse ] --END-- [ RunTime:0.027946s ]
INFO: [ view_filter ] --START--
INFO: Run Behavior\WriteHtmlCacheBehavior [ RunTime:0.000763s ]
INFO: [ view_filter ] --END-- [ RunTime:0.000871s ]
INFO: [ app_end ] --START--
INFO: Run Behavior\ShowPageTraceBehavior [ RunTime:0.001291s ]
INFO: [ app_end ] --END-- [ RunTime:0.001423s ]

[ 2017-10-14T22:51:14+08:00 ] ::1 /cloud/index.php/Admin/Stu/stuIndex
INFO: [ app_init ] --START--
INFO: Run Behavior\BuildLiteBehavior [ RunTime:0.000011s ]
INFO: [ app_init ] --END-- [ RunTime:0.000404s ]
INFO: [ app_begin ] --START--
INFO: Run Behavior\ReadHtmlCacheBehavior [ RunTime:0.000447s ]
INFO: [ app_begin ] --END-- [ RunTime:0.000487s ]
SQL: SHOW COLUMNS FROM `cl_user` [ RunTime:0.0067s ]
NOTIC: [8] Undefined index: flag F:\phpStudy\WWW\cloud\Application\Admin\Controller\StuController.class.php 第 8 行.
SQL: SELECT `id`,`username`,`netname` FROM `cl_user` WHERE ( class='1' ) LIMIT 8   [ RunTime:0.0007s ]
INFO: [ view_parse ] --START--
INFO: [ template_filter ] --START--
INFO: Run Behavior\ContentReplaceBehavior [ RunTime:0.000446s ]
INFO: [ template_filter ] --END-- [ RunTime:0.000633s ]
INFO: Run Behavior\ParseTemplateBehavior [ RunTime:0.027075s ]
INFO: [ view_parse ] --END-- [ RunTime:0.027228s ]
INFO: [ view_filter ] --START--
INFO: Run Behavior\WriteHtmlCacheBehavior [ RunTime:0.000644s ]
INFO: [ view_filter ] --END-- [ RunTime:0.000742s ]
INFO: [ app_end ] --START--
INFO: Run Behavior\ShowPageTraceBehavior [ RunTime:0.002550s ]
INFO: [ app_end ] --END-- [ RunTime:0.002728s ]

[ 2017-10-14T22:52:14+08:00 ] ::1 /cloud/index.php/Admin/Stu/stuIndex
INFO: [ app_init ] --START--
INFO: Run Behavior\BuildLiteBehavior [ RunTime:0.000016s ]
INFO: [ app_init ] --END-- [ RunTime:0.000480s ]
INFO: [ app_begin ] --START--
INFO: Run Behavior\ReadHtmlCacheBehavior [ RunTime:0.001981s ]
INFO: [ app_begin ] --END-- [ RunTime:0.002095s ]
SQL: SHOW COLUMNS FROM `cl_user` [ RunTime:0.0080s ]
NOTIC: [8] Undefined index: flag F:\phpStudy\WWW\cloud\Application\Admin\Controller\StuController.class.php 第 8 行.
SQL: SELECT `id`,`username`,`netname` FROM `cl_user` WHERE ( class='1' ) LIMIT 8   [ RunTime:0.0007s ]
INFO: [ view_parse ] --START--
INFO: [ template_filter ] --START--
INFO: Run Behavior\ContentReplaceBehavior [ RunTime:0.000504s ]
INFO: [ template_filter ] --END-- [ RunTime:0.000706s ]
INFO: Run Behavior\ParseTemplateBehavior [ RunTime:0.028307s ]
INFO: [ view_parse ] --END-- [ RunTime:0.028405s ]
INFO: [ view_filter ] --START--
INFO: Run Behavior\WriteHtmlCacheBehavior [ RunTime:0.000458s ]
INFO: [ view_filter ] --END-- [ RunTime:0.000518s ]
INFO: [ app_end ] --START--
INFO: Run Behavior\ShowPageTraceBehavior [ RunTime:0.000770s ]
INFO: [ app_end ] --END-- [ RunTime:0.000843s ]

[ 2017-10-14T22:52:20+08:00 ] ::1 /cloud/index.php/Admin/Stu/stuIndex/flag/1
INFO: [ app_init ] --START--
INFO: Run Behavior\BuildLiteBehavior [ RunTime:0.000010s ]
INFO: [ app_init ] --END-- [ RunTime:0.000390s ]
INFO: [ app_begin ] --START--
INFO: Run Behavior\ReadHtmlCacheBehavior [ RunTime:0.000456s ]
INFO: [ app_begin ] --END-- [ RunTime:0.000506s ]
SQL: SHOW COLUMNS FROM `cl_user` [ RunTime:0.0074s ]
SQL: SELECT `id`,`username`,`netname` FROM `cl_user` WHERE ( class='1' ) LIMIT 8   [ RunTime:0.0008s ]
INFO: [ view_parse ] --START--
INFO: [ template_filter ] --START--
INFO: Run Behavior\ContentReplaceBehavior [ RunTime:0.000163s ]
INFO: [ template_filter ] --END-- [ RunTime:0.000237s ]
INFO: Run Behavior\ParseTemplateBehavior [ RunTime:0.019310s ]
INFO: [ view_parse ] --END-- [ RunTime:0.019428s ]
INFO: [ view_filter ] --START--
INFO: Run Behavior\WriteHtmlCacheBehavior [ RunTime:0.000481s ]
INFO: [ view_filter ] --END-- [ RunTime:0.000559s ]
INFO: [ app_end ] --START--
INFO: Run Behavior\ShowPageTraceBehavior [ RunTime:0.000934s ]
INFO: [ app_end ] --END-- [ RunTime:0.001024s ]

[ 2017-10-14T22:52:23+08:00 ] ::1 /cloud/index.php/Admin/Stu/stuIndex/flag/2
INFO: [ app_init ] --START--
INFO: Run Behavior\BuildLiteBehavior [ RunTime:0.000012s ]
INFO: [ app_init ] --END-- [ RunTime:0.000394s ]
INFO: [ app_begin ] --START--
INFO: Run Behavior\ReadHtmlCacheBehavior [ RunTime:0.000430s ]
INFO: [ app_begin ] --END-- [ RunTime:0.000473s ]
SQL: SHOW COLUMNS FROM `cl_user` [ RunTime:0.0066s ]
SQL: SELECT `id`,`username`,`netname` FROM `cl_user` WHERE ( class='2' ) LIMIT 8   [ RunTime:0.0007s ]
INFO: [ view_parse ] --START--
INFO: [ template_filter ] --START--
INFO: Run Behavior\ContentReplaceBehavior [ RunTime:0.000289s ]
INFO: [ template_filter ] --END-- [ RunTime:0.000405s ]
INFO: Run Behavior\ParseTemplateBehavior [ RunTime:0.024551s ]
INFO: [ view_parse ] --END-- [ RunTime:0.024678s ]
INFO: [ view_filter ] --START--
INFO: Run Behavior\WriteHtmlCacheBehavior [ RunTime:0.000681s ]
INFO: [ view_filter ] --END-- [ RunTime:0.000785s ]
INFO: [ app_end ] --START--
INFO: Run Behavior\ShowPageTraceBehavior [ RunTime:0.001178s ]
INFO: [ app_end ] --END-- [ RunTime:0.001296s ]

[ 2017-10-14T22:52:27+08:00 ] ::1 /cloud/index.php/Admin/Stu/stuIndex/flag/1
INFO: [ app_init ] --START--
INFO: Run Behavior\BuildLiteBehavior [ RunTime:0.000011s ]
INFO: [ app_init ] --END-- [ RunTime:0.000328s ]
INFO: [ app_begin ] --START--
INFO: Run Behavior\ReadHtmlCacheBehavior [ RunTime:0.000419s ]
INFO: [ app_begin ] --END-- [ RunTime:0.000464s ]
SQL: SHOW COLUMNS FROM `cl_user` [ RunTime:0.0076s ]
SQL: SELECT `id`,`username`,`netname` FROM `cl_user` WHERE ( class='1' ) LIMIT 8   [ RunTime:0.0007s ]
INFO: [ view_parse ] --START--
INFO: [ template_filter ] --START--
INFO: Run Behavior\ContentReplaceBehavior [ RunTime:0.000274s ]
INFO: [ template_filter ] --END-- [ RunTime:0.000386s ]
INFO: Run Behavior\ParseTemplateBehavior [ RunTime:0.023371s ]
INFO: [ view_parse ] --END-- [ RunTime:0.023510s ]
INFO: [ view_filter ] --START--
INFO: Run Behavior\WriteHtmlCacheBehavior [ RunTime:0.000690s ]
INFO: [ view_filter ] --END-- [ RunTime:0.000793s ]
INFO: [ app_end ] --START--
INFO: Run Behavior\ShowPageTraceBehavior [ RunTime:0.001304s ]
INFO: [ app_end ] --END-- [ RunTime:0.001425s ]

[ 2017-10-14T22:52:38+08:00 ] ::1 /cloud/index.php/admin/login/end
INFO: [ app_init ] --START--
INFO: Run Behavior\BuildLiteBehavior [ RunTime:0.000015s ]
INFO: [ app_init ] --END-- [ RunTime:0.000396s ]
INFO: [ app_begin ] --START--
INFO: Run Behavior\ReadHtmlCacheBehavior [ RunTime:0.000437s ]
INFO: [ app_begin ] --END-- [ RunTime:0.000487s ]

[ 2017-10-14T22:52:38+08:00 ] ::1 /cloud/index.php/Admin/Login/login.html
INFO: [ app_init ] --START--
INFO: Run Behavior\BuildLiteBehavior [ RunTime:0.000011s ]
INFO: [ app_init ] --END-- [ RunTime:0.000394s ]
INFO: [ app_begin ] --START--
INFO: Run Behavior\ReadHtmlCacheBehavior [ RunTime:0.000457s ]
INFO: [ app_begin ] --END-- [ RunTime:0.000498s ]
INFO: [ view_parse ] --START--
INFO: [ template_filter ] --START--
INFO: Run Behavior\ContentReplaceBehavior [ RunTime:0.000095s ]
INFO: [ template_filter ] --END-- [ RunTime:0.000159s ]
INFO: Run Behavior\ParseTemplateBehavior [ RunTime:0.007158s ]
INFO: [ view_parse ] --END-- [ RunTime:0.007206s ]
INFO: [ view_filter ] --START--
INFO: Run Behavior\WriteHtmlCacheBehavior [ RunTime:0.000230s ]
INFO: [ view_filter ] --END-- [ RunTime:0.000262s ]
INFO: [ app_end ] --START--
INFO: Run Behavior\ShowPageTraceBehavior [ RunTime:0.000477s ]
INFO: [ app_end ] --END-- [ RunTime:0.000515s ]

[ 2017-10-14T22:52:51+08:00 ] ::1 /cloud/index.php/Admin/Login/login
INFO: [ app_init ] --START--
INFO: Run Behavior\BuildLiteBehavior [ RunTime:0.000012s ]
INFO: [ app_init ] --END-- [ RunTime:0.000426s ]
INFO: [ app_begin ] --START--
INFO: Run Behavior\ReadHtmlCacheBehavior [ RunTime:0.000458s ]
INFO: [ app_begin ] --END-- [ RunTime:0.000511s ]
SQL: SHOW COLUMNS FROM `cl_user` [ RunTime:0.0073s ]
SQL: SELECT `username`,`level` FROM `cl_user` WHERE ( username='aaa' and password='123456' ) LIMIT 1   [ RunTime:0.0008s ]
INFO: [ view_parse ] --START--
INFO: [ template_filter ] --START--
INFO: Run Behavior\ContentReplaceBehavior [ RunTime:0.000249s ]
INFO: [ template_filter ] --END-- [ RunTime:0.000396s ]
INFO: Run Behavior\ParseTemplateBehavior [ RunTime:0.022864s ]
INFO: [ view_parse ] --END-- [ RunTime:0.023006s ]
INFO: [ view_filter ] --START--
INFO: Run Behavior\WriteHtmlCacheBehavior [ RunTime:0.000844s ]
INFO: [ view_filter ] --END-- [ RunTime:0.000950s ]
INFO: [ app_end ] --START--
INFO: Run Behavior\ShowPageTraceBehavior [ RunTime:0.001378s ]
INFO: [ app_end ] --END-- [ RunTime:0.001497s ]

[ 2017-10-14T22:52:57+08:00 ] ::1 /cloud/index.php/Admin/Login/login
INFO: [ app_init ] --START--
INFO: Run Behavior\BuildLiteBehavior [ RunTime:0.000012s ]
INFO: [ app_init ] --END-- [ RunTime:0.000415s ]
INFO: [ app_begin ] --START--
INFO: Run Behavior\ReadHtmlCacheBehavior [ RunTime:0.000646s ]
INFO: [ app_begin ] --END-- [ RunTime:0.000719s ]
SQL: SHOW COLUMNS FROM `cl_user` [ RunTime:0.0074s ]
SQL: SELECT `username`,`level` FROM `cl_user` WHERE ( username='aaa' and password='123456' ) LIMIT 1   [ RunTime:0.0007s ]
INFO: [ view_parse ] --START--
INFO: [ template_filter ] --START--
INFO: Run Behavior\ContentReplaceBehavior [ RunTime:0.000203s ]
INFO: [ template_filter ] --END-- [ RunTime:0.000317s ]
INFO: Run Behavior\ParseTemplateBehavior [ RunTime:0.021070s ]
INFO: [ view_parse ] --END-- [ RunTime:0.021194s ]
INFO: [ view_filter ] --START--
INFO: Run Behavior\WriteHtmlCacheBehavior [ RunTime:0.000770s ]
INFO: [ view_filter ] --END-- [ RunTime:0.000880s ]
INFO: [ app_end ] --START--
INFO: Run Behavior\ShowPageTraceBehavior [ RunTime:0.001327s ]
INFO: [ app_end ] --END-- [ RunTime:0.001489s ]

[ 2017-10-14T22:53:01+08:00 ] ::1 /cloud/index.php/Admin/Login/login
INFO: [ app_init ] --START--
INFO: Run Behavior\BuildLiteBehavior [ RunTime:0.000011s ]
INFO: [ app_init ] --END-- [ RunTime:0.000333s ]
INFO: [ app_begin ] --START--
INFO: Run Behavior\ReadHtmlCacheBehavior [ RunTime:0.000388s ]
INFO: [ app_begin ] --END-- [ RunTime:0.000431s ]
SQL: SHOW COLUMNS FROM `cl_user` [ RunTime:0.0037s ]
SQL: SELECT `username`,`level` FROM `cl_user` WHERE ( username='aa' and password='123456' ) LIMIT 1   [ RunTime:0.0003s ]
INFO: [ view_parse ] --START--
INFO: [ template_filter ] --START--
INFO: Run Behavior\ContentReplaceBehavior [ RunTime:0.000067s ]
INFO: [ template_filter ] --END-- [ RunTime:0.000107s ]
INFO: Run Behavior\ParseTemplateBehavior [ RunTime:0.007098s ]
INFO: [ view_parse ] --END-- [ RunTime:0.007148s ]
INFO: [ view_filter ] --START--
INFO: Run Behavior\WriteHtmlCacheBehavior [ RunTime:0.000291s ]
INFO: [ view_filter ] --END-- [ RunTime:0.000323s ]
INFO: [ app_end ] --START--
INFO: Run Behavior\ShowPageTraceBehavior [ RunTime:0.000414s ]
INFO: [ app_end ] --END-- [ RunTime:0.000452s ]

[ 2017-10-14T22:54:45+08:00 ] ::1 /cloud/index.php/Admin/Login/login
INFO: [ app_init ] --START--
INFO: Run Behavior\BuildLiteBehavior [ RunTime:0.000012s ]
INFO: [ app_init ] --END-- [ RunTime:0.000328s ]
INFO: [ app_begin ] --START--
INFO: Run Behavior\ReadHtmlCacheBehavior [ RunTime:0.000388s ]
INFO: [ app_begin ] --END-- [ RunTime:0.000432s ]
SQL: SHOW COLUMNS FROM `cl_user` [ RunTime:0.0081s ]
SQL: SELECT `username`,`level` FROM `cl_user` WHERE ( username='aa' and password='123456' ) LIMIT 1   [ RunTime:0.0007s ]
INFO: [ view_parse ] --START--
INFO: [ template_filter ] --START--
INFO: Run Behavior\ContentReplaceBehavior [ RunTime:0.000115s ]
INFO: [ template_filter ] --END-- [ RunTime:0.000182s ]
INFO: Run Behavior\ParseTemplateBehavior [ RunTime:0.022383s ]
INFO: [ view_parse ] --END-- [ RunTime:0.022471s ]
INFO: [ view_filter ] --START--
INFO: Run Behavior\WriteHtmlCacheBehavior [ RunTime:0.000355s ]
INFO: [ view_filter ] --END-- [ RunTime:0.000416s ]
INFO: [ app_end ] --START--
INFO: Run Behavior\ShowPageTraceBehavior [ RunTime:0.000991s ]
INFO: [ app_end ] --END-- [ RunTime:0.001084s ]

[ 2017-10-14T22:54:49+08:00 ] ::1 /cloud/index.php/Admin/Login/login
INFO: [ app_init ] --START--
INFO: Run Behavior\BuildLiteBehavior [ RunTime:0.000012s ]
INFO: [ app_init ] --END-- [ RunTime:0.000443s ]
INFO: [ app_begin ] --START--
INFO: Run Behavior\ReadHtmlCacheBehavior [ RunTime:0.000456s ]
INFO: [ app_begin ] --END-- [ RunTime:0.000499s ]
SQL: SHOW COLUMNS FROM `cl_user` [ RunTime:0.0072s ]
SQL: SELECT `username`,`level` FROM `cl_user` WHERE ( username='aaa' and password='123456' ) LIMIT 1   [ RunTime:0.0007s ]
INFO: [ view_parse ] --START--
INFO: [ template_filter ] --START--
INFO: Run Behavior\ContentReplaceBehavior [ RunTime:0.000207s ]
INFO: [ template_filter ] --END-- [ RunTime:0.000323s ]
INFO: Run Behavior\ParseTemplateBehavior [ RunTime:0.021555s ]
INFO: [ view_parse ] --END-- [ RunTime:0.021677s ]
INFO: [ view_filter ] --START--
INFO: Run Behavior\WriteHtmlCacheBehavior [ RunTime:0.000683s ]
INFO: [ view_filter ] --END-- [ RunTime:0.000787s ]
INFO: [ app_end ] --START--
INFO: Run Behavior\ShowPageTraceBehavior [ RunTime:0.001494s ]
INFO: [ app_end ] --END-- [ RunTime:0.001636s ]

[ 2017-10-14T22:55:10+08:00 ] ::1 /cloud/index.php/Admin/Login/login
INFO: [ app_init ] --START--
INFO: Run Behavior\BuildLiteBehavior [ RunTime:0.000012s ]
INFO: [ app_init ] --END-- [ RunTime:0.000395s ]
INFO: [ app_begin ] --START--
INFO: Run Behavior\ReadHtmlCacheBehavior [ RunTime:0.000599s ]
INFO: [ app_begin ] --END-- [ RunTime:0.000699s ]
SQL: SHOW COLUMNS FROM `cl_user` [ RunTime:0.0078s ]
SQL: SELECT `username`,`level` FROM `cl_user` WHERE ( username='php' and password='123456' ) LIMIT 1   [ RunTime:0.0008s ]

[ 2017-10-14T22:55:11+08:00 ] ::1 /cloud/index.php/Admin/Stu/persInfo.html
INFO: [ app_init ] --START--
INFO: Run Behavior\BuildLiteBehavior [ RunTime:0.000018s ]
INFO: [ app_init ] --END-- [ RunTime:0.000603s ]
INFO: [ app_begin ] --START--
INFO: Run Behavior\ReadHtmlCacheBehavior [ RunTime:0.000693s ]
INFO: [ app_begin ] --END-- [ RunTime:0.000762s ]
SQL: SHOW COLUMNS FROM `cl_user` [ RunTime:0.0087s ]
SQL: SELECT `netname`,`netdescribt`,`phnumber`,`qq`,`perdescribt` FROM `cl_user` WHERE ( username='php' ) LIMIT 1   [ RunTime:0.0007s ]
INFO: [ view_parse ] --START--
INFO: [ template_filter ] --START--
INFO: Run Behavior\ContentReplaceBehavior [ RunTime:0.000283s ]
INFO: [ template_filter ] --END-- [ RunTime:0.000406s ]
INFO: Run Behavior\ParseTemplateBehavior [ RunTime:0.025787s ]
INFO: [ view_parse ] --END-- [ RunTime:0.025926s ]
INFO: [ view_filter ] --START--
INFO: Run Behavior\WriteHtmlCacheBehavior [ RunTime:0.000779s ]
INFO: [ view_filter ] --END-- [ RunTime:0.000842s ]
INFO: [ app_end ] --START--
INFO: Run Behavior\ShowPageTraceBehavior [ RunTime:0.001008s ]
INFO: [ app_end ] --END-- [ RunTime:0.001094s ]

[ 2017-10-14T22:55:36+08:00 ] ::1 /cloud/index.php/Admin/Stu/upNet
INFO: [ app_init ] --START--
INFO: Run Behavior\BuildLiteBehavior [ RunTime:0.000012s ]
INFO: [ app_init ] --END-- [ RunTime:0.000435s ]
INFO: [ app_begin ] --START--
INFO: Run Behavior\ReadHtmlCacheBehavior [ RunTime:0.000749s ]
INFO: [ app_begin ] --END-- [ RunTime:0.000858s ]
SQL: SHOW COLUMNS FROM `cl_user` [ RunTime:0.0072s ]
SQL: UPDATE `cl_user` SET `netname`='pppp',`netdescribt`='pppwangzhan' WHERE ( username='php' ) [ RunTime:0.0007s ]
INFO: [ app_end ] --START--
INFO: Run Behavior\ShowPageTraceBehavior [ RunTime:0.000509s ]
INFO: [ app_end ] --END-- [ RunTime:0.000585s ]

[ 2017-10-14T22:55:38+08:00 ] ::1 /cloud/index.php/Admin/Stu/persInfo.html
INFO: [ app_init ] --START--
INFO: Run Behavior\BuildLiteBehavior [ RunTime:0.000013s ]
INFO: [ app_init ] --END-- [ RunTime:0.000562s ]
INFO: [ app_begin ] --START--
INFO: Run Behavior\ReadHtmlCacheBehavior [ RunTime:0.000430s ]
INFO: [ app_begin ] --END-- [ RunTime:0.000484s ]
SQL: SHOW COLUMNS FROM `cl_user` [ RunTime:0.0099s ]
SQL: SELECT `netname`,`netdescribt`,`phnumber`,`qq`,`perdescribt` FROM `cl_user` WHERE ( username='php' ) LIMIT 1   [ RunTime:0.0005s ]
INFO: [ view_parse ] --START--
INFO: [ template_filter ] --START--
INFO: Run Behavior\ContentReplaceBehavior [ RunTime:0.000177s ]
INFO: [ template_filter ] --END-- [ RunTime:0.000259s ]
INFO: Run Behavior\ParseTemplateBehavior [ RunTime:0.017121s ]
INFO: [ view_parse ] --END-- [ RunTime:0.017201s ]
INFO: [ view_filter ] --START--
INFO: Run Behavior\WriteHtmlCacheBehavior [ RunTime:0.000494s ]
INFO: [ view_filter ] --END-- [ RunTime:0.000573s ]
INFO: [ app_end ] --START--
INFO: Run Behavior\ShowPageTraceBehavior [ RunTime:0.001358s ]
INFO: [ app_end ] --END-- [ RunTime:0.001479s ]

[ 2017-10-14T22:55:46+08:00 ] ::1 /cloud/index.php/admin/stu/stuMessage
INFO: [ app_init ] --START--
INFO: Run Behavior\BuildLiteBehavior [ RunTime:0.000011s ]
INFO: [ app_init ] --END-- [ RunTime:0.000336s ]
INFO: [ app_begin ] --START--
INFO: Run Behavior\ReadHtmlCacheBehavior [ RunTime:0.000466s ]
INFO: [ app_begin ] --END-- [ RunTime:0.000527s ]
SQL: SHOW COLUMNS FROM `cl_user` [ RunTime:0.0078s ]
SQL: SELECT `username`,`netname`,`netdescribt` FROM `cl_user` WHERE ( username='php' ) LIMIT 1   [ RunTime:0.0008s ]
INFO: [ view_parse ] --START--
INFO: [ template_filter ] --START--
INFO: Run Behavior\ContentReplaceBehavior [ RunTime:0.000223s ]
INFO: [ template_filter ] --END-- [ RunTime:0.000306s ]
INFO: Run Behavior\ParseTemplateBehavior [ RunTime:0.022659s ]
INFO: [ view_parse ] --END-- [ RunTime:0.022789s ]
INFO: [ view_filter ] --START--
INFO: Run Behavior\WriteHtmlCacheBehavior [ RunTime:0.000432s ]
INFO: [ view_filter ] --END-- [ RunTime:0.000492s ]
INFO: [ app_end ] --START--
INFO: Run Behavior\ShowPageTraceBehavior [ RunTime:0.000943s ]
INFO: [ app_end ] --END-- [ RunTime:0.001035s ]

[ 2017-10-14T22:55:50+08:00 ] ::1 /cloud/index.php/Admin/Stu/stuIndex
INFO: [ app_init ] --START--
INFO: Run Behavior\BuildLiteBehavior [ RunTime:0.000011s ]
INFO: [ app_init ] --END-- [ RunTime:0.000400s ]
INFO: [ app_begin ] --START--
INFO: Run Behavior\ReadHtmlCacheBehavior [ RunTime:0.000445s ]
INFO: [ app_begin ] --END-- [ RunTime:0.000484s ]
SQL: SHOW COLUMNS FROM `cl_user` [ RunTime:0.0069s ]
NOTIC: [8] Undefined index: flag F:\phpStudy\WWW\cloud\Application\Admin\Controller\StuController.class.php 第 8 行.
SQL: SELECT `id`,`username`,`netname` FROM `cl_user` WHERE ( class='1' ) LIMIT 8   [ RunTime:0.0007s ]
INFO: [ view_parse ] --START--
INFO: [ template_filter ] --START--
INFO: Run Behavior\ContentReplaceBehavior [ RunTime:0.000160s ]
INFO: [ template_filter ] --END-- [ RunTime:0.000233s ]
INFO: Run Behavior\ParseTemplateBehavior [ RunTime:0.015802s ]
INFO: [ view_parse ] --END-- [ RunTime:0.015918s ]
INFO: [ view_filter ] --START--
INFO: Run Behavior\WriteHtmlCacheBehavior [ RunTime:0.000416s ]
INFO: [ view_filter ] --END-- [ RunTime:0.000486s ]
INFO: [ app_end ] --START--
INFO: Run Behavior\ShowPageTraceBehavior [ RunTime:0.000958s ]
INFO: [ app_end ] --END-- [ RunTime:0.001051s ]

[ 2017-10-14T22:56:27+08:00 ] ::1 /cloud/index.php/Admin/Stu/stuIndex/flag/2
INFO: [ app_init ] --START--
INFO: Run Behavior\BuildLiteBehavior [ RunTime:0.000011s ]
INFO: [ app_init ] --END-- [ RunTime:0.000347s ]
INFO: [ app_begin ] --START--
INFO: Run Behavior\ReadHtmlCacheBehavior [ RunTime:0.000438s ]
INFO: [ app_begin ] --END-- [ RunTime:0.000489s ]
SQL: SHOW COLUMNS FROM `cl_user` [ RunTime:0.0091s ]
SQL: SELECT `id`,`username`,`netname` FROM `cl_user` WHERE ( class='2' ) LIMIT 8   [ RunTime:0.0010s ]
INFO: [ view_parse ] --START--
INFO: [ template_filter ] --START--
INFO: Run Behavior\ContentReplaceBehavior [ RunTime:0.000151s ]
INFO: [ template_filter ] --END-- [ RunTime:0.000219s ]
INFO: Run Behavior\ParseTemplateBehavior [ RunTime:0.026135s ]
INFO: [ view_parse ] --END-- [ RunTime:0.026261s ]
INFO: [ view_filter ] --START--
INFO: Run Behavior\WriteHtmlCacheBehavior [ RunTime:0.000398s ]
INFO: [ view_filter ] --END-- [ RunTime:0.000452s ]
INFO: [ app_end ] --START--
INFO: Run Behavior\ShowPageTraceBehavior [ RunTime:0.000905s ]
INFO: [ app_end ] --END-- [ RunTime:0.001011s ]

[ 2017-10-14T22:58:12+08:00 ] ::1 /cloud/index.php/Admin/Stu/stuIndex/flag/2
INFO: [ app_init ] --START--
INFO: Run Behavior\BuildLiteBehavior [ RunTime:0.000021s ]
INFO: [ app_init ] --END-- [ RunTime:0.000912s ]
INFO: [ app_begin ] --START--
INFO: Run Behavior\ReadHtmlCacheBehavior [ RunTime:0.001644s ]
INFO: [ app_begin ] --END-- [ RunTime:0.001771s ]
SQL: SHOW COLUMNS FROM `cl_user` [ RunTime:0.0026s ]
SQL: SELECT `id`,`username`,`netname` FROM `cl_user` WHERE ( class='2' ) LIMIT 8   [ RunTime:0.0003s ]
INFO: [ view_parse ] --START--
INFO: [ template_filter ] --START--
INFO: Run Behavior\ContentReplaceBehavior [ RunTime:0.000081s ]
INFO: [ template_filter ] --END-- [ RunTime:0.000120s ]
INFO: Run Behavior\ParseTemplateBehavior [ RunTime:0.017370s ]
INFO: [ view_parse ] --END-- [ RunTime:0.017421s ]
INFO: [ view_filter ] --START--
INFO: Run Behavior\WriteHtmlCacheBehavior [ RunTime:0.000492s ]
INFO: [ view_filter ] --END-- [ RunTime:0.000523s ]
INFO: [ app_end ] --START--
INFO: Run Behavior\ShowPageTraceBehavior [ RunTime:0.000766s ]
INFO: [ app_end ] --END-- [ RunTime:0.000825s ]

[ 2017-10-14T22:58:18+08:00 ] ::1 /cloud/index.php/Admin/Stu/stuIndex/flag/1
INFO: [ app_init ] --START--
INFO: Run Behavior\BuildLiteBehavior [ RunTime:0.000015s ]
INFO: [ app_init ] --END-- [ RunTime:0.000586s ]
INFO: [ app_begin ] --START--
INFO: Run Behavior\ReadHtmlCacheBehavior [ RunTime:0.001413s ]
INFO: [ app_begin ] --END-- [ RunTime:0.001575s ]
SQL: SHOW COLUMNS FROM `cl_user` [ RunTime:0.0075s ]
SQL: SELECT `id`,`username`,`netname` FROM `cl_user` WHERE ( class='1' ) LIMIT 8   [ RunTime:0.0007s ]
INFO: [ view_parse ] --START--
INFO: [ template_filter ] --START--
INFO: Run Behavior\ContentReplaceBehavior [ RunTime:0.000283s ]
INFO: [ template_filter ] --END-- [ RunTime:0.000403s ]
INFO: Run Behavior\ParseTemplateBehavior [ RunTime:0.028683s ]
INFO: [ view_parse ] --END-- [ RunTime:0.028779s ]
INFO: [ view_filter ] --START--
INFO: Run Behavior\WriteHtmlCacheBehavior [ RunTime:0.000753s ]
INFO: [ view_filter ] --END-- [ RunTime:0.000812s ]
INFO: [ app_end ] --START--
INFO: Run Behavior\ShowPageTraceBehavior [ RunTime:0.001113s ]
INFO: [ app_end ] --END-- [ RunTime:0.001185s ]

[ 2017-10-14T22:58:21+08:00 ] ::1 /cloud/index.php/Admin/Stu/stuIndex/flag/1
INFO: [ app_init ] --START--
INFO: Run Behavior\BuildLiteBehavior [ RunTime:0.000015s ]
INFO: [ app_init ] --END-- [ RunTime:0.000637s ]
INFO: [ app_begin ] --START--
INFO: Run Behavior\ReadHtmlCacheBehavior [ RunTime:0.000719s ]
INFO: [ app_begin ] --END-- [ RunTime:0.000778s ]
SQL: SHOW COLUMNS FROM `cl_user` [ RunTime:0.0063s ]
SQL: SELECT `id`,`username`,`netname` FROM `cl_user` WHERE ( class='1' ) LIMIT 8   [ RunTime:0.0006s ]
INFO: [ view_parse ] --START--
INFO: [ template_filter ] --START--
INFO: Run Behavior\ContentReplaceBehavior [ RunTime:0.000104s ]
INFO: [ template_filter ] --END-- [ RunTime:0.000175s ]
INFO: Run Behavior\ParseTemplateBehavior [ RunTime:0.016784s ]
INFO: [ view_parse ] --END-- [ RunTime:0.016864s ]
INFO: [ view_filter ] --START--
INFO: Run Behavior\WriteHtmlCacheBehavior [ RunTime:0.000451s ]
INFO: [ view_filter ] --END-- [ RunTime:0.000482s ]
INFO: [ app_end ] --START--
INFO: Run Behavior\ShowPageTraceBehavior [ RunTime:0.000659s ]
INFO: [ app_end ] --END-- [ RunTime:0.000702s ]

[ 2017-10-14T22:58:24+08:00 ] ::1 /cloud/index.php/Admin/Stu/stuIndex/flag/2
INFO: [ app_init ] --START--
INFO: Run Behavior\BuildLiteBehavior [ RunTime:0.000013s ]
INFO: [ app_init ] --END-- [ RunTime:0.000433s ]
INFO: [ app_begin ] --START--
INFO: Run Behavior\ReadHtmlCacheBehavior [ RunTime:0.000949s ]
INFO: [ app_begin ] --END-- [ RunTime:0.001021s ]
SQL: SHOW COLUMNS FROM `cl_user` [ RunTime:0.0028s ]
SQL: SELECT `id`,`username`,`netname` FROM `cl_user` WHERE ( class='2' ) LIMIT 8   [ RunTime:0.0003s ]
INFO: [ view_parse ] --START--
INFO: [ template_filter ] --START--
INFO: Run Behavior\ContentReplaceBehavior [ RunTime:0.000087s ]
INFO: [ template_filter ] --END-- [ RunTime:0.000126s ]
INFO: Run Behavior\ParseTemplateBehavior [ RunTime:0.009623s ]
INFO: [ view_parse ] --END-- [ RunTime:0.009670s ]
INFO: [ view_filter ] --START--
INFO: Run Behavior\WriteHtmlCacheBehavior [ RunTime:0.000439s ]
INFO: [ view_filter ] --END-- [ RunTime:0.000470s ]
INFO: [ app_end ] --START--
INFO: Run Behavior\ShowPageTraceBehavior [ RunTime:0.000637s ]
INFO: [ app_end ] --END-- [ RunTime:0.000678s ]

[ 2017-10-14T22:58:27+08:00 ] ::1 /cloud/index.php/Admin/Stu/stuIndex/flag/1
INFO: [ app_init ] --START--
INFO: Run Behavior\BuildLiteBehavior [ RunTime:0.000017s ]
INFO: [ app_init ] --END-- [ RunTime:0.000676s ]
INFO: [ app_begin ] --START--
INFO: Run Behavior\ReadHtmlCacheBehavior [ RunTime:0.000717s ]
INFO: [ app_begin ] --END-- [ RunTime:0.000766s ]
SQL: SHOW COLUMNS FROM `cl_user` [ RunTime:0.0050s ]
SQL: SELECT `id`,`username`,`netname` FROM `cl_user` WHERE ( class='1' ) LIMIT 8   [ RunTime:0.0005s ]
INFO: [ view_parse ] --START--
INFO: [ template_filter ] --START--
INFO: Run Behavior\ContentReplaceBehavior [ RunTime:0.000104s ]
INFO: [ template_filter ] --END-- [ RunTime:0.000152s ]
INFO: Run Behavior\ParseTemplateBehavior [ RunTime:0.018716s ]
INFO: [ view_parse ] --END-- [ RunTime:0.018782s ]
INFO: [ view_filter ] --START--
INFO: Run Behavior\WriteHtmlCacheBehavior [ RunTime:0.000464s ]
INFO: [ view_filter ] --END-- [ RunTime:0.000496s ]
INFO: [ app_end ] --START--
INFO: Run Behavior\ShowPageTraceBehavior [ RunTime:0.000697s ]
INFO: [ app_end ] --END-- [ RunTime:0.000741s ]

[ 2017-10-14T22:58:53+08:00 ] ::1 /cloud/index.php/Admin/Stu/stuIndex/flag/1
INFO: [ app_init ] --START--
INFO: Run Behavior\BuildLiteBehavior [ RunTime:0.000013s ]
INFO: [ app_init ] --END-- [ RunTime:0.000641s ]
INFO: [ app_begin ] --START--
INFO: Run Behavior\ReadHtmlCacheBehavior [ RunTime:0.000656s ]
INFO: [ app_begin ] --END-- [ RunTime:0.000697s ]
SQL: SHOW COLUMNS FROM `cl_user` [ RunTime:0.0078s ]
SQL: SELECT `id`,`username`,`netname` FROM `cl_user` WHERE ( class='1' ) LIMIT 8   [ RunTime:0.0007s ]
INFO: [ view_parse ] --START--
INFO: [ template_filter ] --START--
INFO: Run Behavior\ContentReplaceBehavior [ RunTime:0.000510s ]
INFO: [ template_filter ] --END-- [ RunTime:0.000686s ]
NOTIC: [8] Undefined variable: r F:\phpStudy\WWW\cloud\Application\Runtime\Cache\Admin\39f10b6cfad92beeea49645810eb5d50.php 第 280 行.
INFO: Run Behavior\ParseTemplateBehavior [ RunTime:0.030039s ]
INFO: [ view_parse ] --END-- [ RunTime:0.030156s ]
INFO: [ view_filter ] --START--
INFO: Run Behavior\WriteHtmlCacheBehavior [ RunTime:0.001366s ]
INFO: [ view_filter ] --END-- [ RunTime:0.001470s ]
INFO: [ app_end ] --START--
INFO: Run Behavior\ShowPageTraceBehavior [ RunTime:0.001977s ]
INFO: [ app_end ] --END-- [ RunTime:0.002100s ]

[ 2017-10-14T22:59:16+08:00 ] ::1 /cloud/index.php/Admin/Stu/stuIndex/flag/1
INFO: [ app_init ] --START--
INFO: Run Behavior\BuildLiteBehavior [ RunTime:0.000012s ]
INFO: [ app_init ] --END-- [ RunTime:0.000395s ]
INFO: [ app_begin ] --START--
INFO: Run Behavior\ReadHtmlCacheBehavior [ RunTime:0.000594s ]
INFO: [ app_begin ] --END-- [ RunTime:0.000651s ]
SQL: SHOW COLUMNS FROM `cl_user` [ RunTime:0.0075s ]
SQL: SELECT `id`,`username`,`netname` FROM `cl_user` WHERE ( class='1' ) LIMIT 8   [ RunTime:0.0007s ]
INFO: [ view_parse ] --START--
INFO: [ template_filter ] --START--
INFO: Run Behavior\ContentReplaceBehavior [ RunTime:0.000079s ]
INFO: [ template_filter ] --END-- [ RunTime:0.000119s ]
NOTIC: [8] Undefined variable: r F:\phpStudy\WWW\cloud\Application\Runtime\Cache\Admin\39f10b6cfad92beeea49645810eb5d50.php 第 280 行.
NOTIC: [8] Undefined variable: rusername F:\phpStudy\WWW\cloud\Application\Runtime\Cache\Admin\39f10b6cfad92beeea49645810eb5d50.php 第 281 行.
INFO: Run Behavior\ParseTemplateBehavior [ RunTime:0.033762s ]
INFO: [ view_parse ] --END-- [ RunTime:0.033828s ]
INFO: [ view_filter ] --START--
INFO: Run Behavior\WriteHtmlCacheBehavior [ RunTime:0.000393s ]
INFO: [ view_filter ] --END-- [ RunTime:0.000422s ]
INFO: [ app_end ] --START--
INFO: Run Behavior\ShowPageTraceBehavior [ RunTime:0.000580s ]
INFO: [ app_end ] --END-- [ RunTime:0.000623s ]

[ 2017-10-14T22:59:28+08:00 ] ::1 /cloud/index.php/Admin/Stu/stuMessage/id/1
INFO: [ app_init ] --START--
INFO: Run Behavior\BuildLiteBehavior [ RunTime:0.000044s ]
INFO: [ app_init ] --END-- [ RunTime:0.001331s ]
INFO: [ app_begin ] --START--
INFO: Run Behavior\ReadHtmlCacheBehavior [ RunTime:0.000552s ]
INFO: [ app_begin ] --END-- [ RunTime:0.000598s ]
SQL: SHOW COLUMNS FROM `cl_user` [ RunTime:0.0077s ]
SQL: SELECT `username`,`netname`,`netdescribt` FROM `cl_user` WHERE ( id=1 ) LIMIT 1   [ RunTime:0.0007s ]
INFO: [ view_parse ] --START--
INFO: [ template_filter ] --START--
INFO: Run Behavior\ContentReplaceBehavior [ RunTime:0.000335s ]
INFO: [ template_filter ] --END-- [ RunTime:0.000458s ]
INFO: Run Behavior\ParseTemplateBehavior [ RunTime:0.028192s ]
INFO: [ view_parse ] --END-- [ RunTime:0.028317s ]
INFO: [ view_filter ] --START--
INFO: Run Behavior\WriteHtmlCacheBehavior [ RunTime:0.001062s ]
INFO: [ view_filter ] --END-- [ RunTime:0.001164s ]
INFO: [ app_end ] --START--
INFO: Run Behavior\ShowPageTraceBehavior [ RunTime:0.001546s ]
INFO: [ app_end ] --END-- [ RunTime:0.001660s ]

