[ 2017-10-15T10:31:40+08:00 ] ::1 /cloud/index.php/admin/login/login
INFO: [ app_init ] --START--
INFO: Run Behavior\BuildLiteBehavior [ RunTime:0.000011s ]
INFO: [ app_init ] --END-- [ RunTime:0.000407s ]
INFO: [ app_begin ] --START--
INFO: Run Behavior\ReadHtmlCacheBehavior [ RunTime:0.000433s ]
INFO: [ app_begin ] --END-- [ RunTime:0.000472s ]
INFO: [ view_parse ] --START--
INFO: [ template_filter ] --START--
INFO: Run Behavior\ContentReplaceBehavior [ RunTime:0.000068s ]
INFO: [ template_filter ] --END-- [ RunTime:0.000115s ]
INFO: Run Behavior\ParseTemplateBehavior [ RunTime:0.022138s ]
INFO: [ view_parse ] --END-- [ RunTime:0.022185s ]
INFO: [ view_filter ] --START--
INFO: Run Behavior\WriteHtmlCacheBehavior [ RunTime:0.000293s ]
INFO: [ view_filter ] --END-- [ RunTime:0.000323s ]
INFO: [ app_end ] --START--
INFO: Run Behavior\ShowPageTraceBehavior [ RunTime:0.000411s ]
INFO: [ app_end ] --END-- [ RunTime:0.000448s ]

[ 2017-10-15T10:31:45+08:00 ] ::1 /cloud/index.php/Admin/Login/login
INFO: [ app_init ] --START--
INFO: Run Behavior\BuildLiteBehavior [ RunTime:0.000010s ]
INFO: [ app_init ] --END-- [ RunTime:0.000380s ]
INFO: [ app_begin ] --START--
INFO: Run Behavior\ReadHtmlCacheBehavior [ RunTime:0.000446s ]
INFO: [ app_begin ] --END-- [ RunTime:0.000486s ]
SQL: SHOW COLUMNS FROM `cl_user` [ RunTime:0.0308s ]
SQL: SELECT `username`,`level` FROM `cl_user` WHERE ( username='叶叶' and password='123456' ) LIMIT 1   [ RunTime:0.0077s ]

[ 2017-10-15T10:31:46+08:00 ] ::1 /cloud/index.php/Admin/Stu/persInfo.html
INFO: [ app_init ] --START--
INFO: Run Behavior\BuildLiteBehavior [ RunTime:0.000010s ]
INFO: [ app_init ] --END-- [ RunTime:0.000350s ]
INFO: [ app_begin ] --START--
INFO: Run Behavior\ReadHtmlCacheBehavior [ RunTime:0.000466s ]
INFO: [ app_begin ] --END-- [ RunTime:0.000505s ]
SQL: SHOW COLUMNS FROM `cl_user` [ RunTime:0.0087s ]
SQL: SELECT `netname`,`netdescribt`,`phnumber`,`qq`,`perdescribt` FROM `cl_user` WHERE ( username='叶叶' ) LIMIT 1   [ RunTime:0.0007s ]
INFO: [ view_parse ] --START--
INFO: [ template_filter ] --START--
INFO: Run Behavior\ContentReplaceBehavior [ RunTime:0.000084s ]
INFO: [ template_filter ] --END-- [ RunTime:0.000127s ]
INFO: Run Behavior\ParseTemplateBehavior [ RunTime:0.021670s ]
INFO: [ view_parse ] --END-- [ RunTime:0.021744s ]
INFO: [ view_filter ] --START--
INFO: Run Behavior\WriteHtmlCacheBehavior [ RunTime:0.000223s ]
INFO: [ view_filter ] --END-- [ RunTime:0.000253s ]
INFO: [ app_end ] --START--
INFO: Run Behavior\ShowPageTraceBehavior [ RunTime:0.000506s ]
INFO: [ app_end ] --END-- [ RunTime:0.000556s ]

[ 2017-10-15T10:31:51+08:00 ] ::1 /cloud/index.php/Admin/Stu/servAppl
INFO: [ app_init ] --START--
INFO: Run Behavior\BuildLiteBehavior [ RunTime:0.000013s ]
INFO: [ app_init ] --END-- [ RunTime:0.000337s ]
INFO: [ app_begin ] --START--
INFO: Run Behavior\ReadHtmlCacheBehavior [ RunTime:0.000516s ]
INFO: [ app_begin ] --END-- [ RunTime:0.000568s ]
INFO: [ view_parse ] --START--
INFO: [ template_filter ] --START--
INFO: Run Behavior\ContentReplaceBehavior [ RunTime:0.000087s ]
INFO: [ template_filter ] --END-- [ RunTime:0.000137s ]
INFO: Run Behavior\ParseTemplateBehavior [ RunTime:0.011932s ]
INFO: [ view_parse ] --END-- [ RunTime:0.012001s ]
INFO: [ view_filter ] --START--
INFO: Run Behavior\WriteHtmlCacheBehavior [ RunTime:0.000233s ]
INFO: [ view_filter ] --END-- [ RunTime:0.000265s ]
INFO: [ app_end ] --START--
INFO: Run Behavior\ShowPageTraceBehavior [ RunTime:0.000479s ]
INFO: [ app_end ] --END-- [ RunTime:0.000521s ]

[ 2017-10-15T10:33:29+08:00 ] ::1 /cloud/index.php/Admin/Stu/servAppl
INFO: [ app_init ] --START--
INFO: Run Behavior\BuildLiteBehavior [ RunTime:0.000015s ]
INFO: [ app_init ] --END-- [ RunTime:0.000360s ]
INFO: [ app_begin ] --START--
INFO: Run Behavior\ReadHtmlCacheBehavior [ RunTime:0.000397s ]
INFO: [ app_begin ] --END-- [ RunTime:0.000439s ]
INFO: [ view_parse ] --START--
INFO: [ template_filter ] --START--
INFO: Run Behavior\ContentReplaceBehavior [ RunTime:0.000085s ]
INFO: [ template_filter ] --END-- [ RunTime:0.000137s ]
INFO: Run Behavior\ParseTemplateBehavior [ RunTime:0.012338s ]
INFO: [ view_parse ] --END-- [ RunTime:0.012402s ]
INFO: [ view_filter ] --START--
INFO: Run Behavior\WriteHtmlCacheBehavior [ RunTime:0.000286s ]
INFO: [ view_filter ] --END-- [ RunTime:0.000335s ]
INFO: [ app_end ] --START--
INFO: Run Behavior\ShowPageTraceBehavior [ RunTime:0.000549s ]
INFO: [ app_end ] --END-- [ RunTime:0.000606s ]

[ 2017-10-15T10:33:35+08:00 ] ::1 /cloud/index.php/Admin/Stu/persInfo
INFO: [ app_init ] --START--
INFO: Run Behavior\BuildLiteBehavior [ RunTime:0.000010s ]
INFO: [ app_init ] --END-- [ RunTime:0.000390s ]
INFO: [ app_begin ] --START--
INFO: Run Behavior\ReadHtmlCacheBehavior [ RunTime:0.000429s ]
INFO: [ app_begin ] --END-- [ RunTime:0.000468s ]
SQL: SHOW COLUMNS FROM `cl_user` [ RunTime:0.0034s ]
SQL: SELECT `netname`,`netdescribt`,`phnumber`,`qq`,`perdescribt` FROM `cl_user` WHERE ( username='叶叶' ) LIMIT 1   [ RunTime:0.0003s ]
INFO: [ view_parse ] --START--
INFO: [ template_filter ] --START--
INFO: Run Behavior\ContentReplaceBehavior [ RunTime:0.000081s ]
INFO: [ template_filter ] --END-- [ RunTime:0.000116s ]
INFO: Run Behavior\ParseTemplateBehavior [ RunTime:0.007619s ]
INFO: [ view_parse ] --END-- [ RunTime:0.007656s ]
INFO: [ view_filter ] --START--
INFO: Run Behavior\WriteHtmlCacheBehavior [ RunTime:0.000283s ]
INFO: [ view_filter ] --END-- [ RunTime:0.000313s ]
INFO: [ app_end ] --START--
INFO: Run Behavior\ShowPageTraceBehavior [ RunTime:0.000399s ]
INFO: [ app_end ] --END-- [ RunTime:0.000437s ]

[ 2017-10-15T10:33:36+08:00 ] ::1 /cloud/index.php/Admin/Stu/persInfo
INFO: [ app_init ] --START--
INFO: Run Behavior\BuildLiteBehavior [ RunTime:0.000013s ]
INFO: [ app_init ] --END-- [ RunTime:0.000327s ]
INFO: [ app_begin ] --START--
INFO: Run Behavior\ReadHtmlCacheBehavior [ RunTime:0.000444s ]
INFO: [ app_begin ] --END-- [ RunTime:0.000492s ]
SQL: SHOW COLUMNS FROM `cl_user` [ RunTime:0.0101s ]
SQL: SELECT `netname`,`netdescribt`,`phnumber`,`qq`,`perdescribt` FROM `cl_user` WHERE ( username='叶叶' ) LIMIT 1   [ RunTime:0.0007s ]
INFO: [ view_parse ] --START--
INFO: [ template_filter ] --START--
INFO: Run Behavior\ContentReplaceBehavior [ RunTime:0.000135s ]
INFO: [ template_filter ] --END-- [ RunTime:0.000200s ]
INFO: Run Behavior\ParseTemplateBehavior [ RunTime:0.021179s ]
INFO: [ view_parse ] --END-- [ RunTime:0.021264s ]
INFO: [ view_filter ] --START--
INFO: Run Behavior\WriteHtmlCacheBehavior [ RunTime:0.000407s ]
INFO: [ view_filter ] --END-- [ RunTime:0.000458s ]
INFO: [ app_end ] --START--
INFO: Run Behavior\ShowPageTraceBehavior [ RunTime:0.000616s ]
INFO: [ app_end ] --END-- [ RunTime:0.000681s ]

[ 2017-10-15T10:33:37+08:00 ] ::1 /cloud/index.php/Admin/Stu/persInfo
INFO: [ app_init ] --START--
INFO: Run Behavior\BuildLiteBehavior [ RunTime:0.000009s ]
INFO: [ app_init ] --END-- [ RunTime:0.000433s ]
INFO: [ app_begin ] --START--
INFO: Run Behavior\ReadHtmlCacheBehavior [ RunTime:0.000523s ]
INFO: [ app_begin ] --END-- [ RunTime:0.000564s ]
SQL: SHOW COLUMNS FROM `cl_user` [ RunTime:0.0089s ]
SQL: SELECT `netname`,`netdescribt`,`phnumber`,`qq`,`perdescribt` FROM `cl_user` WHERE ( username='叶叶' ) LIMIT 1   [ RunTime:0.0008s ]
INFO: [ view_parse ] --START--
INFO: [ template_filter ] --START--
INFO: Run Behavior\ContentReplaceBehavior [ RunTime:0.000200s ]
INFO: [ template_filter ] --END-- [ RunTime:0.000286s ]
INFO: Run Behavior\ParseTemplateBehavior [ RunTime:0.039743s ]
INFO: [ view_parse ] --END-- [ RunTime:0.039872s ]
INFO: [ view_filter ] --START--
INFO: Run Behavior\WriteHtmlCacheBehavior [ RunTime:0.000623s ]
INFO: [ view_filter ] --END-- [ RunTime:0.000690s ]
INFO: [ app_end ] --START--
INFO: Run Behavior\ShowPageTraceBehavior [ RunTime:0.000998s ]
INFO: [ app_end ] --END-- [ RunTime:0.001086s ]

[ 2017-10-15T10:33:38+08:00 ] ::1 /cloud/index.php/Admin/Stu/persInfo
INFO: [ app_init ] --START--
INFO: Run Behavior\BuildLiteBehavior [ RunTime:0.000011s ]
INFO: [ app_init ] --END-- [ RunTime:0.000362s ]
INFO: [ app_begin ] --START--
INFO: Run Behavior\ReadHtmlCacheBehavior [ RunTime:0.000438s ]
INFO: [ app_begin ] --END-- [ RunTime:0.000477s ]
SQL: SHOW COLUMNS FROM `cl_user` [ RunTime:0.0086s ]
SQL: SELECT `netname`,`netdescribt`,`phnumber`,`qq`,`perdescribt` FROM `cl_user` WHERE ( username='叶叶' ) LIMIT 1   [ RunTime:0.0007s ]
INFO: [ view_parse ] --START--
INFO: [ template_filter ] --START--
INFO: Run Behavior\ContentReplaceBehavior [ RunTime:0.000155s ]
INFO: [ template_filter ] --END-- [ RunTime:0.000227s ]
INFO: Run Behavior\ParseTemplateBehavior [ RunTime:0.022650s ]
INFO: [ view_parse ] --END-- [ RunTime:0.022781s ]
INFO: [ view_filter ] --START--
INFO: Run Behavior\WriteHtmlCacheBehavior [ RunTime:0.000563s ]
INFO: [ view_filter ] --END-- [ RunTime:0.000621s ]
INFO: [ app_end ] --START--
INFO: Run Behavior\ShowPageTraceBehavior [ RunTime:0.000836s ]
INFO: [ app_end ] --END-- [ RunTime:0.000909s ]

[ 2017-10-15T10:33:39+08:00 ] ::1 /cloud/index.php/Admin/Stu/persInfo
INFO: [ app_init ] --START--
INFO: Run Behavior\BuildLiteBehavior [ RunTime:0.000021s ]
INFO: [ app_init ] --END-- [ RunTime:0.000794s ]
INFO: [ app_begin ] --START--
INFO: Run Behavior\ReadHtmlCacheBehavior [ RunTime:0.001375s ]
INFO: [ app_begin ] --END-- [ RunTime:0.001503s ]
SQL: SHOW COLUMNS FROM `cl_user` [ RunTime:0.0079s ]
SQL: SELECT `netname`,`netdescribt`,`phnumber`,`qq`,`perdescribt` FROM `cl_user` WHERE ( username='叶叶' ) LIMIT 1   [ RunTime:0.0006s ]
INFO: [ view_parse ] --START--
INFO: [ template_filter ] --START--
INFO: Run Behavior\ContentReplaceBehavior [ RunTime:0.000162s ]
INFO: [ template_filter ] --END-- [ RunTime:0.000232s ]
INFO: Run Behavior\ParseTemplateBehavior [ RunTime:0.029949s ]
INFO: [ view_parse ] --END-- [ RunTime:0.030031s ]
INFO: [ view_filter ] --START--
INFO: Run Behavior\WriteHtmlCacheBehavior [ RunTime:0.000411s ]
INFO: [ view_filter ] --END-- [ RunTime:0.000459s ]
INFO: [ app_end ] --START--
INFO: Run Behavior\ShowPageTraceBehavior [ RunTime:0.000798s ]
INFO: [ app_end ] --END-- [ RunTime:0.000867s ]

[ 2017-10-15T10:33:40+08:00 ] ::1 /cloud/index.php/Admin/Stu/persInfo
INFO: [ app_init ] --START--
INFO: Run Behavior\BuildLiteBehavior [ RunTime:0.000011s ]
INFO: [ app_init ] --END-- [ RunTime:0.000418s ]
INFO: [ app_begin ] --START--
INFO: Run Behavior\ReadHtmlCacheBehavior [ RunTime:0.000505s ]
INFO: [ app_begin ] --END-- [ RunTime:0.000546s ]
SQL: SHOW COLUMNS FROM `cl_user` [ RunTime:0.0045s ]
SQL: SELECT `netname`,`netdescribt`,`phnumber`,`qq`,`perdescribt` FROM `cl_user` WHERE ( username='叶叶' ) LIMIT 1   [ RunTime:0.0003s ]
INFO: [ view_parse ] --START--
INFO: [ template_filter ] --START--
INFO: Run Behavior\ContentReplaceBehavior [ RunTime:0.000093s ]
INFO: [ template_filter ] --END-- [ RunTime:0.000134s ]
INFO: Run Behavior\ParseTemplateBehavior [ RunTime:0.016718s ]
INFO: [ view_parse ] --END-- [ RunTime:0.016766s ]
INFO: [ view_filter ] --START--
INFO: Run Behavior\WriteHtmlCacheBehavior [ RunTime:0.000284s ]
INFO: [ view_filter ] --END-- [ RunTime:0.000321s ]
INFO: [ app_end ] --START--
INFO: Run Behavior\ShowPageTraceBehavior [ RunTime:0.000575s ]
INFO: [ app_end ] --END-- [ RunTime:0.000624s ]

[ 2017-10-15T10:33:41+08:00 ] ::1 /cloud/index.php/Admin/Stu/persInfo
INFO: [ app_init ] --START--
INFO: Run Behavior\BuildLiteBehavior [ RunTime:0.000011s ]
INFO: [ app_init ] --END-- [ RunTime:0.000388s ]
INFO: [ app_begin ] --START--
INFO: Run Behavior\ReadHtmlCacheBehavior [ RunTime:0.000464s ]
INFO: [ app_begin ] --END-- [ RunTime:0.000515s ]
SQL: SHOW COLUMNS FROM `cl_user` [ RunTime:0.0055s ]
SQL: SELECT `netname`,`netdescribt`,`phnumber`,`qq`,`perdescribt` FROM `cl_user` WHERE ( username='叶叶' ) LIMIT 1   [ RunTime:0.0004s ]
INFO: [ view_parse ] --START--
INFO: [ template_filter ] --START--
INFO: Run Behavior\ContentReplaceBehavior [ RunTime:0.000152s ]
INFO: [ template_filter ] --END-- [ RunTime:0.000231s ]
INFO: Run Behavior\ParseTemplateBehavior [ RunTime:0.017864s ]
INFO: [ view_parse ] --END-- [ RunTime:0.017949s ]
INFO: [ view_filter ] --START--
INFO: Run Behavior\WriteHtmlCacheBehavior [ RunTime:0.000292s ]
INFO: [ view_filter ] --END-- [ RunTime:0.000334s ]
INFO: [ app_end ] --START--
INFO: Run Behavior\ShowPageTraceBehavior [ RunTime:0.000525s ]
INFO: [ app_end ] --END-- [ RunTime:0.000570s ]

[ 2017-10-15T10:33:42+08:00 ] ::1 /cloud/index.php/Admin/Stu/persInfo
INFO: [ app_init ] --START--
INFO: Run Behavior\BuildLiteBehavior [ RunTime:0.000010s ]
INFO: [ app_init ] --END-- [ RunTime:0.000400s ]
INFO: [ app_begin ] --START--
INFO: Run Behavior\ReadHtmlCacheBehavior [ RunTime:0.000454s ]
INFO: [ app_begin ] --END-- [ RunTime:0.000493s ]
SQL: SHOW COLUMNS FROM `cl_user` [ RunTime:0.0031s ]
SQL: SELECT `netname`,`netdescribt`,`phnumber`,`qq`,`perdescribt` FROM `cl_user` WHERE ( username='叶叶' ) LIMIT 1   [ RunTime:0.0003s ]
INFO: [ view_parse ] --START--
INFO: [ template_filter ] --START--
INFO: Run Behavior\ContentReplaceBehavior [ RunTime:0.000093s ]
INFO: [ template_filter ] --END-- [ RunTime:0.000139s ]
INFO: Run Behavior\ParseTemplateBehavior [ RunTime:0.009221s ]
INFO: [ view_parse ] --END-- [ RunTime:0.009263s ]
INFO: [ view_filter ] --START--
INFO: Run Behavior\WriteHtmlCacheBehavior [ RunTime:0.000261s ]
INFO: [ view_filter ] --END-- [ RunTime:0.000295s ]
INFO: [ app_end ] --START--
INFO: Run Behavior\ShowPageTraceBehavior [ RunTime:0.000430s ]
INFO: [ app_end ] --END-- [ RunTime:0.000479s ]

[ 2017-10-15T10:33:43+08:00 ] ::1 /cloud/index.php/Admin/Stu/persInfo
INFO: [ app_init ] --START--
INFO: Run Behavior\BuildLiteBehavior [ RunTime:0.000012s ]
INFO: [ app_init ] --END-- [ RunTime:0.000323s ]
INFO: [ app_begin ] --START--
INFO: Run Behavior\ReadHtmlCacheBehavior [ RunTime:0.000390s ]
INFO: [ app_begin ] --END-- [ RunTime:0.000431s ]
SQL: SHOW COLUMNS FROM `cl_user` [ RunTime:0.0034s ]
SQL: SELECT `netname`,`netdescribt`,`phnumber`,`qq`,`perdescribt` FROM `cl_user` WHERE ( username='叶叶' ) LIMIT 1   [ RunTime:0.0003s ]
INFO: [ view_parse ] --START--
INFO: [ template_filter ] --START--
INFO: Run Behavior\ContentReplaceBehavior [ RunTime:0.000084s ]
INFO: [ template_filter ] --END-- [ RunTime:0.000125s ]
INFO: Run Behavior\ParseTemplateBehavior [ RunTime:0.008465s ]
INFO: [ view_parse ] --END-- [ RunTime:0.008508s ]
INFO: [ view_filter ] --START--
INFO: Run Behavior\WriteHtmlCacheBehavior [ RunTime:0.000293s ]
INFO: [ view_filter ] --END-- [ RunTime:0.000333s ]
INFO: [ app_end ] --START--
INFO: Run Behavior\ShowPageTraceBehavior [ RunTime:0.000402s ]
INFO: [ app_end ] --END-- [ RunTime:0.000442s ]

[ 2017-10-15T10:33:45+08:00 ] ::1 /cloud/index.php/Admin/Stu/persInfo
INFO: [ app_init ] --START--
INFO: Run Behavior\BuildLiteBehavior [ RunTime:0.000010s ]
INFO: [ app_init ] --END-- [ RunTime:0.000432s ]
INFO: [ app_begin ] --START--
INFO: Run Behavior\ReadHtmlCacheBehavior [ RunTime:0.000550s ]
INFO: [ app_begin ] --END-- [ RunTime:0.000597s ]
SQL: SHOW COLUMNS FROM `cl_user` [ RunTime:0.0091s ]
SQL: SELECT `netname`,`netdescribt`,`phnumber`,`qq`,`perdescribt` FROM `cl_user` WHERE ( username='叶叶' ) LIMIT 1   [ RunTime:0.0007s ]
INFO: [ view_parse ] --START--
INFO: [ template_filter ] --START--
INFO: Run Behavior\ContentReplaceBehavior [ RunTime:0.000301s ]
INFO: [ template_filter ] --END-- [ RunTime:0.000440s ]
INFO: Run Behavior\ParseTemplateBehavior [ RunTime:0.051000s ]
INFO: [ view_parse ] --END-- [ RunTime:0.051076s ]
INFO: [ view_filter ] --START--
INFO: Run Behavior\WriteHtmlCacheBehavior [ RunTime:0.000290s ]
INFO: [ view_filter ] --END-- [ RunTime:0.000324s ]
INFO: [ app_end ] --START--
INFO: Run Behavior\ShowPageTraceBehavior [ RunTime:0.000580s ]
INFO: [ app_end ] --END-- [ RunTime:0.000627s ]

[ 2017-10-15T10:33:46+08:00 ] ::1 /cloud/index.php/Admin/Stu/persInfo
INFO: [ app_init ] --START--
INFO: Run Behavior\BuildLiteBehavior [ RunTime:0.000009s ]
INFO: [ app_init ] --END-- [ RunTime:0.000361s ]
INFO: [ app_begin ] --START--
INFO: Run Behavior\ReadHtmlCacheBehavior [ RunTime:0.000449s ]
INFO: [ app_begin ] --END-- [ RunTime:0.000494s ]
SQL: SHOW COLUMNS FROM `cl_user` [ RunTime:0.0096s ]
SQL: SELECT `netname`,`netdescribt`,`phnumber`,`qq`,`perdescribt` FROM `cl_user` WHERE ( username='叶叶' ) LIMIT 1   [ RunTime:0.0007s ]
INFO: [ view_parse ] --START--
INFO: [ template_filter ] --START--
INFO: Run Behavior\ContentReplaceBehavior [ RunTime:0.000145s ]
INFO: [ template_filter ] --END-- [ RunTime:0.000209s ]
INFO: Run Behavior\ParseTemplateBehavior [ RunTime:0.014119s ]
INFO: [ view_parse ] --END-- [ RunTime:0.014204s ]
INFO: [ view_filter ] --START--
INFO: Run Behavior\WriteHtmlCacheBehavior [ RunTime:0.000422s ]
INFO: [ view_filter ] --END-- [ RunTime:0.000477s ]
INFO: [ app_end ] --START--
INFO: Run Behavior\ShowPageTraceBehavior [ RunTime:0.000695s ]
INFO: [ app_end ] --END-- [ RunTime:0.000764s ]

[ 2017-10-15T10:33:47+08:00 ] ::1 /cloud/index.php/Admin/Stu/persInfo
INFO: [ app_init ] --START--
INFO: Run Behavior\BuildLiteBehavior [ RunTime:0.000016s ]
INFO: [ app_init ] --END-- [ RunTime:0.000439s ]
INFO: [ app_begin ] --START--
INFO: Run Behavior\ReadHtmlCacheBehavior [ RunTime:0.000583s ]
INFO: [ app_begin ] --END-- [ RunTime:0.000647s ]
SQL: SHOW COLUMNS FROM `cl_user` [ RunTime:0.0087s ]
SQL: SELECT `netname`,`netdescribt`,`phnumber`,`qq`,`perdescribt` FROM `cl_user` WHERE ( username='叶叶' ) LIMIT 1   [ RunTime:0.0007s ]
INFO: [ view_parse ] --START--
INFO: [ template_filter ] --START--
INFO: Run Behavior\ContentReplaceBehavior [ RunTime:0.000266s ]
INFO: [ template_filter ] --END-- [ RunTime:0.000389s ]
INFO: Run Behavior\ParseTemplateBehavior [ RunTime:0.025287s ]
INFO: [ view_parse ] --END-- [ RunTime:0.025405s ]
INFO: [ view_filter ] --START--
INFO: Run Behavior\WriteHtmlCacheBehavior [ RunTime:0.000685s ]
INFO: [ view_filter ] --END-- [ RunTime:0.000785s ]
INFO: [ app_end ] --START--
INFO: Run Behavior\ShowPageTraceBehavior [ RunTime:0.001276s ]
INFO: [ app_end ] --END-- [ RunTime:0.001404s ]

[ 2017-10-15T10:33:48+08:00 ] ::1 /cloud/index.php/Admin/Stu/persInfo
INFO: [ app_init ] --START--
INFO: Run Behavior\BuildLiteBehavior [ RunTime:0.000014s ]
INFO: [ app_init ] --END-- [ RunTime:0.000415s ]
INFO: [ app_begin ] --START--
INFO: Run Behavior\ReadHtmlCacheBehavior [ RunTime:0.000614s ]
INFO: [ app_begin ] --END-- [ RunTime:0.000669s ]
SQL: SHOW COLUMNS FROM `cl_user` [ RunTime:0.0117s ]
SQL: SELECT `netname`,`netdescribt`,`phnumber`,`qq`,`perdescribt` FROM `cl_user` WHERE ( username='叶叶' ) LIMIT 1   [ RunTime:0.0007s ]
INFO: [ view_parse ] --START--
INFO: [ template_filter ] --START--
INFO: Run Behavior\ContentReplaceBehavior [ RunTime:0.000187s ]
INFO: [ template_filter ] --END-- [ RunTime:0.000267s ]
INFO: Run Behavior\ParseTemplateBehavior [ RunTime:0.038005s ]
INFO: [ view_parse ] --END-- [ RunTime:0.038102s ]
INFO: [ view_filter ] --START--
INFO: Run Behavior\WriteHtmlCacheBehavior [ RunTime:0.000567s ]
INFO: [ view_filter ] --END-- [ RunTime:0.000630s ]
INFO: [ app_end ] --START--
INFO: Run Behavior\ShowPageTraceBehavior [ RunTime:0.000939s ]
INFO: [ app_end ] --END-- [ RunTime:0.001016s ]

[ 2017-10-15T10:33:49+08:00 ] ::1 /cloud/index.php/Admin/Stu/persInfo
INFO: [ app_init ] --START--
INFO: Run Behavior\BuildLiteBehavior [ RunTime:0.000013s ]
INFO: [ app_init ] --END-- [ RunTime:0.000364s ]
INFO: [ app_begin ] --START--
INFO: Run Behavior\ReadHtmlCacheBehavior [ RunTime:0.000415s ]
INFO: [ app_begin ] --END-- [ RunTime:0.000464s ]
SQL: SHOW COLUMNS FROM `cl_user` [ RunTime:0.0087s ]
SQL: SELECT `netname`,`netdescribt`,`phnumber`,`qq`,`perdescribt` FROM `cl_user` WHERE ( username='叶叶' ) LIMIT 1   [ RunTime:0.0007s ]
INFO: [ view_parse ] --START--
INFO: [ template_filter ] --START--
INFO: Run Behavior\ContentReplaceBehavior [ RunTime:0.000181s ]
INFO: [ template_filter ] --END-- [ RunTime:0.000267s ]
INFO: Run Behavior\ParseTemplateBehavior [ RunTime:0.025601s ]
INFO: [ view_parse ] --END-- [ RunTime:0.025701s ]
INFO: [ view_filter ] --START--
INFO: Run Behavior\WriteHtmlCacheBehavior [ RunTime:0.000527s ]
INFO: [ view_filter ] --END-- [ RunTime:0.000593s ]
INFO: [ app_end ] --START--
INFO: Run Behavior\ShowPageTraceBehavior [ RunTime:0.000804s ]
INFO: [ app_end ] --END-- [ RunTime:0.000895s ]

[ 2017-10-15T10:33:50+08:00 ] ::1 /cloud/index.php/Admin/Stu/persInfo
INFO: [ app_init ] --START--
INFO: Run Behavior\BuildLiteBehavior [ RunTime:0.000011s ]
INFO: [ app_init ] --END-- [ RunTime:0.000402s ]
INFO: [ app_begin ] --START--
INFO: Run Behavior\ReadHtmlCacheBehavior [ RunTime:0.000445s ]
INFO: [ app_begin ] --END-- [ RunTime:0.000484s ]
SQL: SHOW COLUMNS FROM `cl_user` [ RunTime:0.0091s ]
SQL: SELECT `netname`,`netdescribt`,`phnumber`,`qq`,`perdescribt` FROM `cl_user` WHERE ( username='叶叶' ) LIMIT 1   [ RunTime:0.0007s ]
INFO: [ view_parse ] --START--
INFO: [ template_filter ] --START--
INFO: Run Behavior\ContentReplaceBehavior [ RunTime:0.000181s ]
INFO: [ template_filter ] --END-- [ RunTime:0.000263s ]
INFO: Run Behavior\ParseTemplateBehavior [ RunTime:0.017957s ]
INFO: [ view_parse ] --END-- [ RunTime:0.018056s ]
INFO: [ view_filter ] --START--
INFO: Run Behavior\WriteHtmlCacheBehavior [ RunTime:0.000525s ]
INFO: [ view_filter ] --END-- [ RunTime:0.000591s ]
INFO: [ app_end ] --START--
INFO: Run Behavior\ShowPageTraceBehavior [ RunTime:0.000860s ]
INFO: [ app_end ] --END-- [ RunTime:0.000948s ]

[ 2017-10-15T10:33:56+08:00 ] ::1 /cloud/index.php/admin/stu/stuMessage
INFO: [ app_init ] --START--
INFO: Run Behavior\BuildLiteBehavior [ RunTime:0.000022s ]
INFO: [ app_init ] --END-- [ RunTime:0.000433s ]
INFO: [ app_begin ] --START--
INFO: Run Behavior\ReadHtmlCacheBehavior [ RunTime:0.000466s ]
INFO: [ app_begin ] --END-- [ RunTime:0.000509s ]
SQL: SHOW COLUMNS FROM `cl_user` [ RunTime:0.0094s ]
SQL: SELECT `username`,`netname`,`netdescribt` FROM `cl_user` WHERE ( username='叶叶' ) LIMIT 1   [ RunTime:0.0008s ]
INFO: [ view_parse ] --START--
INFO: [ template_filter ] --START--
INFO: Run Behavior\ContentReplaceBehavior [ RunTime:0.000168s ]
INFO: [ template_filter ] --END-- [ RunTime:0.000231s ]
INFO: Run Behavior\ParseTemplateBehavior [ RunTime:0.021403s ]
INFO: [ view_parse ] --END-- [ RunTime:0.021493s ]
INFO: [ view_filter ] --START--
INFO: Run Behavior\WriteHtmlCacheBehavior [ RunTime:0.000426s ]
INFO: [ view_filter ] --END-- [ RunTime:0.000479s ]
INFO: [ app_end ] --START--
INFO: Run Behavior\ShowPageTraceBehavior [ RunTime:0.000792s ]
INFO: [ app_end ] --END-- [ RunTime:0.000866s ]

[ 2017-10-15T10:33:59+08:00 ] ::1 /cloud/index.php/Admin/Stu/stuIndex
INFO: [ app_init ] --START--
INFO: Run Behavior\BuildLiteBehavior [ RunTime:0.000012s ]
INFO: [ app_init ] --END-- [ RunTime:0.000397s ]
INFO: [ app_begin ] --START--
INFO: Run Behavior\ReadHtmlCacheBehavior [ RunTime:0.000450s ]
INFO: [ app_begin ] --END-- [ RunTime:0.000491s ]
SQL: SHOW COLUMNS FROM `cl_user` [ RunTime:0.0089s ]
NOTIC: [8] Undefined index: flag F:\phpStudy\WWW\cloud\Application\Admin\Controller\StuController.class.php 第 8 行.
SQL: SELECT `id`,`username`,`netname` FROM `cl_user` WHERE ( class='1' ) LIMIT 8   [ RunTime:0.0007s ]
INFO: [ view_parse ] --START--
INFO: [ template_filter ] --START--
INFO: Run Behavior\ContentReplaceBehavior [ RunTime:0.000178s ]
INFO: [ template_filter ] --END-- [ RunTime:0.000269s ]
NOTIC: [8] Undefined variable: r F:\phpStudy\WWW\cloud\Application\Runtime\Cache\Admin\39f10b6cfad92beeea49645810eb5d50.php 第 280 行.
NOTIC: [8] Undefined variable: rusername F:\phpStudy\WWW\cloud\Application\Runtime\Cache\Admin\39f10b6cfad92beeea49645810eb5d50.php 第 281 行.
INFO: Run Behavior\ParseTemplateBehavior [ RunTime:0.061716s ]
INFO: [ view_parse ] --END-- [ RunTime:0.061832s ]
INFO: [ view_filter ] --START--
INFO: Run Behavior\WriteHtmlCacheBehavior [ RunTime:0.000762s ]
INFO: [ view_filter ] --END-- [ RunTime:0.000855s ]
INFO: [ app_end ] --START--
INFO: Run Behavior\ShowPageTraceBehavior [ RunTime:0.001473s ]
INFO: [ app_end ] --END-- [ RunTime:0.001639s ]

[ 2017-10-15T10:34:04+08:00 ] ::1 /cloud/index.php/Admin/Stu/stuIndex/flag/2
INFO: [ app_init ] --START--
INFO: Run Behavior\BuildLiteBehavior [ RunTime:0.000014s ]
INFO: [ app_init ] --END-- [ RunTime:0.000351s ]
INFO: [ app_begin ] --START--
INFO: Run Behavior\ReadHtmlCacheBehavior [ RunTime:0.001114s ]
INFO: [ app_begin ] --END-- [ RunTime:0.001330s ]
SQL: SHOW COLUMNS FROM `cl_user` [ RunTime:0.0094s ]
SQL: SELECT `id`,`username`,`netname` FROM `cl_user` WHERE ( class='2' ) LIMIT 8   [ RunTime:0.0007s ]
INFO: [ view_parse ] --START--
INFO: [ template_filter ] --START--
INFO: Run Behavior\ContentReplaceBehavior [ RunTime:0.000276s ]
INFO: [ template_filter ] --END-- [ RunTime:0.000394s ]
NOTIC: [8] Undefined variable: r F:\phpStudy\WWW\cloud\Application\Runtime\Cache\Admin\39f10b6cfad92beeea49645810eb5d50.php 第 280 行.
NOTIC: [8] Undefined variable: rusername F:\phpStudy\WWW\cloud\Application\Runtime\Cache\Admin\39f10b6cfad92beeea49645810eb5d50.php 第 281 行.
INFO: Run Behavior\ParseTemplateBehavior [ RunTime:0.023793s ]
INFO: [ view_parse ] --END-- [ RunTime:0.023902s ]
INFO: [ view_filter ] --START--
INFO: Run Behavior\WriteHtmlCacheBehavior [ RunTime:0.000662s ]
INFO: [ view_filter ] --END-- [ RunTime:0.000752s ]
INFO: [ app_end ] --START--
INFO: Run Behavior\ShowPageTraceBehavior [ RunTime:0.001363s ]
INFO: [ app_end ] --END-- [ RunTime:0.001445s ]

[ 2017-10-15T10:34:10+08:00 ] ::1 /cloud/index.php/Admin/Stu/stuMessage/id/12
INFO: [ app_init ] --START--
INFO: Run Behavior\BuildLiteBehavior [ RunTime:0.000015s ]
INFO: [ app_init ] --END-- [ RunTime:0.000475s ]
INFO: [ app_begin ] --START--
INFO: Run Behavior\ReadHtmlCacheBehavior [ RunTime:0.000471s ]
INFO: [ app_begin ] --END-- [ RunTime:0.000523s ]
SQL: SHOW COLUMNS FROM `cl_user` [ RunTime:0.0098s ]
SQL: SELECT `username`,`netname`,`netdescribt` FROM `cl_user` WHERE ( id=12 ) LIMIT 1   [ RunTime:0.0009s ]
INFO: [ view_parse ] --START--
INFO: [ template_filter ] --START--
INFO: Run Behavior\ContentReplaceBehavior [ RunTime:0.000338s ]
INFO: [ template_filter ] --END-- [ RunTime:0.000468s ]
INFO: Run Behavior\ParseTemplateBehavior [ RunTime:0.023945s ]
INFO: [ view_parse ] --END-- [ RunTime:0.024069s ]
INFO: [ view_filter ] --START--
INFO: Run Behavior\WriteHtmlCacheBehavior [ RunTime:0.000684s ]
INFO: [ view_filter ] --END-- [ RunTime:0.000775s ]
INFO: [ app_end ] --START--
INFO: Run Behavior\ShowPageTraceBehavior [ RunTime:0.001313s ]
INFO: [ app_end ] --END-- [ RunTime:0.001440s ]

[ 2017-10-15T21:19:14+08:00 ] ::1 /cloud/index.php/Admin/Stu/stuMessage/id/12
INFO: [ app_init ] --START--
INFO: Run Behavior\BuildLiteBehavior [ RunTime:0.000011s ]
INFO: [ app_init ] --END-- [ RunTime:0.000445s ]
INFO: [ app_begin ] --START--
INFO: Run Behavior\ReadHtmlCacheBehavior [ RunTime:0.000639s ]
INFO: [ app_begin ] --END-- [ RunTime:0.000694s ]
SQL: SHOW COLUMNS FROM `cl_user` [ RunTime:0.0109s ]
SQL: SELECT `username`,`netname`,`netdescribt` FROM `cl_user` WHERE ( id=12 ) LIMIT 1   [ RunTime:0.0010s ]
INFO: [ view_parse ] --START--
INFO: [ template_filter ] --START--
INFO: Run Behavior\ContentReplaceBehavior [ RunTime:0.000219s ]
INFO: [ template_filter ] --END-- [ RunTime:0.000300s ]
INFO: Run Behavior\ParseTemplateBehavior [ RunTime:0.037455s ]
INFO: [ view_parse ] --END-- [ RunTime:0.037575s ]
INFO: [ view_filter ] --START--
INFO: Run Behavior\WriteHtmlCacheBehavior [ RunTime:0.000571s ]
INFO: [ view_filter ] --END-- [ RunTime:0.000633s ]
INFO: [ app_end ] --START--
INFO: Run Behavior\ShowPageTraceBehavior [ RunTime:0.000880s ]
INFO: [ app_end ] --END-- [ RunTime:0.000950s ]

[ 2017-10-15T22:05:42+08:00 ] ::1 /cloud/index.php/Admin/Stu/stuMessage/id/12
INFO: [ app_init ] --START--
INFO: Run Behavior\BuildLiteBehavior [ RunTime:0.000013s ]
INFO: [ app_init ] --END-- [ RunTime:0.000491s ]
INFO: [ app_begin ] --START--
INFO: Run Behavior\ReadHtmlCacheBehavior [ RunTime:0.000545s ]
INFO: [ app_begin ] --END-- [ RunTime:0.000585s ]

[ 2017-10-15T22:06:01+08:00 ] ::1 /cloud/index.php/Admin/Stu/stuMessage/id/12
INFO: [ app_init ] --START--
INFO: Run Behavior\BuildLiteBehavior [ RunTime:0.000011s ]
INFO: [ app_init ] --END-- [ RunTime:0.000394s ]
INFO: [ app_begin ] --START--
INFO: Run Behavior\ReadHtmlCacheBehavior [ RunTime:0.000429s ]
INFO: [ app_begin ] --END-- [ RunTime:0.000467s ]
SQL: SHOW COLUMNS FROM `cl_user` [ RunTime:0.0048s ]
SQL: SELECT `id`,`username`,`netname`,`netdescribt` FROM `cl_user` WHERE ( id=12 ) LIMIT 1   [ RunTime:0.0003s ]
INFO: [ view_parse ] --START--
INFO: [ template_filter ] --START--
INFO: Run Behavior\ContentReplaceBehavior [ RunTime:0.000128s ]
INFO: [ template_filter ] --END-- [ RunTime:0.000175s ]
INFO: Run Behavior\ParseTemplateBehavior [ RunTime:0.018866s ]
INFO: [ view_parse ] --END-- [ RunTime:0.018919s ]
INFO: [ view_filter ] --START--
INFO: Run Behavior\WriteHtmlCacheBehavior [ RunTime:0.000271s ]
INFO: [ view_filter ] --END-- [ RunTime:0.000304s ]
INFO: [ app_end ] --START--
INFO: Run Behavior\ShowPageTraceBehavior [ RunTime:0.000637s ]
INFO: [ app_end ] --END-- [ RunTime:0.000691s ]

[ 2017-10-15T22:14:03+08:00 ] ::1 /cloud/index.php/Admin/Stu/stuMessage/id/12
INFO: [ app_init ] --START--
INFO: Run Behavior\BuildLiteBehavior [ RunTime:0.000009s ]
INFO: [ app_init ] --END-- [ RunTime:0.000425s ]
INFO: [ app_begin ] --START--
INFO: Run Behavior\ReadHtmlCacheBehavior [ RunTime:0.000521s ]
INFO: [ app_begin ] --END-- [ RunTime:0.000562s ]
SQL: SHOW COLUMNS FROM `cl_user` [ RunTime:0.0136s ]
SQL: SELECT `id`,`username`,`netname`,`netdescribt` FROM `cl_user` WHERE ( id=12 ) LIMIT 1   [ RunTime:0.0009s ]
INFO: [ view_parse ] --START--
INFO: [ template_filter ] --START--
INFO: Run Behavior\ContentReplaceBehavior [ RunTime:0.000228s ]
INFO: [ template_filter ] --END-- [ RunTime:0.000308s ]
INFO: Run Behavior\ParseTemplateBehavior [ RunTime:0.036278s ]
INFO: [ view_parse ] --END-- [ RunTime:0.036375s ]
INFO: [ view_filter ] --START--
INFO: Run Behavior\WriteHtmlCacheBehavior [ RunTime:0.000573s ]
INFO: [ view_filter ] --END-- [ RunTime:0.000636s ]
INFO: [ app_end ] --START--
INFO: Run Behavior\ShowPageTraceBehavior [ RunTime:0.000849s ]
INFO: [ app_end ] --END-- [ RunTime:0.000915s ]

[ 2017-10-15T22:15:28+08:00 ] ::1 /cloud/index.php/Admin/Stu/stuMessage/id/12
INFO: [ app_init ] --START--
INFO: Run Behavior\BuildLiteBehavior [ RunTime:0.000010s ]
INFO: [ app_init ] --END-- [ RunTime:0.000371s ]
INFO: [ app_begin ] --START--
INFO: Run Behavior\ReadHtmlCacheBehavior [ RunTime:0.000423s ]
INFO: [ app_begin ] --END-- [ RunTime:0.000459s ]
SQL: SHOW COLUMNS FROM `cl_user` [ RunTime:0.0090s ]
SQL: SELECT `id`,`username`,`netname`,`netdescribt` FROM `cl_user` WHERE ( id=12 ) LIMIT 1   [ RunTime:0.0007s ]
INFO: [ view_parse ] --START--
INFO: [ template_filter ] --START--
INFO: Run Behavior\ContentReplaceBehavior [ RunTime:0.000345s ]
INFO: [ template_filter ] --END-- [ RunTime:0.000463s ]
INFO: Run Behavior\ParseTemplateBehavior [ RunTime:0.024592s ]
INFO: [ view_parse ] --END-- [ RunTime:0.024712s ]
INFO: [ view_filter ] --START--
INFO: Run Behavior\WriteHtmlCacheBehavior [ RunTime:0.000762s ]
INFO: [ view_filter ] --END-- [ RunTime:0.000879s ]
INFO: [ app_end ] --START--
INFO: Run Behavior\ShowPageTraceBehavior [ RunTime:0.001045s ]
INFO: [ app_end ] --END-- [ RunTime:0.001147s ]

[ 2017-10-15T22:15:32+08:00 ] ::1 /cloud/index.php/Admin/Stu/stuMessage/id/12?comment_bauthor=%E5%8F%B6%E5%8F%B6&comment_to=12&comment_content=
INFO: [ app_init ] --START--
INFO: Run Behavior\BuildLiteBehavior [ RunTime:0.000012s ]
INFO: [ app_init ] --END-- [ RunTime:0.000539s ]
INFO: [ app_begin ] --START--
INFO: Run Behavior\ReadHtmlCacheBehavior [ RunTime:0.000515s ]
INFO: [ app_begin ] --END-- [ RunTime:0.000565s ]
SQL: SHOW COLUMNS FROM `cl_user` [ RunTime:0.0093s ]
SQL: SELECT `id`,`username`,`netname`,`netdescribt` FROM `cl_user` WHERE ( id=12 ) LIMIT 1   [ RunTime:0.0007s ]
INFO: [ view_parse ] --START--
INFO: [ template_filter ] --START--
INFO: Run Behavior\ContentReplaceBehavior [ RunTime:0.000341s ]
INFO: [ template_filter ] --END-- [ RunTime:0.000456s ]
INFO: Run Behavior\ParseTemplateBehavior [ RunTime:0.024406s ]
INFO: [ view_parse ] --END-- [ RunTime:0.024522s ]
INFO: [ view_filter ] --START--
INFO: Run Behavior\WriteHtmlCacheBehavior [ RunTime:0.000694s ]
INFO: [ view_filter ] --END-- [ RunTime:0.000791s ]
INFO: [ app_end ] --START--
INFO: Run Behavior\ShowPageTraceBehavior [ RunTime:0.001181s ]
INFO: [ app_end ] --END-- [ RunTime:0.001286s ]

[ 2017-10-15T22:15:41+08:00 ] ::1 /cloud/index.php/Admin/Stu/stuMessage/id/12
INFO: [ app_init ] --START--
INFO: Run Behavior\BuildLiteBehavior [ RunTime:0.000013s ]
INFO: [ app_init ] --END-- [ RunTime:0.000359s ]
INFO: [ app_begin ] --START--
INFO: Run Behavior\ReadHtmlCacheBehavior [ RunTime:0.000521s ]
INFO: [ app_begin ] --END-- [ RunTime:0.000573s ]
SQL: SHOW COLUMNS FROM `cl_user` [ RunTime:0.0055s ]
SQL: SELECT `id`,`username`,`netname`,`netdescribt` FROM `cl_user` WHERE ( id=12 ) LIMIT 1   [ RunTime:0.0004s ]
INFO: [ view_parse ] --START--
INFO: [ template_filter ] --START--
INFO: Run Behavior\ContentReplaceBehavior [ RunTime:0.000216s ]
INFO: [ template_filter ] --END-- [ RunTime:0.000295s ]
INFO: Run Behavior\ParseTemplateBehavior [ RunTime:0.017864s ]
INFO: [ view_parse ] --END-- [ RunTime:0.017962s ]
INFO: [ view_filter ] --START--
INFO: Run Behavior\WriteHtmlCacheBehavior [ RunTime:0.000558s ]
INFO: [ view_filter ] --END-- [ RunTime:0.000629s ]
INFO: [ app_end ] --START--
INFO: Run Behavior\ShowPageTraceBehavior [ RunTime:0.001030s ]
INFO: [ app_end ] --END-- [ RunTime:0.001120s ]

[ 2017-10-15T22:17:09+08:00 ] ::1 /cloud/index.php/Admin/Stu/stuMessage/id/12
INFO: [ app_init ] --START--
INFO: Run Behavior\BuildLiteBehavior [ RunTime:0.000020s ]
INFO: [ app_init ] --END-- [ RunTime:0.000674s ]
INFO: [ app_begin ] --START--
INFO: Run Behavior\ReadHtmlCacheBehavior [ RunTime:0.001008s ]
INFO: [ app_begin ] --END-- [ RunTime:0.001115s ]
SQL: SHOW COLUMNS FROM `cl_user` [ RunTime:0.0088s ]
SQL: SELECT `id`,`username`,`netname`,`netdescribt` FROM `cl_user` WHERE ( id=12 ) LIMIT 1   [ RunTime:0.0007s ]
INFO: [ view_parse ] --START--
INFO: [ template_filter ] --START--
INFO: Run Behavior\ContentReplaceBehavior [ RunTime:0.000209s ]
INFO: [ template_filter ] --END-- [ RunTime:0.000279s ]
INFO: Run Behavior\ParseTemplateBehavior [ RunTime:0.022569s ]
INFO: [ view_parse ] --END-- [ RunTime:0.022657s ]
INFO: [ view_filter ] --START--
INFO: Run Behavior\WriteHtmlCacheBehavior [ RunTime:0.000536s ]
INFO: [ view_filter ] --END-- [ RunTime:0.000592s ]
INFO: [ app_end ] --START--
INFO: Run Behavior\ShowPageTraceBehavior [ RunTime:0.000809s ]
INFO: [ app_end ] --END-- [ RunTime:0.000870s ]

[ 2017-10-15T22:17:15+08:00 ] ::1 /cloud/index.php/Admin/Stu/stuMessage/id/stuMessage
INFO: [ app_init ] --START--
INFO: Run Behavior\BuildLiteBehavior [ RunTime:0.000012s ]
INFO: [ app_init ] --END-- [ RunTime:0.000341s ]
INFO: [ app_begin ] --START--
INFO: Run Behavior\ReadHtmlCacheBehavior [ RunTime:0.000404s ]
INFO: [ app_begin ] --END-- [ RunTime:0.000450s ]
SQL: SHOW COLUMNS FROM `cl_user` [ RunTime:0.0086s ]
SQL: SHOW COLUMNS FROM `cl_comment` [ RunTime:0.0100s ]
SQL: INSERT INTO `cl_comment` (`comment_bauthor`,`comment_to`,`comment_content`,`comment_btime`) VALUES ('叶叶','12','hahahah','1508077034') [ RunTime:0.0009s ]
ERR: 1054:Unknown column 'stuMessage' in 'where clause'
 [ SQL语句 ] : SELECT `id`,`username`,`netname`,`netdescribt` FROM `cl_user` WHERE ( id=stuMessage ) LIMIT 1  
ERR: 1054:Unknown column 'stuMessage' in 'where clause'
 [ SQL语句 ] : SELECT `id`,`username`,`netname`,`netdescribt` FROM `cl_user` WHERE ( id=stuMessage ) LIMIT 1  

[ 2017-10-15T22:20:15+08:00 ] ::1 /cloud/index.php/Admin/Stu/stuMessage/id/12
INFO: [ app_init ] --START--
INFO: Run Behavior\BuildLiteBehavior [ RunTime:0.000018s ]
INFO: [ app_init ] --END-- [ RunTime:0.000650s ]
INFO: [ app_begin ] --START--
INFO: Run Behavior\ReadHtmlCacheBehavior [ RunTime:0.000755s ]
INFO: [ app_begin ] --END-- [ RunTime:0.000822s ]
SQL: SHOW COLUMNS FROM `cl_user` [ RunTime:0.0086s ]
SQL: SELECT `id`,`username`,`netname`,`netdescribt` FROM `cl_user` WHERE ( id=12 ) LIMIT 1   [ RunTime:0.0007s ]
INFO: [ view_parse ] --START--
INFO: [ template_filter ] --START--
INFO: Run Behavior\ContentReplaceBehavior [ RunTime:0.000344s ]
INFO: [ template_filter ] --END-- [ RunTime:0.000462s ]
INFO: Run Behavior\ParseTemplateBehavior [ RunTime:0.026586s ]
INFO: [ view_parse ] --END-- [ RunTime:0.026729s ]
INFO: [ view_filter ] --START--
INFO: Run Behavior\WriteHtmlCacheBehavior [ RunTime:0.000797s ]
INFO: [ view_filter ] --END-- [ RunTime:0.000895s ]
INFO: [ app_end ] --START--
INFO: Run Behavior\ShowPageTraceBehavior [ RunTime:0.001297s ]
INFO: [ app_end ] --END-- [ RunTime:0.001402s ]

[ 2017-10-15T22:21:30+08:00 ] ::1 /cloud/index.php/Admin/Stu/stuMessage/id/12
INFO: [ app_init ] --START--
INFO: Run Behavior\BuildLiteBehavior [ RunTime:0.000010s ]
INFO: [ app_init ] --END-- [ RunTime:0.000482s ]
INFO: [ app_begin ] --START--
INFO: Run Behavior\ReadHtmlCacheBehavior [ RunTime:0.000606s ]
INFO: [ app_begin ] --END-- [ RunTime:0.000671s ]
SQL: SHOW COLUMNS FROM `cl_user` [ RunTime:0.0101s ]
SQL: SELECT `id`,`username`,`netname`,`netdescribt` FROM `cl_user` WHERE ( id=12 ) LIMIT 1   [ RunTime:0.0007s ]
INFO: [ view_parse ] --START--
INFO: [ template_filter ] --START--
INFO: Run Behavior\ContentReplaceBehavior [ RunTime:0.000231s ]
INFO: [ template_filter ] --END-- [ RunTime:0.000311s ]
INFO: Run Behavior\ParseTemplateBehavior [ RunTime:0.043592s ]
INFO: [ view_parse ] --END-- [ RunTime:0.043693s ]
INFO: [ view_filter ] --START--
INFO: Run Behavior\WriteHtmlCacheBehavior [ RunTime:0.001003s ]
INFO: [ view_filter ] --END-- [ RunTime:0.001069s ]
INFO: [ app_end ] --START--
INFO: Run Behavior\ShowPageTraceBehavior [ RunTime:0.001372s ]
INFO: [ app_end ] --END-- [ RunTime:0.001446s ]

[ 2017-10-15T22:21:46+08:00 ] ::1 /cloud/index.php/Admin/Stu/stuMessage/id/stuMessage
INFO: [ app_init ] --START--
INFO: Run Behavior\BuildLiteBehavior [ RunTime:0.000017s ]
INFO: [ app_init ] --END-- [ RunTime:0.000698s ]
INFO: [ app_begin ] --START--
INFO: Run Behavior\ReadHtmlCacheBehavior [ RunTime:0.000836s ]
INFO: [ app_begin ] --END-- [ RunTime:0.000905s ]
SQL: SHOW COLUMNS FROM `cl_user` [ RunTime:0.0052s ]
SQL: SHOW COLUMNS FROM `cl_comment` [ RunTime:0.0048s ]
SQL: INSERT INTO `cl_comment` (`comment_bauthor`,`comment_to`,`comment_content`,`comment_btime`) VALUES ('叶叶','12','嘻嘻嘻嘻啊啊啊啊！','1508077306') [ RunTime:0.0004s ]
ERR: 1054:Unknown column 'stuMessage' in 'where clause'
 [ SQL语句 ] : SELECT `id`,`username`,`netname`,`netdescribt` FROM `cl_user` WHERE ( id=stuMessage ) LIMIT 1  
ERR: 1054:Unknown column 'stuMessage' in 'where clause'
 [ SQL语句 ] : SELECT `id`,`username`,`netname`,`netdescribt` FROM `cl_user` WHERE ( id=stuMessage ) LIMIT 1  

[ 2017-10-15T22:22:38+08:00 ] ::1 /cloud/index.php/Admin/Stu/stuMessage/id/12
INFO: [ app_init ] --START--
INFO: Run Behavior\BuildLiteBehavior [ RunTime:0.000015s ]
INFO: [ app_init ] --END-- [ RunTime:0.000503s ]
INFO: [ app_begin ] --START--
INFO: Run Behavior\ReadHtmlCacheBehavior [ RunTime:0.000566s ]
INFO: [ app_begin ] --END-- [ RunTime:0.000611s ]
SQL: SHOW COLUMNS FROM `cl_user` [ RunTime:0.0094s ]
SQL: SELECT `id`,`username`,`netname`,`netdescribt` FROM `cl_user` WHERE ( id=12 ) LIMIT 1   [ RunTime:0.0007s ]
INFO: [ view_parse ] --START--
INFO: [ template_filter ] --START--
INFO: Run Behavior\ContentReplaceBehavior [ RunTime:0.000346s ]
INFO: [ template_filter ] --END-- [ RunTime:0.000466s ]
INFO: Run Behavior\ParseTemplateBehavior [ RunTime:0.028818s ]
INFO: [ view_parse ] --END-- [ RunTime:0.028977s ]
INFO: [ view_filter ] --START--
INFO: Run Behavior\WriteHtmlCacheBehavior [ RunTime:0.001462s ]
INFO: [ view_filter ] --END-- [ RunTime:0.001587s ]
INFO: [ app_end ] --START--
INFO: Run Behavior\ShowPageTraceBehavior [ RunTime:0.001717s ]
INFO: [ app_end ] --END-- [ RunTime:0.001827s ]

[ 2017-10-15T22:23:18+08:00 ] ::1 /cloud/index.php/Admin/Stu/stuMessage/id/12
INFO: [ app_init ] --START--
INFO: Run Behavior\BuildLiteBehavior [ RunTime:0.000012s ]
INFO: [ app_init ] --END-- [ RunTime:0.000470s ]
INFO: [ app_begin ] --START--
INFO: Run Behavior\ReadHtmlCacheBehavior [ RunTime:0.000564s ]
INFO: [ app_begin ] --END-- [ RunTime:0.000603s ]
SQL: SHOW COLUMNS FROM `cl_user` [ RunTime:0.0090s ]
SQL: SELECT `id`,`username`,`netname`,`netdescribt` FROM `cl_user` WHERE ( id=12 ) LIMIT 1   [ RunTime:0.0007s ]
INFO: [ view_parse ] --START--
INFO: [ template_filter ] --START--
INFO: Run Behavior\ContentReplaceBehavior [ RunTime:0.000183s ]
INFO: [ template_filter ] --END-- [ RunTime:0.000245s ]
INFO: Run Behavior\ParseTemplateBehavior [ RunTime:0.055497s ]
INFO: [ view_parse ] --END-- [ RunTime:0.055580s ]
INFO: [ view_filter ] --START--
INFO: Run Behavior\WriteHtmlCacheBehavior [ RunTime:0.000580s ]
INFO: [ view_filter ] --END-- [ RunTime:0.000630s ]
INFO: [ app_end ] --START--
INFO: Run Behavior\ShowPageTraceBehavior [ RunTime:0.000838s ]
INFO: [ app_end ] --END-- [ RunTime:0.000893s ]

[ 2017-10-15T22:23:36+08:00 ] ::1 /cloud/index.php/Admin/Stu/stuMessage/id/12
INFO: [ app_init ] --START--
INFO: Run Behavior\BuildLiteBehavior [ RunTime:0.000015s ]
INFO: [ app_init ] --END-- [ RunTime:0.000467s ]
INFO: [ app_begin ] --START--
INFO: Run Behavior\ReadHtmlCacheBehavior [ RunTime:0.000724s ]
INFO: [ app_begin ] --END-- [ RunTime:0.000791s ]
SQL: SHOW COLUMNS FROM `cl_user` [ RunTime:0.0090s ]
SQL: SELECT `id`,`username`,`netname`,`netdescribt` FROM `cl_user` WHERE ( id=12 ) LIMIT 1   [ RunTime:0.0007s ]
INFO: [ view_parse ] --START--
INFO: [ template_filter ] --START--
INFO: Run Behavior\ContentReplaceBehavior [ RunTime:0.000108s ]
INFO: [ template_filter ] --END-- [ RunTime:0.000148s ]
INFO: Run Behavior\ParseTemplateBehavior [ RunTime:0.021388s ]
INFO: [ view_parse ] --END-- [ RunTime:0.021456s ]
INFO: [ view_filter ] --START--
INFO: Run Behavior\WriteHtmlCacheBehavior [ RunTime:0.000382s ]
INFO: [ view_filter ] --END-- [ RunTime:0.000410s ]
INFO: [ app_end ] --START--
INFO: Run Behavior\ShowPageTraceBehavior [ RunTime:0.000575s ]
INFO: [ app_end ] --END-- [ RunTime:0.000612s ]

[ 2017-10-15T22:23:49+08:00 ] ::1 /cloud/index.php/Admin/Stu/stuMessage/id/stuMessage
INFO: [ app_init ] --START--
INFO: Run Behavior\BuildLiteBehavior [ RunTime:0.000014s ]
INFO: [ app_init ] --END-- [ RunTime:0.000390s ]
INFO: [ app_begin ] --START--
INFO: Run Behavior\ReadHtmlCacheBehavior [ RunTime:0.000515s ]
INFO: [ app_begin ] --END-- [ RunTime:0.000566s ]
SQL: SHOW COLUMNS FROM `cl_user` [ RunTime:0.0081s ]
SQL: SHOW COLUMNS FROM `cl_comment` [ RunTime:0.0032s ]
SQL: INSERT INTO `cl_comment` (`comment_bauthor`,`comment_to`,`comment_content`,`comment_btime`) VALUES ('叶叶','12','卡卡卡卡卡卡','1508077429') [ RunTime:0.0003s ]
ERR: 1054:Unknown column 'stuMessage' in 'where clause'
 [ SQL语句 ] : SELECT `id`,`username`,`netname`,`netdescribt` FROM `cl_user` WHERE ( id=stuMessage ) LIMIT 1  
ERR: 1054:Unknown column 'stuMessage' in 'where clause'
 [ SQL语句 ] : SELECT `id`,`username`,`netname`,`netdescribt` FROM `cl_user` WHERE ( id=stuMessage ) LIMIT 1  

[ 2017-10-15T22:23:53+08:00 ] ::1 /cloud/index.php/Admin/Stu/stuMessage/id/12
INFO: [ app_init ] --START--
INFO: Run Behavior\BuildLiteBehavior [ RunTime:0.000026s ]
INFO: [ app_init ] --END-- [ RunTime:0.000797s ]
INFO: [ app_begin ] --START--
INFO: Run Behavior\ReadHtmlCacheBehavior [ RunTime:0.000868s ]
INFO: [ app_begin ] --END-- [ RunTime:0.000950s ]
SQL: SHOW COLUMNS FROM `cl_user` [ RunTime:0.0035s ]
SQL: SELECT `id`,`username`,`netname`,`netdescribt` FROM `cl_user` WHERE ( id=12 ) LIMIT 1   [ RunTime:0.0003s ]
INFO: [ view_parse ] --START--
INFO: [ template_filter ] --START--
INFO: Run Behavior\ContentReplaceBehavior [ RunTime:0.000106s ]
INFO: [ template_filter ] --END-- [ RunTime:0.000153s ]
INFO: Run Behavior\ParseTemplateBehavior [ RunTime:0.008930s ]
INFO: [ view_parse ] --END-- [ RunTime:0.008968s ]
INFO: [ view_filter ] --START--
INFO: Run Behavior\WriteHtmlCacheBehavior [ RunTime:0.000391s ]
INFO: [ view_filter ] --END-- [ RunTime:0.000421s ]
INFO: [ app_end ] --START--
INFO: Run Behavior\ShowPageTraceBehavior [ RunTime:0.000612s ]
INFO: [ app_end ] --END-- [ RunTime:0.000675s ]

[ 2017-10-15T22:31:55+08:00 ] ::1 /cloud/index.php/Admin/Stu/stuMessage/id/12
INFO: [ app_init ] --START--
INFO: Run Behavior\BuildLiteBehavior [ RunTime:0.000010s ]
INFO: [ app_init ] --END-- [ RunTime:0.000466s ]
INFO: [ app_begin ] --START--
INFO: Run Behavior\ReadHtmlCacheBehavior [ RunTime:0.000600s ]
INFO: [ app_begin ] --END-- [ RunTime:0.000640s ]
SQL: SHOW COLUMNS FROM `cl_user` [ RunTime:0.0105s ]
SQL: SHOW COLUMNS FROM `cl_comment` [ RunTime:0.0054s ]
SQL: SELECT `id`,`username`,`netname`,`netdescribt` FROM `cl_user` WHERE ( id=12 ) LIMIT 1   [ RunTime:0.0003s ]
SQL: SELECT * FROM `cl_comment` WHERE ( comment_to=12 )  [ RunTime:0.0003s ]
INFO: [ view_parse ] --START--
INFO: [ template_filter ] --START--
INFO: Run Behavior\ContentReplaceBehavior [ RunTime:0.000113s ]
INFO: [ template_filter ] --END-- [ RunTime:0.000151s ]
INFO: Run Behavior\ParseTemplateBehavior [ RunTime:0.015950s ]
INFO: [ view_parse ] --END-- [ RunTime:0.016001s ]
INFO: [ view_filter ] --START--
INFO: Run Behavior\WriteHtmlCacheBehavior [ RunTime:0.000284s ]
INFO: [ view_filter ] --END-- [ RunTime:0.000317s ]
INFO: [ app_end ] --START--
INFO: Run Behavior\ShowPageTraceBehavior [ RunTime:0.000745s ]
INFO: [ app_end ] --END-- [ RunTime:0.000811s ]

[ 2017-10-15T22:32:45+08:00 ] ::1 /cloud/index.php/Admin/Stu/stuMessage/id/12
INFO: [ app_init ] --START--
INFO: Run Behavior\BuildLiteBehavior [ RunTime:0.000012s ]
INFO: [ app_init ] --END-- [ RunTime:0.000328s ]
INFO: [ app_begin ] --START--
INFO: Run Behavior\ReadHtmlCacheBehavior [ RunTime:0.000405s ]
INFO: [ app_begin ] --END-- [ RunTime:0.000448s ]
SQL: SHOW COLUMNS FROM `cl_user` [ RunTime:0.0099s ]
SQL: SHOW COLUMNS FROM `cl_comment` [ RunTime:0.0100s ]
SQL: SELECT `id`,`username`,`netname`,`netdescribt` FROM `cl_user` WHERE ( id=12 ) LIMIT 1   [ RunTime:0.0007s ]
SQL: SELECT * FROM `cl_comment` WHERE ( comment_to=12 )  [ RunTime:0.0007s ]
INFO: [ view_parse ] --START--
INFO: [ template_filter ] --START--
INFO: Run Behavior\ContentReplaceBehavior [ RunTime:0.000203s ]
INFO: [ template_filter ] --END-- [ RunTime:0.000278s ]
INFO: Run Behavior\ParseTemplateBehavior [ RunTime:0.024960s ]
INFO: [ view_parse ] --END-- [ RunTime:0.025054s ]
INFO: [ view_filter ] --START--
INFO: Run Behavior\WriteHtmlCacheBehavior [ RunTime:0.000496s ]
INFO: [ view_filter ] --END-- [ RunTime:0.000557s ]
INFO: [ app_end ] --START--
INFO: Run Behavior\ShowPageTraceBehavior [ RunTime:0.000800s ]
INFO: [ app_end ] --END-- [ RunTime:0.000870s ]

[ 2017-10-15T22:34:57+08:00 ] ::1 /cloud/index.php/Admin/Stu/stuMessage/id/12
INFO: [ app_init ] --START--
INFO: Run Behavior\BuildLiteBehavior [ RunTime:0.000011s ]
INFO: [ app_init ] --END-- [ RunTime:0.000408s ]
INFO: [ app_begin ] --START--
INFO: Run Behavior\ReadHtmlCacheBehavior [ RunTime:0.000447s ]
INFO: [ app_begin ] --END-- [ RunTime:0.000485s ]
SQL: SHOW COLUMNS FROM `cl_user` [ RunTime:0.0091s ]
SQL: SHOW COLUMNS FROM `cl_comment` [ RunTime:0.0091s ]
SQL: SELECT `id`,`username`,`netname`,`netdescribt` FROM `cl_user` WHERE ( id=12 ) LIMIT 1   [ RunTime:0.0004s ]
SQL: SELECT * FROM `cl_comment` WHERE ( comment_to=12 )  [ RunTime:0.0004s ]
INFO: [ view_parse ] --START--
INFO: [ template_filter ] --START--
INFO: Run Behavior\ContentReplaceBehavior [ RunTime:0.000226s ]
INFO: [ template_filter ] --END-- [ RunTime:0.000305s ]
INFO: Run Behavior\ParseTemplateBehavior [ RunTime:0.017219s ]
INFO: [ view_parse ] --END-- [ RunTime:0.017293s ]
INFO: [ view_filter ] --START--
INFO: Run Behavior\WriteHtmlCacheBehavior [ RunTime:0.000563s ]
INFO: [ view_filter ] --END-- [ RunTime:0.000626s ]
INFO: [ app_end ] --START--
INFO: Run Behavior\ShowPageTraceBehavior [ RunTime:0.001071s ]
INFO: [ app_end ] --END-- [ RunTime:0.001148s ]

[ 2017-10-15T22:35:29+08:00 ] ::1 /cloud/index.php/Admin/Stu/stuMessage/id/12
INFO: [ app_init ] --START--
INFO: Run Behavior\BuildLiteBehavior [ RunTime:0.000010s ]
INFO: [ app_init ] --END-- [ RunTime:0.000319s ]
INFO: [ app_begin ] --START--
INFO: Run Behavior\ReadHtmlCacheBehavior [ RunTime:0.000384s ]
INFO: [ app_begin ] --END-- [ RunTime:0.000425s ]
SQL: SHOW COLUMNS FROM `cl_user` [ RunTime:0.0106s ]
SQL: SHOW COLUMNS FROM `cl_comment` [ RunTime:0.0100s ]
SQL: SELECT `id`,`username`,`netname`,`netdescribt` FROM `cl_user` WHERE ( id=12 ) LIMIT 1   [ RunTime:0.0007s ]
SQL: SELECT * FROM `cl_comment` WHERE ( comment_to=12 )  [ RunTime:0.0007s ]
INFO: [ view_parse ] --START--
INFO: [ template_filter ] --START--
INFO: Run Behavior\ContentReplaceBehavior [ RunTime:0.000220s ]
INFO: [ template_filter ] --END-- [ RunTime:0.000291s ]
INFO: Run Behavior\ParseTemplateBehavior [ RunTime:0.017522s ]
INFO: [ view_parse ] --END-- [ RunTime:0.017611s ]
INFO: [ view_filter ] --START--
INFO: Run Behavior\WriteHtmlCacheBehavior [ RunTime:0.000510s ]
INFO: [ view_filter ] --END-- [ RunTime:0.000581s ]
INFO: [ app_end ] --START--
INFO: Run Behavior\ShowPageTraceBehavior [ RunTime:0.000927s ]
INFO: [ app_end ] --END-- [ RunTime:0.001017s ]

[ 2017-10-15T22:38:56+08:00 ] ::1 /cloud/index.php/Admin/Stu/stuMessage/id/12
INFO: [ app_init ] --START--
INFO: Run Behavior\BuildLiteBehavior [ RunTime:0.000010s ]
INFO: [ app_init ] --END-- [ RunTime:0.000422s ]
INFO: [ app_begin ] --START--
INFO: Run Behavior\ReadHtmlCacheBehavior [ RunTime:0.000535s ]
INFO: [ app_begin ] --END-- [ RunTime:0.000583s ]
SQL: SHOW COLUMNS FROM `cl_user` [ RunTime:0.0148s ]
SQL: SHOW COLUMNS FROM `cl_comment` [ RunTime:0.0095s ]
SQL: SELECT `id`,`username`,`netname`,`netdescribt` FROM `cl_user` WHERE ( id=12 ) LIMIT 1   [ RunTime:0.0007s ]
SQL: SELECT * FROM `cl_comment` WHERE ( comment_to=12 )  [ RunTime:0.0008s ]
INFO: [ view_parse ] --START--
INFO: [ template_filter ] --START--
INFO: Run Behavior\ContentReplaceBehavior [ RunTime:0.000249s ]
INFO: [ template_filter ] --END-- [ RunTime:0.000346s ]
NOTIC: [2] date() expects parameter 2 to be long, string given F:\phpStudy\WWW\cloud\Application\Runtime\Cache\Admin\9c06377b7c21deb1a2a0b9212d50f325.php 第 382 行.
NOTIC: [2] date() expects parameter 2 to be long, string given F:\phpStudy\WWW\cloud\Application\Runtime\Cache\Admin\9c06377b7c21deb1a2a0b9212d50f325.php 第 382 行.
NOTIC: [2] date() expects parameter 2 to be long, string given F:\phpStudy\WWW\cloud\Application\Runtime\Cache\Admin\9c06377b7c21deb1a2a0b9212d50f325.php 第 382 行.
INFO: Run Behavior\ParseTemplateBehavior [ RunTime:0.042966s ]
INFO: [ view_parse ] --END-- [ RunTime:0.043061s ]
INFO: [ view_filter ] --START--
INFO: Run Behavior\WriteHtmlCacheBehavior [ RunTime:0.000603s ]
INFO: [ view_filter ] --END-- [ RunTime:0.000665s ]
INFO: [ app_end ] --START--
INFO: Run Behavior\ShowPageTraceBehavior [ RunTime:0.000995s ]
INFO: [ app_end ] --END-- [ RunTime:0.001071s ]

[ 2017-10-15T22:39:11+08:00 ] ::1 /cloud/index.php/Admin/Stu/stuMessage/id/12
INFO: [ app_init ] --START--
INFO: Run Behavior\BuildLiteBehavior [ RunTime:0.000019s ]
INFO: [ app_init ] --END-- [ RunTime:0.000800s ]
INFO: [ app_begin ] --START--
INFO: Run Behavior\ReadHtmlCacheBehavior [ RunTime:0.000583s ]
INFO: [ app_begin ] --END-- [ RunTime:0.000647s ]
SQL: SHOW COLUMNS FROM `cl_user` [ RunTime:0.0089s ]
SQL: SHOW COLUMNS FROM `cl_comment` [ RunTime:0.0097s ]
SQL: SELECT `id`,`username`,`netname`,`netdescribt` FROM `cl_user` WHERE ( id=12 ) LIMIT 1   [ RunTime:0.0007s ]
SQL: SELECT * FROM `cl_comment` WHERE ( comment_to=12 )  [ RunTime:0.0007s ]
INFO: [ view_parse ] --START--
INFO: [ template_filter ] --START--
INFO: Run Behavior\ContentReplaceBehavior [ RunTime:0.000201s ]
INFO: [ template_filter ] --END-- [ RunTime:0.000268s ]
NOTIC: [2] date() expects at most 2 parameters, 3 given F:\phpStudy\WWW\cloud\Application\Runtime\Cache\Admin\9c06377b7c21deb1a2a0b9212d50f325.php 第 382 行.
NOTIC: [2] date() expects at most 2 parameters, 3 given F:\phpStudy\WWW\cloud\Application\Runtime\Cache\Admin\9c06377b7c21deb1a2a0b9212d50f325.php 第 382 行.
NOTIC: [2] date() expects at most 2 parameters, 3 given F:\phpStudy\WWW\cloud\Application\Runtime\Cache\Admin\9c06377b7c21deb1a2a0b9212d50f325.php 第 382 行.
INFO: Run Behavior\ParseTemplateBehavior [ RunTime:0.019061s ]
INFO: [ view_parse ] --END-- [ RunTime:0.019142s ]
INFO: [ view_filter ] --START--
INFO: Run Behavior\WriteHtmlCacheBehavior [ RunTime:0.000425s ]
INFO: [ view_filter ] --END-- [ RunTime:0.000483s ]
INFO: [ app_end ] --START--
INFO: Run Behavior\ShowPageTraceBehavior [ RunTime:0.000873s ]
INFO: [ app_end ] --END-- [ RunTime:0.000952s ]

[ 2017-10-15T22:39:53+08:00 ] ::1 /cloud/index.php/Admin/Stu/stuMessage/id/12
INFO: [ app_init ] --START--
INFO: Run Behavior\BuildLiteBehavior [ RunTime:0.000012s ]
INFO: [ app_init ] --END-- [ RunTime:0.000396s ]
INFO: [ app_begin ] --START--
INFO: Run Behavior\ReadHtmlCacheBehavior [ RunTime:0.000450s ]
INFO: [ app_begin ] --END-- [ RunTime:0.000511s ]
SQL: SHOW COLUMNS FROM `cl_user` [ RunTime:0.0142s ]
SQL: SHOW COLUMNS FROM `cl_comment` [ RunTime:0.0082s ]
SQL: SELECT `id`,`username`,`netname`,`netdescribt` FROM `cl_user` WHERE ( id=12 ) LIMIT 1   [ RunTime:0.0007s ]
SQL: SELECT * FROM `cl_comment` WHERE ( comment_to=12 )  [ RunTime:0.0007s ]
INFO: [ view_parse ] --START--
INFO: [ template_filter ] --START--
INFO: Run Behavior\ContentReplaceBehavior [ RunTime:0.000206s ]
INFO: [ template_filter ] --END-- [ RunTime:0.000278s ]
NOTIC: [2] date() expects parameter 2 to be long, string given F:\phpStudy\WWW\cloud\Application\Runtime\Cache\Admin\9c06377b7c21deb1a2a0b9212d50f325.php 第 382 行.
NOTIC: [2] date() expects parameter 2 to be long, string given F:\phpStudy\WWW\cloud\Application\Runtime\Cache\Admin\9c06377b7c21deb1a2a0b9212d50f325.php 第 382 行.
NOTIC: [2] date() expects parameter 2 to be long, string given F:\phpStudy\WWW\cloud\Application\Runtime\Cache\Admin\9c06377b7c21deb1a2a0b9212d50f325.php 第 382 行.
INFO: Run Behavior\ParseTemplateBehavior [ RunTime:0.025093s ]
INFO: [ view_parse ] --END-- [ RunTime:0.025235s ]
INFO: [ view_filter ] --START--
INFO: Run Behavior\WriteHtmlCacheBehavior [ RunTime:0.000462s ]
INFO: [ view_filter ] --END-- [ RunTime:0.000517s ]
INFO: [ app_end ] --START--
INFO: Run Behavior\ShowPageTraceBehavior [ RunTime:0.000853s ]
INFO: [ app_end ] --END-- [ RunTime:0.000932s ]

[ 2017-10-15T22:40:07+08:00 ] ::1 /cloud/index.php/Admin/Stu/stuMessage/id/12
INFO: [ app_init ] --START--
INFO: Run Behavior\BuildLiteBehavior [ RunTime:0.000011s ]
INFO: [ app_init ] --END-- [ RunTime:0.000394s ]
INFO: [ app_begin ] --START--
INFO: Run Behavior\ReadHtmlCacheBehavior [ RunTime:0.000449s ]
INFO: [ app_begin ] --END-- [ RunTime:0.000488s ]
SQL: SHOW COLUMNS FROM `cl_user` [ RunTime:0.0095s ]
SQL: SHOW COLUMNS FROM `cl_comment` [ RunTime:0.0101s ]
SQL: SELECT `id`,`username`,`netname`,`netdescribt` FROM `cl_user` WHERE ( id=12 ) LIMIT 1   [ RunTime:0.0009s ]
SQL: SELECT * FROM `cl_comment` WHERE ( comment_to=12 )  [ RunTime:0.0019s ]
INFO: [ view_parse ] --START--
INFO: [ template_filter ] --START--
INFO: Run Behavior\ContentReplaceBehavior [ RunTime:0.000108s ]
INFO: [ template_filter ] --END-- [ RunTime:0.000146s ]
NOTIC: [2] date() expects parameter 2 to be long, string given F:\phpStudy\WWW\cloud\Application\Runtime\Cache\Admin\9c06377b7c21deb1a2a0b9212d50f325.php 第 382 行.
NOTIC: [2] date() expects parameter 2 to be long, string given F:\phpStudy\WWW\cloud\Application\Runtime\Cache\Admin\9c06377b7c21deb1a2a0b9212d50f325.php 第 382 行.
NOTIC: [2] date() expects parameter 2 to be long, string given F:\phpStudy\WWW\cloud\Application\Runtime\Cache\Admin\9c06377b7c21deb1a2a0b9212d50f325.php 第 382 行.
INFO: Run Behavior\ParseTemplateBehavior [ RunTime:0.009289s ]
INFO: [ view_parse ] --END-- [ RunTime:0.009357s ]
INFO: [ view_filter ] --START--
INFO: Run Behavior\WriteHtmlCacheBehavior [ RunTime:0.000289s ]
INFO: [ view_filter ] --END-- [ RunTime:0.000319s ]
INFO: [ app_end ] --START--
INFO: Run Behavior\ShowPageTraceBehavior [ RunTime:0.000471s ]
INFO: [ app_end ] --END-- [ RunTime:0.000514s ]

[ 2017-10-15T22:40:27+08:00 ] ::1 /cloud/index.php/Admin/Stu/stuMessage/id/12
INFO: [ app_init ] --START--
INFO: Run Behavior\BuildLiteBehavior [ RunTime:0.000016s ]
INFO: [ app_init ] --END-- [ RunTime:0.000473s ]
INFO: [ app_begin ] --START--
INFO: Run Behavior\ReadHtmlCacheBehavior [ RunTime:0.000408s ]
INFO: [ app_begin ] --END-- [ RunTime:0.000451s ]
SQL: SHOW COLUMNS FROM `cl_user` [ RunTime:0.0097s ]
SQL: SHOW COLUMNS FROM `cl_comment` [ RunTime:0.0100s ]
SQL: SELECT `id`,`username`,`netname`,`netdescribt` FROM `cl_user` WHERE ( id=12 ) LIMIT 1   [ RunTime:0.0007s ]
SQL: SELECT * FROM `cl_comment` WHERE ( comment_to=12 )  [ RunTime:0.0008s ]
INFO: [ view_parse ] --START--
INFO: [ template_filter ] --START--
INFO: Run Behavior\ContentReplaceBehavior [ RunTime:0.000177s ]
INFO: [ template_filter ] --END-- [ RunTime:0.000243s ]
INFO: Run Behavior\ParseTemplateBehavior [ RunTime:0.017497s ]
INFO: [ view_parse ] --END-- [ RunTime:0.017642s ]
INFO: [ view_filter ] --START--
INFO: Run Behavior\WriteHtmlCacheBehavior [ RunTime:0.000448s ]
INFO: [ view_filter ] --END-- [ RunTime:0.000502s ]
INFO: [ app_end ] --START--
INFO: Run Behavior\ShowPageTraceBehavior [ RunTime:0.000804s ]
INFO: [ app_end ] --END-- [ RunTime:0.000879s ]

[ 2017-10-15T22:40:51+08:00 ] ::1 /cloud/index.php/Admin/Stu/stuMessage/id/12
INFO: [ app_init ] --START--
INFO: Run Behavior\BuildLiteBehavior [ RunTime:0.000011s ]
INFO: [ app_init ] --END-- [ RunTime:0.000335s ]
INFO: [ app_begin ] --START--
INFO: Run Behavior\ReadHtmlCacheBehavior [ RunTime:0.000429s ]
INFO: [ app_begin ] --END-- [ RunTime:0.000466s ]
SQL: SHOW COLUMNS FROM `cl_user` [ RunTime:0.0104s ]
SQL: SHOW COLUMNS FROM `cl_comment` [ RunTime:0.0082s ]
SQL: SELECT `id`,`username`,`netname`,`netdescribt` FROM `cl_user` WHERE ( id=12 ) LIMIT 1   [ RunTime:0.0007s ]
SQL: SELECT * FROM `cl_comment` WHERE ( comment_to=12 )  [ RunTime:0.0007s ]
INFO: [ view_parse ] --START--
INFO: [ template_filter ] --START--
INFO: Run Behavior\ContentReplaceBehavior [ RunTime:0.000221s ]
INFO: [ template_filter ] --END-- [ RunTime:0.000299s ]
NOTIC: [2] date() expects parameter 2 to be long, string given F:\phpStudy\WWW\cloud\Application\Runtime\Cache\Admin\9c06377b7c21deb1a2a0b9212d50f325.php 第 382 行.
NOTIC: [2] date() expects parameter 2 to be long, string given F:\phpStudy\WWW\cloud\Application\Runtime\Cache\Admin\9c06377b7c21deb1a2a0b9212d50f325.php 第 382 行.
NOTIC: [2] date() expects parameter 2 to be long, string given F:\phpStudy\WWW\cloud\Application\Runtime\Cache\Admin\9c06377b7c21deb1a2a0b9212d50f325.php 第 382 行.
INFO: Run Behavior\ParseTemplateBehavior [ RunTime:0.026622s ]
INFO: [ view_parse ] --END-- [ RunTime:0.026705s ]
INFO: [ view_filter ] --START--
INFO: Run Behavior\WriteHtmlCacheBehavior [ RunTime:0.000498s ]
INFO: [ view_filter ] --END-- [ RunTime:0.000559s ]
INFO: [ app_end ] --START--
INFO: Run Behavior\ShowPageTraceBehavior [ RunTime:0.000791s ]
INFO: [ app_end ] --END-- [ RunTime:0.000861s ]

[ 2017-10-15T22:41:23+08:00 ] ::1 /cloud/index.php/Admin/Stu/stuMessage/id/12
INFO: [ app_init ] --START--
INFO: Run Behavior\BuildLiteBehavior [ RunTime:0.000017s ]
INFO: [ app_init ] --END-- [ RunTime:0.000609s ]
INFO: [ app_begin ] --START--
INFO: Run Behavior\ReadHtmlCacheBehavior [ RunTime:0.000530s ]
INFO: [ app_begin ] --END-- [ RunTime:0.000579s ]
SQL: SHOW COLUMNS FROM `cl_user` [ RunTime:0.0091s ]
SQL: SHOW COLUMNS FROM `cl_comment` [ RunTime:0.0069s ]
SQL: SELECT `id`,`username`,`netname`,`netdescribt` FROM `cl_user` WHERE ( id=12 ) LIMIT 1   [ RunTime:0.0003s ]
SQL: SELECT * FROM `cl_comment` WHERE ( comment_to=12 )  [ RunTime:0.0003s ]
INFO: [ view_parse ] --START--
INFO: [ template_filter ] --START--
INFO: Run Behavior\ContentReplaceBehavior [ RunTime:0.000108s ]
INFO: [ template_filter ] --END-- [ RunTime:0.000144s ]
NOTIC: [2] date() expects parameter 2 to be long, string given F:\phpStudy\WWW\cloud\Application\Runtime\Cache\Admin\9c06377b7c21deb1a2a0b9212d50f325.php 第 382 行.
NOTIC: [2] date() expects parameter 2 to be long, string given F:\phpStudy\WWW\cloud\Application\Runtime\Cache\Admin\9c06377b7c21deb1a2a0b9212d50f325.php 第 382 行.
NOTIC: [2] date() expects parameter 2 to be long, string given F:\phpStudy\WWW\cloud\Application\Runtime\Cache\Admin\9c06377b7c21deb1a2a0b9212d50f325.php 第 382 行.
INFO: Run Behavior\ParseTemplateBehavior [ RunTime:0.008663s ]
INFO: [ view_parse ] --END-- [ RunTime:0.008722s ]
INFO: [ view_filter ] --START--
INFO: Run Behavior\WriteHtmlCacheBehavior [ RunTime:0.000341s ]
INFO: [ view_filter ] --END-- [ RunTime:0.000380s ]
INFO: [ app_end ] --START--
INFO: Run Behavior\ShowPageTraceBehavior [ RunTime:0.000597s ]
INFO: [ app_end ] --END-- [ RunTime:0.000637s ]

[ 2017-10-15T22:43:42+08:00 ] ::1 /cloud/index.php/Admin/Stu/stuMessage/id/12
INFO: [ app_init ] --START--
INFO: Run Behavior\BuildLiteBehavior [ RunTime:0.000010s ]
INFO: [ app_init ] --END-- [ RunTime:0.000413s ]
INFO: [ app_begin ] --START--
INFO: Run Behavior\ReadHtmlCacheBehavior [ RunTime:0.000512s ]
INFO: [ app_begin ] --END-- [ RunTime:0.000559s ]
SQL: SHOW COLUMNS FROM `cl_user` [ RunTime:0.0090s ]
SQL: SHOW COLUMNS FROM `cl_comment` [ RunTime:0.0101s ]
SQL: SELECT `id`,`username`,`netname`,`netdescribt` FROM `cl_user` WHERE ( id=12 ) LIMIT 1   [ RunTime:0.0007s ]
SQL: SELECT * FROM `cl_comment` WHERE ( comment_to=12 )  [ RunTime:0.0007s ]
INFO: [ view_parse ] --START--
INFO: [ template_filter ] --START--
INFO: Run Behavior\ContentReplaceBehavior [ RunTime:0.000355s ]
INFO: [ template_filter ] --END-- [ RunTime:0.000472s ]
NOTIC: [8] Undefined index: comment_btime  F:\phpStudy\WWW\cloud\Application\Runtime\Cache\Admin\9c06377b7c21deb1a2a0b9212d50f325.php 第 382 行.
NOTIC: [2] date() expects parameter 2 to be long, string given F:\phpStudy\WWW\cloud\Application\Runtime\Cache\Admin\9c06377b7c21deb1a2a0b9212d50f325.php 第 382 行.
NOTIC: [8] Undefined index: comment_btime  F:\phpStudy\WWW\cloud\Application\Runtime\Cache\Admin\9c06377b7c21deb1a2a0b9212d50f325.php 第 382 行.
NOTIC: [2] date() expects parameter 2 to be long, string given F:\phpStudy\WWW\cloud\Application\Runtime\Cache\Admin\9c06377b7c21deb1a2a0b9212d50f325.php 第 382 行.
NOTIC: [8] Undefined index: comment_btime  F:\phpStudy\WWW\cloud\Application\Runtime\Cache\Admin\9c06377b7c21deb1a2a0b9212d50f325.php 第 382 行.
NOTIC: [2] date() expects parameter 2 to be long, string given F:\phpStudy\WWW\cloud\Application\Runtime\Cache\Admin\9c06377b7c21deb1a2a0b9212d50f325.php 第 382 行.
INFO: Run Behavior\ParseTemplateBehavior [ RunTime:0.030480s ]
INFO: [ view_parse ] --END-- [ RunTime:0.030587s ]
INFO: [ view_filter ] --START--
INFO: Run Behavior\WriteHtmlCacheBehavior [ RunTime:0.000812s ]
INFO: [ view_filter ] --END-- [ RunTime:0.000909s ]
INFO: [ app_end ] --START--
INFO: Run Behavior\ShowPageTraceBehavior [ RunTime:0.001283s ]
INFO: [ app_end ] --END-- [ RunTime:0.001389s ]

[ 2017-10-15T23:09:14+08:00 ] ::1 /cloud/index.php/Admin/Stu/stuMessage/id/12
INFO: [ app_init ] --START--
INFO: Run Behavior\BuildLiteBehavior [ RunTime:0.000011s ]
INFO: [ app_init ] --END-- [ RunTime:0.000436s ]
INFO: [ app_begin ] --START--
INFO: Run Behavior\ReadHtmlCacheBehavior [ RunTime:0.000564s ]
INFO: [ app_begin ] --END-- [ RunTime:0.000605s ]
SQL: SHOW COLUMNS FROM `cl_user` [ RunTime:0.0111s ]
SQL: SHOW COLUMNS FROM `cl_comment` [ RunTime:0.0117s ]
SQL: SELECT `id`,`username`,`netname`,`netdescribt` FROM `cl_user` WHERE ( id=12 ) LIMIT 1   [ RunTime:0.0007s ]
SQL: SELECT * FROM `cl_comment` WHERE ( comment_to=12 )  [ RunTime:0.0007s ]
INFO: [ view_parse ] --START--
INFO: [ template_filter ] --START--
INFO: Run Behavior\ContentReplaceBehavior [ RunTime:0.000112s ]
INFO: [ template_filter ] --END-- [ RunTime:0.000152s ]
NOTIC: [2] date() expects parameter 2 to be long, string given F:\phpStudy\WWW\cloud\Application\Runtime\Cache\Admin\9c06377b7c21deb1a2a0b9212d50f325.php 第 382 行.
NOTIC: [2] date() expects parameter 2 to be long, string given F:\phpStudy\WWW\cloud\Application\Runtime\Cache\Admin\9c06377b7c21deb1a2a0b9212d50f325.php 第 382 行.
NOTIC: [2] date() expects parameter 2 to be long, string given F:\phpStudy\WWW\cloud\Application\Runtime\Cache\Admin\9c06377b7c21deb1a2a0b9212d50f325.php 第 382 行.
INFO: Run Behavior\ParseTemplateBehavior [ RunTime:0.021130s ]
INFO: [ view_parse ] --END-- [ RunTime:0.021191s ]
INFO: [ view_filter ] --START--
INFO: Run Behavior\WriteHtmlCacheBehavior [ RunTime:0.000325s ]
INFO: [ view_filter ] --END-- [ RunTime:0.000355s ]
INFO: [ app_end ] --START--
INFO: Run Behavior\ShowPageTraceBehavior [ RunTime:0.000512s ]
INFO: [ app_end ] --END-- [ RunTime:0.000552s ]

[ 2017-10-15T23:10:22+08:00 ] ::1 /cloud/index.php/Admin/Stu/stuMessage/id/12
INFO: [ app_init ] --START--
INFO: Run Behavior\BuildLiteBehavior [ RunTime:0.000009s ]
INFO: [ app_init ] --END-- [ RunTime:0.000366s ]
INFO: [ app_begin ] --START--
INFO: Run Behavior\ReadHtmlCacheBehavior [ RunTime:0.000421s ]
INFO: [ app_begin ] --END-- [ RunTime:0.000457s ]
SQL: SHOW COLUMNS FROM `cl_user` [ RunTime:0.0041s ]
SQL: SHOW COLUMNS FROM `cl_comment` [ RunTime:0.0041s ]
SQL: SELECT `id`,`username`,`netname`,`netdescribt` FROM `cl_user` WHERE ( id=12 ) LIMIT 1   [ RunTime:0.0003s ]
SQL: SELECT * FROM `cl_comment` WHERE ( comment_to=12 )  [ RunTime:0.0003s ]
INFO: [ view_parse ] --START--
INFO: [ template_filter ] --START--
INFO: Run Behavior\ContentReplaceBehavior [ RunTime:0.000127s ]
INFO: [ template_filter ] --END-- [ RunTime:0.000177s ]
NOTIC: [2] date() expects parameter 2 to be long, string given F:\phpStudy\WWW\cloud\Application\Runtime\Cache\Admin\9c06377b7c21deb1a2a0b9212d50f325.php 第 382 行.
NOTIC: [2] date() expects parameter 2 to be long, string given F:\phpStudy\WWW\cloud\Application\Runtime\Cache\Admin\9c06377b7c21deb1a2a0b9212d50f325.php 第 382 行.
NOTIC: [2] date() expects parameter 2 to be long, string given F:\phpStudy\WWW\cloud\Application\Runtime\Cache\Admin\9c06377b7c21deb1a2a0b9212d50f325.php 第 382 行.
INFO: Run Behavior\ParseTemplateBehavior [ RunTime:0.010626s ]
INFO: [ view_parse ] --END-- [ RunTime:0.010673s ]
INFO: [ view_filter ] --START--
INFO: Run Behavior\WriteHtmlCacheBehavior [ RunTime:0.000237s ]
INFO: [ view_filter ] --END-- [ RunTime:0.000270s ]
INFO: [ app_end ] --START--
INFO: Run Behavior\ShowPageTraceBehavior [ RunTime:0.000766s ]
INFO: [ app_end ] --END-- [ RunTime:0.000831s ]

[ 2017-10-15T23:10:38+08:00 ] ::1 /cloud/index.php/Admin/Stu/stuMessage/id/12
INFO: [ app_init ] --START--
INFO: Run Behavior\BuildLiteBehavior [ RunTime:0.000021s ]
INFO: [ app_init ] --END-- [ RunTime:0.000737s ]
INFO: [ app_begin ] --START--
INFO: Run Behavior\ReadHtmlCacheBehavior [ RunTime:0.000661s ]
INFO: [ app_begin ] --END-- [ RunTime:0.000738s ]
SQL: SHOW COLUMNS FROM `cl_user` [ RunTime:0.0037s ]
SQL: SHOW COLUMNS FROM `cl_comment` [ RunTime:0.0046s ]
SQL: SELECT `id`,`username`,`netname`,`netdescribt` FROM `cl_user` WHERE ( id=12 ) LIMIT 1   [ RunTime:0.0003s ]
SQL: SELECT * FROM `cl_comment` WHERE ( comment_to=12 )  [ RunTime:0.0003s ]
INFO: [ view_parse ] --START--
INFO: [ template_filter ] --START--
INFO: Run Behavior\ContentReplaceBehavior [ RunTime:0.000126s ]
INFO: [ template_filter ] --END-- [ RunTime:0.000180s ]
INFO: Run Behavior\ParseTemplateBehavior [ RunTime:0.010449s ]
INFO: [ view_parse ] --END-- [ RunTime:0.010503s ]
INFO: [ view_filter ] --START--
INFO: Run Behavior\WriteHtmlCacheBehavior [ RunTime:0.000295s ]
INFO: [ view_filter ] --END-- [ RunTime:0.000337s ]
INFO: [ app_end ] --START--
INFO: Run Behavior\ShowPageTraceBehavior [ RunTime:0.000507s ]
INFO: [ app_end ] --END-- [ RunTime:0.000546s ]

[ 2017-10-15T23:10:54+08:00 ] ::1 /cloud/index.php/Admin/Stu/stuMessage/id/12
INFO: [ app_init ] --START--
INFO: Run Behavior\BuildLiteBehavior [ RunTime:0.000020s ]
INFO: [ app_init ] --END-- [ RunTime:0.000676s ]
INFO: [ app_begin ] --START--
INFO: Run Behavior\ReadHtmlCacheBehavior [ RunTime:0.000785s ]
INFO: [ app_begin ] --END-- [ RunTime:0.000881s ]
SQL: SHOW COLUMNS FROM `cl_user` [ RunTime:0.0114s ]
SQL: SHOW COLUMNS FROM `cl_comment` [ RunTime:0.0093s ]
SQL: SELECT `id`,`username`,`netname`,`netdescribt` FROM `cl_user` WHERE ( id=12 ) LIMIT 1   [ RunTime:0.0007s ]
SQL: SELECT * FROM `cl_comment` WHERE ( comment_to=12 )  [ RunTime:0.0007s ]
INFO: [ view_parse ] --START--
INFO: [ template_filter ] --START--
INFO: Run Behavior\ContentReplaceBehavior [ RunTime:0.000200s ]
INFO: [ template_filter ] --END-- [ RunTime:0.000266s ]
INFO: Run Behavior\ParseTemplateBehavior [ RunTime:0.017406s ]
INFO: [ view_parse ] --END-- [ RunTime:0.017494s ]
INFO: [ view_filter ] --START--
INFO: Run Behavior\WriteHtmlCacheBehavior [ RunTime:0.000456s ]
INFO: [ view_filter ] --END-- [ RunTime:0.000514s ]
INFO: [ app_end ] --START--
INFO: Run Behavior\ShowPageTraceBehavior [ RunTime:0.000739s ]
INFO: [ app_end ] --END-- [ RunTime:0.000804s ]

[ 2017-10-15T23:11:19+08:00 ] ::1 /cloud/index.php/Admin/Stu/stuMessage/id/12
INFO: [ app_init ] --START--
INFO: Run Behavior\BuildLiteBehavior [ RunTime:0.000011s ]
INFO: [ app_init ] --END-- [ RunTime:0.000353s ]
INFO: [ app_begin ] --START--
INFO: Run Behavior\ReadHtmlCacheBehavior [ RunTime:0.000427s ]
INFO: [ app_begin ] --END-- [ RunTime:0.000470s ]
SQL: SHOW COLUMNS FROM `cl_user` [ RunTime:0.0090s ]
SQL: SHOW COLUMNS FROM `cl_comment` [ RunTime:0.0094s ]
SQL: SELECT `id`,`username`,`netname`,`netdescribt` FROM `cl_user` WHERE ( id=12 ) LIMIT 1   [ RunTime:0.0007s ]
SQL: SELECT * FROM `cl_comment` WHERE ( comment_to=12 )  [ RunTime:0.0007s ]
INFO: [ view_parse ] --START--
INFO: [ template_filter ] --START--
INFO: Run Behavior\ContentReplaceBehavior [ RunTime:0.000205s ]
INFO: [ template_filter ] --END-- [ RunTime:0.000279s ]
INFO: Run Behavior\ParseTemplateBehavior [ RunTime:0.026855s ]
INFO: [ view_parse ] --END-- [ RunTime:0.026945s ]
INFO: [ view_filter ] --START--
INFO: Run Behavior\WriteHtmlCacheBehavior [ RunTime:0.000439s ]
INFO: [ view_filter ] --END-- [ RunTime:0.000492s ]
INFO: [ app_end ] --START--
INFO: Run Behavior\ShowPageTraceBehavior [ RunTime:0.000793s ]
INFO: [ app_end ] --END-- [ RunTime:0.000855s ]

[ 2017-10-15T23:11:27+08:00 ] ::1 /cloud/index.php/Admin/Stu/stuMessage/id/12
INFO: [ app_init ] --START--
INFO: Run Behavior\BuildLiteBehavior [ RunTime:0.000029s ]
INFO: [ app_init ] --END-- [ RunTime:0.000776s ]
INFO: [ app_begin ] --START--
INFO: Run Behavior\ReadHtmlCacheBehavior [ RunTime:0.000822s ]
INFO: [ app_begin ] --END-- [ RunTime:0.000909s ]
SQL: SHOW COLUMNS FROM `cl_user` [ RunTime:0.0034s ]
SQL: SHOW COLUMNS FROM `cl_comment` [ RunTime:0.0029s ]
SQL: SELECT `id`,`username`,`netname`,`netdescribt` FROM `cl_user` WHERE ( id=12 ) LIMIT 1   [ RunTime:0.0003s ]
SQL: SELECT * FROM `cl_comment` WHERE ( comment_to=12 )  [ RunTime:0.0002s ]
INFO: [ view_parse ] --START--
INFO: [ template_filter ] --START--
INFO: Run Behavior\ContentReplaceBehavior [ RunTime:0.000111s ]
INFO: [ template_filter ] --END-- [ RunTime:0.000153s ]
INFO: Run Behavior\ParseTemplateBehavior [ RunTime:0.009230s ]
INFO: [ view_parse ] --END-- [ RunTime:0.009271s ]
INFO: [ view_filter ] --START--
INFO: Run Behavior\WriteHtmlCacheBehavior [ RunTime:0.000289s ]
INFO: [ view_filter ] --END-- [ RunTime:0.000320s ]
INFO: [ app_end ] --START--
INFO: Run Behavior\ShowPageTraceBehavior [ RunTime:0.000473s ]
INFO: [ app_end ] --END-- [ RunTime:0.000515s ]

[ 2017-10-15T23:12:20+08:00 ] ::1 /cloud/index.php/Admin/Stu/stuMessage/id/12
INFO: [ app_init ] --START--
INFO: Run Behavior\BuildLiteBehavior [ RunTime:0.000011s ]
INFO: [ app_init ] --END-- [ RunTime:0.000398s ]
INFO: [ app_begin ] --START--
INFO: Run Behavior\ReadHtmlCacheBehavior [ RunTime:0.000444s ]
INFO: [ app_begin ] --END-- [ RunTime:0.000480s ]
SQL: SHOW COLUMNS FROM `cl_user` [ RunTime:0.0093s ]
SQL: SHOW COLUMNS FROM `cl_comment` [ RunTime:0.0095s ]
SQL: SELECT `id`,`username`,`netname`,`netdescribt` FROM `cl_user` WHERE ( id=12 ) LIMIT 1   [ RunTime:0.0007s ]
SQL: SELECT * FROM `cl_comment` WHERE ( comment_to=12 )  [ RunTime:0.0007s ]
INFO: [ view_parse ] --START--
INFO: [ template_filter ] --START--
INFO: Run Behavior\ContentReplaceBehavior [ RunTime:0.000197s ]
INFO: [ template_filter ] --END-- [ RunTime:0.000265s ]
INFO: Run Behavior\ParseTemplateBehavior [ RunTime:0.025510s ]
INFO: [ view_parse ] --END-- [ RunTime:0.025597s ]
INFO: [ view_filter ] --START--
INFO: Run Behavior\WriteHtmlCacheBehavior [ RunTime:0.000412s ]
INFO: [ view_filter ] --END-- [ RunTime:0.000463s ]
INFO: [ app_end ] --START--
INFO: Run Behavior\ShowPageTraceBehavior [ RunTime:0.000744s ]
INFO: [ app_end ] --END-- [ RunTime:0.000801s ]

[ 2017-10-15T23:14:27+08:00 ] ::1 /cloud/index.php/Admin/Stu/stuMessage/id/12
INFO: [ app_init ] --START--
INFO: Run Behavior\BuildLiteBehavior [ RunTime:0.000012s ]
INFO: [ app_init ] --END-- [ RunTime:0.000453s ]
INFO: [ app_begin ] --START--
INFO: Run Behavior\ReadHtmlCacheBehavior [ RunTime:0.000446s ]
INFO: [ app_begin ] --END-- [ RunTime:0.000483s ]
SQL: SHOW COLUMNS FROM `cl_user` [ RunTime:0.0087s ]
SQL: SHOW COLUMNS FROM `cl_comment` [ RunTime:0.0096s ]
SQL: SELECT `id`,`username`,`netname`,`netdescribt` FROM `cl_user` WHERE ( id=12 ) LIMIT 1   [ RunTime:0.0007s ]
SQL: SELECT * FROM `cl_comment` WHERE ( comment_to=12 )  [ RunTime:0.0007s ]
INFO: [ view_parse ] --START--
INFO: [ template_filter ] --START--
INFO: Run Behavior\ContentReplaceBehavior [ RunTime:0.000217s ]
INFO: [ template_filter ] --END-- [ RunTime:0.000289s ]
INFO: Run Behavior\ParseTemplateBehavior [ RunTime:0.020169s ]
INFO: [ view_parse ] --END-- [ RunTime:0.020261s ]
INFO: [ view_filter ] --START--
INFO: Run Behavior\WriteHtmlCacheBehavior [ RunTime:0.000576s ]
INFO: [ view_filter ] --END-- [ RunTime:0.000639s ]
INFO: [ app_end ] --START--
INFO: Run Behavior\ShowPageTraceBehavior [ RunTime:0.000869s ]
INFO: [ app_end ] --END-- [ RunTime:0.000948s ]

