[ 2017-12-14T18:43:38+08:00 ] ::1 /cloud/index.php/admin/stu/stuIndex
INFO: [ app_init ] --START--
INFO: Run Behavior\BuildLiteBehavior [ RunTime:0.000000s ]
INFO: [ app_init ] --END-- [ RunTime:0.002000s ]
INFO: [ app_begin ] --START--
INFO: Run Behavior\ReadHtmlCacheBehavior [ RunTime:0.001000s ]
INFO: [ app_begin ] --END-- [ RunTime:0.001000s ]

[ 2017-12-14T18:44:45+08:00 ] ::1 /cloud/index.php/admin/stu/stuIndex
INFO: [ app_init ] --START--
INFO: Run Behavior\BuildLiteBehavior [ RunTime:0.000000s ]
INFO: [ app_init ] --END-- [ RunTime:0.001000s ]
INFO: [ app_begin ] --START--
INFO: Run Behavior\ReadHtmlCacheBehavior [ RunTime:0.001000s ]
INFO: [ app_begin ] --END-- [ RunTime:0.001000s ]

[ 2017-12-14T18:45:18+08:00 ] ::1 /cloud/index.php/admin/login/login
INFO: [ app_init ] --START--
INFO: Run Behavior\BuildLiteBehavior [ RunTime:0.000000s ]
INFO: [ app_init ] --END-- [ RunTime:0.000000s ]
INFO: [ app_begin ] --START--
INFO: Run Behavior\ReadHtmlCacheBehavior [ RunTime:0.001000s ]
INFO: [ app_begin ] --END-- [ RunTime:0.001000s ]
INFO: [ view_parse ] --START--
INFO: [ template_filter ] --START--
INFO: Run Behavior\ContentReplaceBehavior [ RunTime:0.001000s ]
INFO: [ template_filter ] --END-- [ RunTime:0.001000s ]
INFO: Run Behavior\ParseTemplateBehavior [ RunTime:0.011000s ]
INFO: [ view_parse ] --END-- [ RunTime:0.011000s ]
INFO: [ view_filter ] --START--
INFO: Run Behavior\WriteHtmlCacheBehavior [ RunTime:0.000000s ]
INFO: [ view_filter ] --END-- [ RunTime:0.000000s ]
INFO: [ app_end ] --START--
INFO: Run Behavior\ShowPageTraceBehavior [ RunTime:0.001000s ]
INFO: [ app_end ] --END-- [ RunTime:0.001000s ]

[ 2017-12-14T18:45:29+08:00 ] ::1 /cloud/index.php/Admin/Login/login
INFO: [ app_init ] --START--
INFO: Run Behavior\BuildLiteBehavior [ RunTime:0.000000s ]
INFO: [ app_init ] --END-- [ RunTime:0.001000s ]
INFO: [ app_begin ] --START--
INFO: Run Behavior\ReadHtmlCacheBehavior [ RunTime:0.001000s ]
INFO: [ app_begin ] --END-- [ RunTime:0.001000s ]
SQL: SHOW COLUMNS FROM `cl_user` [ RunTime:0.0070s ]
SQL: SELECT `username`,`stu_number`,`email`,`qq`,`level`,`password` FROM `cl_user` WHERE ( (username='20165528101' or stu_number='20165528101') and password='root' ) LIMIT 1   [ RunTime:0.0020s ]
INFO: [ view_parse ] --START--
INFO: [ template_filter ] --START--
INFO: Run Behavior\ContentReplaceBehavior [ RunTime:0.000000s ]
INFO: [ template_filter ] --END-- [ RunTime:0.000000s ]
INFO: Run Behavior\ParseTemplateBehavior [ RunTime:0.024001s ]
INFO: [ view_parse ] --END-- [ RunTime:0.024001s ]
INFO: [ view_filter ] --START--
INFO: Run Behavior\WriteHtmlCacheBehavior [ RunTime:0.000000s ]
INFO: [ view_filter ] --END-- [ RunTime:0.000000s ]
INFO: [ app_end ] --START--
INFO: Run Behavior\ShowPageTraceBehavior [ RunTime:0.001000s ]
INFO: [ app_end ] --END-- [ RunTime:0.001000s ]

[ 2017-12-14T18:45:38+08:00 ] ::1 /cloud/index.php/Admin/Login/login
INFO: [ app_init ] --START--
INFO: Run Behavior\BuildLiteBehavior [ RunTime:0.000000s ]
INFO: [ app_init ] --END-- [ RunTime:0.000000s ]
INFO: [ app_begin ] --START--
INFO: Run Behavior\ReadHtmlCacheBehavior [ RunTime:0.000000s ]
INFO: [ app_begin ] --END-- [ RunTime:0.000000s ]
SQL: SHOW COLUMNS FROM `cl_user` [ RunTime:0.0020s ]
SQL: SELECT `username`,`stu_number`,`email`,`qq`,`level`,`password` FROM `cl_user` WHERE ( (username='20165528101' or stu_number='20165528101') and password='123456' ) LIMIT 1   [ RunTime:0.0010s ]

[ 2017-12-14T18:45:39+08:00 ] ::1 /cloud/index.php/Admin/Stu/servAppl.html
INFO: [ app_init ] --START--
INFO: Run Behavior\BuildLiteBehavior [ RunTime:0.000000s ]
INFO: [ app_init ] --END-- [ RunTime:0.000000s ]
INFO: [ app_begin ] --START--
INFO: Run Behavior\ReadHtmlCacheBehavior [ RunTime:0.001000s ]
INFO: [ app_begin ] --END-- [ RunTime:0.001000s ]
SQL: SHOW COLUMNS FROM `cl_user` [ RunTime:0.0050s ]
SQL: SHOW COLUMNS FROM `cl_vsphere` [ RunTime:0.0090s ]
SQL: SHOW COLUMNS FROM `cl_openstack` [ RunTime:0.0070s ]
SQL: SHOW COLUMNS FROM `cl_svn` [ RunTime:0.0060s ]
SQL: SHOW COLUMNS FROM `cl_db` [ RunTime:0.0080s ]
SQL: SHOW COLUMNS FROM `cl_score` [ RunTime:0.0060s ]
SQL: SELECT `id`,`phnumber`,`qq`,`perdescribt`,`stu_number`,`level`,`cre_time` FROM `cl_user` WHERE ( username='黄理振' ) LIMIT 1   [ RunTime:0.0010s ]
SQL: SELECT `one_score`,`two_score`,`three_score`,`term_score`,`name` FROM `cl_score` WHERE ( to_id=260 ) LIMIT 1   [ RunTime:0.0000s ]
SQL: SELECT * FROM `cl_vsphere` WHERE ( applicant='黄理振' ) LIMIT 1   [ RunTime:0.0010s ]
SQL: SELECT * FROM `cl_openstack` WHERE ( applicant='黄理振' ) LIMIT 1   [ RunTime:0.0000s ]
SQL: SELECT * FROM `cl_svn` WHERE ( applicant='黄理振' ) LIMIT 1   [ RunTime:0.0010s ]
SQL: SELECT * FROM `cl_db` WHERE ( db_user='20165528101' ) LIMIT 1   [ RunTime:0.0010s ]
INFO: [ view_parse ] --START--
INFO: [ template_filter ] --START--
INFO: Run Behavior\ContentReplaceBehavior [ RunTime:0.001000s ]
INFO: [ template_filter ] --END-- [ RunTime:0.001000s ]
INFO: Run Behavior\ParseTemplateBehavior [ RunTime:0.028002s ]
INFO: [ view_parse ] --END-- [ RunTime:0.028002s ]
INFO: [ view_filter ] --START--
INFO: Run Behavior\WriteHtmlCacheBehavior [ RunTime:0.000000s ]
INFO: [ view_filter ] --END-- [ RunTime:0.000000s ]
INFO: [ app_end ] --START--
INFO: Run Behavior\ShowPageTraceBehavior [ RunTime:0.001000s ]
INFO: [ app_end ] --END-- [ RunTime:0.001000s ]

[ 2017-12-14T18:46:13+08:00 ] ::1 /cloud/index.php/admin/stu/stuIndex
INFO: [ app_init ] --START--
INFO: Run Behavior\BuildLiteBehavior [ RunTime:0.000000s ]
INFO: [ app_init ] --END-- [ RunTime:0.001000s ]
INFO: [ app_begin ] --START--
INFO: Run Behavior\ReadHtmlCacheBehavior [ RunTime:0.000000s ]
INFO: [ app_begin ] --END-- [ RunTime:0.000000s ]
SQL: SHOW COLUMNS FROM `cl_user` [ RunTime:0.0040s ]
SQL: SHOW COLUMNS FROM `cl_comment` [ RunTime:0.0070s ]
SQL: SELECT `id`,`username`,`netname`,`view` FROM `cl_user` WHERE ( excellent=1 )  [ RunTime:0.0010s ]
SQL: SELECT COUNT(*) AS tp_count FROM `cl_comment` WHERE ( comment_to=261 ) LIMIT 1   [ RunTime:0.0020s ]
SQL: SELECT COUNT(*) AS tp_count FROM `cl_comment` WHERE ( comment_to=262 ) LIMIT 1   [ RunTime:0.0000s ]
SQL: SELECT COUNT(*) AS tp_count FROM `cl_comment` WHERE ( comment_to=312 ) LIMIT 1   [ RunTime:0.0000s ]
SQL: SELECT COUNT(*) AS tp_count FROM `cl_comment` WHERE ( comment_to=313 ) LIMIT 1   [ RunTime:0.0000s ]
SQL: SELECT COUNT(*) AS tp_count FROM `cl_comment` WHERE ( comment_to=314 ) LIMIT 1   [ RunTime:0.0000s ]
SQL: SELECT COUNT(*) AS tp_count FROM `cl_comment` WHERE ( comment_to=260 ) LIMIT 1   [ RunTime:0.0010s ]
NOTIC: [8] Undefined index: flag D:\phpStudy\WWW\cloud\Application\Admin\Controller\StuController.class.php 第 21 行.
SQL: SELECT COUNT(*) AS tp_count FROM `cl_user` WHERE ( class='1' ) LIMIT 1   [ RunTime:0.0010s ]
SQL: SELECT `id`,`username`,`netname`,`view` FROM `cl_user` WHERE ( class='1' ) ORDER BY id LIMIT 0,12   [ RunTime:0.0010s ]
SQL: SELECT COUNT(*) AS tp_count FROM `cl_comment` WHERE ( comment_to=260 ) LIMIT 1   [ RunTime:0.0010s ]
SQL: SELECT COUNT(*) AS tp_count FROM `cl_comment` WHERE ( comment_to=261 ) LIMIT 1   [ RunTime:0.0010s ]
SQL: SELECT COUNT(*) AS tp_count FROM `cl_comment` WHERE ( comment_to=262 ) LIMIT 1   [ RunTime:0.0010s ]
SQL: SELECT COUNT(*) AS tp_count FROM `cl_comment` WHERE ( comment_to=263 ) LIMIT 1   [ RunTime:0.0010s ]
SQL: SELECT COUNT(*) AS tp_count FROM `cl_comment` WHERE ( comment_to=264 ) LIMIT 1   [ RunTime:0.0000s ]
SQL: SELECT COUNT(*) AS tp_count FROM `cl_comment` WHERE ( comment_to=265 ) LIMIT 1   [ RunTime:0.0000s ]
SQL: SELECT COUNT(*) AS tp_count FROM `cl_comment` WHERE ( comment_to=266 ) LIMIT 1   [ RunTime:0.0000s ]
SQL: SELECT COUNT(*) AS tp_count FROM `cl_comment` WHERE ( comment_to=267 ) LIMIT 1   [ RunTime:0.0010s ]
SQL: SELECT COUNT(*) AS tp_count FROM `cl_comment` WHERE ( comment_to=268 ) LIMIT 1   [ RunTime:0.0000s ]
SQL: SELECT COUNT(*) AS tp_count FROM `cl_comment` WHERE ( comment_to=269 ) LIMIT 1   [ RunTime:0.0010s ]
SQL: SELECT COUNT(*) AS tp_count FROM `cl_comment` WHERE ( comment_to=270 ) LIMIT 1   [ RunTime:0.0000s ]
SQL: SELECT COUNT(*) AS tp_count FROM `cl_comment` WHERE ( comment_to=271 ) LIMIT 1   [ RunTime:0.0010s ]
INFO: [ view_parse ] --START--
INFO: [ template_filter ] --START--
INFO: Run Behavior\ContentReplaceBehavior [ RunTime:0.000000s ]
INFO: [ template_filter ] --END-- [ RunTime:0.000000s ]
INFO: Run Behavior\ParseTemplateBehavior [ RunTime:0.016001s ]
INFO: [ view_parse ] --END-- [ RunTime:0.016001s ]
INFO: [ view_filter ] --START--
INFO: Run Behavior\WriteHtmlCacheBehavior [ RunTime:0.000000s ]
INFO: [ view_filter ] --END-- [ RunTime:0.000000s ]
INFO: [ app_end ] --START--
INFO: Run Behavior\ShowPageTraceBehavior [ RunTime:0.000000s ]
INFO: [ app_end ] --END-- [ RunTime:0.001000s ]

[ 2017-12-14T18:51:24+08:00 ] ::1 /cloud/index.php/admin/stu/stuIndex
INFO: [ app_init ] --START--
INFO: Run Behavior\BuildLiteBehavior [ RunTime:0.000000s ]
INFO: [ app_init ] --END-- [ RunTime:0.000000s ]
INFO: [ app_begin ] --START--
INFO: Run Behavior\ReadHtmlCacheBehavior [ RunTime:0.000000s ]
INFO: [ app_begin ] --END-- [ RunTime:0.001000s ]
SQL: SHOW COLUMNS FROM `cl_user` [ RunTime:0.0020s ]
SQL: SHOW COLUMNS FROM `cl_comment` [ RunTime:0.0020s ]
SQL: SELECT `id`,`username`,`netname`,`view` FROM `cl_user` WHERE ( excellent=1 )  [ RunTime:0.0000s ]
SQL: SELECT COUNT(*) AS tp_count FROM `cl_comment` WHERE ( comment_to=261 ) LIMIT 1   [ RunTime:0.0010s ]
SQL: SELECT COUNT(*) AS tp_count FROM `cl_comment` WHERE ( comment_to=262 ) LIMIT 1   [ RunTime:0.0000s ]
SQL: SELECT COUNT(*) AS tp_count FROM `cl_comment` WHERE ( comment_to=312 ) LIMIT 1   [ RunTime:0.0010s ]
SQL: SELECT COUNT(*) AS tp_count FROM `cl_comment` WHERE ( comment_to=313 ) LIMIT 1   [ RunTime:0.0000s ]
SQL: SELECT COUNT(*) AS tp_count FROM `cl_comment` WHERE ( comment_to=314 ) LIMIT 1   [ RunTime:0.0010s ]
SQL: SELECT COUNT(*) AS tp_count FROM `cl_comment` WHERE ( comment_to=260 ) LIMIT 1   [ RunTime:0.0000s ]
NOTIC: [8] Undefined index: flag D:\phpStudy\WWW\cloud\Application\Admin\Controller\StuController.class.php 第 21 行.
SQL: SELECT COUNT(*) AS tp_count FROM `cl_user` WHERE ( class='1' ) LIMIT 1   [ RunTime:0.0000s ]
SQL: SELECT `id`,`username`,`netname`,`view` FROM `cl_user` WHERE ( class='1' ) ORDER BY id LIMIT 0,12   [ RunTime:0.0000s ]
SQL: SELECT COUNT(*) AS tp_count FROM `cl_comment` WHERE ( comment_to=260 ) LIMIT 1   [ RunTime:0.0000s ]
SQL: SELECT COUNT(*) AS tp_count FROM `cl_comment` WHERE ( comment_to=261 ) LIMIT 1   [ RunTime:0.0000s ]
SQL: SELECT COUNT(*) AS tp_count FROM `cl_comment` WHERE ( comment_to=262 ) LIMIT 1   [ RunTime:0.0010s ]
SQL: SELECT COUNT(*) AS tp_count FROM `cl_comment` WHERE ( comment_to=263 ) LIMIT 1   [ RunTime:0.0000s ]
SQL: SELECT COUNT(*) AS tp_count FROM `cl_comment` WHERE ( comment_to=264 ) LIMIT 1   [ RunTime:0.0000s ]
SQL: SELECT COUNT(*) AS tp_count FROM `cl_comment` WHERE ( comment_to=265 ) LIMIT 1   [ RunTime:0.0010s ]
SQL: SELECT COUNT(*) AS tp_count FROM `cl_comment` WHERE ( comment_to=266 ) LIMIT 1   [ RunTime:0.0000s ]
SQL: SELECT COUNT(*) AS tp_count FROM `cl_comment` WHERE ( comment_to=267 ) LIMIT 1   [ RunTime:0.0000s ]
SQL: SELECT COUNT(*) AS tp_count FROM `cl_comment` WHERE ( comment_to=268 ) LIMIT 1   [ RunTime:0.0000s ]
SQL: SELECT COUNT(*) AS tp_count FROM `cl_comment` WHERE ( comment_to=269 ) LIMIT 1   [ RunTime:0.0000s ]
SQL: SELECT COUNT(*) AS tp_count FROM `cl_comment` WHERE ( comment_to=270 ) LIMIT 1   [ RunTime:0.0000s ]
SQL: SELECT COUNT(*) AS tp_count FROM `cl_comment` WHERE ( comment_to=271 ) LIMIT 1   [ RunTime:0.0010s ]
INFO: [ view_parse ] --START--
INFO: [ template_filter ] --START--
INFO: Run Behavior\ContentReplaceBehavior [ RunTime:0.000000s ]
INFO: [ template_filter ] --END-- [ RunTime:0.000000s ]
INFO: Run Behavior\ParseTemplateBehavior [ RunTime:0.012000s ]
INFO: [ view_parse ] --END-- [ RunTime:0.012000s ]
INFO: [ view_filter ] --START--
INFO: Run Behavior\WriteHtmlCacheBehavior [ RunTime:0.000000s ]
INFO: [ view_filter ] --END-- [ RunTime:0.001000s ]
INFO: [ app_end ] --START--
INFO: Run Behavior\ShowPageTraceBehavior [ RunTime:0.000000s ]
INFO: [ app_end ] --END-- [ RunTime:0.000000s ]

[ 2017-12-14T18:53:45+08:00 ] ::1 /cloud/index.php/admin/stu/stuIndex
INFO: [ app_init ] --START--
INFO: Run Behavior\BuildLiteBehavior [ RunTime:0.000000s ]
INFO: [ app_init ] --END-- [ RunTime:0.001000s ]
INFO: [ app_begin ] --START--
INFO: Run Behavior\ReadHtmlCacheBehavior [ RunTime:0.000000s ]
INFO: [ app_begin ] --END-- [ RunTime:0.000000s ]
SQL: SHOW COLUMNS FROM `cl_user` [ RunTime:0.0060s ]
SQL: SHOW COLUMNS FROM `cl_comment` [ RunTime:0.0040s ]
SQL: SELECT `id`,`username`,`netname`,`view` FROM `cl_user` WHERE ( excellent=1 )  [ RunTime:0.0010s ]
SQL: SELECT COUNT(*) AS tp_count FROM `cl_comment` WHERE ( comment_to=261 ) LIMIT 1   [ RunTime:0.0000s ]
SQL: SELECT COUNT(*) AS tp_count FROM `cl_comment` WHERE ( comment_to=262 ) LIMIT 1   [ RunTime:0.0000s ]
SQL: SELECT COUNT(*) AS tp_count FROM `cl_comment` WHERE ( comment_to=312 ) LIMIT 1   [ RunTime:0.0010s ]
SQL: SELECT COUNT(*) AS tp_count FROM `cl_comment` WHERE ( comment_to=313 ) LIMIT 1   [ RunTime:0.0000s ]
SQL: SELECT COUNT(*) AS tp_count FROM `cl_comment` WHERE ( comment_to=314 ) LIMIT 1   [ RunTime:0.0010s ]
SQL: SELECT COUNT(*) AS tp_count FROM `cl_comment` WHERE ( comment_to=260 ) LIMIT 1   [ RunTime:0.0000s ]
NOTIC: [8] Undefined index: flag D:\phpStudy\WWW\cloud\Application\Admin\Controller\StuController.class.php 第 21 行.
SQL: SELECT COUNT(*) AS tp_count FROM `cl_user` WHERE ( class='1' ) LIMIT 1   [ RunTime:0.0000s ]
SQL: SELECT `id`,`username`,`netname`,`view` FROM `cl_user` WHERE ( class='1' ) ORDER BY id LIMIT 0,12   [ RunTime:0.0010s ]
SQL: SELECT COUNT(*) AS tp_count FROM `cl_comment` WHERE ( comment_to=260 ) LIMIT 1   [ RunTime:0.0000s ]
SQL: SELECT COUNT(*) AS tp_count FROM `cl_comment` WHERE ( comment_to=261 ) LIMIT 1   [ RunTime:0.0010s ]
SQL: SELECT COUNT(*) AS tp_count FROM `cl_comment` WHERE ( comment_to=262 ) LIMIT 1   [ RunTime:0.0000s ]
SQL: SELECT COUNT(*) AS tp_count FROM `cl_comment` WHERE ( comment_to=263 ) LIMIT 1   [ RunTime:0.0010s ]
SQL: SELECT COUNT(*) AS tp_count FROM `cl_comment` WHERE ( comment_to=264 ) LIMIT 1   [ RunTime:0.0000s ]
SQL: SELECT COUNT(*) AS tp_count FROM `cl_comment` WHERE ( comment_to=265 ) LIMIT 1   [ RunTime:0.0010s ]
SQL: SELECT COUNT(*) AS tp_count FROM `cl_comment` WHERE ( comment_to=266 ) LIMIT 1   [ RunTime:0.0000s ]
SQL: SELECT COUNT(*) AS tp_count FROM `cl_comment` WHERE ( comment_to=267 ) LIMIT 1   [ RunTime:0.0000s ]
SQL: SELECT COUNT(*) AS tp_count FROM `cl_comment` WHERE ( comment_to=268 ) LIMIT 1   [ RunTime:0.0010s ]
SQL: SELECT COUNT(*) AS tp_count FROM `cl_comment` WHERE ( comment_to=269 ) LIMIT 1   [ RunTime:0.0000s ]
SQL: SELECT COUNT(*) AS tp_count FROM `cl_comment` WHERE ( comment_to=270 ) LIMIT 1   [ RunTime:0.0010s ]
SQL: SELECT COUNT(*) AS tp_count FROM `cl_comment` WHERE ( comment_to=271 ) LIMIT 1   [ RunTime:0.0000s ]
INFO: [ view_parse ] --START--
INFO: [ template_filter ] --START--
INFO: Run Behavior\ContentReplaceBehavior [ RunTime:0.000000s ]
INFO: [ template_filter ] --END-- [ RunTime:0.000000s ]
INFO: Run Behavior\ParseTemplateBehavior [ RunTime:0.018001s ]
INFO: [ view_parse ] --END-- [ RunTime:0.018001s ]
INFO: [ view_filter ] --START--
INFO: Run Behavior\WriteHtmlCacheBehavior [ RunTime:0.001000s ]
INFO: [ view_filter ] --END-- [ RunTime:0.001000s ]
INFO: [ app_end ] --START--
INFO: Run Behavior\ShowPageTraceBehavior [ RunTime:0.001000s ]
INFO: [ app_end ] --END-- [ RunTime:0.001000s ]

[ 2017-12-14T18:53:51+08:00 ] ::1 /cloud/index.php/admin/stu/stuIndex
INFO: [ app_init ] --START--
INFO: Run Behavior\BuildLiteBehavior [ RunTime:0.000000s ]
INFO: [ app_init ] --END-- [ RunTime:0.000000s ]
INFO: [ app_begin ] --START--
INFO: Run Behavior\ReadHtmlCacheBehavior [ RunTime:0.001000s ]
INFO: [ app_begin ] --END-- [ RunTime:0.001000s ]
SQL: SHOW COLUMNS FROM `cl_user` [ RunTime:0.0050s ]
SQL: SHOW COLUMNS FROM `cl_comment` [ RunTime:0.0050s ]
SQL: SELECT `id`,`username`,`netname`,`view` FROM `cl_user` WHERE ( excellent=1 )  [ RunTime:0.0010s ]
SQL: SELECT COUNT(*) AS tp_count FROM `cl_comment` WHERE ( comment_to=261 ) LIMIT 1   [ RunTime:0.0010s ]
SQL: SELECT COUNT(*) AS tp_count FROM `cl_comment` WHERE ( comment_to=262 ) LIMIT 1   [ RunTime:0.0010s ]
SQL: SELECT COUNT(*) AS tp_count FROM `cl_comment` WHERE ( comment_to=312 ) LIMIT 1   [ RunTime:0.0010s ]
SQL: SELECT COUNT(*) AS tp_count FROM `cl_comment` WHERE ( comment_to=313 ) LIMIT 1   [ RunTime:0.0010s ]
SQL: SELECT COUNT(*) AS tp_count FROM `cl_comment` WHERE ( comment_to=314 ) LIMIT 1   [ RunTime:0.0010s ]
SQL: SELECT COUNT(*) AS tp_count FROM `cl_comment` WHERE ( comment_to=260 ) LIMIT 1   [ RunTime:0.0010s ]
NOTIC: [8] Undefined index: flag D:\phpStudy\WWW\cloud\Application\Admin\Controller\StuController.class.php 第 21 行.
SQL: SELECT COUNT(*) AS tp_count FROM `cl_user` WHERE ( class='1' ) LIMIT 1   [ RunTime:0.0010s ]
SQL: SELECT `id`,`username`,`netname`,`view` FROM `cl_user` WHERE ( class='1' ) ORDER BY id LIMIT 0,12   [ RunTime:0.0010s ]
SQL: SELECT COUNT(*) AS tp_count FROM `cl_comment` WHERE ( comment_to=260 ) LIMIT 1   [ RunTime:0.0010s ]
SQL: SELECT COUNT(*) AS tp_count FROM `cl_comment` WHERE ( comment_to=261 ) LIMIT 1   [ RunTime:0.0010s ]
SQL: SELECT COUNT(*) AS tp_count FROM `cl_comment` WHERE ( comment_to=262 ) LIMIT 1   [ RunTime:0.0010s ]
SQL: SELECT COUNT(*) AS tp_count FROM `cl_comment` WHERE ( comment_to=263 ) LIMIT 1   [ RunTime:0.0010s ]
SQL: SELECT COUNT(*) AS tp_count FROM `cl_comment` WHERE ( comment_to=264 ) LIMIT 1   [ RunTime:0.0010s ]
SQL: SELECT COUNT(*) AS tp_count FROM `cl_comment` WHERE ( comment_to=265 ) LIMIT 1   [ RunTime:0.0000s ]
SQL: SELECT COUNT(*) AS tp_count FROM `cl_comment` WHERE ( comment_to=266 ) LIMIT 1   [ RunTime:0.0000s ]
SQL: SELECT COUNT(*) AS tp_count FROM `cl_comment` WHERE ( comment_to=267 ) LIMIT 1   [ RunTime:0.0000s ]
SQL: SELECT COUNT(*) AS tp_count FROM `cl_comment` WHERE ( comment_to=268 ) LIMIT 1   [ RunTime:0.0010s ]
SQL: SELECT COUNT(*) AS tp_count FROM `cl_comment` WHERE ( comment_to=269 ) LIMIT 1   [ RunTime:0.0010s ]
SQL: SELECT COUNT(*) AS tp_count FROM `cl_comment` WHERE ( comment_to=270 ) LIMIT 1   [ RunTime:0.0000s ]
SQL: SELECT COUNT(*) AS tp_count FROM `cl_comment` WHERE ( comment_to=271 ) LIMIT 1   [ RunTime:0.0000s ]
INFO: [ view_parse ] --START--
INFO: [ template_filter ] --START--
INFO: Run Behavior\ContentReplaceBehavior [ RunTime:0.000000s ]
INFO: [ template_filter ] --END-- [ RunTime:0.000000s ]
INFO: Run Behavior\ParseTemplateBehavior [ RunTime:0.018002s ]
INFO: [ view_parse ] --END-- [ RunTime:0.018002s ]
INFO: [ view_filter ] --START--
INFO: Run Behavior\WriteHtmlCacheBehavior [ RunTime:0.000000s ]
INFO: [ view_filter ] --END-- [ RunTime:0.000000s ]
INFO: [ app_end ] --START--
INFO: Run Behavior\ShowPageTraceBehavior [ RunTime:0.001000s ]
INFO: [ app_end ] --END-- [ RunTime:0.001000s ]

[ 2017-12-14T18:58:19+08:00 ] ::1 /cloud/index.php/admin/stu/stuIndex
INFO: [ app_init ] --START--
INFO: Run Behavior\BuildLiteBehavior [ RunTime:0.000000s ]
INFO: [ app_init ] --END-- [ RunTime:0.000000s ]
INFO: [ app_begin ] --START--
INFO: Run Behavior\ReadHtmlCacheBehavior [ RunTime:0.001000s ]
INFO: [ app_begin ] --END-- [ RunTime:0.001000s ]
SQL: SHOW COLUMNS FROM `cl_user` [ RunTime:0.0020s ]
SQL: SHOW COLUMNS FROM `cl_comment` [ RunTime:0.0020s ]
SQL: SELECT `id`,`username`,`netname`,`view` FROM `cl_user` WHERE ( excellent=1 )  [ RunTime:0.0010s ]
SQL: SELECT COUNT(*) AS tp_count FROM `cl_comment` WHERE ( comment_to=261 ) LIMIT 1   [ RunTime:0.0010s ]
SQL: SELECT COUNT(*) AS tp_count FROM `cl_comment` WHERE ( comment_to=262 ) LIMIT 1   [ RunTime:0.0000s ]
SQL: SELECT COUNT(*) AS tp_count FROM `cl_comment` WHERE ( comment_to=312 ) LIMIT 1   [ RunTime:0.0000s ]
SQL: SELECT COUNT(*) AS tp_count FROM `cl_comment` WHERE ( comment_to=313 ) LIMIT 1   [ RunTime:0.0010s ]
SQL: SELECT COUNT(*) AS tp_count FROM `cl_comment` WHERE ( comment_to=314 ) LIMIT 1   [ RunTime:0.0000s ]
SQL: SELECT COUNT(*) AS tp_count FROM `cl_comment` WHERE ( comment_to=260 ) LIMIT 1   [ RunTime:0.0000s ]
NOTIC: [8] Undefined index: flag D:\phpStudy\WWW\cloud\Application\Admin\Controller\StuController.class.php 第 21 行.
SQL: SELECT COUNT(*) AS tp_count FROM `cl_user` WHERE ( class='1' ) LIMIT 1   [ RunTime:0.0010s ]
SQL: SELECT `id`,`username`,`netname`,`view` FROM `cl_user` WHERE ( class='1' ) ORDER BY id LIMIT 0,12   [ RunTime:0.0000s ]
SQL: SELECT COUNT(*) AS tp_count FROM `cl_comment` WHERE ( comment_to=260 ) LIMIT 1   [ RunTime:0.0000s ]
SQL: SELECT COUNT(*) AS tp_count FROM `cl_comment` WHERE ( comment_to=261 ) LIMIT 1   [ RunTime:0.0010s ]
SQL: SELECT COUNT(*) AS tp_count FROM `cl_comment` WHERE ( comment_to=262 ) LIMIT 1   [ RunTime:0.0000s ]
SQL: SELECT COUNT(*) AS tp_count FROM `cl_comment` WHERE ( comment_to=263 ) LIMIT 1   [ RunTime:0.0000s ]
SQL: SELECT COUNT(*) AS tp_count FROM `cl_comment` WHERE ( comment_to=264 ) LIMIT 1   [ RunTime:0.0010s ]
SQL: SELECT COUNT(*) AS tp_count FROM `cl_comment` WHERE ( comment_to=265 ) LIMIT 1   [ RunTime:0.0000s ]
SQL: SELECT COUNT(*) AS tp_count FROM `cl_comment` WHERE ( comment_to=266 ) LIMIT 1   [ RunTime:0.0000s ]
SQL: SELECT COUNT(*) AS tp_count FROM `cl_comment` WHERE ( comment_to=267 ) LIMIT 1   [ RunTime:0.0000s ]
SQL: SELECT COUNT(*) AS tp_count FROM `cl_comment` WHERE ( comment_to=268 ) LIMIT 1   [ RunTime:0.0000s ]
SQL: SELECT COUNT(*) AS tp_count FROM `cl_comment` WHERE ( comment_to=269 ) LIMIT 1   [ RunTime:0.0000s ]
SQL: SELECT COUNT(*) AS tp_count FROM `cl_comment` WHERE ( comment_to=270 ) LIMIT 1   [ RunTime:0.0000s ]
SQL: SELECT COUNT(*) AS tp_count FROM `cl_comment` WHERE ( comment_to=271 ) LIMIT 1   [ RunTime:0.0010s ]
ERR: 模板不存在:./Application/Admin/View/Stu/stuIndex.html

[ 2017-12-14T19:10:04+08:00 ] ::1 /cloud/index.php/Admin/stuMessage/id/261
INFO: [ app_init ] --START--
INFO: Run Behavior\BuildLiteBehavior [ RunTime:0.000000s ]
INFO: [ app_init ] --END-- [ RunTime:0.001000s ]
INFO: [ app_begin ] --START--
INFO: Run Behavior\ReadHtmlCacheBehavior [ RunTime:0.001000s ]
INFO: [ app_begin ] --END-- [ RunTime:0.001000s ]
ERR: 无法加载控制器:StuMessage

[ 2017-12-14T19:11:51+08:00 ] ::1 /cloud/index.php/Admin/stuMessage/id/261
INFO: [ app_init ] --START--
INFO: Run Behavior\BuildLiteBehavior [ RunTime:0.000000s ]
INFO: [ app_init ] --END-- [ RunTime:0.000000s ]
INFO: [ app_begin ] --START--
INFO: Run Behavior\ReadHtmlCacheBehavior [ RunTime:0.000000s ]
INFO: [ app_begin ] --END-- [ RunTime:0.000000s ]
ERR: 无法加载控制器:StuMessage

[ 2017-12-14T19:11:57+08:00 ] ::1 /cloud/index.php/Admin/stuMessage/
INFO: [ app_init ] --START--
INFO: Run Behavior\BuildLiteBehavior [ RunTime:0.000000s ]
INFO: [ app_init ] --END-- [ RunTime:0.001000s ]
INFO: [ app_begin ] --START--
INFO: Run Behavior\ReadHtmlCacheBehavior [ RunTime:0.000000s ]
INFO: [ app_begin ] --END-- [ RunTime:0.000000s ]
ERR: 无法加载控制器:StuMessage

[ 2017-12-14T19:12:01+08:00 ] ::1 /cloud/index.php/Admin/stuMessage
INFO: [ app_init ] --START--
INFO: Run Behavior\BuildLiteBehavior [ RunTime:0.000000s ]
INFO: [ app_init ] --END-- [ RunTime:0.001000s ]
INFO: [ app_begin ] --START--
INFO: Run Behavior\ReadHtmlCacheBehavior [ RunTime:0.001000s ]
INFO: [ app_begin ] --END-- [ RunTime:0.001000s ]
ERR: 无法加载控制器:StuMessage

[ 2017-12-14T19:12:05+08:00 ] ::1 /cloud/index.php/Admin/
INFO: [ app_init ] --START--
INFO: Run Behavior\BuildLiteBehavior [ RunTime:0.000000s ]
INFO: [ app_init ] --END-- [ RunTime:0.000000s ]
INFO: [ app_begin ] --START--
INFO: Run Behavior\ReadHtmlCacheBehavior [ RunTime:0.000000s ]
INFO: [ app_begin ] --END-- [ RunTime:0.000000s ]
ERR: 无法加载控制器:Index

[ 2017-12-14T19:12:28+08:00 ] ::1 /cloud/index.php/admin/stu/stuIndex
INFO: [ app_init ] --START--
INFO: Run Behavior\BuildLiteBehavior [ RunTime:0.000000s ]
INFO: [ app_init ] --END-- [ RunTime:0.001000s ]
INFO: [ app_begin ] --START--
INFO: Run Behavior\ReadHtmlCacheBehavior [ RunTime:0.001000s ]
INFO: [ app_begin ] --END-- [ RunTime:0.001000s ]
SQL: SHOW COLUMNS FROM `cl_user` [ RunTime:0.0050s ]
SQL: SHOW COLUMNS FROM `cl_comment` [ RunTime:0.0040s ]
SQL: SELECT `id`,`username`,`netname`,`view` FROM `cl_user` WHERE ( excellent=1 )  [ RunTime:0.0010s ]
SQL: SELECT COUNT(*) AS tp_count FROM `cl_comment` WHERE ( comment_to=261 ) LIMIT 1   [ RunTime:0.0010s ]
SQL: SELECT COUNT(*) AS tp_count FROM `cl_comment` WHERE ( comment_to=262 ) LIMIT 1   [ RunTime:0.0000s ]
SQL: SELECT COUNT(*) AS tp_count FROM `cl_comment` WHERE ( comment_to=312 ) LIMIT 1   [ RunTime:0.0000s ]
SQL: SELECT COUNT(*) AS tp_count FROM `cl_comment` WHERE ( comment_to=313 ) LIMIT 1   [ RunTime:0.0000s ]
SQL: SELECT COUNT(*) AS tp_count FROM `cl_comment` WHERE ( comment_to=314 ) LIMIT 1   [ RunTime:0.0000s ]
SQL: SELECT COUNT(*) AS tp_count FROM `cl_comment` WHERE ( comment_to=260 ) LIMIT 1   [ RunTime:0.0010s ]
NOTIC: [8] Undefined index: flag D:\phpStudy\WWW\cloud\Application\Admin\Controller\StuController.class.php 第 21 行.
SQL: SELECT COUNT(*) AS tp_count FROM `cl_user` WHERE ( class='1' ) LIMIT 1   [ RunTime:0.0010s ]
SQL: SELECT `id`,`username`,`netname`,`view` FROM `cl_user` WHERE ( class='1' ) ORDER BY id LIMIT 0,12   [ RunTime:0.0010s ]
SQL: SELECT COUNT(*) AS tp_count FROM `cl_comment` WHERE ( comment_to=260 ) LIMIT 1   [ RunTime:0.0000s ]
SQL: SELECT COUNT(*) AS tp_count FROM `cl_comment` WHERE ( comment_to=261 ) LIMIT 1   [ RunTime:0.0010s ]
SQL: SELECT COUNT(*) AS tp_count FROM `cl_comment` WHERE ( comment_to=262 ) LIMIT 1   [ RunTime:0.0010s ]
SQL: SELECT COUNT(*) AS tp_count FROM `cl_comment` WHERE ( comment_to=263 ) LIMIT 1   [ RunTime:0.0000s ]
SQL: SELECT COUNT(*) AS tp_count FROM `cl_comment` WHERE ( comment_to=264 ) LIMIT 1   [ RunTime:0.0000s ]
SQL: SELECT COUNT(*) AS tp_count FROM `cl_comment` WHERE ( comment_to=265 ) LIMIT 1   [ RunTime:0.0000s ]
SQL: SELECT COUNT(*) AS tp_count FROM `cl_comment` WHERE ( comment_to=266 ) LIMIT 1   [ RunTime:0.0010s ]
SQL: SELECT COUNT(*) AS tp_count FROM `cl_comment` WHERE ( comment_to=267 ) LIMIT 1   [ RunTime:0.0010s ]
SQL: SELECT COUNT(*) AS tp_count FROM `cl_comment` WHERE ( comment_to=268 ) LIMIT 1   [ RunTime:0.0000s ]
SQL: SELECT COUNT(*) AS tp_count FROM `cl_comment` WHERE ( comment_to=269 ) LIMIT 1   [ RunTime:0.0000s ]
SQL: SELECT COUNT(*) AS tp_count FROM `cl_comment` WHERE ( comment_to=270 ) LIMIT 1   [ RunTime:0.0000s ]
SQL: SELECT COUNT(*) AS tp_count FROM `cl_comment` WHERE ( comment_to=271 ) LIMIT 1   [ RunTime:0.0010s ]
ERR: 模板不存在:./Application/Admin/View/Stu/stuIndex.html

[ 2017-12-14T19:12:47+08:00 ] ::1 /cloud/index.php/Admin/stuMessage/id/264
INFO: [ app_init ] --START--
INFO: Run Behavior\BuildLiteBehavior [ RunTime:0.000000s ]
INFO: [ app_init ] --END-- [ RunTime:0.000000s ]
INFO: [ app_begin ] --START--
INFO: Run Behavior\ReadHtmlCacheBehavior [ RunTime:0.000000s ]
INFO: [ app_begin ] --END-- [ RunTime:0.000000s ]
ERR: 无法加载控制器:StuMessage

[ 2017-12-14T19:13:13+08:00 ] ::1 /cloud/index.php/Admin/stuMessage/id/264
INFO: [ app_init ] --START--
INFO: Run Behavior\BuildLiteBehavior [ RunTime:0.000000s ]
INFO: [ app_init ] --END-- [ RunTime:0.000000s ]
INFO: [ app_begin ] --START--
INFO: Run Behavior\ReadHtmlCacheBehavior [ RunTime:0.000000s ]
INFO: [ app_begin ] --END-- [ RunTime:0.000000s ]
ERR: 无法加载控制器:StuMessage

[ 2017-12-14T19:13:14+08:00 ] ::1 /cloud/index.php/Admin/stuMessage/id/264
INFO: [ app_init ] --START--
INFO: Run Behavior\BuildLiteBehavior [ RunTime:0.000000s ]
INFO: [ app_init ] --END-- [ RunTime:0.000000s ]
INFO: [ app_begin ] --START--
INFO: Run Behavior\ReadHtmlCacheBehavior [ RunTime:0.000000s ]
INFO: [ app_begin ] --END-- [ RunTime:0.000000s ]
ERR: 无法加载控制器:StuMessage

[ 2017-12-14T19:13:19+08:00 ] ::1 /cloud/index.php/Admin/stuMessage/id/264
INFO: [ app_init ] --START--
INFO: Run Behavior\BuildLiteBehavior [ RunTime:0.000000s ]
INFO: [ app_init ] --END-- [ RunTime:0.001000s ]
INFO: [ app_begin ] --START--
INFO: Run Behavior\ReadHtmlCacheBehavior [ RunTime:0.000000s ]
INFO: [ app_begin ] --END-- [ RunTime:0.000000s ]
ERR: 无法加载控制器:StuMessage

[ 2017-12-14T19:13:28+08:00 ] ::1 /cloud/index.php/admin/stu/stuIndex
INFO: [ app_init ] --START--
INFO: Run Behavior\BuildLiteBehavior [ RunTime:0.000000s ]
INFO: [ app_init ] --END-- [ RunTime:0.000000s ]
INFO: [ app_begin ] --START--
INFO: Run Behavior\ReadHtmlCacheBehavior [ RunTime:0.002000s ]
INFO: [ app_begin ] --END-- [ RunTime:0.002000s ]
SQL: SHOW COLUMNS FROM `cl_user` [ RunTime:0.0040s ]
SQL: SHOW COLUMNS FROM `cl_comment` [ RunTime:0.0050s ]
SQL: SELECT `id`,`username`,`netname`,`view` FROM `cl_user` WHERE ( excellent=1 )  [ RunTime:0.0010s ]
SQL: SELECT COUNT(*) AS tp_count FROM `cl_comment` WHERE ( comment_to=261 ) LIMIT 1   [ RunTime:0.0010s ]
SQL: SELECT COUNT(*) AS tp_count FROM `cl_comment` WHERE ( comment_to=262 ) LIMIT 1   [ RunTime:0.0000s ]
SQL: SELECT COUNT(*) AS tp_count FROM `cl_comment` WHERE ( comment_to=312 ) LIMIT 1   [ RunTime:0.0000s ]
SQL: SELECT COUNT(*) AS tp_count FROM `cl_comment` WHERE ( comment_to=313 ) LIMIT 1   [ RunTime:0.0010s ]
SQL: SELECT COUNT(*) AS tp_count FROM `cl_comment` WHERE ( comment_to=314 ) LIMIT 1   [ RunTime:0.0010s ]
SQL: SELECT COUNT(*) AS tp_count FROM `cl_comment` WHERE ( comment_to=260 ) LIMIT 1   [ RunTime:0.0000s ]
NOTIC: [8] Undefined index: flag D:\phpStudy\WWW\cloud\Application\Admin\Controller\StuController.class.php 第 21 行.
SQL: SELECT COUNT(*) AS tp_count FROM `cl_user` WHERE ( class='1' ) LIMIT 1   [ RunTime:0.0000s ]
SQL: SELECT `id`,`username`,`netname`,`view` FROM `cl_user` WHERE ( class='1' ) ORDER BY id LIMIT 0,12   [ RunTime:0.0010s ]
SQL: SELECT COUNT(*) AS tp_count FROM `cl_comment` WHERE ( comment_to=260 ) LIMIT 1   [ RunTime:0.0010s ]
SQL: SELECT COUNT(*) AS tp_count FROM `cl_comment` WHERE ( comment_to=261 ) LIMIT 1   [ RunTime:0.0010s ]
SQL: SELECT COUNT(*) AS tp_count FROM `cl_comment` WHERE ( comment_to=262 ) LIMIT 1   [ RunTime:0.0010s ]
SQL: SELECT COUNT(*) AS tp_count FROM `cl_comment` WHERE ( comment_to=263 ) LIMIT 1   [ RunTime:0.0010s ]
SQL: SELECT COUNT(*) AS tp_count FROM `cl_comment` WHERE ( comment_to=264 ) LIMIT 1   [ RunTime:0.0000s ]
SQL: SELECT COUNT(*) AS tp_count FROM `cl_comment` WHERE ( comment_to=265 ) LIMIT 1   [ RunTime:0.0010s ]
SQL: SELECT COUNT(*) AS tp_count FROM `cl_comment` WHERE ( comment_to=266 ) LIMIT 1   [ RunTime:0.0010s ]
SQL: SELECT COUNT(*) AS tp_count FROM `cl_comment` WHERE ( comment_to=267 ) LIMIT 1   [ RunTime:0.0010s ]
SQL: SELECT COUNT(*) AS tp_count FROM `cl_comment` WHERE ( comment_to=268 ) LIMIT 1   [ RunTime:0.0010s ]
SQL: SELECT COUNT(*) AS tp_count FROM `cl_comment` WHERE ( comment_to=269 ) LIMIT 1   [ RunTime:0.0010s ]
SQL: SELECT COUNT(*) AS tp_count FROM `cl_comment` WHERE ( comment_to=270 ) LIMIT 1   [ RunTime:0.0010s ]
SQL: SELECT COUNT(*) AS tp_count FROM `cl_comment` WHERE ( comment_to=271 ) LIMIT 1   [ RunTime:0.0000s ]
INFO: [ view_parse ] --START--
INFO: [ template_filter ] --START--
INFO: Run Behavior\ContentReplaceBehavior [ RunTime:0.001000s ]
INFO: [ template_filter ] --END-- [ RunTime:0.001000s ]
INFO: Run Behavior\ParseTemplateBehavior [ RunTime:0.011000s ]
INFO: [ view_parse ] --END-- [ RunTime:0.011000s ]
INFO: [ view_filter ] --START--
INFO: Run Behavior\WriteHtmlCacheBehavior [ RunTime:0.001001s ]
INFO: [ view_filter ] --END-- [ RunTime:0.001001s ]
INFO: [ app_end ] --START--
INFO: Run Behavior\ShowPageTraceBehavior [ RunTime:0.000000s ]
INFO: [ app_end ] --END-- [ RunTime:0.000000s ]

[ 2017-12-14T19:13:36+08:00 ] ::1 /cloud/index.php/Admin/stuMessage/id/313
INFO: [ app_init ] --START--
INFO: Run Behavior\BuildLiteBehavior [ RunTime:0.000000s ]
INFO: [ app_init ] --END-- [ RunTime:0.001000s ]
INFO: [ app_begin ] --START--
INFO: Run Behavior\ReadHtmlCacheBehavior [ RunTime:0.000000s ]
INFO: [ app_begin ] --END-- [ RunTime:0.001000s ]
ERR: 无法加载控制器:StuMessage

[ 2017-12-14T19:13:52+08:00 ] ::1 /cloud/index.php/admin/stuMessage/id/313
INFO: [ app_init ] --START--
INFO: Run Behavior\BuildLiteBehavior [ RunTime:0.000000s ]
INFO: [ app_init ] --END-- [ RunTime:0.000000s ]
INFO: [ app_begin ] --START--
INFO: Run Behavior\ReadHtmlCacheBehavior [ RunTime:0.000000s ]
INFO: [ app_begin ] --END-- [ RunTime:0.000000s ]
ERR: 无法加载控制器:StuMessage

[ 2017-12-14T19:14:59+08:00 ] ::1 /cloud/index.php/admin/stuMessage/id/313
INFO: [ app_init ] --START--
INFO: Run Behavior\BuildLiteBehavior [ RunTime:0.000000s ]
INFO: [ app_init ] --END-- [ RunTime:0.000000s ]
INFO: [ app_begin ] --START--
INFO: Run Behavior\ReadHtmlCacheBehavior [ RunTime:0.000000s ]
INFO: [ app_begin ] --END-- [ RunTime:0.001000s ]
ERR: 无法加载控制器:StuMessage

[ 2017-12-14T19:15:00+08:00 ] ::1 /cloud/index.php/admin/stuMessage/id/313
INFO: [ app_init ] --START--
INFO: Run Behavior\BuildLiteBehavior [ RunTime:0.000000s ]
INFO: [ app_init ] --END-- [ RunTime:0.000000s ]
INFO: [ app_begin ] --START--
INFO: Run Behavior\ReadHtmlCacheBehavior [ RunTime:0.001001s ]
INFO: [ app_begin ] --END-- [ RunTime:0.001001s ]
ERR: 无法加载控制器:StuMessage

[ 2017-12-14T19:15:07+08:00 ] ::1 /cloud/index.php/admin/stuMessage/id/313
INFO: [ app_init ] --START--
INFO: Run Behavior\BuildLiteBehavior [ RunTime:0.000000s ]
INFO: [ app_init ] --END-- [ RunTime:0.001000s ]
INFO: [ app_begin ] --START--
INFO: Run Behavior\ReadHtmlCacheBehavior [ RunTime:0.002000s ]
INFO: [ app_begin ] --END-- [ RunTime:0.002000s ]
ERR: 无法加载控制器:StuMessage

[ 2017-12-14T19:15:55+08:00 ] ::1 /cloud/index.php/admin/persinfo
INFO: [ app_init ] --START--
INFO: Run Behavior\BuildLiteBehavior [ RunTime:0.000000s ]
INFO: [ app_init ] --END-- [ RunTime:0.000000s ]
INFO: [ app_begin ] --START--
INFO: Run Behavior\ReadHtmlCacheBehavior [ RunTime:0.001000s ]
INFO: [ app_begin ] --END-- [ RunTime:0.001000s ]
ERR: 无法加载控制器:Persinfo

[ 2017-12-14T19:16:03+08:00 ] ::1 /cloud/index.php/admin/persInfo
INFO: [ app_init ] --START--
INFO: Run Behavior\BuildLiteBehavior [ RunTime:0.000000s ]
INFO: [ app_init ] --END-- [ RunTime:0.000000s ]
INFO: [ app_begin ] --START--
INFO: Run Behavior\ReadHtmlCacheBehavior [ RunTime:0.000000s ]
INFO: [ app_begin ] --END-- [ RunTime:0.001000s ]
ERR: 无法加载控制器:PersInfo

[ 2017-12-14T19:16:48+08:00 ] ::1 /cloud/index.php/admin/persInfo
INFO: [ app_init ] --START--
INFO: Run Behavior\BuildLiteBehavior [ RunTime:0.000000s ]
INFO: [ app_init ] --END-- [ RunTime:0.000000s ]
INFO: [ app_begin ] --START--
INFO: Run Behavior\ReadHtmlCacheBehavior [ RunTime:0.000000s ]
INFO: [ app_begin ] --END-- [ RunTime:0.000000s ]
ERR: 无法加载控制器:PersInfo

[ 2017-12-14T19:16:49+08:00 ] ::1 /cloud/index.php/admin/persInfo
INFO: [ app_init ] --START--
INFO: Run Behavior\BuildLiteBehavior [ RunTime:0.000000s ]
INFO: [ app_init ] --END-- [ RunTime:0.001000s ]
INFO: [ app_begin ] --START--
INFO: Run Behavior\ReadHtmlCacheBehavior [ RunTime:0.001000s ]
INFO: [ app_begin ] --END-- [ RunTime:0.001000s ]
ERR: 无法加载控制器:PersInfo

[ 2017-12-14T19:16:49+08:00 ] ::1 /cloud/index.php/admin/persInfo
INFO: [ app_init ] --START--
INFO: Run Behavior\BuildLiteBehavior [ RunTime:0.000000s ]
INFO: [ app_init ] --END-- [ RunTime:0.000000s ]
INFO: [ app_begin ] --START--
INFO: Run Behavior\ReadHtmlCacheBehavior [ RunTime:0.001000s ]
INFO: [ app_begin ] --END-- [ RunTime:0.001000s ]
ERR: 无法加载控制器:PersInfo

[ 2017-12-14T19:16:49+08:00 ] ::1 /cloud/index.php/admin/persInfo
INFO: [ app_init ] --START--
INFO: Run Behavior\BuildLiteBehavior [ RunTime:0.000000s ]
INFO: [ app_init ] --END-- [ RunTime:0.001000s ]
INFO: [ app_begin ] --START--
INFO: Run Behavior\ReadHtmlCacheBehavior [ RunTime:0.001000s ]
INFO: [ app_begin ] --END-- [ RunTime:0.001000s ]
ERR: 无法加载控制器:PersInfo

[ 2017-12-14T19:16:49+08:00 ] ::1 /cloud/index.php/admin/persInfo
INFO: [ app_init ] --START--
INFO: Run Behavior\BuildLiteBehavior [ RunTime:0.000000s ]
INFO: [ app_init ] --END-- [ RunTime:0.001000s ]
INFO: [ app_begin ] --START--
INFO: Run Behavior\ReadHtmlCacheBehavior [ RunTime:0.001000s ]
INFO: [ app_begin ] --END-- [ RunTime:0.001000s ]
ERR: 无法加载控制器:PersInfo

[ 2017-12-14T19:16:51+08:00 ] ::1 /cloud/index.php/admin/persInfo
INFO: [ app_init ] --START--
INFO: Run Behavior\BuildLiteBehavior [ RunTime:0.000000s ]
INFO: [ app_init ] --END-- [ RunTime:0.000000s ]
INFO: [ app_begin ] --START--
INFO: Run Behavior\ReadHtmlCacheBehavior [ RunTime:0.001000s ]
INFO: [ app_begin ] --END-- [ RunTime:0.001000s ]
ERR: 无法加载控制器:PersInfo

[ 2017-12-14T19:16:56+08:00 ] ::1 /cloud/index.php/admin/login/end
INFO: [ app_init ] --START--
INFO: Run Behavior\BuildLiteBehavior [ RunTime:0.000000s ]
INFO: [ app_init ] --END-- [ RunTime:0.000000s ]
INFO: [ app_begin ] --START--
INFO: Run Behavior\ReadHtmlCacheBehavior [ RunTime:0.003000s ]
INFO: [ app_begin ] --END-- [ RunTime:0.003000s ]

[ 2017-12-14T19:16:56+08:00 ] ::1 /cloud/index.php/Admin/Login/login.html
INFO: [ app_init ] --START--
INFO: Run Behavior\BuildLiteBehavior [ RunTime:0.000000s ]
INFO: [ app_init ] --END-- [ RunTime:0.001000s ]
INFO: [ app_begin ] --START--
INFO: Run Behavior\ReadHtmlCacheBehavior [ RunTime:0.001000s ]
INFO: [ app_begin ] --END-- [ RunTime:0.001000s ]
INFO: [ view_parse ] --START--
INFO: [ template_filter ] --START--
INFO: Run Behavior\ContentReplaceBehavior [ RunTime:0.000000s ]
INFO: [ template_filter ] --END-- [ RunTime:0.000000s ]
INFO: Run Behavior\ParseTemplateBehavior [ RunTime:0.009001s ]
INFO: [ view_parse ] --END-- [ RunTime:0.009001s ]
INFO: [ view_filter ] --START--
INFO: Run Behavior\WriteHtmlCacheBehavior [ RunTime:0.000000s ]
INFO: [ view_filter ] --END-- [ RunTime:0.000000s ]
INFO: [ app_end ] --START--
INFO: Run Behavior\ShowPageTraceBehavior [ RunTime:0.001000s ]
INFO: [ app_end ] --END-- [ RunTime:0.001000s ]

[ 2017-12-14T19:17:09+08:00 ] ::1 /cloud/index.php/Admin/persInfo/
INFO: [ app_init ] --START--
INFO: Run Behavior\BuildLiteBehavior [ RunTime:0.000000s ]
INFO: [ app_init ] --END-- [ RunTime:0.000000s ]
INFO: [ app_begin ] --START--
INFO: Run Behavior\ReadHtmlCacheBehavior [ RunTime:0.001000s ]
INFO: [ app_begin ] --END-- [ RunTime:0.001000s ]
ERR: 无法加载控制器:PersInfo

[ 2017-12-14T19:17:30+08:00 ] ::1 /cloud/index.php/Admin/stu/persInfo
INFO: [ app_init ] --START--
INFO: Run Behavior\BuildLiteBehavior [ RunTime:0.000000s ]
INFO: [ app_init ] --END-- [ RunTime:0.000000s ]
INFO: [ app_begin ] --START--
INFO: Run Behavior\ReadHtmlCacheBehavior [ RunTime:0.001000s ]
INFO: [ app_begin ] --END-- [ RunTime:0.001000s ]

[ 2017-12-14T19:17:33+08:00 ] ::1 /cloud/index.php/admin/login/login
INFO: [ app_init ] --START--
INFO: Run Behavior\BuildLiteBehavior [ RunTime:0.000000s ]
INFO: [ app_init ] --END-- [ RunTime:0.000000s ]
INFO: [ app_begin ] --START--
INFO: Run Behavior\ReadHtmlCacheBehavior [ RunTime:0.001000s ]
INFO: [ app_begin ] --END-- [ RunTime:0.001000s ]
INFO: [ view_parse ] --START--
INFO: [ template_filter ] --START--
INFO: Run Behavior\ContentReplaceBehavior [ RunTime:0.000000s ]
INFO: [ template_filter ] --END-- [ RunTime:0.000000s ]
INFO: Run Behavior\ParseTemplateBehavior [ RunTime:0.009000s ]
INFO: [ view_parse ] --END-- [ RunTime:0.009000s ]
INFO: [ view_filter ] --START--
INFO: Run Behavior\WriteHtmlCacheBehavior [ RunTime:0.000000s ]
INFO: [ view_filter ] --END-- [ RunTime:0.000000s ]
INFO: [ app_end ] --START--
INFO: Run Behavior\ShowPageTraceBehavior [ RunTime:0.001000s ]
INFO: [ app_end ] --END-- [ RunTime:0.001000s ]

[ 2017-12-14T19:17:39+08:00 ] ::1 /cloud/index.php/Admin/Login/login
INFO: [ app_init ] --START--
INFO: Run Behavior\BuildLiteBehavior [ RunTime:0.000000s ]
INFO: [ app_init ] --END-- [ RunTime:0.000000s ]
INFO: [ app_begin ] --START--
INFO: Run Behavior\ReadHtmlCacheBehavior [ RunTime:0.001000s ]
INFO: [ app_begin ] --END-- [ RunTime:0.001000s ]
SQL: SHOW COLUMNS FROM `cl_user` [ RunTime:0.0040s ]
SQL: SELECT `username`,`stu_number`,`email`,`qq`,`level`,`password` FROM `cl_user` WHERE ( (username='20165528101' or stu_number='20165528101') and password='123456' ) LIMIT 1   [ RunTime:0.0010s ]

[ 2017-12-14T19:17:40+08:00 ] ::1 /cloud/index.php/Admin/Stu/servAppl.html
INFO: [ app_init ] --START--
INFO: Run Behavior\BuildLiteBehavior [ RunTime:0.000000s ]
INFO: [ app_init ] --END-- [ RunTime:0.001000s ]
INFO: [ app_begin ] --START--
INFO: Run Behavior\ReadHtmlCacheBehavior [ RunTime:0.001000s ]
INFO: [ app_begin ] --END-- [ RunTime:0.001000s ]
SQL: SHOW COLUMNS FROM `cl_user` [ RunTime:0.0030s ]
SQL: SHOW COLUMNS FROM `cl_vsphere` [ RunTime:0.0020s ]
SQL: SHOW COLUMNS FROM `cl_openstack` [ RunTime:0.0020s ]
SQL: SHOW COLUMNS FROM `cl_svn` [ RunTime:0.0020s ]
SQL: SHOW COLUMNS FROM `cl_db` [ RunTime:0.0020s ]
SQL: SHOW COLUMNS FROM `cl_score` [ RunTime:0.0010s ]
SQL: SELECT `id`,`phnumber`,`qq`,`perdescribt`,`stu_number`,`level`,`cre_time` FROM `cl_user` WHERE ( username='黄理振' ) LIMIT 1   [ RunTime:0.0010s ]
SQL: SELECT `one_score`,`two_score`,`three_score`,`term_score`,`name` FROM `cl_score` WHERE ( to_id=260 ) LIMIT 1   [ RunTime:0.0000s ]
SQL: SELECT * FROM `cl_vsphere` WHERE ( applicant='黄理振' ) LIMIT 1   [ RunTime:0.0000s ]
SQL: SELECT * FROM `cl_openstack` WHERE ( applicant='黄理振' ) LIMIT 1   [ RunTime:0.0000s ]
SQL: SELECT * FROM `cl_svn` WHERE ( applicant='黄理振' ) LIMIT 1   [ RunTime:0.0000s ]
SQL: SELECT * FROM `cl_db` WHERE ( db_user='20165528101' ) LIMIT 1   [ RunTime:0.0000s ]
INFO: [ view_parse ] --START--
INFO: [ template_filter ] --START--
INFO: Run Behavior\ContentReplaceBehavior [ RunTime:0.001000s ]
INFO: [ template_filter ] --END-- [ RunTime:0.001000s ]
INFO: Run Behavior\ParseTemplateBehavior [ RunTime:0.023001s ]
INFO: [ view_parse ] --END-- [ RunTime:0.023001s ]
INFO: [ view_filter ] --START--
INFO: Run Behavior\WriteHtmlCacheBehavior [ RunTime:0.001000s ]
INFO: [ view_filter ] --END-- [ RunTime:0.001000s ]
INFO: [ app_end ] --START--
INFO: Run Behavior\ShowPageTraceBehavior [ RunTime:0.000000s ]
INFO: [ app_end ] --END-- [ RunTime:0.000000s ]

[ 2017-12-14T19:17:48+08:00 ] ::1 /cloud/index.php/Admin/Stu/persinfo
INFO: [ app_init ] --START--
INFO: Run Behavior\BuildLiteBehavior [ RunTime:0.000000s ]
INFO: [ app_init ] --END-- [ RunTime:0.001000s ]
INFO: [ app_begin ] --START--
INFO: Run Behavior\ReadHtmlCacheBehavior [ RunTime:0.001000s ]
INFO: [ app_begin ] --END-- [ RunTime:0.001000s ]
SQL: SHOW COLUMNS FROM `cl_user` [ RunTime:0.0040s ]
SQL: SELECT `netname`,`netdescribt`,`stu_number`,`phnumber`,`qq`,`perdescribt`,`cre_time` FROM `cl_user` WHERE ( username='黄理振' ) LIMIT 1   [ RunTime:0.0010s ]
INFO: [ view_parse ] --START--
INFO: [ template_filter ] --START--
INFO: Run Behavior\ContentReplaceBehavior [ RunTime:0.000000s ]
INFO: [ template_filter ] --END-- [ RunTime:0.000000s ]
INFO: Run Behavior\ParseTemplateBehavior [ RunTime:0.028002s ]
INFO: [ view_parse ] --END-- [ RunTime:0.028002s ]
INFO: [ view_filter ] --START--
INFO: Run Behavior\WriteHtmlCacheBehavior [ RunTime:0.001000s ]
INFO: [ view_filter ] --END-- [ RunTime:0.001000s ]
INFO: [ app_end ] --START--
INFO: Run Behavior\ShowPageTraceBehavior [ RunTime:0.001000s ]
INFO: [ app_end ] --END-- [ RunTime:0.001000s ]

[ 2017-12-14T19:17:52+08:00 ] ::1 /cloud/index.php/admin/stu/stuIndex
INFO: [ app_init ] --START--
INFO: Run Behavior\BuildLiteBehavior [ RunTime:0.000000s ]
INFO: [ app_init ] --END-- [ RunTime:0.000000s ]
INFO: [ app_begin ] --START--
INFO: Run Behavior\ReadHtmlCacheBehavior [ RunTime:0.001000s ]
INFO: [ app_begin ] --END-- [ RunTime:0.001000s ]
INFO: [ view_parse ] --START--
INFO: [ template_filter ] --START--
INFO: Run Behavior\ContentReplaceBehavior [ RunTime:0.000000s ]
INFO: [ template_filter ] --END-- [ RunTime:0.000000s ]
NOTIC: [8] Undefined variable: youxiu D:\phpStudy\WWW\cloud\Application\Runtime\Cache\Admin\39f10b6cfad92beeea49645810eb5d50.php 第 434 行.
NOTIC: [8] Undefined variable: list D:\phpStudy\WWW\cloud\Application\Runtime\Cache\Admin\39f10b6cfad92beeea49645810eb5d50.php 第 452 行.
NOTIC: [8] Undefined variable: page D:\phpStudy\WWW\cloud\Application\Runtime\Cache\Admin\39f10b6cfad92beeea49645810eb5d50.php 第 458 行.
INFO: Run Behavior\ParseTemplateBehavior [ RunTime:0.012000s ]
INFO: [ view_parse ] --END-- [ RunTime:0.013001s ]
INFO: [ view_filter ] --START--
INFO: Run Behavior\WriteHtmlCacheBehavior [ RunTime:0.000000s ]
INFO: [ view_filter ] --END-- [ RunTime:0.000000s ]
INFO: [ app_end ] --START--
INFO: Run Behavior\ShowPageTraceBehavior [ RunTime:0.001000s ]
INFO: [ app_end ] --END-- [ RunTime:0.002000s ]

[ 2017-12-14T19:19:07+08:00 ] ::1 /cloud/index.php/admin/stu/stuMessage/id/261
INFO: [ app_init ] --START--
INFO: Run Behavior\BuildLiteBehavior [ RunTime:0.000000s ]
INFO: [ app_init ] --END-- [ RunTime:0.001000s ]
INFO: [ app_begin ] --START--
INFO: Run Behavior\ReadHtmlCacheBehavior [ RunTime:0.001000s ]
INFO: [ app_begin ] --END-- [ RunTime:0.001000s ]
SQL: SHOW COLUMNS FROM `cl_user` [ RunTime:0.0040s ]
SQL: SHOW COLUMNS FROM `cl_comment` [ RunTime:0.0040s ]
SQL: SHOW COLUMNS FROM `cl_reply` [ RunTime:0.0080s ]
NOTIC: [8] Undefined index: flag D:\phpStudy\WWW\cloud\Application\Admin\Controller\StuController.class.php 第 20 行.
SQL: UPDATE `cl_user` SET `view`=view+1 WHERE ( id=261 ) [ RunTime:0.0040s ]
SQL: SELECT `id`,`username`,`netname`,`stu_number`,`netdescribt` FROM `cl_user` WHERE ( id=261 ) LIMIT 1   [ RunTime:0.0000s ]
SQL: SELECT * FROM `cl_comment` WHERE ( comment_to=261 )  [ RunTime:0.0000s ]
SQL: SELECT * FROM `cl_reply` WHERE ( reply_to=30 )  [ RunTime:0.0000s ]
SQL: SELECT * FROM `cl_reply` WHERE ( reply_to=29 )  [ RunTime:0.0010s ]
INFO: [ view_parse ] --START--
INFO: [ template_filter ] --START--
INFO: Run Behavior\ContentReplaceBehavior [ RunTime:0.000000s ]
INFO: [ template_filter ] --END-- [ RunTime:0.000000s ]
NOTIC: [8] Undefined offset: 3 D:\phpStudy\WWW\cloud\Application\Runtime\Cache\Admin\9c06377b7c21deb1a2a0b9212d50f325.php 第 440 行.
NOTIC: [8] Undefined offset: 0 D:\phpStudy\WWW\cloud\Application\Runtime\Cache\Admin\9c06377b7c21deb1a2a0b9212d50f325.php 第 446 行.
NOTIC: [8] Undefined offset: 3 D:\phpStudy\WWW\cloud\Application\Runtime\Cache\Admin\9c06377b7c21deb1a2a0b9212d50f325.php 第 440 行.
INFO: Run Behavior\ParseTemplateBehavior [ RunTime:0.022001s ]
INFO: [ view_parse ] --END-- [ RunTime:0.022001s ]
INFO: [ view_filter ] --START--
INFO: Run Behavior\WriteHtmlCacheBehavior [ RunTime:0.000000s ]
INFO: [ view_filter ] --END-- [ RunTime:0.000000s ]
INFO: [ app_end ] --START--
INFO: Run Behavior\ShowPageTraceBehavior [ RunTime:0.001000s ]
INFO: [ app_end ] --END-- [ RunTime:0.001000s ]

[ 2017-12-14T19:19:45+08:00 ] ::1 /cloud/index.php/Admin/Stu/stuIndex
INFO: [ app_init ] --START--
INFO: Run Behavior\BuildLiteBehavior [ RunTime:0.000000s ]
INFO: [ app_init ] --END-- [ RunTime:0.000000s ]
INFO: [ app_begin ] --START--
INFO: Run Behavior\ReadHtmlCacheBehavior [ RunTime:0.002000s ]
INFO: [ app_begin ] --END-- [ RunTime:0.002000s ]
INFO: [ view_parse ] --START--
INFO: [ template_filter ] --START--
INFO: Run Behavior\ContentReplaceBehavior [ RunTime:0.000000s ]
INFO: [ template_filter ] --END-- [ RunTime:0.000000s ]
NOTIC: [8] Undefined variable: youxiu D:\phpStudy\WWW\cloud\Application\Runtime\Cache\Admin\39f10b6cfad92beeea49645810eb5d50.php 第 434 行.
NOTIC: [8] Undefined variable: list D:\phpStudy\WWW\cloud\Application\Runtime\Cache\Admin\39f10b6cfad92beeea49645810eb5d50.php 第 452 行.
NOTIC: [8] Undefined variable: page D:\phpStudy\WWW\cloud\Application\Runtime\Cache\Admin\39f10b6cfad92beeea49645810eb5d50.php 第 458 行.
INFO: Run Behavior\ParseTemplateBehavior [ RunTime:0.012001s ]
INFO: [ view_parse ] --END-- [ RunTime:0.012001s ]
INFO: [ view_filter ] --START--
INFO: Run Behavior\WriteHtmlCacheBehavior [ RunTime:0.000000s ]
INFO: [ view_filter ] --END-- [ RunTime:0.000000s ]
INFO: [ app_end ] --START--
INFO: Run Behavior\ShowPageTraceBehavior [ RunTime:0.001000s ]
INFO: [ app_end ] --END-- [ RunTime:0.001000s ]

[ 2017-12-14T19:20:05+08:00 ] ::1 /cloud/index.php/admin/login/end
INFO: [ app_init ] --START--
INFO: Run Behavior\BuildLiteBehavior [ RunTime:0.000000s ]
INFO: [ app_init ] --END-- [ RunTime:0.000000s ]
INFO: [ app_begin ] --START--
INFO: Run Behavior\ReadHtmlCacheBehavior [ RunTime:0.001000s ]
INFO: [ app_begin ] --END-- [ RunTime:0.001000s ]

[ 2017-12-14T19:20:05+08:00 ] ::1 /cloud/index.php/Admin/Login/login.html
INFO: [ app_init ] --START--
INFO: Run Behavior\BuildLiteBehavior [ RunTime:0.001000s ]
INFO: [ app_init ] --END-- [ RunTime:0.001000s ]
INFO: [ app_begin ] --START--
INFO: Run Behavior\ReadHtmlCacheBehavior [ RunTime:0.000000s ]
INFO: [ app_begin ] --END-- [ RunTime:0.001000s ]
INFO: [ view_parse ] --START--
INFO: [ template_filter ] --START--
INFO: Run Behavior\ContentReplaceBehavior [ RunTime:0.000000s ]
INFO: [ template_filter ] --END-- [ RunTime:0.000000s ]
INFO: Run Behavior\ParseTemplateBehavior [ RunTime:0.010000s ]
INFO: [ view_parse ] --END-- [ RunTime:0.010000s ]
INFO: [ view_filter ] --START--
INFO: Run Behavior\WriteHtmlCacheBehavior [ RunTime:0.000000s ]
INFO: [ view_filter ] --END-- [ RunTime:0.000000s ]
INFO: [ app_end ] --START--
INFO: Run Behavior\ShowPageTraceBehavior [ RunTime:0.001000s ]
INFO: [ app_end ] --END-- [ RunTime:0.001000s ]

[ 2017-12-14T19:20:09+08:00 ] ::1 /cloud/index.php/admin/stu/stuIndex
INFO: [ app_init ] --START--
INFO: Run Behavior\BuildLiteBehavior [ RunTime:0.000000s ]
INFO: [ app_init ] --END-- [ RunTime:0.000000s ]
INFO: [ app_begin ] --START--
INFO: Run Behavior\ReadHtmlCacheBehavior [ RunTime:0.000000s ]
INFO: [ app_begin ] --END-- [ RunTime:0.000000s ]

[ 2017-12-14T19:20:39+08:00 ] ::1 /cloud/index.php/admin/stu/stuIndex
INFO: [ app_init ] --START--
INFO: Run Behavior\BuildLiteBehavior [ RunTime:0.000000s ]
INFO: [ app_init ] --END-- [ RunTime:0.001000s ]
INFO: [ app_begin ] --START--
INFO: Run Behavior\ReadHtmlCacheBehavior [ RunTime:0.001000s ]
INFO: [ app_begin ] --END-- [ RunTime:0.001000s ]

[ 2017-12-14T19:21:49+08:00 ] ::1 /cloud/index.php/admin/stu/stuMessage/id/261
INFO: [ app_init ] --START--
INFO: Run Behavior\BuildLiteBehavior [ RunTime:0.000000s ]
INFO: [ app_init ] --END-- [ RunTime:0.000000s ]
INFO: [ app_begin ] --START--
INFO: Run Behavior\ReadHtmlCacheBehavior [ RunTime:0.001000s ]
INFO: [ app_begin ] --END-- [ RunTime:0.002000s ]

[ 2017-12-14T20:08:23+08:00 ] ::1 /cloud/index.php/admin/login/login
INFO: [ app_init ] --START--
INFO: Run Behavior\BuildLiteBehavior [ RunTime:0.000000s ]
INFO: [ app_init ] --END-- [ RunTime:0.000000s ]
INFO: [ app_begin ] --START--
INFO: Run Behavior\ReadHtmlCacheBehavior [ RunTime:0.001000s ]
INFO: [ app_begin ] --END-- [ RunTime:0.001000s ]
INFO: [ view_parse ] --START--
INFO: [ template_filter ] --START--
INFO: Run Behavior\ContentReplaceBehavior [ RunTime:0.000000s ]
INFO: [ template_filter ] --END-- [ RunTime:0.000000s ]
INFO: Run Behavior\ParseTemplateBehavior [ RunTime:0.011000s ]
INFO: [ view_parse ] --END-- [ RunTime:0.011000s ]
INFO: [ view_filter ] --START--
INFO: Run Behavior\WriteHtmlCacheBehavior [ RunTime:0.000000s ]
INFO: [ view_filter ] --END-- [ RunTime:0.001001s ]
INFO: [ app_end ] --START--
INFO: Run Behavior\ShowPageTraceBehavior [ RunTime:0.001000s ]
INFO: [ app_end ] --END-- [ RunTime:0.001000s ]

[ 2017-12-14T20:08:30+08:00 ] ::1 /cloud/index.php/Admin/Login/login
INFO: [ app_init ] --START--
INFO: Run Behavior\BuildLiteBehavior [ RunTime:0.000000s ]
INFO: [ app_init ] --END-- [ RunTime:0.000000s ]
INFO: [ app_begin ] --START--
INFO: Run Behavior\ReadHtmlCacheBehavior [ RunTime:0.001000s ]
INFO: [ app_begin ] --END-- [ RunTime:0.001000s ]
SQL: SHOW COLUMNS FROM `cl_user` [ RunTime:0.0020s ]
SQL: SELECT `username`,`stu_number`,`email`,`qq`,`level`,`password` FROM `cl_user` WHERE ( (username='20165528101' or stu_number='20165528101') and password='123456' ) LIMIT 1   [ RunTime:0.0010s ]

[ 2017-12-14T20:08:31+08:00 ] ::1 /cloud/index.php/Admin/Stu/servAppl.html
INFO: [ app_init ] --START--
INFO: Run Behavior\BuildLiteBehavior [ RunTime:0.000000s ]
INFO: [ app_init ] --END-- [ RunTime:0.001000s ]
INFO: [ app_begin ] --START--
INFO: Run Behavior\ReadHtmlCacheBehavior [ RunTime:0.000000s ]
INFO: [ app_begin ] --END-- [ RunTime:0.001000s ]
SQL: SHOW COLUMNS FROM `cl_user` [ RunTime:0.0040s ]
SQL: SHOW COLUMNS FROM `cl_vsphere` [ RunTime:0.0050s ]
SQL: SHOW COLUMNS FROM `cl_openstack` [ RunTime:0.0050s ]
SQL: SHOW COLUMNS FROM `cl_svn` [ RunTime:0.0050s ]
SQL: SHOW COLUMNS FROM `cl_db` [ RunTime:0.0040s ]
SQL: SHOW COLUMNS FROM `cl_score` [ RunTime:0.0040s ]
SQL: SELECT `id`,`phnumber`,`qq`,`perdescribt`,`stu_number`,`level`,`cre_time` FROM `cl_user` WHERE ( username='黄理振' ) LIMIT 1   [ RunTime:0.0000s ]
SQL: SELECT `one_score`,`two_score`,`three_score`,`term_score`,`name` FROM `cl_score` WHERE ( to_id=260 ) LIMIT 1   [ RunTime:0.0010s ]
SQL: SELECT * FROM `cl_vsphere` WHERE ( applicant='黄理振' ) LIMIT 1   [ RunTime:0.0010s ]
SQL: SELECT * FROM `cl_openstack` WHERE ( applicant='黄理振' ) LIMIT 1   [ RunTime:0.0000s ]
SQL: SELECT * FROM `cl_svn` WHERE ( applicant='黄理振' ) LIMIT 1   [ RunTime:0.0000s ]
SQL: SELECT * FROM `cl_db` WHERE ( db_user='20165528101' ) LIMIT 1   [ RunTime:0.0000s ]
INFO: [ view_parse ] --START--
INFO: [ template_filter ] --START--
INFO: Run Behavior\ContentReplaceBehavior [ RunTime:0.001001s ]
INFO: [ template_filter ] --END-- [ RunTime:0.001001s ]
INFO: Run Behavior\ParseTemplateBehavior [ RunTime:0.026002s ]
INFO: [ view_parse ] --END-- [ RunTime:0.026002s ]
INFO: [ view_filter ] --START--
INFO: Run Behavior\WriteHtmlCacheBehavior [ RunTime:0.000000s ]
INFO: [ view_filter ] --END-- [ RunTime:0.000000s ]
INFO: [ app_end ] --START--
INFO: Run Behavior\ShowPageTraceBehavior [ RunTime:0.001000s ]
INFO: [ app_end ] --END-- [ RunTime:0.001000s ]

[ 2017-12-14T20:08:58+08:00 ] ::1 /cloud/index.php/admin/stu/stuMessage
INFO: [ app_init ] --START--
INFO: Run Behavior\BuildLiteBehavior [ RunTime:0.000000s ]
INFO: [ app_init ] --END-- [ RunTime:0.001000s ]
INFO: [ app_begin ] --START--
INFO: Run Behavior\ReadHtmlCacheBehavior [ RunTime:0.001000s ]
INFO: [ app_begin ] --END-- [ RunTime:0.001000s ]
ERR: 非法操作:stuMessage

[ 2017-12-14T20:10:31+08:00 ] ::1 /cloud/index.php/admin/stu/stuMessage
INFO: [ app_init ] --START--
INFO: Run Behavior\BuildLiteBehavior [ RunTime:0.000000s ]
INFO: [ app_init ] --END-- [ RunTime:0.001000s ]
INFO: [ app_begin ] --START--
INFO: Run Behavior\ReadHtmlCacheBehavior [ RunTime:0.001000s ]
INFO: [ app_begin ] --END-- [ RunTime:0.001000s ]
ERR: 非法操作:stuMessage

[ 2017-12-14T20:10:34+08:00 ] ::1 /cloud/index.php/admin/
INFO: [ app_init ] --START--
INFO: Run Behavior\BuildLiteBehavior [ RunTime:0.000000s ]
INFO: [ app_init ] --END-- [ RunTime:0.001000s ]
INFO: [ app_begin ] --START--
INFO: Run Behavior\ReadHtmlCacheBehavior [ RunTime:0.001000s ]
INFO: [ app_begin ] --END-- [ RunTime:0.001000s ]
ERR: 无法加载控制器:Index

[ 2017-12-14T20:12:12+08:00 ] ::1 /cloud/index.php/admin/stu/servAppl
INFO: [ app_init ] --START--
INFO: Run Behavior\BuildLiteBehavior [ RunTime:0.000000s ]
INFO: [ app_init ] --END-- [ RunTime:0.000000s ]
INFO: [ app_begin ] --START--
INFO: Run Behavior\ReadHtmlCacheBehavior [ RunTime:0.001000s ]
INFO: [ app_begin ] --END-- [ RunTime:0.001000s ]
SQL: SHOW COLUMNS FROM `cl_user` [ RunTime:0.0050s ]
SQL: SHOW COLUMNS FROM `cl_vsphere` [ RunTime:0.0050s ]
SQL: SHOW COLUMNS FROM `cl_openstack` [ RunTime:0.0030s ]
SQL: SHOW COLUMNS FROM `cl_svn` [ RunTime:0.0020s ]
SQL: SHOW COLUMNS FROM `cl_db` [ RunTime:0.0020s ]
SQL: SHOW COLUMNS FROM `cl_score` [ RunTime:0.0020s ]
SQL: SELECT `id`,`phnumber`,`qq`,`perdescribt`,`stu_number`,`level`,`cre_time` FROM `cl_user` WHERE ( username='黄理振' ) LIMIT 1   [ RunTime:0.0010s ]
SQL: SELECT `one_score`,`two_score`,`three_score`,`term_score`,`name` FROM `cl_score` WHERE ( to_id=260 ) LIMIT 1   [ RunTime:0.0000s ]
SQL: SELECT * FROM `cl_vsphere` WHERE ( applicant='黄理振' ) LIMIT 1   [ RunTime:0.0000s ]
SQL: SELECT * FROM `cl_openstack` WHERE ( applicant='黄理振' ) LIMIT 1   [ RunTime:0.0000s ]
SQL: SELECT * FROM `cl_svn` WHERE ( applicant='黄理振' ) LIMIT 1   [ RunTime:0.0010s ]
SQL: SELECT * FROM `cl_db` WHERE ( db_user='20165528101' ) LIMIT 1   [ RunTime:0.0000s ]
INFO: [ view_parse ] --START--
INFO: [ template_filter ] --START--
INFO: Run Behavior\ContentReplaceBehavior [ RunTime:0.000000s ]
INFO: [ template_filter ] --END-- [ RunTime:0.000000s ]
INFO: Run Behavior\ParseTemplateBehavior [ RunTime:0.024001s ]
INFO: [ view_parse ] --END-- [ RunTime:0.024001s ]
INFO: [ view_filter ] --START--
INFO: Run Behavior\WriteHtmlCacheBehavior [ RunTime:0.000000s ]
INFO: [ view_filter ] --END-- [ RunTime:0.001000s ]
INFO: [ app_end ] --START--
INFO: Run Behavior\ShowPageTraceBehavior [ RunTime:0.000000s ]
INFO: [ app_end ] --END-- [ RunTime:0.001001s ]

[ 2017-12-14T20:37:46+08:00 ] ::1 /cloud/index.php/admin/login/end
INFO: [ app_init ] --START--
INFO: Run Behavior\BuildLiteBehavior [ RunTime:0.000000s ]
INFO: [ app_init ] --END-- [ RunTime:0.000000s ]
INFO: [ app_begin ] --START--
INFO: Run Behavior\ReadHtmlCacheBehavior [ RunTime:0.001000s ]
INFO: [ app_begin ] --END-- [ RunTime:0.001000s ]

[ 2017-12-14T20:37:46+08:00 ] ::1 /cloud/index.php/Admin/Login/login.html
INFO: [ app_init ] --START--
INFO: Run Behavior\BuildLiteBehavior [ RunTime:0.000000s ]
INFO: [ app_init ] --END-- [ RunTime:0.001000s ]
INFO: [ app_begin ] --START--
INFO: Run Behavior\ReadHtmlCacheBehavior [ RunTime:0.001000s ]
INFO: [ app_begin ] --END-- [ RunTime:0.001000s ]
INFO: [ view_parse ] --START--
INFO: [ template_filter ] --START--
INFO: Run Behavior\ContentReplaceBehavior [ RunTime:0.000000s ]
INFO: [ template_filter ] --END-- [ RunTime:0.000000s ]
INFO: Run Behavior\ParseTemplateBehavior [ RunTime:0.010001s ]
INFO: [ view_parse ] --END-- [ RunTime:0.010001s ]
INFO: [ view_filter ] --START--
INFO: Run Behavior\WriteHtmlCacheBehavior [ RunTime:0.001000s ]
INFO: [ view_filter ] --END-- [ RunTime:0.001000s ]
INFO: [ app_end ] --START--
INFO: Run Behavior\ShowPageTraceBehavior [ RunTime:0.000000s ]
INFO: [ app_end ] --END-- [ RunTime:0.001000s ]

